# JRE version: OpenJDK Runtime Environment Temurin-17.0.4.1+1 (17.0.4.1+1) (build 17.0.4.1+1)
# Java VM: OpenJDK 64-Bit Server VM Temurin-17.0.4.1+1 (17.0.4.1+1, mixed mode, emulated-client, tiered, compressed oops, compressed class ptrs, g1 gc, windows-amd64)
GC Precious Log:
 CPUs: 8 total, 8 available
 Memory: 7987M
 Large Page Support: Disabled
 NUMA Support: Disabled
 Compressed Oops: Enabled (32-bit)
 Heap Region Size: 1M
 Heap Min Capacity: 8M
 Heap Initial Capacity: 126M
 Heap Max Capacity: 1998M
 Pre-touch: Disabled
 Parallel Workers: 8
 Concurrent Workers: 2
 Concurrent Refinement Workers: 8
 Periodic GC: Disabled
Heap:
 garbage-first heap   total 233472K, used 81159K [0x0000000083200000, 0x0000000100000000)
  region size 1024K, 9 young (9216K), 9 survivors (9216K)
 Metaspace       used 35580K, committed 35904K, reserved 1081344K
  class space    used 4613K, committed 4800K, reserved 1048576K
GC Heap History (20 events):
Event: 5.437 GC heap after
{Heap after GC invocations=11 (full 0):
 garbage-first heap   total 58368K, used 30150K [0x0000000083200000, 0x0000000100000000)
  region size 1024K, 3 young (3072K), 3 survivors (3072K)
 Metaspace       used 35431K, committed 35776K, reserved 1081344K
  class space    used 4590K, committed 4736K, reserved 1048576K
}
Event: 5.484 GC heap before
{Heap before GC invocations=11 (full 0):
 garbage-first heap   total 58368K, used 43462K [0x0000000083200000, 0x0000000100000000)
  region size 1024K, 16 young (16384K), 3 survivors (3072K)
 Metaspace       used 35431K, committed 35776K, reserved 1081344K
  class space    used 4590K, committed 4736K, reserved 1048576K
}
Event: 5.489 GC heap after
{Heap after GC invocations=12 (full 0):
 garbage-first heap   total 58368K, used 32338K [0x0000000083200000, 0x0000000100000000)
  region size 1024K, 2 young (2048K), 2 survivors (2048K)
 Metaspace       used 35431K, committed 35776K, reserved 1081344K
  class space    used 4590K, committed 4736K, reserved 1048576K
}
Event: 5.549 GC heap before
{Heap before GC invocations=13 (full 0):
 garbage-first heap   total 68608K, used 43602K [0x0000000083200000, 0x0000000100000000)
  region size 1024K, 13 young (13312K), 2 survivors (2048K)
 Metaspace       used 35431K, committed 35776K, reserved 1081344K
  class space    used 4590K, committed 4736K, reserved 1048576K
}
Event: 5.553 GC heap after
{Heap after GC invocations=14 (full 0):
 garbage-first heap   total 94208K, used 34623K [0x0000000083200000, 0x0000000100000000)
  region size 1024K, 2 young (2048K), 2 survivors (2048K)
 Metaspace       used 35431K, committed 35776K, reserved 1081344K
  class space    used 4590K, committed 4736K, reserved 1048576K
}
Event: 5.560 GC heap before
{Heap before GC invocations=14 (full 0):
 garbage-first heap   total 94208K, used 36671K [0x0000000083200000, 0x0000000100000000)
  region size 1024K, 4 young (4096K), 2 survivors (2048K)
 Metaspace       used 35431K, committed 35776K, reserved 1081344K
  class space    used 4590K, committed 4736K, reserved 1048576K
}
Event: 5.562 GC heap after
{Heap after GC invocations=15 (full 0):
 garbage-first heap   total 94208K, used 35313K [0x0000000083200000, 0x0000000100000000)
  region size 1024K, 1 young (1024K), 1 survivors (1024K)
 Metaspace       used 35431K, committed 35776K, reserved 1081344K
  class space    used 4590K, committed 4736K, reserved 1048576K
}
Event: 5.649 GC heap before
{Heap before GC invocations=15 (full 0):
 garbage-first heap   total 94208K, used 68081K [0x0000000083200000, 0x0000000100000000)
  region size 1024K, 33 young (33792K), 1 survivors (1024K)
 Metaspace       used 35431K, committed 35776K, reserved 1081344K
  class space    used 4590K, committed 4736K, reserved 1048576K
}
Event: 5.657 GC heap after
{Heap after GC invocations=16 (full 0):
 garbage-first heap   total 94208K, used 44017K [0x0000000083200000, 0x0000000100000000)
  region size 1024K, 5 young (5120K), 5 survivors (5120K)
 Metaspace       used 35431K, committed 35776K, reserved 1081344K
  class space    used 4590K, committed 4736K, reserved 1048576K
}
Event: 5.925 GC heap before
{Heap before GC invocations=16 (full 0):
 garbage-first heap   total 94208K, used 67569K [0x0000000083200000, 0x0000000100000000)
  region size 1024K, 28 young (28672K), 5 survivors (5120K)
 Metaspace       used 35431K, committed 35776K, reserved 1081344K
  class space    used 4590K, committed 4736K, reserved 1048576K
}
Event: 5.932 GC heap after
{Heap after GC invocations=17 (full 0):
 garbage-first heap   total 94208K, used 49124K [0x0000000083200000, 0x0000000100000000)
  region size 1024K, 4 young (4096K), 4 survivors (4096K)
 Metaspace       used 35431K, committed 35776K, reserved 1081344K
  class space    used 4590K, committed 4736K, reserved 1048576K
}
Event: 5.945 GC heap before
{Heap before GC invocations=17 (full 0):
 garbage-first heap   total 94208K, used 51172K [0x0000000083200000, 0x0000000100000000)
  region size 1024K, 7 young (7168K), 4 survivors (4096K)
 Metaspace       used 35431K, committed 35776K, reserved 1081344K
  class space    used 4590K, committed 4736K, reserved 1048576K
}
Event: 5.951 GC heap after
{Heap after GC invocations=18 (full 0):
 garbage-first heap   total 233472K, used 51248K [0x0000000083200000, 0x0000000100000000)
  region size 1024K, 2 young (2048K), 2 survivors (2048K)
 Metaspace       used 35431K, committed 35776K, reserved 1081344K
  class space    used 4590K, committed 4736K, reserved 1048576K
}
Event: 6.130 GC heap before
{Heap before GC invocations=18 (full 0):
 garbage-first heap   total 233472K, used 161840K [0x0000000083200000, 0x0000000100000000)
  region size 1024K, 109 young (111616K), 2 survivors (2048K)
 Metaspace       used 35502K, committed 35776K, reserved 1081344K
  class space    used 4602K, committed 4736K, reserved 1048576K
}
Event: 6.167 GC heap after
{Heap after GC invocations=19 (full 0):
 garbage-first heap   total 233472K, used 68388K [0x0000000083200000, 0x0000000100000000)
  region size 1024K, 14 young (14336K), 14 survivors (14336K)
 Metaspace       used 35502K, committed 35776K, reserved 1081344K
  class space    used 4602K, committed 4736K, reserved 1048576K
}
Event: 6.203 GC heap before
{Heap before GC invocations=19 (full 0):
 garbage-first heap   total 233472K, used 163620K [0x0000000083200000, 0x0000000100000000)
  region size 1024K, 108 young (110592K), 14 survivors (14336K)
 Metaspace       used 35580K, committed 35904K, reserved 1081344K
  class space    used 4613K, committed 4800K, reserved 1048576K
}
Event: 6.215 GC heap after
{Heap after GC invocations=20 (full 0):
 garbage-first heap   total 233472K, used 73728K [0x0000000083200000, 0x0000000100000000)
  region size 1024K, 5 young (5120K), 5 survivors (5120K)
 Metaspace       used 35580K, committed 35904K, reserved 1081344K
  class space    used 4613K, committed 4800K, reserved 1048576K
}
Event: 6.244 GC heap before
{Heap before GC invocations=20 (full 0):
 garbage-first heap   total 233472K, used 169984K [0x0000000083200000, 0x0000000100000000)
  region size 1024K, 100 young (102400K), 5 survivors (5120K)
 Metaspace       used 35580K, committed 35904K, reserved 1081344K
  class space    used 4613K, committed 4800K, reserved 1048576K
}
Event: 6.250 GC heap after
{Heap after GC invocations=21 (full 0):
 garbage-first heap   total 233472K, used 76939K [0x0000000083200000, 0x0000000100000000)
  region size 1024K, 9 young (9216K), 9 survivors (9216K)
 Metaspace       used 35580K, committed 35904K, reserved 1081344K
  class space    used 4613K, committed 4800K, reserved 1048576K
}
Event: 6.282 GC heap before
{Heap before GC invocations=21 (full 0):
 garbage-first heap   total 233472K, used 177291K [0x0000000083200000, 0x0000000100000000)
  region size 1024K, 108 young (110592K), 9 survivors (9216K)
 Metaspace       used 35580K, committed 35904K, reserved 1081344K
  class space    used 4613K, committed 4800K, reserved 1048576K
}

