# JRE version: OpenJDK Runtime Environment Temurin-17.0.4.1+1 (17.0.4.1+1) (build 17.0.4.1+1)
# Java VM: OpenJDK 64-Bit Server VM Temurin-17.0.4.1+1 (17.0.4.1+1, mixed mode, emulated-client, tiered, compressed oops, compressed class ptrs, g1 gc, windows-amd64)
GC Precious Log:
 CPUs: 8 total, 8 available
 Memory: 7987M
 Large Page Support: Disabled
 NUMA Support: Disabled
 Compressed Oops: Enabled (32-bit)
 Heap Region Size: 1M
 Heap Min Capacity: 8M
 Heap Initial Capacity: 126M
 Heap Max Capacity: 1998M
 Pre-touch: Disabled
 Parallel Workers: 8
 Concurrent Workers: 2
 Concurrent Refinement Workers: 8
 Periodic GC: Disabled
Heap:
 garbage-first heap   total 258048K, used 72370K [0x0000000083200000, 0x0000000100000000)
  region size 1024K, 2 young (2048K), 2 survivors (2048K)
 Metaspace       used 38665K, committed 38976K, reserved 1089536K
  class space    used 4879K, committed 5056K, reserved 1048576K
GC Heap History (20 events):
Event: 3.768 GC heap after
{Heap after GC invocations=12 (full 0):
 garbage-first heap   total 86016K, used 33792K [0x0000000083200000, 0x0000000100000000)
  region size 1024K, 5 young (5120K), 5 survivors (5120K)
 Metaspace       used 36374K, committed 36672K, reserved 1081344K
  class space    used 4675K, committed 4800K, reserved 1048576K
}
Event: 3.831 GC heap before
{Heap before GC invocations=12 (full 0):
 garbage-first heap   total 86016K, used 61440K [0x0000000083200000, 0x0000000100000000)
  region size 1024K, 33 young (33792K), 5 survivors (5120K)
 Metaspace       used 36755K, committed 37120K, reserved 1081344K
  class space    used 4716K, committed 4864K, reserved 1048576K
}
Event: 3.837 GC heap after
{Heap after GC invocations=13 (full 0):
 garbage-first heap   total 86016K, used 41092K [0x0000000083200000, 0x0000000100000000)
  region size 1024K, 5 young (5120K), 5 survivors (5120K)
 Metaspace       used 36755K, committed 37120K, reserved 1081344K
  class space    used 4716K, committed 4864K, reserved 1048576K
}
Event: 4.041 GC heap before
{Heap before GC invocations=13 (full 0):
 garbage-first heap   total 86016K, used 61572K [0x0000000083200000, 0x0000000100000000)
  region size 1024K, 26 young (26624K), 5 survivors (5120K)
 Metaspace       used 36773K, committed 37120K, reserved 1081344K
  class space    used 4717K, committed 4864K, reserved 1048576K
}
Event: 4.046 GC heap after
{Heap after GC invocations=14 (full 0):
 garbage-first heap   total 126976K, used 47104K [0x0000000083200000, 0x0000000100000000)
  region size 1024K, 4 young (4096K), 4 survivors (4096K)
 Metaspace       used 36773K, committed 37120K, reserved 1081344K
  class space    used 4717K, committed 4864K, reserved 1048576K
}
Event: 4.263 GC heap before
{Heap before GC invocations=14 (full 0):
 garbage-first heap   total 126976K, used 89088K [0x0000000083200000, 0x0000000100000000)
  region size 1024K, 45 young (46080K), 4 survivors (4096K)
 Metaspace       used 38416K, committed 38720K, reserved 1089536K
  class space    used 4847K, committed 4992K, reserved 1048576K
}
Event: 4.275 GC heap after
{Heap after GC invocations=15 (full 0):
 garbage-first heap   total 126976K, used 60416K [0x0000000083200000, 0x0000000100000000)
  region size 1024K, 6 young (6144K), 6 survivors (6144K)
 Metaspace       used 38416K, committed 38720K, reserved 1089536K
  class space    used 4847K, committed 4992K, reserved 1048576K
}
Event: 4.347 GC heap before
{Heap before GC invocations=15 (full 0):
 garbage-first heap   total 126976K, used 91136K [0x0000000083200000, 0x0000000100000000)
  region size 1024K, 36 young (36864K), 6 survivors (6144K)
 Metaspace       used 38572K, committed 38912K, reserved 1089536K
  class space    used 4863K, committed 5056K, reserved 1048576K
}
Event: 4.367 GC heap after
{Heap after GC invocations=16 (full 0):
 garbage-first heap   total 126976K, used 67584K [0x0000000083200000, 0x0000000100000000)
  region size 1024K, 5 young (5120K), 5 survivors (5120K)
 Metaspace       used 38572K, committed 38912K, reserved 1089536K
  class space    used 4863K, committed 5056K, reserved 1048576K
}
Event: 4.400 GC heap before
{Heap before GC invocations=16 (full 0):
 garbage-first heap   total 126976K, used 93184K [0x0000000083200000, 0x0000000100000000)
  region size 1024K, 31 young (31744K), 5 survivors (5120K)
 Metaspace       used 38600K, committed 38976K, reserved 1089536K
  class space    used 4869K, committed 5056K, reserved 1048576K
}
Event: 4.409 GC heap after
{Heap after GC invocations=17 (full 0):
 garbage-first heap   total 126976K, used 69997K [0x0000000083200000, 0x0000000100000000)
  region size 1024K, 2 young (2048K), 2 survivors (2048K)
 Metaspace       used 38600K, committed 38976K, reserved 1089536K
  class space    used 4869K, committed 5056K, reserved 1048576K
}
Event: 4.422 GC heap before
{Heap before GC invocations=17 (full 0):
 garbage-first heap   total 126976K, used 95597K [0x0000000083200000, 0x0000000100000000)
  region size 1024K, 28 young (28672K), 2 survivors (2048K)
 Metaspace       used 38615K, committed 38976K, reserved 1089536K
  class space    used 4875K, committed 5056K, reserved 1048576K
}
Event: 5.425 GC heap after
{Heap after GC invocations=18 (full 0):
 garbage-first heap   total 258048K, used 70583K [0x0000000083200000, 0x0000000100000000)
  region size 1024K, 3 young (3072K), 3 survivors (3072K)
 Metaspace       used 38615K, committed 38976K, reserved 1089536K
  class space    used 4875K, committed 5056K, reserved 1048576K
}
Event: 5.428 GC heap before
{Heap before GC invocations=18 (full 0):
 garbage-first heap   total 258048K, used 78775K [0x0000000083200000, 0x0000000100000000)
  region size 1024K, 12 young (12288K), 3 survivors (3072K)
 Metaspace       used 38618K, committed 38976K, reserved 1089536K
  class space    used 4877K, committed 5056K, reserved 1048576K
}
Event: 5.430 GC heap after
{Heap after GC invocations=19 (full 0):
 garbage-first heap   total 258048K, used 70993K [0x0000000083200000, 0x0000000100000000)
  region size 1024K, 1 young (1024K), 1 survivors (1024K)
 Metaspace       used 38618K, committed 38976K, reserved 1089536K
  class space    used 4877K, committed 5056K, reserved 1048576K
}
Event: 5.434 GC heap before
{Heap before GC invocations=19 (full 0):
 garbage-first heap   total 258048K, used 81233K [0x0000000083200000, 0x0000000100000000)
  region size 1024K, 12 young (12288K), 1 survivors (1024K)
 Metaspace       used 38630K, committed 38976K, reserved 1089536K
  class space    used 4878K, committed 5056K, reserved 1048576K
}
Event: 5.435 GC heap after
{Heap after GC invocations=20 (full 0):
 garbage-first heap   total 258048K, used 71398K [0x0000000083200000, 0x0000000100000000)
  region size 1024K, 1 young (1024K), 1 survivors (1024K)
 Metaspace       used 38630K, committed 38976K, reserved 1089536K
  class space    used 4878K, committed 5056K, reserved 1048576K
}
Event: 5.439 GC heap before
{Heap before GC invocations=20 (full 0):
 garbage-first heap   total 258048K, used 81638K [0x0000000083200000, 0x0000000100000000)
  region size 1024K, 12 young (12288K), 1 survivors (1024K)
 Metaspace       used 38656K, committed 38976K, reserved 1089536K
  class space    used 4879K, committed 5056K, reserved 1048576K
}
Event: 5.441 GC heap after
{Heap after GC invocations=21 (full 0):
 garbage-first heap   total 258048K, used 71860K [0x0000000083200000, 0x0000000100000000)
  region size 1024K, 2 young (2048K), 2 survivors (2048K)
 Metaspace       used 38656K, committed 38976K, reserved 1089536K
  class space    used 4879K, committed 5056K, reserved 1048576K
}
Event: 5.444 GC heap before
{Heap before GC invocations=21 (full 0):
 garbage-first heap   total 258048K, used 81076K [0x0000000083200000, 0x0000000100000000)
  region size 1024K, 12 young (12288K), 2 survivors (2048K)
 Metaspace       used 38665K, committed 38976K, reserved 1089536K
  class space    used 4879K, committed 5056K, reserved 1048576K
}

