# JRE version: OpenJDK Runtime Environment Temurin-17.0.4.1+1 (17.0.4.1+1) (build 17.0.4.1+1)
# Java VM: OpenJDK 64-Bit Server VM Temurin-17.0.4.1+1 (17.0.4.1+1, mixed mode, tiered, compressed oops, compressed class ptrs, parallel gc, windows-amd64)
GC Precious Log:
 CPUs: 8 total, 8 available
 Memory: 7987M
 Large Page Support: Disabled
 NUMA Support: Disabled
 Compressed Oops: Enabled (32-bit)
 Alignments: Space 512K, Generation 512K, Heap 2M
 Heap Min Capacity: 100M
 Heap Initial Capacity: 100M
 Heap Max Capacity: 1G
 Pre-touch: Disabled
 Parallel Workers: 8
Heap:
 PSYoungGen      total 12288K, used 8052K [0x00000000eab00000, 0x00000000ec200000, 0x0000000100000000)
  eden space 11264K, 62% used [0x00000000eab00000,0x00000000eb1de6d0,0x00000000eb600000)
  from space 1024K, 99% used [0x00000000eb680000,0x00000000eb77ec50,0x00000000eb780000)
  to   space 6144K, 0% used [0x00000000ebc00000,0x00000000ebc00000,0x00000000ec200000)
 ParOldGen       total 154112K, used 121947K [0x00000000c0000000, 0x00000000c9680000, 0x00000000eab00000)
  object space 154112K, 79% used [0x00000000c0000000,0x00000000c7716c98,0x00000000c9680000)
 Metaspace       used 77151K, committed 78400K, reserved 1122304K
  class space    used 8032K, committed 8576K, reserved 1048576K
GC Heap History (20 events):
Event: 25.907 GC heap before
{Heap before GC invocations=164 (full 8):
 PSYoungGen      total 8192K, used 7904K [0x00000000eab00000, 0x00000000eb680000, 0x0000000100000000)
  eden space 4608K, 100% used [0x00000000eab00000,0x00000000eaf80000,0x00000000eaf80000)
  from space 3584K, 91% used [0x00000000eb300000,0x00000000eb638000,0x00000000eb680000)
  to   space 3584K, 0% used [0x00000000eaf80000,0x00000000eaf80000,0x00000000eb300000)
 ParOldGen       total 115712K, used 100723K [0x00000000c0000000, 0x00000000c7100000, 0x00000000eab00000)
  object space 115712K, 87% used [0x00000000c0000000,0x00000000c625ce30,0x00000000c7100000)
 Metaspace       used 73362K, committed 74560K, reserved 1122304K
  class space    used 7502K, committed 8064K, reserved 1048576K
}
Event: 25.912 GC heap after
{Heap after GC invocations=164 (full 8):
 PSYoungGen      total 8192K, used 3296K [0x00000000eab00000, 0x00000000eb780000, 0x0000000100000000)
  eden space 4608K, 0% used [0x00000000eab00000,0x00000000eab00000,0x00000000eaf80000)
  from space 3584K, 91% used [0x00000000eaf80000,0x00000000eb2b8000,0x00000000eb300000)
  to   space 3584K, 0% used [0x00000000eb400000,0x00000000eb400000,0x00000000eb780000)
 ParOldGen       total 115712K, used 103963K [0x00000000c0000000, 0x00000000c7100000, 0x00000000eab00000)
  object space 115712K, 89% used [0x00000000c0000000,0x00000000c6586e30,0x00000000c7100000)
 Metaspace       used 73362K, committed 74560K, reserved 1122304K
  class space    used 7502K, committed 8064K, reserved 1048576K
}
Event: 25.940 GC heap before
{Heap before GC invocations=165 (full 8):
 PSYoungGen      total 8192K, used 7904K [0x00000000eab00000, 0x00000000eb780000, 0x0000000100000000)
  eden space 4608K, 100% used [0x00000000eab00000,0x00000000eaf80000,0x00000000eaf80000)
  from space 3584K, 91% used [0x00000000eaf80000,0x00000000eb2b8000,0x00000000eb300000)
  to   space 3584K, 0% used [0x00000000eb400000,0x00000000eb400000,0x00000000eb780000)
 ParOldGen       total 115712K, used 103963K [0x00000000c0000000, 0x00000000c7100000, 0x00000000eab00000)
  object space 115712K, 89% used [0x00000000c0000000,0x00000000c6586e30,0x00000000c7100000)
 Metaspace       used 73362K, committed 74560K, reserved 1122304K
  class space    used 7502K, committed 8064K, reserved 1048576K
}
Event: 25.946 GC heap after
{Heap after GC invocations=165 (full 8):
 PSYoungGen      total 9216K, used 3328K [0x00000000eab00000, 0x00000000eb780000, 0x0000000100000000)
  eden space 5632K, 0% used [0x00000000eab00000,0x00000000eab00000,0x00000000eb080000)
  from space 3584K, 92% used [0x00000000eb400000,0x00000000eb740000,0x00000000eb780000)
  to   space 3584K, 0% used [0x00000000eb080000,0x00000000eb080000,0x00000000eb400000)
 ParOldGen       total 115712K, used 107203K [0x00000000c0000000, 0x00000000c7100000, 0x00000000eab00000)
  object space 115712K, 92% used [0x00000000c0000000,0x00000000c68b0e30,0x00000000c7100000)
 Metaspace       used 73362K, committed 74560K, reserved 1122304K
  class space    used 7502K, committed 8064K, reserved 1048576K
}
Event: 25.978 GC heap before
{Heap before GC invocations=166 (full 8):
 PSYoungGen      total 9216K, used 8960K [0x00000000eab00000, 0x00000000eb780000, 0x0000000100000000)
  eden space 5632K, 100% used [0x00000000eab00000,0x00000000eb080000,0x00000000eb080000)
  from space 3584K, 92% used [0x00000000eb400000,0x00000000eb740000,0x00000000eb780000)
  to   space 3584K, 0% used [0x00000000eb080000,0x00000000eb080000,0x00000000eb400000)
 ParOldGen       total 115712K, used 107203K [0x00000000c0000000, 0x00000000c7100000, 0x00000000eab00000)
  object space 115712K, 92% used [0x00000000c0000000,0x00000000c68b0e30,0x00000000c7100000)
 Metaspace       used 73362K, committed 74560K, reserved 1122304K
  class space    used 7502K, committed 8064K, reserved 1048576K
}
Event: 25.983 GC heap after
{Heap after GC invocations=166 (full 8):
 PSYoungGen      total 9216K, used 3584K [0x00000000eab00000, 0x00000000ec200000, 0x0000000100000000)
  eden space 5632K, 0% used [0x00000000eab00000,0x00000000eab00000,0x00000000eb080000)
  from space 3584K, 100% used [0x00000000eb080000,0x00000000eb400000,0x00000000eb400000)
  to   space 8192K, 0% used [0x00000000eba00000,0x00000000eba00000,0x00000000ec200000)
 ParOldGen       total 115712K, used 110795K [0x00000000c0000000, 0x00000000c7100000, 0x00000000eab00000)
  object space 115712K, 95% used [0x00000000c0000000,0x00000000c6c32e30,0x00000000c7100000)
 Metaspace       used 73362K, committed 74560K, reserved 1122304K
  class space    used 7502K, committed 8064K, reserved 1048576K
}
Event: 26.011 GC heap before
{Heap before GC invocations=167 (full 8):
 PSYoungGen      total 9216K, used 9216K [0x00000000eab00000, 0x00000000ec200000, 0x0000000100000000)
  eden space 5632K, 100% used [0x00000000eab00000,0x00000000eb080000,0x00000000eb080000)
  from space 3584K, 100% used [0x00000000eb080000,0x00000000eb400000,0x00000000eb400000)
  to   space 8192K, 0% used [0x00000000eba00000,0x00000000eba00000,0x00000000ec200000)
 ParOldGen       total 115712K, used 110795K [0x00000000c0000000, 0x00000000c7100000, 0x00000000eab00000)
  object space 115712K, 95% used [0x00000000c0000000,0x00000000c6c32e30,0x00000000c7100000)
 Metaspace       used 73362K, committed 74560K, reserved 1122304K
  class space    used 7502K, committed 8064K, reserved 1048576K
}
Event: 26.017 GC heap after
{Heap after GC invocations=167 (full 8):
 PSYoungGen      total 11264K, used 4032K [0x00000000eab00000, 0x00000000ebe00000, 0x0000000100000000)
  eden space 7168K, 0% used [0x00000000eab00000,0x00000000eab00000,0x00000000eb200000)
  from space 4096K, 98% used [0x00000000eba00000,0x00000000ebdf0000,0x00000000ebe00000)
  to   space 5632K, 0% used [0x00000000eb300000,0x00000000eb300000,0x00000000eb880000)
 ParOldGen       total 115712K, used 114395K [0x00000000c0000000, 0x00000000c7100000, 0x00000000eab00000)
  object space 115712K, 98% used [0x00000000c0000000,0x00000000c6fb6e30,0x00000000c7100000)
 Metaspace       used 73362K, committed 74560K, reserved 1122304K
  class space    used 7502K, committed 8064K, reserved 1048576K
}
Event: 26.017 GC heap before
{Heap before GC invocations=168 (full 9):
 PSYoungGen      total 11264K, used 4032K [0x00000000eab00000, 0x00000000ebe00000, 0x0000000100000000)
  eden space 7168K, 0% used [0x00000000eab00000,0x00000000eab00000,0x00000000eb200000)
  from space 4096K, 98% used [0x00000000eba00000,0x00000000ebdf0000,0x00000000ebe00000)
  to   space 5632K, 0% used [0x00000000eb300000,0x00000000eb300000,0x00000000eb880000)
 ParOldGen       total 115712K, used 114395K [0x00000000c0000000, 0x00000000c7100000, 0x00000000eab00000)
  object space 115712K, 98% used [0x00000000c0000000,0x00000000c6fb6e30,0x00000000c7100000)
 Metaspace       used 73362K, committed 74560K, reserved 1122304K
  class space    used 7502K, committed 8064K, reserved 1048576K
}
Event: 26.250 GC heap after
{Heap after GC invocations=168 (full 9):
 PSYoungGen      total 12288K, used 1899K [0x00000000eab00000, 0x00000000ebe00000, 0x0000000100000000)
  eden space 8192K, 0% used [0x00000000eab00000,0x00000000eab00000,0x00000000eb300000)
  from space 4096K, 46% used [0x00000000eba00000,0x00000000ebbdaf68,0x00000000ebe00000)
  to   space 5632K, 0% used [0x00000000eb300000,0x00000000eb300000,0x00000000eb880000)
 ParOldGen       total 154112K, used 115212K [0x00000000c0000000, 0x00000000c9680000, 0x00000000eab00000)
  object space 154112K, 74% used [0x00000000c0000000,0x00000000c70831b8,0x00000000c9680000)
 Metaspace       used 73362K, committed 74560K, reserved 1122304K
  class space    used 7502K, committed 8064K, reserved 1048576K
}
Event: 26.734 GC heap before
{Heap before GC invocations=169 (full 9):
 PSYoungGen      total 12288K, used 10091K [0x00000000eab00000, 0x00000000ebe00000, 0x0000000100000000)
  eden space 8192K, 100% used [0x00000000eab00000,0x00000000eb300000,0x00000000eb300000)
  from space 4096K, 46% used [0x00000000eba00000,0x00000000ebbdaf68,0x00000000ebe00000)
  to   space 5632K, 0% used [0x00000000eb300000,0x00000000eb300000,0x00000000eb880000)
 ParOldGen       total 154112K, used 115212K [0x00000000c0000000, 0x00000000c9680000, 0x00000000eab00000)
  object space 154112K, 74% used [0x00000000c0000000,0x00000000c70831b8,0x00000000c9680000)
 Metaspace       used 73398K, committed 74624K, reserved 1122304K
  class space    used 7508K, committed 8064K, reserved 1048576K
}
Event: 26.753 GC heap after
{Heap after GC invocations=169 (full 9):
 PSYoungGen      total 9216K, used 736K [0x00000000eab00000, 0x00000000eba80000, 0x0000000100000000)
  eden space 8192K, 0% used [0x00000000eab00000,0x00000000eab00000,0x00000000eb300000)
  from space 1024K, 71% used [0x00000000eb300000,0x00000000eb3b8000,0x00000000eb400000)
  to   space 2560K, 0% used [0x00000000eb800000,0x00000000eb800000,0x00000000eba80000)
 ParOldGen       total 154112K, used 117156K [0x00000000c0000000, 0x00000000c9680000, 0x00000000eab00000)
  object space 154112K, 76% used [0x00000000c0000000,0x00000000c72691b8,0x00000000c9680000)
 Metaspace       used 73398K, committed 74624K, reserved 1122304K
  class space    used 7508K, committed 8064K, reserved 1048576K
}
Event: 27.422 GC heap before
{Heap before GC invocations=170 (full 9):
 PSYoungGen      total 9216K, used 8928K [0x00000000eab00000, 0x00000000eba80000, 0x0000000100000000)
  eden space 8192K, 100% used [0x00000000eab00000,0x00000000eb300000,0x00000000eb300000)
  from space 1024K, 71% used [0x00000000eb300000,0x00000000eb3b8000,0x00000000eb400000)
  to   space 2560K, 0% used [0x00000000eb800000,0x00000000eb800000,0x00000000eba80000)
 ParOldGen       total 154112K, used 117156K [0x00000000c0000000, 0x00000000c9680000, 0x00000000eab00000)
  object space 154112K, 76% used [0x00000000c0000000,0x00000000c72691b8,0x00000000c9680000)
 Metaspace       used 74223K, committed 75520K, reserved 1122304K
  class space    used 7590K, committed 8128K, reserved 1048576K
}
Event: 27.425 GC heap after
{Heap after GC invocations=170 (full 9):
 PSYoungGen      total 10240K, used 720K [0x00000000eab00000, 0x00000000eb900000, 0x0000000100000000)
  eden space 9216K, 0% used [0x00000000eab00000,0x00000000eab00000,0x00000000eb400000)
  from space 1024K, 70% used [0x00000000eb800000,0x00000000eb8b43f8,0x00000000eb900000)
  to   space 1024K, 0% used [0x00000000eb700000,0x00000000eb700000,0x00000000eb800000)
 ParOldGen       total 154112K, used 117164K [0x00000000c0000000, 0x00000000c9680000, 0x00000000eab00000)
  object space 154112K, 76% used [0x00000000c0000000,0x00000000c726b1b8,0x00000000c9680000)
 Metaspace       used 74223K, committed 75520K, reserved 1122304K
  class space    used 7590K, committed 8128K, reserved 1048576K
}
Event: 27.614 GC heap before
{Heap before GC invocations=171 (full 9):
 PSYoungGen      total 10240K, used 9936K [0x00000000eab00000, 0x00000000eb900000, 0x0000000100000000)
  eden space 9216K, 100% used [0x00000000eab00000,0x00000000eb400000,0x00000000eb400000)
  from space 1024K, 70% used [0x00000000eb800000,0x00000000eb8b43f8,0x00000000eb900000)
  to   space 1024K, 0% used [0x00000000eb700000,0x00000000eb700000,0x00000000eb800000)
 ParOldGen       total 154112K, used 117164K [0x00000000c0000000, 0x00000000c9680000, 0x00000000eab00000)
  object space 154112K, 76% used [0x00000000c0000000,0x00000000c726b1b8,0x00000000c9680000)
 Metaspace       used 75348K, committed 76608K, reserved 1122304K
  class space    used 7766K, committed 8320K, reserved 1048576K
}
Event: 27.616 GC heap after
{Heap after GC invocations=171 (full 9):
 PSYoungGen      total 11264K, used 997K [0x00000000eab00000, 0x00000000eb880000, 0x0000000100000000)
  eden space 10240K, 0% used [0x00000000eab00000,0x00000000eab00000,0x00000000eb500000)
  from space 1024K, 97% used [0x00000000eb700000,0x00000000eb7f95f8,0x00000000eb800000)
  to   space 512K, 0% used [0x00000000eb800000,0x00000000eb800000,0x00000000eb880000)
 ParOldGen       total 154112K, used 117172K [0x00000000c0000000, 0x00000000c9680000, 0x00000000eab00000)
  object space 154112K, 76% used [0x00000000c0000000,0x00000000c726d1b8,0x00000000c9680000)
 Metaspace       used 75348K, committed 76608K, reserved 1122304K
  class space    used 7766K, committed 8320K, reserved 1048576K
}
Event: 27.855 GC heap before
{Heap before GC invocations=172 (full 9):
 PSYoungGen      total 11264K, used 11237K [0x00000000eab00000, 0x00000000eb880000, 0x0000000100000000)
  eden space 10240K, 99% used [0x00000000eab00000,0x00000000eb4ffff8,0x00000000eb500000)
  from space 1024K, 97% used [0x00000000eb700000,0x00000000eb7f95f8,0x00000000eb800000)
  to   space 512K, 0% used [0x00000000eb800000,0x00000000eb800000,0x00000000eb880000)
 ParOldGen       total 154112K, used 117172K [0x00000000c0000000, 0x00000000c9680000, 0x00000000eab00000)
  object space 154112K, 76% used [0x00000000c0000000,0x00000000c726d1b8,0x00000000c9680000)
 Metaspace       used 76700K, committed 77888K, reserved 1122304K
  class space    used 7971K, committed 8512K, reserved 1048576K
}
Event: 27.857 GC heap after
{Heap after GC invocations=172 (full 9):
 PSYoungGen      total 11776K, used 464K [0x00000000eab00000, 0x00000000eb880000, 0x0000000100000000)
  eden space 11264K, 0% used [0x00000000eab00000,0x00000000eab00000,0x00000000eb600000)
  from space 512K, 90% used [0x00000000eb800000,0x00000000eb874010,0x00000000eb880000)
  to   space 1024K, 0% used [0x00000000eb680000,0x00000000eb680000,0x00000000eb780000)
 ParOldGen       total 154112K, used 117817K [0x00000000c0000000, 0x00000000c9680000, 0x00000000eab00000)
  object space 154112K, 76% used [0x00000000c0000000,0x00000000c730e7c0,0x00000000c9680000)
 Metaspace       used 76700K, committed 77888K, reserved 1122304K
  class space    used 7971K, committed 8512K, reserved 1048576K
}
Event: 43.211 GC heap before
{Heap before GC invocations=173 (full 9):
 PSYoungGen      total 11776K, used 11728K [0x00000000eab00000, 0x00000000eb880000, 0x0000000100000000)
  eden space 11264K, 100% used [0x00000000eab00000,0x00000000eb600000,0x00000000eb600000)
  from space 512K, 90% used [0x00000000eb800000,0x00000000eb874010,0x00000000eb880000)
  to   space 1024K, 0% used [0x00000000eb680000,0x00000000eb680000,0x00000000eb780000)
 ParOldGen       total 154112K, used 117817K [0x00000000c0000000, 0x00000000c9680000, 0x00000000eab00000)
  object space 154112K, 76% used [0x00000000c0000000,0x00000000c730e7c0,0x00000000c9680000)
 Metaspace       used 77139K, committed 78336K, reserved 1122304K
  class space    used 8032K, committed 8576K, reserved 1048576K
}
Event: 43.215 GC heap after
{Heap after GC invocations=173 (full 9):
 PSYoungGen      total 12288K, used 1019K [0x00000000eab00000, 0x00000000ec200000, 0x0000000100000000)
  eden space 11264K, 0% used [0x00000000eab00000,0x00000000eab00000,0x00000000eb600000)
  from space 1024K, 99% used [0x00000000eb680000,0x00000000eb77ec50,0x00000000eb780000)
  to   space 6144K, 0% used [0x00000000ebc00000,0x00000000ebc00000,0x00000000ec200000)
 ParOldGen       total 154112K, used 121947K [0x00000000c0000000, 0x00000000c9680000, 0x00000000eab00000)
  object space 154112K, 79% used [0x00000000c0000000,0x00000000c7716c98,0x00000000c9680000)
 Metaspace       used 77139K, committed 78336K, reserved 1122304K
  class space    used 8032K, committed 8576K, reserved 1048576K
}

