# JRE version: OpenJDK Runtime Environment Temurin-17.0.4.1+1 (17.0.4.1+1) (build 17.0.4.1+1)
# Java VM: OpenJDK 64-Bit Server VM Temurin-17.0.4.1+1 (17.0.4.1+1, mixed mode, emulated-client, tiered, compressed oops, compressed class ptrs, g1 gc, windows-amd64)
GC Precious Log:
 CPUs: 8 total, 8 available
 Memory: 7987M
 Large Page Support: Disabled
 NUMA Support: Disabled
 Compressed Oops: Enabled (32-bit)
 Heap Region Size: 1M
 Heap Min Capacity: 8M
 Heap Initial Capacity: 126M
 Heap Max Capacity: 1998M
 Pre-touch: Disabled
 Parallel Workers: 8
 Concurrent Workers: 2
 Concurrent Refinement Workers: 8
 Periodic GC: Disabled
Heap:
 garbage-first heap   total 338944K, used 92800K [0x0000000083200000, 0x0000000100000000)
  region size 1024K, 16 young (16384K), 16 survivors (16384K)
 Metaspace       used 36335K, committed 36672K, reserved 1081344K
  class space    used 4744K, committed 4928K, reserved 1048576K
GC Heap History (20 events):
Event: 7.510 GC heap after
{Heap after GC invocations=18 (full 0):
 garbage-first heap   total 82944K, used 51163K [0x0000000083200000, 0x0000000100000000)
  region size 1024K, 3 young (3072K), 3 survivors (3072K)
 Metaspace       used 35984K, committed 36352K, reserved 1081344K
  class space    used 4690K, committed 4864K, reserved 1048576K
}
Event: 7.515 GC heap before
{Heap before GC invocations=18 (full 0):
 garbage-first heap   total 82944K, used 52187K [0x0000000083200000, 0x0000000100000000)
  region size 1024K, 4 young (4096K), 3 survivors (3072K)
 Metaspace       used 35992K, committed 36352K, reserved 1081344K
  class space    used 4692K, committed 4864K, reserved 1048576K
}
Event: 7.520 GC heap after
{Heap after GC invocations=19 (full 0):
 garbage-first heap   total 117760K, used 51868K [0x0000000083200000, 0x0000000100000000)
  region size 1024K, 1 young (1024K), 1 survivors (1024K)
 Metaspace       used 35992K, committed 36352K, reserved 1081344K
  class space    used 4692K, committed 4864K, reserved 1048576K
}
Event: 7.681 GC heap before
{Heap before GC invocations=19 (full 0):
 garbage-first heap   total 117760K, used 87708K [0x0000000083200000, 0x0000000100000000)
  region size 1024K, 36 young (36864K), 1 survivors (1024K)
 Metaspace       used 36222K, committed 36544K, reserved 1081344K
  class space    used 4729K, committed 4864K, reserved 1048576K
}
Event: 7.709 GC heap after
{Heap after GC invocations=20 (full 0):
 garbage-first heap   total 117760K, used 64037K [0x0000000083200000, 0x0000000100000000)
  region size 1024K, 5 young (5120K), 5 survivors (5120K)
 Metaspace       used 36222K, committed 36544K, reserved 1081344K
  class space    used 4729K, committed 4864K, reserved 1048576K
}
Event: 7.725 GC heap before
{Heap before GC invocations=20 (full 0):
 garbage-first heap   total 117760K, used 86565K [0x0000000083200000, 0x0000000100000000)
  region size 1024K, 28 young (28672K), 5 survivors (5120K)
 Metaspace       used 36229K, committed 36544K, reserved 1081344K
  class space    used 4729K, committed 4864K, reserved 1048576K
}
Event: 7.730 GC heap after
{Heap after GC invocations=21 (full 0):
 garbage-first heap   total 117760K, used 66163K [0x0000000083200000, 0x0000000100000000)
  region size 1024K, 2 young (2048K), 2 survivors (2048K)
 Metaspace       used 36229K, committed 36544K, reserved 1081344K
  class space    used 4729K, committed 4864K, reserved 1048576K
}
Event: 7.741 GC heap before
{Heap before GC invocations=21 (full 0):
 garbage-first heap   total 117760K, used 88691K [0x0000000083200000, 0x0000000100000000)
  region size 1024K, 25 young (25600K), 2 survivors (2048K)
 Metaspace       used 36236K, committed 36544K, reserved 1081344K
  class space    used 4729K, committed 4864K, reserved 1048576K
}
Event: 7.743 GC heap after
{Heap after GC invocations=22 (full 0):
 garbage-first heap   total 117760K, used 66929K [0x0000000083200000, 0x0000000100000000)
  region size 1024K, 3 young (3072K), 3 survivors (3072K)
 Metaspace       used 36236K, committed 36544K, reserved 1081344K
  class space    used 4729K, committed 4864K, reserved 1048576K
}
Event: 7.770 GC heap before
{Heap before GC invocations=22 (full 0):
 garbage-first heap   total 117760K, used 90481K [0x0000000083200000, 0x0000000100000000)
  region size 1024K, 27 young (27648K), 3 survivors (3072K)
 Metaspace       used 36243K, committed 36544K, reserved 1081344K
  class space    used 4730K, committed 4864K, reserved 1048576K
}
Event: 7.775 GC heap after
{Heap after GC invocations=23 (full 0):
 garbage-first heap   total 338944K, used 67876K [0x0000000083200000, 0x0000000100000000)
  region size 1024K, 3 young (3072K), 3 survivors (3072K)
 Metaspace       used 36243K, committed 36544K, reserved 1081344K
  class space    used 4730K, committed 4864K, reserved 1048576K
}
Event: 7.884 GC heap before
{Heap before GC invocations=24 (full 0):
 garbage-first heap   total 338944K, used 171300K [0x0000000083200000, 0x0000000100000000)
  region size 1024K, 106 young (108544K), 3 survivors (3072K)
 Metaspace       used 36333K, committed 36672K, reserved 1081344K
  class space    used 4742K, committed 4928K, reserved 1048576K
}
Event: 7.891 GC heap after
{Heap after GC invocations=25 (full 0):
 garbage-first heap   total 338944K, used 70947K [0x0000000083200000, 0x0000000100000000)
  region size 1024K, 7 young (7168K), 7 survivors (7168K)
 Metaspace       used 36333K, committed 36672K, reserved 1081344K
  class space    used 4742K, committed 4928K, reserved 1048576K
}
Event: 7.897 GC heap before
{Heap before GC invocations=25 (full 0):
 garbage-first heap   total 338944K, used 79139K [0x0000000083200000, 0x0000000100000000)
  region size 1024K, 16 young (16384K), 7 survivors (7168K)
 Metaspace       used 36333K, committed 36672K, reserved 1081344K
  class space    used 4742K, committed 4928K, reserved 1048576K
}
Event: 7.903 GC heap after
{Heap after GC invocations=26 (full 0):
 garbage-first heap   total 338944K, used 70270K [0x0000000083200000, 0x0000000100000000)
  region size 1024K, 1 young (1024K), 1 survivors (1024K)
 Metaspace       used 36333K, committed 36672K, reserved 1081344K
  class space    used 4742K, committed 4928K, reserved 1048576K
}
Event: 7.987 GC heap before
{Heap before GC invocations=26 (full 0):
 garbage-first heap   total 338944K, used 248446K [0x0000000083200000, 0x0000000100000000)
  region size 1024K, 176 young (180224K), 1 survivors (1024K)
 Metaspace       used 36335K, committed 36672K, reserved 1081344K
  class space    used 4743K, committed 4928K, reserved 1048576K
}
Event: 7.994 GC heap after
{Heap after GC invocations=27 (full 0):
 garbage-first heap   total 338944K, used 77037K [0x0000000083200000, 0x0000000100000000)
  region size 1024K, 8 young (8192K), 8 survivors (8192K)
 Metaspace       used 36335K, committed 36672K, reserved 1081344K
  class space    used 4743K, committed 4928K, reserved 1048576K
}
Event: 8.059 GC heap before
{Heap before GC invocations=27 (full 0):
 garbage-first heap   total 338944K, used 266477K [0x0000000083200000, 0x0000000100000000)
  region size 1024K, 194 young (198656K), 8 survivors (8192K)
 Metaspace       used 36335K, committed 36672K, reserved 1081344K
  class space    used 4744K, committed 4928K, reserved 1048576K
}
Event: 8.071 GC heap after
{Heap after GC invocations=28 (full 0):
 garbage-first heap   total 338944K, used 84784K [0x0000000083200000, 0x0000000100000000)
  region size 1024K, 16 young (16384K), 16 survivors (16384K)
 Metaspace       used 36335K, committed 36672K, reserved 1081344K
  class space    used 4744K, committed 4928K, reserved 1048576K
}
Event: 8.193 GC heap before
{Heap before GC invocations=28 (full 0):
 garbage-first heap   total 338944K, used 270128K [0x0000000083200000, 0x0000000100000000)
  region size 1024K, 198 young (202752K), 16 survivors (16384K)
 Metaspace       used 36335K, committed 36672K, reserved 1081344K
  class space    used 4744K, committed 4928K, reserved 1048576K
}

