# JRE version: OpenJDK Runtime Environment Temurin-17.0.4.1+1 (17.0.4.1+1) (build 17.0.4.1+1)
# Java VM: OpenJDK 64-Bit Server VM Temurin-17.0.4.1+1 (17.0.4.1+1, mixed mode, emulated-client, tiered, compressed oops, compressed class ptrs, g1 gc, windows-amd64)
GC Precious Log:
 CPUs: 8 total, 8 available
 Memory: 7987M
 Large Page Support: Disabled
 NUMA Support: Disabled
 Compressed Oops: Enabled (32-bit)
 Heap Region Size: 1M
 Heap Min Capacity: 8M
 Heap Initial Capacity: 126M
 Heap Max Capacity: 1998M
 Pre-touch: Disabled
 Parallel Workers: 8
 Concurrent Workers: 2
 Concurrent Refinement Workers: 8
 Periodic GC: Disabled
Heap:
 garbage-first heap   total 256000K, used 83135K [0x0000000083200000, 0x0000000100000000)
  region size 1024K, 6 young (6144K), 6 survivors (6144K)
 Metaspace       used 36610K, committed 36928K, reserved 1081344K
  class space    used 4763K, committed 4928K, reserved 1048576K
GC Heap History (20 events):
Event: 7.733 GC heap after
{Heap after GC invocations=12 (full 0):
 garbage-first heap   total 61440K, used 33524K [0x0000000083200000, 0x0000000100000000)
  region size 1024K, 3 young (3072K), 3 survivors (3072K)
 Metaspace       used 33933K, committed 34240K, reserved 1081344K
  class space    used 4328K, committed 4480K, reserved 1048576K
}
Event: 7.788 GC heap before
{Heap before GC invocations=13 (full 0):
 garbage-first heap   total 71680K, used 46836K [0x0000000083200000, 0x0000000100000000)
  region size 1024K, 16 young (16384K), 3 survivors (3072K)
 Metaspace       used 34084K, committed 34432K, reserved 1081344K
  class space    used 4349K, committed 4544K, reserved 1048576K
}
Event: 7.793 GC heap after
{Heap after GC invocations=14 (full 0):
 garbage-first heap   total 109568K, used 35546K [0x0000000083200000, 0x0000000100000000)
  region size 1024K, 2 young (2048K), 2 survivors (2048K)
 Metaspace       used 34084K, committed 34432K, reserved 1081344K
  class space    used 4349K, committed 4544K, reserved 1048576K
}
Event: 8.037 GC heap before
{Heap before GC invocations=14 (full 0):
 garbage-first heap   total 109568K, used 77530K [0x0000000083200000, 0x0000000100000000)
  region size 1024K, 44 young (45056K), 2 survivors (2048K)
 Metaspace       used 35182K, committed 35520K, reserved 1081344K
  class space    used 4518K, committed 4672K, reserved 1048576K
}
Event: 8.047 GC heap after
{Heap after GC invocations=15 (full 0):
 garbage-first heap   total 109568K, used 46672K [0x0000000083200000, 0x0000000100000000)
  region size 1024K, 6 young (6144K), 6 survivors (6144K)
 Metaspace       used 35182K, committed 35520K, reserved 1081344K
  class space    used 4518K, committed 4672K, reserved 1048576K
}
Event: 8.286 GC heap before
{Heap before GC invocations=15 (full 0):
 garbage-first heap   total 109568K, used 77392K [0x0000000083200000, 0x0000000100000000)
  region size 1024K, 35 young (35840K), 6 survivors (6144K)
 Metaspace       used 36072K, committed 36416K, reserved 1081344K
  class space    used 4710K, committed 4864K, reserved 1048576K
}
Event: 8.302 GC heap after
{Heap after GC invocations=16 (full 0):
 garbage-first heap   total 109568K, used 60642K [0x0000000083200000, 0x0000000100000000)
  region size 1024K, 5 young (5120K), 5 survivors (5120K)
 Metaspace       used 36072K, committed 36416K, reserved 1081344K
  class space    used 4710K, committed 4864K, reserved 1048576K
}
Event: 8.346 GC heap before
{Heap before GC invocations=16 (full 0):
 garbage-first heap   total 109568K, used 79074K [0x0000000083200000, 0x0000000100000000)
  region size 1024K, 24 young (24576K), 5 survivors (5120K)
 Metaspace       used 36374K, committed 36736K, reserved 1081344K
  class space    used 4738K, committed 4928K, reserved 1048576K
}
Event: 8.363 GC heap after
{Heap after GC invocations=17 (full 0):
 garbage-first heap   total 109568K, used 65131K [0x0000000083200000, 0x0000000100000000)
  region size 1024K, 3 young (3072K), 3 survivors (3072K)
 Metaspace       used 36374K, committed 36736K, reserved 1081344K
  class space    used 4738K, committed 4928K, reserved 1048576K
}
Event: 8.375 GC heap before
{Heap before GC invocations=17 (full 0):
 garbage-first heap   total 109568K, used 81515K [0x0000000083200000, 0x0000000100000000)
  region size 1024K, 20 young (20480K), 3 survivors (3072K)
 Metaspace       used 36387K, committed 36736K, reserved 1081344K
  class space    used 4739K, committed 4928K, reserved 1048576K
}
Event: 8.389 GC heap after
{Heap after GC invocations=18 (full 0):
 garbage-first heap   total 256000K, used 66693K [0x0000000083200000, 0x0000000100000000)
  region size 1024K, 2 young (2048K), 2 survivors (2048K)
 Metaspace       used 36387K, committed 36736K, reserved 1081344K
  class space    used 4739K, committed 4928K, reserved 1048576K
}
Event: 8.438 GC heap before
{Heap before GC invocations=18 (full 0):
 garbage-first heap   total 256000K, used 137349K [0x0000000083200000, 0x0000000100000000)
  region size 1024K, 72 young (73728K), 2 survivors (2048K)
 Metaspace       used 36460K, committed 36800K, reserved 1081344K
  class space    used 4742K, committed 4928K, reserved 1048576K
}
Event: 8.442 GC heap after
{Heap after GC invocations=19 (full 0):
 garbage-first heap   total 256000K, used 69580K [0x0000000083200000, 0x0000000100000000)
  region size 1024K, 4 young (4096K), 4 survivors (4096K)
 Metaspace       used 36460K, committed 36800K, reserved 1081344K
  class space    used 4742K, committed 4928K, reserved 1048576K
}
Event: 8.493 GC heap before
{Heap before GC invocations=19 (full 0):
 garbage-first heap   total 256000K, used 171980K [0x0000000083200000, 0x0000000100000000)
  region size 1024K, 106 young (108544K), 4 survivors (4096K)
 Metaspace       used 36527K, committed 36864K, reserved 1081344K
  class space    used 4754K, committed 4928K, reserved 1048576K
}
Event: 8.500 GC heap after
{Heap after GC invocations=20 (full 0):
 garbage-first heap   total 256000K, used 72710K [0x0000000083200000, 0x0000000100000000)
  region size 1024K, 8 young (8192K), 8 survivors (8192K)
 Metaspace       used 36527K, committed 36864K, reserved 1081344K
  class space    used 4754K, committed 4928K, reserved 1048576K
}
Event: 8.538 GC heap before
{Heap before GC invocations=21 (full 0):
 garbage-first heap   total 256000K, used 186374K [0x0000000083200000, 0x0000000100000000)
  region size 1024K, 120 young (122880K), 8 survivors (8192K)
 Metaspace       used 36608K, committed 36928K, reserved 1081344K
  class space    used 4763K, committed 4928K, reserved 1048576K
}
Event: 8.546 GC heap after
{Heap after GC invocations=22 (full 0):
 garbage-first heap   total 256000K, used 77698K [0x0000000083200000, 0x0000000100000000)
  region size 1024K, 13 young (13312K), 13 survivors (13312K)
 Metaspace       used 36608K, committed 36928K, reserved 1081344K
  class space    used 4763K, committed 4928K, reserved 1048576K
}
Event: 8.548 GC heap before
{Heap before GC invocations=22 (full 0):
 garbage-first heap   total 256000K, used 79746K [0x0000000083200000, 0x0000000100000000)
  region size 1024K, 16 young (16384K), 13 survivors (13312K)
 Metaspace       used 36608K, committed 36928K, reserved 1081344K
  class space    used 4763K, committed 4928K, reserved 1048576K
}
Event: 8.554 GC heap after
{Heap after GC invocations=23 (full 0):
 garbage-first heap   total 256000K, used 79151K [0x0000000083200000, 0x0000000100000000)
  region size 1024K, 2 young (2048K), 2 survivors (2048K)
 Metaspace       used 36608K, committed 36928K, reserved 1081344K
  class space    used 4763K, committed 4928K, reserved 1048576K
}
Event: 8.588 GC heap before
{Heap before GC invocations=23 (full 0):
 garbage-first heap   total 256000K, used 193839K [0x0000000083200000, 0x0000000100000000)
  region size 1024K, 115 young (117760K), 2 survivors (2048K)
 Metaspace       used 36610K, committed 36928K, reserved 1081344K
  class space    used 4763K, committed 4928K, reserved 1048576K
}

