# JRE version: OpenJDK Runtime Environment Temurin-17.0.5+8 (17.0.5+8) (build 17.0.5+8)
# Java VM: OpenJDK 64-Bit Server VM Temurin-17.0.5+8 (17.0.5+8, mixed mode, emulated-client, sharing, tiered, compressed oops, compressed class ptrs, g1 gc, windows-amd64)
GC Precious Log:
 CPUs: 8 total, 8 available
 Memory: 7987M
 Large Page Support: Disabled
 NUMA Support: Disabled
 Compressed Oops: Enabled (32-bit)
 Heap Region Size: 1M
 Heap Min Capacity: 8M
 Heap Initial Capacity: 126M
 Heap Max Capacity: 1998M
 Pre-touch: Disabled
 Parallel Workers: 8
 Concurrent Workers: 2
 Concurrent Refinement Workers: 8
 Periodic GC: Disabled
Heap:
 garbage-first heap   total 408576K, used 187632K [0x0000000083200000, 0x0000000100000000)
  region size 1024K, 17 young (17408K), 17 survivors (17408K)
 Metaspace       used 38204K, committed 38528K, reserved 1089536K
  class space    used 4789K, committed 4928K, reserved 1048576K
GC Heap History (20 events):
Event: 8.869 GC heap after
{Heap after GC invocations=18 (full 0):
 garbage-first heap   total 160768K, used 75645K [0x0000000083200000, 0x0000000100000000)
  region size 1024K, 6 young (6144K), 6 survivors (6144K)
 Metaspace       used 31486K, committed 31872K, reserved 1081344K
  class space    used 4111K, committed 4288K, reserved 1048576K
}
Event: 8.923 GC heap before
{Heap before GC invocations=18 (full 0):
 garbage-first heap   total 160768K, used 122749K [0x0000000083200000, 0x0000000100000000)
  region size 1024K, 53 young (54272K), 6 survivors (6144K)
 Metaspace       used 31569K, committed 31936K, reserved 1081344K
  class space    used 4117K, committed 4288K, reserved 1048576K
}
Event: 8.934 GC heap after
{Heap after GC invocations=19 (full 0):
 garbage-first heap   total 408576K, used 78370K [0x0000000083200000, 0x0000000100000000)
  region size 1024K, 6 young (6144K), 6 survivors (6144K)
 Metaspace       used 31569K, committed 31936K, reserved 1081344K
  class space    used 4117K, committed 4288K, reserved 1048576K
}
Event: 9.636 GC heap before
{Heap before GC invocations=19 (full 0):
 garbage-first heap   total 408576K, used 304674K [0x0000000083200000, 0x0000000100000000)
  region size 1024K, 227 young (232448K), 6 survivors (6144K)
 Metaspace       used 31569K, committed 31936K, reserved 1081344K
  class space    used 4118K, committed 4288K, reserved 1048576K
}
Event: 9.656 GC heap after
{Heap after GC invocations=20 (full 0):
 garbage-first heap   total 408576K, used 93749K [0x0000000083200000, 0x0000000100000000)
  region size 1024K, 20 young (20480K), 20 survivors (20480K)
 Metaspace       used 31569K, committed 31936K, reserved 1081344K
  class space    used 4118K, committed 4288K, reserved 1048576K
}
Event: 10.117 GC heap before
{Heap before GC invocations=20 (full 0):
 garbage-first heap   total 408576K, used 304693K [0x0000000083200000, 0x0000000100000000)
  region size 1024K, 227 young (232448K), 20 survivors (20480K)
 Metaspace       used 31569K, committed 31936K, reserved 1081344K
  class space    used 4118K, committed 4288K, reserved 1048576K
}
Event: 13.147 GC heap after
{Heap after GC invocations=21 (full 0):
 garbage-first heap   total 408576K, used 106746K [0x0000000083200000, 0x0000000100000000)
  region size 1024K, 28 young (28672K), 28 survivors (28672K)
 Metaspace       used 31569K, committed 31936K, reserved 1081344K
  class space    used 4118K, committed 4288K, reserved 1048576K
}
Event: 13.325 GC heap before
{Heap before GC invocations=21 (full 0):
 garbage-first heap   total 408576K, used 312570K [0x0000000083200000, 0x0000000100000000)
  region size 1024K, 230 young (235520K), 28 survivors (28672K)
 Metaspace       used 31815K, committed 32192K, reserved 1081344K
  class space    used 4160K, committed 4352K, reserved 1048576K
}
Event: 13.342 GC heap after
{Heap after GC invocations=22 (full 0):
 garbage-first heap   total 408576K, used 119145K [0x0000000083200000, 0x0000000100000000)
  region size 1024K, 25 young (25600K), 25 survivors (25600K)
 Metaspace       used 31815K, committed 32192K, reserved 1081344K
  class space    used 4160K, committed 4352K, reserved 1048576K
}
Event: 14.437 GC heap before
{Heap before GC invocations=22 (full 0):
 garbage-first heap   total 408576K, used 322921K [0x0000000083200000, 0x0000000100000000)
  region size 1024K, 225 young (230400K), 25 survivors (25600K)
 Metaspace       used 32639K, committed 33024K, reserved 1081344K
  class space    used 4202K, committed 4416K, reserved 1048576K
}
Event: 14.450 GC heap after
{Heap after GC invocations=23 (full 0):
 garbage-first heap   total 408576K, used 133210K [0x0000000083200000, 0x0000000100000000)
  region size 1024K, 25 young (25600K), 25 survivors (25600K)
 Metaspace       used 32639K, committed 33024K, reserved 1081344K
  class space    used 4202K, committed 4416K, reserved 1048576K
}
Event: 15.036 GC heap before
{Heap before GC invocations=23 (full 0):
 garbage-first heap   total 408576K, used 328794K [0x0000000083200000, 0x0000000100000000)
  region size 1024K, 217 young (222208K), 25 survivors (25600K)
 Metaspace       used 34068K, committed 34368K, reserved 1081344K
  class space    used 4327K, committed 4480K, reserved 1048576K
}
Event: 15.053 GC heap after
{Heap after GC invocations=24 (full 0):
 garbage-first heap   total 408576K, used 149931K [0x0000000083200000, 0x0000000100000000)
  region size 1024K, 28 young (28672K), 28 survivors (28672K)
 Metaspace       used 34068K, committed 34368K, reserved 1081344K
  class space    used 4327K, committed 4480K, reserved 1048576K
}
Event: 15.959 GC heap before
{Heap before GC invocations=24 (full 0):
 garbage-first heap   total 408576K, used 330155K [0x0000000083200000, 0x0000000100000000)
  region size 1024K, 204 young (208896K), 28 survivors (28672K)
 Metaspace       used 35607K, committed 35968K, reserved 1081344K
  class space    used 4523K, committed 4672K, reserved 1048576K
}
Event: 15.978 GC heap after
{Heap after GC invocations=25 (full 0):
 garbage-first heap   total 408576K, used 163776K [0x0000000083200000, 0x0000000100000000)
  region size 1024K, 12 young (12288K), 12 survivors (12288K)
 Metaspace       used 35607K, committed 35968K, reserved 1081344K
  class space    used 4523K, committed 4672K, reserved 1048576K
}
Event: 16.692 GC heap before
{Heap before GC invocations=25 (full 0):
 garbage-first heap   total 408576K, used 333760K [0x0000000083200000, 0x0000000100000000)
  region size 1024K, 179 young (183296K), 12 survivors (12288K)
 Metaspace       used 36436K, committed 36800K, reserved 1081344K
  class space    used 4626K, committed 4800K, reserved 1048576K
}
Event: 16.714 GC heap after
{Heap after GC invocations=26 (full 0):
 garbage-first heap   total 408576K, used 170412K [0x0000000083200000, 0x0000000100000000)
  region size 1024K, 18 young (18432K), 18 survivors (18432K)
 Metaspace       used 36436K, committed 36800K, reserved 1081344K
  class space    used 4626K, committed 4800K, reserved 1048576K
}
Event: 17.394 GC heap before
{Heap before GC invocations=26 (full 0):
 garbage-first heap   total 408576K, used 337324K [0x0000000083200000, 0x0000000100000000)
  region size 1024K, 182 young (186368K), 18 survivors (18432K)
 Metaspace       used 38204K, committed 38528K, reserved 1089536K
  class space    used 4789K, committed 4928K, reserved 1048576K
}
Event: 17.419 GC heap after
{Heap after GC invocations=27 (full 0):
 garbage-first heap   total 408576K, used 178776K [0x0000000083200000, 0x0000000100000000)
  region size 1024K, 17 young (17408K), 17 survivors (17408K)
 Metaspace       used 38204K, committed 38528K, reserved 1089536K
  class space    used 4789K, committed 4928K, reserved 1048576K
}
Event: 18.220 GC heap before
{Heap before GC invocations=27 (full 0):
 garbage-first heap   total 408576K, used 340568K [0x0000000083200000, 0x0000000100000000)
  region size 1024K, 176 young (180224K), 17 survivors (17408K)
 Metaspace       used 38204K, committed 38528K, reserved 1089536K
  class space    used 4789K, committed 4928K, reserved 1048576K
}

