# JRE version: OpenJDK Runtime Environment Temurin-17.0.4.1+1 (17.0.4.1+1) (build 17.0.4.1+1)
# Java VM: OpenJDK 64-Bit Server VM Temurin-17.0.4.1+1 (17.0.4.1+1, mixed mode, emulated-client, tiered, compressed oops, compressed class ptrs, g1 gc, windows-amd64)
GC Precious Log:
 CPUs: 8 total, 8 available
 Memory: 7987M
 Large Page Support: Disabled
 NUMA Support: Disabled
 Compressed Oops: Enabled (32-bit)
 Heap Region Size: 1M
 Heap Min Capacity: 8M
 Heap Initial Capacity: 126M
 Heap Max Capacity: 1998M
 Pre-touch: Disabled
 Parallel Workers: 8
 Concurrent Workers: 2
 Concurrent Refinement Workers: 8
 Periodic GC: Disabled
Heap:
 garbage-first heap   total 174080K, used 73300K [0x0000000083200000, 0x0000000100000000)
  region size 1024K, 7 young (7168K), 7 survivors (7168K)
 Metaspace       used 38621K, committed 38976K, reserved 1089536K
  class space    used 4879K, committed 5056K, reserved 1048576K
GC Heap History (20 events):
Event: 3.565 GC heap after
{Heap after GC invocations=9 (full 0):
 garbage-first heap   total 61440K, used 25093K [0x0000000083200000, 0x0000000100000000)
  region size 1024K, 4 young (4096K), 4 survivors (4096K)
 Metaspace       used 35368K, committed 35648K, reserved 1081344K
  class space    used 4585K, committed 4736K, reserved 1048576K
}
Event: 3.607 GC heap before
{Heap before GC invocations=9 (full 0):
 garbage-first heap   total 61440K, used 38405K [0x0000000083200000, 0x0000000100000000)
  region size 1024K, 18 young (18432K), 4 survivors (4096K)
 Metaspace       used 35619K, committed 35968K, reserved 1081344K
  class space    used 4624K, committed 4800K, reserved 1048576K
}
Event: 3.611 GC heap after
{Heap after GC invocations=10 (full 0):
 garbage-first heap   total 61440K, used 28235K [0x0000000083200000, 0x0000000100000000)
  region size 1024K, 3 young (3072K), 3 survivors (3072K)
 Metaspace       used 35619K, committed 35968K, reserved 1081344K
  class space    used 4624K, committed 4800K, reserved 1048576K
}
Event: 3.667 GC heap before
{Heap before GC invocations=11 (full 0):
 garbage-first heap   total 61440K, used 44619K [0x0000000083200000, 0x0000000100000000)
  region size 1024K, 19 young (19456K), 3 survivors (3072K)
 Metaspace       used 35846K, committed 36224K, reserved 1081344K
  class space    used 4648K, committed 4800K, reserved 1048576K
}
Event: 3.670 GC heap after
{Heap after GC invocations=12 (full 0):
 garbage-first heap   total 61440K, used 31042K [0x0000000083200000, 0x0000000100000000)
  region size 1024K, 3 young (3072K), 3 survivors (3072K)
 Metaspace       used 35846K, committed 36224K, reserved 1081344K
  class space    used 4648K, committed 4800K, reserved 1048576K
}
Event: 3.693 GC heap before
{Heap before GC invocations=12 (full 0):
 garbage-first heap   total 61440K, used 44354K [0x0000000083200000, 0x0000000100000000)
  region size 1024K, 17 young (17408K), 3 survivors (3072K)
 Metaspace       used 36094K, committed 36416K, reserved 1081344K
  class space    used 4655K, committed 4800K, reserved 1048576K
}
Event: 3.696 GC heap after
{Heap after GC invocations=13 (full 0):
 garbage-first heap   total 61440K, used 33646K [0x0000000083200000, 0x0000000100000000)
  region size 1024K, 3 young (3072K), 3 survivors (3072K)
 Metaspace       used 36094K, committed 36416K, reserved 1081344K
  class space    used 4655K, committed 4800K, reserved 1048576K
}
Event: 3.724 GC heap before
{Heap before GC invocations=14 (full 0):
 garbage-first heap   total 73728K, used 46958K [0x0000000083200000, 0x0000000100000000)
  region size 1024K, 16 young (16384K), 3 survivors (3072K)
 Metaspace       used 36247K, committed 36608K, reserved 1081344K
  class space    used 4668K, committed 4800K, reserved 1048576K
}
Event: 3.727 GC heap after
{Heap after GC invocations=15 (full 0):
 garbage-first heap   total 73728K, used 35809K [0x0000000083200000, 0x0000000100000000)
  region size 1024K, 2 young (2048K), 2 survivors (2048K)
 Metaspace       used 36247K, committed 36608K, reserved 1081344K
  class space    used 4668K, committed 4800K, reserved 1048576K
}
Event: 3.756 GC heap before
{Heap before GC invocations=15 (full 0):
 garbage-first heap   total 73728K, used 54241K [0x0000000083200000, 0x0000000100000000)
  region size 1024K, 21 young (21504K), 2 survivors (2048K)
 Metaspace       used 36440K, committed 36800K, reserved 1081344K
  class space    used 4689K, committed 4864K, reserved 1048576K
}
Event: 3.761 GC heap after
{Heap after GC invocations=16 (full 0):
 garbage-first heap   total 174080K, used 41432K [0x0000000083200000, 0x0000000100000000)
  region size 1024K, 3 young (3072K), 3 survivors (3072K)
 Metaspace       used 36440K, committed 36800K, reserved 1081344K
  class space    used 4689K, committed 4864K, reserved 1048576K
}
Event: 4.061 GC heap before
{Heap before GC invocations=17 (full 0):
 garbage-first heap   total 174080K, used 122328K [0x0000000083200000, 0x0000000100000000)
  region size 1024K, 81 young (82944K), 3 survivors (3072K)
 Metaspace       used 38584K, committed 38976K, reserved 1089536K
  class space    used 4867K, committed 5056K, reserved 1048576K
}
Event: 4.088 GC heap after
{Heap after GC invocations=18 (full 0):
 garbage-first heap   total 174080K, used 66231K [0x0000000083200000, 0x0000000100000000)
  region size 1024K, 11 young (11264K), 11 survivors (11264K)
 Metaspace       used 38584K, committed 38976K, reserved 1089536K
  class space    used 4867K, committed 5056K, reserved 1048576K
}
Event: 4.090 GC heap before
{Heap before GC invocations=18 (full 0):
 garbage-first heap   total 174080K, used 67255K [0x0000000083200000, 0x0000000100000000)
  region size 1024K, 12 young (12288K), 11 survivors (11264K)
 Metaspace       used 38585K, committed 38976K, reserved 1089536K
  class space    used 4867K, committed 5056K, reserved 1048576K
}
Event: 4.097 GC heap after
{Heap after GC invocations=19 (full 0):
 garbage-first heap   total 174080K, used 68370K [0x0000000083200000, 0x0000000100000000)
  region size 1024K, 2 young (2048K), 2 survivors (2048K)
 Metaspace       used 38585K, committed 38976K, reserved 1089536K
  class space    used 4867K, committed 5056K, reserved 1048576K
}
Event: 4.113 GC heap before
{Heap before GC invocations=19 (full 0):
 garbage-first heap   total 174080K, used 110354K [0x0000000083200000, 0x0000000100000000)
  region size 1024K, 44 young (45056K), 2 survivors (2048K)
 Metaspace       used 38594K, committed 38976K, reserved 1089536K
  class space    used 4870K, committed 5056K, reserved 1048576K
}
Event: 4.115 GC heap after
{Heap after GC invocations=20 (full 0):
 garbage-first heap   total 174080K, used 69122K [0x0000000083200000, 0x0000000100000000)
  region size 1024K, 3 young (3072K), 3 survivors (3072K)
 Metaspace       used 38594K, committed 38976K, reserved 1089536K
  class space    used 4870K, committed 5056K, reserved 1048576K
}
Event: 4.125 GC heap before
{Heap before GC invocations=20 (full 0):
 garbage-first heap   total 174080K, used 118274K [0x0000000083200000, 0x0000000100000000)
  region size 1024K, 52 young (53248K), 3 survivors (3072K)
 Metaspace       used 38602K, committed 38976K, reserved 1089536K
  class space    used 4871K, committed 5056K, reserved 1048576K
}
Event: 4.127 GC heap after
{Heap after GC invocations=21 (full 0):
 garbage-first heap   total 174080K, used 71102K [0x0000000083200000, 0x0000000100000000)
  region size 1024K, 5 young (5120K), 5 survivors (5120K)
 Metaspace       used 38602K, committed 38976K, reserved 1089536K
  class space    used 4871K, committed 5056K, reserved 1048576K
}
Event: 4.138 GC heap before
{Heap before GC invocations=21 (full 0):
 garbage-first heap   total 174080K, used 126398K [0x0000000083200000, 0x0000000100000000)
  region size 1024K, 60 young (61440K), 5 survivors (5120K)
 Metaspace       used 38621K, committed 38976K, reserved 1089536K
  class space    used 4879K, committed 5056K, reserved 1048576K
}

