# JRE version: OpenJDK Runtime Environment Temurin-17.0.4.1+1 (17.0.4.1+1) (build 17.0.4.1+1)
# Java VM: OpenJDK 64-Bit Server VM Temurin-17.0.4.1+1 (17.0.4.1+1, mixed mode, emulated-client, tiered, compressed oops, compressed class ptrs, g1 gc, windows-amd64)
GC Precious Log:
 CPUs: 8 total, 8 available
 Memory: 7987M
 Large Page Support: Disabled
 NUMA Support: Disabled
 Compressed Oops: Enabled (32-bit)
 Heap Region Size: 1M
 Heap Min Capacity: 8M
 Heap Initial Capacity: 126M
 Heap Max Capacity: 1998M
 Pre-touch: Disabled
 Parallel Workers: 8
 Concurrent Workers: 2
 Concurrent Refinement Workers: 8
 Periodic GC: Disabled
Heap:
 garbage-first heap   total 274432K, used 87252K [0x0000000083200000, 0x0000000100000000)
  region size 1024K, 13 young (13312K), 13 survivors (13312K)
 Metaspace       used 37009K, committed 37312K, reserved 1089536K
  class space    used 4779K, committed 4928K, reserved 1048576K
GC Heap History (20 events):
Event: 3.277 GC heap after
{Heap after GC invocations=11 (full 0):
 garbage-first heap   total 75776K, used 32506K [0x0000000083200000, 0x0000000100000000)
  region size 1024K, 4 young (4096K), 4 survivors (4096K)
 Metaspace       used 34253K, committed 34560K, reserved 1081344K
  class space    used 4371K, committed 4544K, reserved 1048576K
}
Event: 3.330 GC heap before
{Heap before GC invocations=11 (full 0):
 garbage-first heap   total 75776K, used 56058K [0x0000000083200000, 0x0000000100000000)
  region size 1024K, 27 young (27648K), 4 survivors (4096K)
 Metaspace       used 34466K, committed 34816K, reserved 1081344K
  class space    used 4400K, committed 4608K, reserved 1048576K
}
Event: 3.338 GC heap after
{Heap after GC invocations=12 (full 0):
 garbage-first heap   total 113664K, used 38383K [0x0000000083200000, 0x0000000100000000)
  region size 1024K, 4 young (4096K), 4 survivors (4096K)
 Metaspace       used 34466K, committed 34816K, reserved 1081344K
  class space    used 4400K, committed 4608K, reserved 1048576K
}
Event: 3.586 GC heap before
{Heap before GC invocations=12 (full 0):
 garbage-first heap   total 113664K, used 73199K [0x0000000083200000, 0x0000000100000000)
  region size 1024K, 39 young (39936K), 4 survivors (4096K)
 Metaspace       used 35870K, committed 36160K, reserved 1081344K
  class space    used 4655K, committed 4800K, reserved 1048576K
}
Event: 3.595 GC heap after
{Heap after GC invocations=13 (full 0):
 garbage-first heap   total 113664K, used 46211K [0x0000000083200000, 0x0000000100000000)
  region size 1024K, 6 young (6144K), 6 survivors (6144K)
 Metaspace       used 35870K, committed 36160K, reserved 1081344K
  class space    used 4655K, committed 4800K, reserved 1048576K
}
Event: 3.727 GC heap before
{Heap before GC invocations=14 (full 0):
 garbage-first heap   total 113664K, used 82051K [0x0000000083200000, 0x0000000100000000)
  region size 1024K, 40 young (40960K), 6 survivors (6144K)
 Metaspace       used 36706K, committed 37056K, reserved 1081344K
  class space    used 4746K, committed 4928K, reserved 1048576K
}
Event: 3.759 GC heap after
{Heap after GC invocations=15 (full 0):
 garbage-first heap   total 113664K, used 62117K [0x0000000083200000, 0x0000000100000000)
  region size 1024K, 5 young (5120K), 5 survivors (5120K)
 Metaspace       used 36706K, committed 37056K, reserved 1081344K
  class space    used 4746K, committed 4928K, reserved 1048576K
}
Event: 3.773 GC heap before
{Heap before GC invocations=15 (full 0):
 garbage-first heap   total 113664K, used 82597K [0x0000000083200000, 0x0000000100000000)
  region size 1024K, 26 young (26624K), 5 survivors (5120K)
 Metaspace       used 36715K, committed 37056K, reserved 1081344K
  class space    used 4747K, committed 4928K, reserved 1048576K
}
Event: 3.777 GC heap after
{Heap after GC invocations=16 (full 0):
 garbage-first heap   total 113664K, used 64758K [0x0000000083200000, 0x0000000100000000)
  region size 1024K, 2 young (2048K), 2 survivors (2048K)
 Metaspace       used 36715K, committed 37056K, reserved 1081344K
  class space    used 4747K, committed 4928K, reserved 1048576K
}
Event: 3.794 GC heap before
{Heap before GC invocations=16 (full 0):
 garbage-first heap   total 113664K, used 85238K [0x0000000083200000, 0x0000000100000000)
  region size 1024K, 23 young (23552K), 2 survivors (2048K)
 Metaspace       used 36721K, committed 37056K, reserved 1081344K
  class space    used 4749K, committed 4928K, reserved 1048576K
}
Event: 3.796 GC heap after
{Heap after GC invocations=17 (full 0):
 garbage-first heap   total 113664K, used 65447K [0x0000000083200000, 0x0000000100000000)
  region size 1024K, 3 young (3072K), 3 survivors (3072K)
 Metaspace       used 36721K, committed 37056K, reserved 1081344K
  class space    used 4749K, committed 4928K, reserved 1048576K
}
Event: 3.813 GC heap before
{Heap before GC invocations=17 (full 0):
 garbage-first heap   total 113664K, used 86951K [0x0000000083200000, 0x0000000100000000)
  region size 1024K, 25 young (25600K), 3 survivors (3072K)
 Metaspace       used 36732K, committed 37056K, reserved 1081344K
  class space    used 4750K, committed 4928K, reserved 1048576K
}
Event: 3.817 GC heap after
{Heap after GC invocations=18 (full 0):
 garbage-first heap   total 274432K, used 66324K [0x0000000083200000, 0x0000000100000000)
  region size 1024K, 3 young (3072K), 3 survivors (3072K)
 Metaspace       used 36732K, committed 37056K, reserved 1081344K
  class space    used 4750K, committed 4928K, reserved 1048576K
}
Event: 3.909 GC heap before
{Heap before GC invocations=18 (full 0):
 garbage-first heap   total 274432K, used 172820K [0x0000000083200000, 0x0000000100000000)
  region size 1024K, 109 young (111616K), 3 survivors (3072K)
 Metaspace       used 36776K, committed 37120K, reserved 1081344K
  class space    used 4763K, committed 4928K, reserved 1048576K
}
Event: 3.915 GC heap after
{Heap after GC invocations=19 (full 0):
 garbage-first heap   total 274432K, used 69468K [0x0000000083200000, 0x0000000100000000)
  region size 1024K, 7 young (7168K), 7 survivors (7168K)
 Metaspace       used 36776K, committed 37120K, reserved 1081344K
  class space    used 4763K, committed 4928K, reserved 1048576K
}
Event: 3.967 GC heap before
{Heap before GC invocations=20 (full 0):
 garbage-first heap   total 274432K, used 210780K [0x0000000083200000, 0x0000000100000000)
  region size 1024K, 146 young (149504K), 7 survivors (7168K)
 Metaspace       used 36957K, committed 37248K, reserved 1081344K
  class space    used 4772K, committed 4928K, reserved 1048576K
}
Event: 3.976 GC heap after
{Heap after GC invocations=21 (full 0):
 garbage-first heap   total 274432K, used 74592K [0x0000000083200000, 0x0000000100000000)
  region size 1024K, 12 young (12288K), 12 survivors (12288K)
 Metaspace       used 36957K, committed 37248K, reserved 1081344K
  class space    used 4772K, committed 4928K, reserved 1048576K
}
Event: 4.019 GC heap before
{Heap before GC invocations=21 (full 0):
 garbage-first heap   total 274432K, used 216928K [0x0000000083200000, 0x0000000100000000)
  region size 1024K, 152 young (155648K), 12 survivors (12288K)
 Metaspace       used 37003K, committed 37312K, reserved 1089536K
  class space    used 4776K, committed 4928K, reserved 1048576K
}
Event: 4.029 GC heap after
{Heap after GC invocations=22 (full 0):
 garbage-first heap   total 274432K, used 81300K [0x0000000083200000, 0x0000000100000000)
  region size 1024K, 16 young (16384K), 16 survivors (16384K)
 Metaspace       used 37003K, committed 37312K, reserved 1089536K
  class space    used 4776K, committed 4928K, reserved 1048576K
}
Event: 4.072 GC heap before
{Heap before GC invocations=22 (full 0):
 garbage-first heap   total 274432K, used 219540K [0x0000000083200000, 0x0000000100000000)
  region size 1024K, 152 young (155648K), 16 survivors (16384K)
 Metaspace       used 37009K, committed 37312K, reserved 1089536K
  class space    used 4779K, committed 4928K, reserved 1048576K
}

