# JRE version: OpenJDK Runtime Environment Temurin-17.0.4.1+1 (17.0.4.1+1) (build 17.0.4.1+1)
# Java VM: OpenJDK 64-Bit Server VM Temurin-17.0.4.1+1 (17.0.4.1+1, mixed mode, emulated-client, tiered, compressed oops, compressed class ptrs, g1 gc, windows-amd64)
GC Precious Log:
 CPUs: 8 total, 8 available
 Memory: 7987M
 Large Page Support: Disabled
 NUMA Support: Disabled
 Compressed Oops: Enabled (32-bit)
 Heap Region Size: 1M
 Heap Min Capacity: 8M
 Heap Initial Capacity: 126M
 Heap Max Capacity: 1998M
 Pre-touch: Disabled
 Parallel Workers: 8
 Concurrent Workers: 2
 Concurrent Refinement Workers: 8
 Periodic GC: Disabled
Heap:
 garbage-first heap   total 483328K, used 117271K [0x0000000083200000, 0x0000000100000000)
  region size 1024K, 23 young (23552K), 23 survivors (23552K)
 Metaspace       used 35503K, committed 35776K, reserved 1081344K
  class space    used 4604K, committed 4736K, reserved 1048576K
GC Heap History (20 events):
Event: 7.619 GC heap after
{Heap after GC invocations=17 (full 0):
 garbage-first heap   total 83968K, used 48000K [0x0000000083200000, 0x0000000100000000)
  region size 1024K, 3 young (3072K), 3 survivors (3072K)
 Metaspace       used 35314K, committed 35648K, reserved 1081344K
  class space    used 4580K, committed 4736K, reserved 1048576K
}
Event: 7.759 GC heap before
{Heap before GC invocations=18 (full 0):
 garbage-first heap   total 92160K, used 66432K [0x0000000083200000, 0x0000000100000000)
  region size 1024K, 19 young (19456K), 3 survivors (3072K)
 Metaspace       used 35316K, committed 35648K, reserved 1081344K
  class space    used 4580K, committed 4736K, reserved 1048576K
}
Event: 7.769 GC heap after
{Heap after GC invocations=19 (full 0):
 garbage-first heap   total 92160K, used 58368K [0x0000000083200000, 0x0000000100000000)
  region size 1024K, 3 young (3072K), 3 survivors (3072K)
 Metaspace       used 35316K, committed 35648K, reserved 1081344K
  class space    used 4580K, committed 4736K, reserved 1048576K
}
Event: 7.775 GC heap before
{Heap before GC invocations=19 (full 0):
 garbage-first heap   total 92160K, used 59392K [0x0000000083200000, 0x0000000100000000)
  region size 1024K, 4 young (4096K), 3 survivors (3072K)
 Metaspace       used 35316K, committed 35648K, reserved 1081344K
  class space    used 4580K, committed 4736K, reserved 1048576K
}
Event: 7.782 GC heap after
{Heap after GC invocations=20 (full 0):
 garbage-first heap   total 179200K, used 59603K [0x0000000083200000, 0x0000000100000000)
  region size 1024K, 1 young (1024K), 1 survivors (1024K)
 Metaspace       used 35316K, committed 35648K, reserved 1081344K
  class space    used 4580K, committed 4736K, reserved 1048576K
}
Event: 8.032 GC heap before
{Heap before GC invocations=20 (full 0):
 garbage-first heap   total 179200K, used 107731K [0x0000000083200000, 0x0000000100000000)
  region size 1024K, 49 young (50176K), 1 survivors (1024K)
 Metaspace       used 35414K, committed 35712K, reserved 1081344K
  class space    used 4592K, committed 4736K, reserved 1048576K
}
Event: 8.053 GC heap after
{Heap after GC invocations=21 (full 0):
 garbage-first heap   total 179200K, used 64519K [0x0000000083200000, 0x0000000100000000)
  region size 1024K, 6 young (6144K), 6 survivors (6144K)
 Metaspace       used 35414K, committed 35712K, reserved 1081344K
  class space    used 4592K, committed 4736K, reserved 1048576K
}
Event: 8.107 GC heap before
{Heap before GC invocations=21 (full 0):
 garbage-first heap   total 179200K, used 114695K [0x0000000083200000, 0x0000000100000000)
  region size 1024K, 56 young (57344K), 6 survivors (6144K)
 Metaspace       used 35503K, committed 35776K, reserved 1081344K
  class space    used 4604K, committed 4736K, reserved 1048576K
}
Event: 8.125 GC heap after
{Heap after GC invocations=22 (full 0):
 garbage-first heap   total 179200K, used 66692K [0x0000000083200000, 0x0000000100000000)
  region size 1024K, 3 young (3072K), 3 survivors (3072K)
 Metaspace       used 35503K, committed 35776K, reserved 1081344K
  class space    used 4604K, committed 4736K, reserved 1048576K
}
Event: 8.156 GC heap before
{Heap before GC invocations=22 (full 0):
 garbage-first heap   total 179200K, used 126084K [0x0000000083200000, 0x0000000100000000)
  region size 1024K, 62 young (63488K), 3 survivors (3072K)
 Metaspace       used 35503K, committed 35776K, reserved 1081344K
  class space    used 4604K, committed 4736K, reserved 1048576K
}
Event: 8.160 GC heap after
{Heap after GC invocations=23 (full 0):
 garbage-first heap   total 179200K, used 68892K [0x0000000083200000, 0x0000000100000000)
  region size 1024K, 5 young (5120K), 5 survivors (5120K)
 Metaspace       used 35503K, committed 35776K, reserved 1081344K
  class space    used 4604K, committed 4736K, reserved 1048576K
}
Event: 8.196 GC heap before
{Heap before GC invocations=23 (full 0):
 garbage-first heap   total 179200K, used 131356K [0x0000000083200000, 0x0000000100000000)
  region size 1024K, 67 young (68608K), 5 survivors (5120K)
 Metaspace       used 35503K, committed 35776K, reserved 1081344K
  class space    used 4604K, committed 4736K, reserved 1048576K
}
Event: 8.206 GC heap after
{Heap after GC invocations=24 (full 0):
 garbage-first heap   total 483328K, used 71233K [0x0000000083200000, 0x0000000100000000)
  region size 1024K, 7 young (7168K), 7 survivors (7168K)
 Metaspace       used 35503K, committed 35776K, reserved 1081344K
  class space    used 4604K, committed 4736K, reserved 1048576K
}
Event: 8.716 GC heap before
{Heap before GC invocations=24 (full 0):
 garbage-first heap   total 483328K, used 352833K [0x0000000083200000, 0x0000000100000000)
  region size 1024K, 283 young (289792K), 7 survivors (7168K)
 Metaspace       used 35503K, committed 35776K, reserved 1081344K
  class space    used 4604K, committed 4736K, reserved 1048576K
}
Event: 8.766 GC heap after
{Heap after GC invocations=25 (full 0):
 garbage-first heap   total 483328K, used 82364K [0x0000000083200000, 0x0000000100000000)
  region size 1024K, 18 young (18432K), 18 survivors (18432K)
 Metaspace       used 35503K, committed 35776K, reserved 1081344K
  class space    used 4604K, committed 4736K, reserved 1048576K
}
Event: 9.136 GC heap before
{Heap before GC invocations=25 (full 0):
 garbage-first heap   total 483328K, used 352700K [0x0000000083200000, 0x0000000100000000)
  region size 1024K, 283 young (289792K), 18 survivors (18432K)
 Metaspace       used 35503K, committed 35776K, reserved 1081344K
  class space    used 4604K, committed 4736K, reserved 1048576K
}
Event: 9.156 GC heap after
{Heap after GC invocations=26 (full 0):
 garbage-first heap   total 483328K, used 93897K [0x0000000083200000, 0x0000000100000000)
  region size 1024K, 29 young (29696K), 29 survivors (29696K)
 Metaspace       used 35503K, committed 35776K, reserved 1081344K
  class space    used 4604K, committed 4736K, reserved 1048576K
}
Event: 9.454 GC heap before
{Heap before GC invocations=26 (full 0):
 garbage-first heap   total 483328K, used 352969K [0x0000000083200000, 0x0000000100000000)
  region size 1024K, 283 young (289792K), 29 survivors (29696K)
 Metaspace       used 35503K, committed 35776K, reserved 1081344K
  class space    used 4604K, committed 4736K, reserved 1048576K
}
Event: 9.477 GC heap after
{Heap after GC invocations=27 (full 0):
 garbage-first heap   total 483328K, used 104122K [0x0000000083200000, 0x0000000100000000)
  region size 1024K, 22 young (22528K), 22 survivors (22528K)
 Metaspace       used 35503K, committed 35776K, reserved 1081344K
  class space    used 4604K, committed 4736K, reserved 1048576K
}
Event: 9.818 GC heap before
{Heap before GC invocations=27 (full 0):
 garbage-first heap   total 483328K, used 370362K [0x0000000083200000, 0x0000000100000000)
  region size 1024K, 283 young (289792K), 22 survivors (22528K)
 Metaspace       used 35503K, committed 35776K, reserved 1081344K
  class space    used 4604K, committed 4736K, reserved 1048576K
}

