# JRE version: OpenJDK Runtime Environment Temurin-17.0.4.1+1 (17.0.4.1+1) (build 17.0.4.1+1)
# Java VM: OpenJDK 64-Bit Server VM Temurin-17.0.4.1+1 (17.0.4.1+1, mixed mode, emulated-client, tiered, compressed oops, compressed class ptrs, g1 gc, windows-amd64)
GC Precious Log:
 CPUs: 8 total, 8 available
 Memory: 7987M
 Large Page Support: Disabled
 NUMA Support: Disabled
 Compressed Oops: Enabled (32-bit)
 Heap Region Size: 1M
 Heap Min Capacity: 8M
 Heap Initial Capacity: 126M
 Heap Max Capacity: 1998M
 Pre-touch: Disabled
 Parallel Workers: 8
 Concurrent Workers: 2
 Concurrent Refinement Workers: 8
 Periodic GC: Disabled
Heap:
 garbage-first heap   total 63488K, used 35096K [0x0000000083200000, 0x0000000100000000)
  region size 1024K, 2 young (2048K), 2 survivors (2048K)
 Metaspace       used 36403K, committed 36800K, reserved 1081344K
  class space    used 4684K, committed 4864K, reserved 1048576K
GC Heap History (20 events):
Event: 3.031 GC heap after
{Heap after GC invocations=5 (full 0):
 garbage-first heap   total 48128K, used 13064K [0x0000000083200000, 0x0000000100000000)
  region size 1024K, 3 young (3072K), 3 survivors (3072K)
 Metaspace       used 24877K, committed 25088K, reserved 1073152K
  class space    used 3047K, committed 3136K, reserved 1048576K
}
Event: 4.091 GC heap before
{Heap before GC invocations=5 (full 0):
 garbage-first heap   total 48128K, used 31496K [0x0000000083200000, 0x0000000100000000)
  region size 1024K, 21 young (21504K), 3 survivors (3072K)
 Metaspace       used 28088K, committed 28352K, reserved 1081344K
  class space    used 3508K, committed 3648K, reserved 1048576K
}
Event: 4.099 GC heap after
{Heap after GC invocations=6 (full 0):
 garbage-first heap   total 48128K, used 15515K [0x0000000083200000, 0x0000000100000000)
  region size 1024K, 3 young (3072K), 3 survivors (3072K)
 Metaspace       used 28088K, committed 28352K, reserved 1081344K
  class space    used 3508K, committed 3648K, reserved 1048576K
}
Event: 4.899 GC heap before
{Heap before GC invocations=6 (full 0):
 garbage-first heap   total 48128K, used 31899K [0x0000000083200000, 0x0000000100000000)
  region size 1024K, 20 young (20480K), 3 survivors (3072K)
 Metaspace       used 31205K, committed 31552K, reserved 1081344K
  class space    used 3936K, committed 4096K, reserved 1048576K
}
Event: 4.911 GC heap after
{Heap after GC invocations=7 (full 0):
 garbage-first heap   total 48128K, used 17362K [0x0000000083200000, 0x0000000100000000)
  region size 1024K, 2 young (2048K), 2 survivors (2048K)
 Metaspace       used 31205K, committed 31552K, reserved 1081344K
  class space    used 3936K, committed 4096K, reserved 1048576K
}
Event: 5.800 GC heap before
{Heap before GC invocations=7 (full 0):
 garbage-first heap   total 48128K, used 33746K [0x0000000083200000, 0x0000000100000000)
  region size 1024K, 18 young (18432K), 2 survivors (2048K)
 Metaspace       used 34166K, committed 34432K, reserved 1081344K
  class space    used 4368K, committed 4480K, reserved 1048576K
}
Event: 5.806 GC heap after
{Heap after GC invocations=8 (full 0):
 garbage-first heap   total 48128K, used 18903K [0x0000000083200000, 0x0000000100000000)
  region size 1024K, 2 young (2048K), 2 survivors (2048K)
 Metaspace       used 34166K, committed 34432K, reserved 1081344K
  class space    used 4368K, committed 4480K, reserved 1048576K
}
Event: 6.113 GC heap before
{Heap before GC invocations=8 (full 0):
 garbage-first heap   total 48128K, used 35287K [0x0000000083200000, 0x0000000100000000)
  region size 1024K, 18 young (18432K), 2 survivors (2048K)
 Metaspace       used 35292K, committed 35648K, reserved 1081344K
  class space    used 4567K, committed 4736K, reserved 1048576K
}
Event: 6.125 GC heap after
{Heap after GC invocations=9 (full 0):
 garbage-first heap   total 48128K, used 21450K [0x0000000083200000, 0x0000000100000000)
  region size 1024K, 3 young (3072K), 3 survivors (3072K)
 Metaspace       used 35292K, committed 35648K, reserved 1081344K
  class space    used 4567K, committed 4736K, reserved 1048576K
}
Event: 6.262 GC heap before
{Heap before GC invocations=9 (full 0):
 garbage-first heap   total 48128K, used 34762K [0x0000000083200000, 0x0000000100000000)
  region size 1024K, 17 young (17408K), 3 survivors (3072K)
 Metaspace       used 35411K, committed 35712K, reserved 1081344K
  class space    used 4592K, committed 4736K, reserved 1048576K
}
Event: 6.269 GC heap after
{Heap after GC invocations=10 (full 0):
 garbage-first heap   total 58368K, used 24520K [0x0000000083200000, 0x0000000100000000)
  region size 1024K, 3 young (3072K), 3 survivors (3072K)
 Metaspace       used 35411K, committed 35712K, reserved 1081344K
  class space    used 4592K, committed 4736K, reserved 1048576K
}
Event: 6.368 GC heap before
{Heap before GC invocations=10 (full 0):
 garbage-first heap   total 58368K, used 40904K [0x0000000083200000, 0x0000000100000000)
  region size 1024K, 20 young (20480K), 3 survivors (3072K)
 Metaspace       used 35553K, committed 35904K, reserved 1081344K
  class space    used 4611K, committed 4800K, reserved 1048576K
}
Event: 6.374 GC heap after
{Heap after GC invocations=11 (full 0):
 garbage-first heap   total 58368K, used 27890K [0x0000000083200000, 0x0000000100000000)
  region size 1024K, 3 young (3072K), 3 survivors (3072K)
 Metaspace       used 35553K, committed 35904K, reserved 1081344K
  class space    used 4611K, committed 4800K, reserved 1048576K
}
Event: 6.408 GC heap before
{Heap before GC invocations=11 (full 0):
 garbage-first heap   total 58368K, used 29938K [0x0000000083200000, 0x0000000100000000)
  region size 1024K, 6 young (6144K), 3 survivors (3072K)
 Metaspace       used 35829K, committed 36160K, reserved 1081344K
  class space    used 4638K, committed 4800K, reserved 1048576K
}
Event: 6.415 GC heap after
{Heap after GC invocations=12 (full 0):
 garbage-first heap   total 58368K, used 28913K [0x0000000083200000, 0x0000000100000000)
  region size 1024K, 1 young (1024K), 1 survivors (1024K)
 Metaspace       used 35829K, committed 36160K, reserved 1081344K
  class space    used 4638K, committed 4800K, reserved 1048576K
}
Event: 6.561 GC heap before
{Heap before GC invocations=13 (full 0):
 garbage-first heap   total 58368K, used 43249K [0x0000000083200000, 0x0000000100000000)
  region size 1024K, 15 young (15360K), 1 survivors (1024K)
 Metaspace       used 36096K, committed 36416K, reserved 1081344K
  class space    used 4653K, committed 4800K, reserved 1048576K
}
Event: 6.566 GC heap after
{Heap after GC invocations=14 (full 0):
 garbage-first heap   total 58368K, used 30892K [0x0000000083200000, 0x0000000100000000)
  region size 1024K, 2 young (2048K), 2 survivors (2048K)
 Metaspace       used 36096K, committed 36416K, reserved 1081344K
  class space    used 4653K, committed 4800K, reserved 1048576K
}
Event: 6.650 GC heap before
{Heap before GC invocations=14 (full 0):
 garbage-first heap   total 58368K, used 44204K [0x0000000083200000, 0x0000000100000000)
  region size 1024K, 15 young (15360K), 2 survivors (2048K)
 Metaspace       used 36186K, committed 36544K, reserved 1081344K
  class space    used 4665K, committed 4800K, reserved 1048576K
}
Event: 6.656 GC heap after
{Heap after GC invocations=15 (full 0):
 garbage-first heap   total 58368K, used 33005K [0x0000000083200000, 0x0000000100000000)
  region size 1024K, 2 young (2048K), 2 survivors (2048K)
 Metaspace       used 36186K, committed 36544K, reserved 1081344K
  class space    used 4665K, committed 4800K, reserved 1048576K
}
Event: 6.755 GC heap before
{Heap before GC invocations=16 (full 0):
 garbage-first heap   total 63488K, used 45293K [0x0000000083200000, 0x0000000100000000)
  region size 1024K, 14 young (14336K), 2 survivors (2048K)
 Metaspace       used 36403K, committed 36800K, reserved 1081344K
  class space    used 4684K, committed 4864K, reserved 1048576K
}

