# JRE version: OpenJDK Runtime Environment Temurin-17.0.4.1+1 (17.0.4.1+1) (build 17.0.4.1+1)
# Java VM: OpenJDK 64-Bit Server VM Temurin-17.0.4.1+1 (17.0.4.1+1, mixed mode, emulated-client, tiered, compressed oops, compressed class ptrs, g1 gc, windows-amd64)
GC Precious Log:
 CPUs: 8 total, 8 available
 Memory: 7987M
 Large Page Support: Disabled
 NUMA Support: Disabled
 Compressed Oops: Enabled (32-bit)
 Heap Region Size: 1M
 Heap Min Capacity: 8M
 Heap Initial Capacity: 126M
 Heap Max Capacity: 1998M
 Pre-touch: Disabled
 Parallel Workers: 8
 Concurrent Workers: 2
 Concurrent Refinement Workers: 8
 Periodic GC: Disabled
Heap:
 garbage-first heap   total 253952K, used 88685K [0x0000000083200000, 0x0000000100000000)
  region size 1024K, 13 young (13312K), 13 survivors (13312K)
 Metaspace       used 39669K, committed 40000K, reserved 1089536K
  class space    used 5015K, committed 5184K, reserved 1048576K
GC Heap History (20 events):
Event: 3.804 GC heap after
{Heap after GC invocations=14 (full 0):
 garbage-first heap   total 100352K, used 34445K [0x0000000083200000, 0x0000000100000000)
  region size 1024K, 3 young (3072K), 3 survivors (3072K)
 Metaspace       used 36651K, committed 36992K, reserved 1081344K
  class space    used 4715K, committed 4864K, reserved 1048576K
}
Event: 3.977 GC heap before
{Heap before GC invocations=14 (full 0):
 garbage-first heap   total 100352K, used 73357K [0x0000000083200000, 0x0000000100000000)
  region size 1024K, 41 young (41984K), 3 survivors (3072K)
 Metaspace       used 37071K, committed 37376K, reserved 1081344K
  class space    used 4740K, committed 4864K, reserved 1048576K
}
Event: 3.988 GC heap after
{Heap after GC invocations=15 (full 0):
 garbage-first heap   total 100352K, used 44271K [0x0000000083200000, 0x0000000100000000)
  region size 1024K, 6 young (6144K), 6 survivors (6144K)
 Metaspace       used 37071K, committed 37376K, reserved 1081344K
  class space    used 4740K, committed 4864K, reserved 1048576K
}
Event: 4.264 GC heap before
{Heap before GC invocations=15 (full 0):
 garbage-first heap   total 100352K, used 72943K [0x0000000083200000, 0x0000000100000000)
  region size 1024K, 35 young (35840K), 6 survivors (6144K)
 Metaspace       used 38419K, committed 38784K, reserved 1089536K
  class space    used 4845K, committed 5056K, reserved 1048576K
}
Event: 4.275 GC heap after
{Heap after GC invocations=16 (full 0):
 garbage-first heap   total 100352K, used 49979K [0x0000000083200000, 0x0000000100000000)
  region size 1024K, 5 young (5120K), 5 survivors (5120K)
 Metaspace       used 38419K, committed 38784K, reserved 1089536K
  class space    used 4845K, committed 5056K, reserved 1048576K
}
Event: 4.303 GC heap before
{Heap before GC invocations=16 (full 0):
 garbage-first heap   total 100352K, used 55099K [0x0000000083200000, 0x0000000100000000)
  region size 1024K, 11 young (11264K), 5 survivors (5120K)
 Metaspace       used 38440K, committed 38784K, reserved 1089536K
  class space    used 4849K, committed 5056K, reserved 1048576K
}
Event: 4.308 GC heap after
{Heap after GC invocations=17 (full 0):
 garbage-first heap   total 100352K, used 51860K [0x0000000083200000, 0x0000000100000000)
  region size 1024K, 2 young (2048K), 2 survivors (2048K)
 Metaspace       used 38440K, committed 38784K, reserved 1089536K
  class space    used 4849K, committed 5056K, reserved 1048576K
}
Event: 4.389 GC heap before
{Heap before GC invocations=18 (full 0):
 garbage-first heap   total 109568K, used 70292K [0x0000000083200000, 0x0000000100000000)
  region size 1024K, 21 young (21504K), 2 survivors (2048K)
 Metaspace       used 38750K, committed 39168K, reserved 1089536K
  class space    used 4907K, committed 5120K, reserved 1048576K
}
Event: 4.397 GC heap after
{Heap after GC invocations=19 (full 0):
 garbage-first heap   total 109568K, used 61370K [0x0000000083200000, 0x0000000100000000)
  region size 1024K, 3 young (3072K), 3 survivors (3072K)
 Metaspace       used 38750K, committed 39168K, reserved 1089536K
  class space    used 4907K, committed 5120K, reserved 1048576K
}
Event: 4.456 GC heap before
{Heap before GC invocations=19 (full 0):
 garbage-first heap   total 109568K, used 80826K [0x0000000083200000, 0x0000000100000000)
  region size 1024K, 22 young (22528K), 3 survivors (3072K)
 Metaspace       used 38847K, committed 39232K, reserved 1089536K
  class space    used 4918K, committed 5120K, reserved 1048576K
}
Event: 4.477 GC heap after
{Heap after GC invocations=20 (full 0):
 garbage-first heap   total 253952K, used 70108K [0x0000000083200000, 0x0000000100000000)
  region size 1024K, 3 young (3072K), 3 survivors (3072K)
 Metaspace       used 38847K, committed 39232K, reserved 1089536K
  class space    used 4918K, committed 5120K, reserved 1048576K
}
Event: 4.551 GC heap before
{Heap before GC invocations=21 (full 0):
 garbage-first heap   total 239616K, used 153052K [0x0000000083200000, 0x0000000100000000)
  region size 1024K, 85 young (87040K), 3 survivors (3072K)
 Metaspace       used 38932K, committed 39360K, reserved 1089536K
  class space    used 4931K, committed 5120K, reserved 1048576K
}
Event: 4.556 GC heap after
{Heap after GC invocations=22 (full 0):
 garbage-first heap   total 239616K, used 76513K [0x0000000083200000, 0x0000000100000000)
  region size 1024K, 10 young (10240K), 10 survivors (10240K)
 Metaspace       used 38932K, committed 39360K, reserved 1089536K
  class space    used 4931K, committed 5120K, reserved 1048576K
}
Event: 4.557 GC heap before
{Heap before GC invocations=22 (full 0):
 garbage-first heap   total 239616K, used 77537K [0x0000000083200000, 0x0000000100000000)
  region size 1024K, 11 young (11264K), 10 survivors (10240K)
 Metaspace       used 38935K, committed 39360K, reserved 1089536K
  class space    used 4932K, committed 5120K, reserved 1048576K
}
Event: 4.560 GC heap after
{Heap after GC invocations=23 (full 0):
 garbage-first heap   total 239616K, used 76721K [0x0000000083200000, 0x0000000100000000)
  region size 1024K, 1 young (1024K), 1 survivors (1024K)
 Metaspace       used 38935K, committed 39360K, reserved 1089536K
  class space    used 4932K, committed 5120K, reserved 1048576K
}
Event: 4.589 GC heap before
{Heap before GC invocations=23 (full 0):
 garbage-first heap   total 239616K, used 162737K [0x0000000083200000, 0x0000000100000000)
  region size 1024K, 86 young (88064K), 1 survivors (1024K)
 Metaspace       used 39026K, committed 39424K, reserved 1089536K
  class space    used 4952K, committed 5120K, reserved 1048576K
}
Event: 4.591 GC heap after
{Heap after GC invocations=24 (full 0):
 garbage-first heap   total 239616K, used 79938K [0x0000000083200000, 0x0000000100000000)
  region size 1024K, 4 young (4096K), 4 survivors (4096K)
 Metaspace       used 39026K, committed 39424K, reserved 1089536K
  class space    used 4952K, committed 5120K, reserved 1048576K
}
Event: 4.633 GC heap before
{Heap before GC invocations=24 (full 0):
 garbage-first heap   total 239616K, used 176194K [0x0000000083200000, 0x0000000100000000)
  region size 1024K, 99 young (101376K), 4 survivors (4096K)
 Metaspace       used 39177K, committed 39616K, reserved 1089536K
  class space    used 4969K, committed 5184K, reserved 1048576K
}
Event: 4.638 GC heap after
{Heap after GC invocations=25 (full 0):
 garbage-first heap   total 239616K, used 83557K [0x0000000083200000, 0x0000000100000000)
  region size 1024K, 8 young (8192K), 8 survivors (8192K)
 Metaspace       used 39177K, committed 39616K, reserved 1089536K
  class space    used 4969K, committed 5184K, reserved 1048576K
}
Event: 4.689 GC heap before
{Heap before GC invocations=25 (full 0):
 garbage-first heap   total 239616K, used 182885K [0x0000000083200000, 0x0000000100000000)
  region size 1024K, 106 young (108544K), 8 survivors (8192K)
 Metaspace       used 39669K, committed 40000K, reserved 1089536K
  class space    used 5015K, committed 5184K, reserved 1048576K
}

