# JRE version: OpenJDK Runtime Environment Temurin-17.0.4.1+1 (17.0.4.1+1) (build 17.0.4.1+1)
# Java VM: OpenJDK 64-Bit Server VM Temurin-17.0.4.1+1 (17.0.4.1+1, mixed mode, emulated-client, tiered, compressed oops, compressed class ptrs, g1 gc, windows-amd64)
GC Precious Log:
 CPUs: 8 total, 8 available
 Memory: 7987M
 Large Page Support: Disabled
 NUMA Support: Disabled
 Compressed Oops: Enabled (32-bit)
 Heap Region Size: 1M
 Heap Min Capacity: 8M
 Heap Initial Capacity: 126M
 Heap Max Capacity: 1998M
 Pre-touch: Disabled
 Parallel Workers: 8
 Concurrent Workers: 2
 Concurrent Refinement Workers: 8
 Periodic GC: Disabled
Heap:
 garbage-first heap   total 589824K, used 155842K [0x0000000083200000, 0x0000000100000000)
  region size 1024K, 39 young (39936K), 39 survivors (39936K)
 Metaspace       used 39596K, committed 40000K, reserved 1089536K
  class space    used 5018K, committed 5248K, reserved 1048576K
GC Heap History (20 events):
Event: 3.047 GC heap after
{Heap after GC invocations=15 (full 0):
 garbage-first heap   total 106496K, used 63488K [0x0000000083200000, 0x0000000100000000)
  region size 1024K, 3 young (3072K), 3 survivors (3072K)
 Metaspace       used 36078K, committed 36416K, reserved 1081344K
  class space    used 4690K, committed 4864K, reserved 1048576K
}
Event: 3.062 GC heap before
{Heap before GC invocations=15 (full 0):
 garbage-first heap   total 126976K, used 78848K [0x0000000083200000, 0x0000000100000000)
  region size 1024K, 20 young (20480K), 3 survivors (3072K)
 Metaspace       used 36084K, committed 36416K, reserved 1081344K
  class space    used 4692K, committed 4864K, reserved 1048576K
}
Event: 3.071 GC heap after
{Heap after GC invocations=16 (full 0):
 garbage-first heap   total 253952K, used 64245K [0x0000000083200000, 0x0000000100000000)
  region size 1024K, 2 young (2048K), 2 survivors (2048K)
 Metaspace       used 36084K, committed 36416K, reserved 1081344K
  class space    used 4692K, committed 4864K, reserved 1048576K
}
Event: 3.101 GC heap before
{Heap before GC invocations=17 (full 0):
 garbage-first heap   total 253952K, used 147189K [0x0000000083200000, 0x0000000100000000)
  region size 1024K, 84 young (86016K), 2 survivors (2048K)
 Metaspace       used 36125K, committed 36480K, reserved 1081344K
  class space    used 4703K, committed 4864K, reserved 1048576K
}
Event: 3.104 GC heap after
{Heap after GC invocations=18 (full 0):
 garbage-first heap   total 253952K, used 67489K [0x0000000083200000, 0x0000000100000000)
  region size 1024K, 5 young (5120K), 5 survivors (5120K)
 Metaspace       used 36125K, committed 36480K, reserved 1081344K
  class space    used 4703K, committed 4864K, reserved 1048576K
}
Event: 3.130 GC heap before
{Heap before GC invocations=18 (full 0):
 garbage-first heap   total 253952K, used 187297K [0x0000000083200000, 0x0000000100000000)
  region size 1024K, 123 young (125952K), 5 survivors (5120K)
 Metaspace       used 36191K, committed 36480K, reserved 1081344K
  class space    used 4716K, committed 4864K, reserved 1048576K
}
Event: 3.134 GC heap after
{Heap after GC invocations=19 (full 0):
 garbage-first heap   total 253952K, used 72247K [0x0000000083200000, 0x0000000100000000)
  region size 1024K, 9 young (9216K), 9 survivors (9216K)
 Metaspace       used 36191K, committed 36480K, reserved 1081344K
  class space    used 4716K, committed 4864K, reserved 1048576K
}
Event: 3.154 GC heap before
{Heap before GC invocations=19 (full 0):
 garbage-first heap   total 253952K, used 195127K [0x0000000083200000, 0x0000000100000000)
  region size 1024K, 131 young (134144K), 9 survivors (9216K)
 Metaspace       used 36203K, committed 36544K, reserved 1081344K
  class space    used 4719K, committed 4864K, reserved 1048576K
}
Event: 3.159 GC heap after
{Heap after GC invocations=20 (full 0):
 garbage-first heap   total 253952K, used 77352K [0x0000000083200000, 0x0000000100000000)
  region size 1024K, 14 young (14336K), 14 survivors (14336K)
 Metaspace       used 36203K, committed 36544K, reserved 1081344K
  class space    used 4719K, committed 4864K, reserved 1048576K
}
Event: 3.180 GC heap before
{Heap before GC invocations=20 (full 0):
 garbage-first heap   total 253952K, used 200232K [0x0000000083200000, 0x0000000100000000)
  region size 1024K, 135 young (138240K), 14 survivors (14336K)
 Metaspace       used 36204K, committed 36544K, reserved 1081344K
  class space    used 4719K, committed 4864K, reserved 1048576K
}
Event: 3.186 GC heap after
{Heap after GC invocations=21 (full 0):
 garbage-first heap   total 253952K, used 82810K [0x0000000083200000, 0x0000000100000000)
  region size 1024K, 11 young (11264K), 11 survivors (11264K)
 Metaspace       used 36204K, committed 36544K, reserved 1081344K
  class space    used 4719K, committed 4864K, reserved 1048576K
}
Event: 3.208 GC heap before
{Heap before GC invocations=21 (full 0):
 garbage-first heap   total 253952K, used 203642K [0x0000000083200000, 0x0000000100000000)
  region size 1024K, 130 young (133120K), 11 survivors (11264K)
 Metaspace       used 36289K, committed 36608K, reserved 1081344K
  class space    used 4730K, committed 4864K, reserved 1048576K
}
Event: 3.215 GC heap after
{Heap after GC invocations=22 (full 0):
 garbage-first heap   total 589824K, used 87641K [0x0000000083200000, 0x0000000100000000)
  region size 1024K, 11 young (11264K), 11 survivors (11264K)
 Metaspace       used 36289K, committed 36608K, reserved 1081344K
  class space    used 4730K, committed 4864K, reserved 1048576K
}
Event: 3.348 GC heap before
{Heap before GC invocations=22 (full 0):
 garbage-first heap   total 589824K, used 428633K [0x0000000083200000, 0x0000000100000000)
  region size 1024K, 345 young (353280K), 11 survivors (11264K)
 Metaspace       used 36568K, committed 36928K, reserved 1081344K
  class space    used 4751K, committed 4928K, reserved 1048576K
}
Event: 3.362 GC heap after
{Heap after GC invocations=23 (full 0):
 garbage-first heap   total 589824K, used 100941K [0x0000000083200000, 0x0000000100000000)
  region size 1024K, 24 young (24576K), 24 survivors (24576K)
 Metaspace       used 36568K, committed 36928K, reserved 1081344K
  class space    used 4751K, committed 4928K, reserved 1048576K
}
Event: 3.425 GC heap before
{Heap before GC invocations=23 (full 0):
 garbage-first heap   total 589824K, used 428621K [0x0000000083200000, 0x0000000100000000)
  region size 1024K, 345 young (353280K), 24 survivors (24576K)
 Metaspace       used 36670K, committed 36992K, reserved 1081344K
  class space    used 4755K, committed 4928K, reserved 1048576K
}
Event: 3.466 GC heap after
{Heap after GC invocations=24 (full 0):
 garbage-first heap   total 589824K, used 115405K [0x0000000083200000, 0x0000000100000000)
  region size 1024K, 33 young (33792K), 33 survivors (33792K)
 Metaspace       used 36670K, committed 36992K, reserved 1081344K
  class space    used 4755K, committed 4928K, reserved 1048576K
}
Event: 3.598 GC heap before
{Heap before GC invocations=24 (full 0):
 garbage-first heap   total 589824K, used 433869K [0x0000000083200000, 0x0000000100000000)
  region size 1024K, 345 young (353280K), 33 survivors (33792K)
 Metaspace       used 37433K, committed 37760K, reserved 1089536K
  class space    used 4822K, committed 4992K, reserved 1048576K
}
Event: 3.615 GC heap after
{Heap after GC invocations=25 (full 0):
 garbage-first heap   total 589824K, used 135810K [0x0000000083200000, 0x0000000100000000)
  region size 1024K, 35 young (35840K), 35 survivors (35840K)
 Metaspace       used 37433K, committed 37760K, reserved 1089536K
  class space    used 4822K, committed 4992K, reserved 1048576K
}
Event: 3.896 GC heap before
{Heap before GC invocations=25 (full 0):
 garbage-first heap   total 589824K, used 453250K [0x0000000083200000, 0x0000000100000000)
  region size 1024K, 345 young (353280K), 35 survivors (35840K)
 Metaspace       used 39596K, committed 40000K, reserved 1089536K
  class space    used 5018K, committed 5248K, reserved 1048576K
}

