# JRE version: OpenJDK Runtime Environment Temurin-17.0.4.1+1 (17.0.4.1+1) (build 17.0.4.1+1)
# Java VM: OpenJDK 64-Bit Server VM Temurin-17.0.4.1+1 (17.0.4.1+1, mixed mode, emulated-client, tiered, compressed oops, compressed class ptrs, g1 gc, windows-amd64)
GC Precious Log:
 CPUs: 8 total, 8 available
 Memory: 7987M
 Large Page Support: Disabled
 NUMA Support: Disabled
 Compressed Oops: Enabled (32-bit)
 Heap Region Size: 1M
 Heap Min Capacity: 8M
 Heap Initial Capacity: 126M
 Heap Max Capacity: 1998M
 Pre-touch: Disabled
 Parallel Workers: 8
 Concurrent Workers: 2
 Concurrent Refinement Workers: 8
 Periodic GC: Disabled
Heap:
 garbage-first heap   total 557056K, used 88613K [0x0000000083200000, 0x0000000100000000)
  region size 1024K, 4 young (4096K), 4 survivors (4096K)
 Metaspace       used 36050K, committed 36416K, reserved 1081344K
  class space    used 4691K, committed 4864K, reserved 1048576K
GC Heap History (20 events):
Event: 8.761 GC heap after
{Heap after GC invocations=16 (full 0):
 garbage-first heap   total 115712K, used 65005K [0x0000000083200000, 0x0000000100000000)
  region size 1024K, 2 young (2048K), 2 survivors (2048K)
 Metaspace       used 35916K, committed 36224K, reserved 1081344K
  class space    used 4662K, committed 4800K, reserved 1048576K
}
Event: 8.812 GC heap before
{Heap before GC invocations=16 (full 0):
 garbage-first heap   total 130048K, used 84461K [0x0000000083200000, 0x0000000100000000)
  region size 1024K, 23 young (23552K), 2 survivors (2048K)
 Metaspace       used 35924K, committed 36224K, reserved 1081344K
  class space    used 4664K, committed 4800K, reserved 1048576K
}
Event: 8.819 GC heap after
{Heap after GC invocations=17 (full 0):
 garbage-first heap   total 278528K, used 64449K [0x0000000083200000, 0x0000000100000000)
  region size 1024K, 2 young (2048K), 2 survivors (2048K)
 Metaspace       used 35924K, committed 36224K, reserved 1081344K
  class space    used 4664K, committed 4800K, reserved 1048576K
}
Event: 8.922 GC heap before
{Heap before GC invocations=18 (full 0):
 garbage-first heap   total 278528K, used 157633K [0x0000000083200000, 0x0000000100000000)
  region size 1024K, 94 young (96256K), 2 survivors (2048K)
 Metaspace       used 36036K, committed 36416K, reserved 1081344K
  class space    used 4686K, committed 4864K, reserved 1048576K
}
Event: 8.928 GC heap after
{Heap after GC invocations=19 (full 0):
 garbage-first heap   total 278528K, used 68079K [0x0000000083200000, 0x0000000100000000)
  region size 1024K, 6 young (6144K), 6 survivors (6144K)
 Metaspace       used 36036K, committed 36416K, reserved 1081344K
  class space    used 4686K, committed 4864K, reserved 1048576K
}
Event: 8.946 GC heap before
{Heap before GC invocations=19 (full 0):
 garbage-first heap   total 278528K, used 74223K [0x0000000083200000, 0x0000000100000000)
  region size 1024K, 13 young (13312K), 6 survivors (6144K)
 Metaspace       used 36036K, committed 36416K, reserved 1081344K
  class space    used 4686K, committed 4864K, reserved 1048576K
}
Event: 8.953 GC heap after
{Heap after GC invocations=20 (full 0):
 garbage-first heap   total 278528K, used 68322K [0x0000000083200000, 0x0000000100000000)
  region size 1024K, 1 young (1024K), 1 survivors (1024K)
 Metaspace       used 36036K, committed 36416K, reserved 1081344K
  class space    used 4686K, committed 4864K, reserved 1048576K
}
Event: 9.041 GC heap before
{Heap before GC invocations=20 (full 0):
 garbage-first heap   total 278528K, used 206562K [0x0000000083200000, 0x0000000100000000)
  region size 1024K, 137 young (140288K), 1 survivors (1024K)
 Metaspace       used 36036K, committed 36416K, reserved 1081344K
  class space    used 4686K, committed 4864K, reserved 1048576K
}
Event: 9.048 GC heap after
{Heap after GC invocations=21 (full 0):
 garbage-first heap   total 278528K, used 72783K [0x0000000083200000, 0x0000000100000000)
  region size 1024K, 6 young (6144K), 6 survivors (6144K)
 Metaspace       used 36036K, committed 36416K, reserved 1081344K
  class space    used 4686K, committed 4864K, reserved 1048576K
}
Event: 9.148 GC heap before
{Heap before GC invocations=21 (full 0):
 garbage-first heap   total 278528K, used 214095K [0x0000000083200000, 0x0000000100000000)
  region size 1024K, 145 young (148480K), 6 survivors (6144K)
 Metaspace       used 36036K, committed 36416K, reserved 1081344K
  class space    used 4686K, committed 4864K, reserved 1048576K
}
Event: 9.156 GC heap after
{Heap after GC invocations=22 (full 0):
 garbage-first heap   total 278528K, used 79104K [0x0000000083200000, 0x0000000100000000)
  region size 1024K, 12 young (12288K), 12 survivors (12288K)
 Metaspace       used 36036K, committed 36416K, reserved 1081344K
  class space    used 4686K, committed 4864K, reserved 1048576K
}
Event: 9.240 GC heap before
{Heap before GC invocations=22 (full 0):
 garbage-first heap   total 278528K, used 218368K [0x0000000083200000, 0x0000000100000000)
  region size 1024K, 149 young (152576K), 12 survivors (12288K)
 Metaspace       used 36036K, committed 36416K, reserved 1081344K
  class space    used 4687K, committed 4864K, reserved 1048576K
}
Event: 10.266 GC heap after
{Heap after GC invocations=23 (full 0):
 garbage-first heap   total 557056K, used 84780K [0x0000000083200000, 0x0000000100000000)
  region size 1024K, 12 young (12288K), 12 survivors (12288K)
 Metaspace       used 36036K, committed 36416K, reserved 1081344K
  class space    used 4687K, committed 4864K, reserved 1048576K
}
Event: 10.275 GC heap before
{Heap before GC invocations=23 (full 0):
 garbage-first heap   total 557056K, used 99116K [0x0000000083200000, 0x0000000100000000)
  region size 1024K, 27 young (27648K), 12 survivors (12288K)
 Metaspace       used 36050K, committed 36416K, reserved 1081344K
  class space    used 4691K, committed 4864K, reserved 1048576K
}
Event: 10.279 GC heap after
{Heap after GC invocations=24 (full 0):
 garbage-first heap   total 557056K, used 86493K [0x0000000083200000, 0x0000000100000000)
  region size 1024K, 2 young (2048K), 2 survivors (2048K)
 Metaspace       used 36050K, committed 36416K, reserved 1081344K
  class space    used 4691K, committed 4864K, reserved 1048576K
}
Event: 10.290 GC heap before
{Heap before GC invocations=24 (full 0):
 garbage-first heap   total 557056K, used 111069K [0x0000000083200000, 0x0000000100000000)
  region size 1024K, 27 young (27648K), 2 survivors (2048K)
 Metaspace       used 36050K, committed 36416K, reserved 1081344K
  class space    used 4691K, committed 4864K, reserved 1048576K
}
Event: 10.293 GC heap after
{Heap after GC invocations=25 (full 0):
 garbage-first heap   total 557056K, used 86576K [0x0000000083200000, 0x0000000100000000)
  region size 1024K, 3 young (3072K), 3 survivors (3072K)
 Metaspace       used 36050K, committed 36416K, reserved 1081344K
  class space    used 4691K, committed 4864K, reserved 1048576K
}
Event: 10.301 GC heap before
{Heap before GC invocations=25 (full 0):
 garbage-first heap   total 557056K, used 110128K [0x0000000083200000, 0x0000000100000000)
  region size 1024K, 27 young (27648K), 3 survivors (3072K)
 Metaspace       used 36050K, committed 36416K, reserved 1081344K
  class space    used 4691K, committed 4864K, reserved 1048576K
}
Event: 10.304 GC heap after
{Heap after GC invocations=26 (full 0):
 garbage-first heap   total 557056K, used 87370K [0x0000000083200000, 0x0000000100000000)
  region size 1024K, 3 young (3072K), 3 survivors (3072K)
 Metaspace       used 36050K, committed 36416K, reserved 1081344K
  class space    used 4691K, committed 4864K, reserved 1048576K
}
Event: 10.310 GC heap before
{Heap before GC invocations=26 (full 0):
 garbage-first heap   total 557056K, used 110922K [0x0000000083200000, 0x0000000100000000)
  region size 1024K, 27 young (27648K), 3 survivors (3072K)
 Metaspace       used 36050K, committed 36416K, reserved 1081344K
  class space    used 4691K, committed 4864K, reserved 1048576K
}

