# JRE version: OpenJDK Runtime Environment Temurin-17.0.4.1+1 (17.0.4.1+1) (build 17.0.4.1+1)
# Java VM: OpenJDK 64-Bit Server VM Temurin-17.0.4.1+1 (17.0.4.1+1, mixed mode, emulated-client, tiered, compressed oops, compressed class ptrs, g1 gc, windows-amd64)
GC Precious Log:
 CPUs: 8 total, 8 available
 Memory: 7987M
 Large Page Support: Disabled
 NUMA Support: Disabled
 Compressed Oops: Enabled (32-bit)
 Heap Region Size: 1M
 Heap Min Capacity: 8M
 Heap Initial Capacity: 126M
 Heap Max Capacity: 1998M
 Pre-touch: Disabled
 Parallel Workers: 8
 Concurrent Workers: 2
 Concurrent Refinement Workers: 8
 Periodic GC: Disabled
Heap:
 garbage-first heap   total 281600K, used 80554K [0x0000000083200000, 0x0000000100000000)
  region size 1024K, 7 young (7168K), 7 survivors (7168K)
 Metaspace       used 36479K, committed 36800K, reserved 1081344K
  class space    used 4736K, committed 4864K, reserved 1048576K
GC Heap History (20 events):
Event: 5.106 GC heap after
{Heap after GC invocations=12 (full 0):
 garbage-first heap   total 98304K, used 32755K [0x0000000083200000, 0x0000000100000000)
  region size 1024K, 2 young (2048K), 2 survivors (2048K)
 Metaspace       used 33728K, committed 34048K, reserved 1081344K
  class space    used 4293K, committed 4480K, reserved 1048576K
}
Event: 5.257 GC heap before
{Heap before GC invocations=13 (full 0):
 garbage-first heap   total 98304K, used 70643K [0x0000000083200000, 0x0000000100000000)
  region size 1024K, 39 young (39936K), 2 survivors (2048K)
 Metaspace       used 33998K, committed 34304K, reserved 1081344K
  class space    used 4336K, committed 4480K, reserved 1048576K
}
Event: 5.269 GC heap after
{Heap after GC invocations=14 (full 0):
 garbage-first heap   total 98304K, used 42392K [0x0000000083200000, 0x0000000100000000)
  region size 1024K, 5 young (5120K), 5 survivors (5120K)
 Metaspace       used 33998K, committed 34304K, reserved 1081344K
  class space    used 4336K, committed 4480K, reserved 1048576K
}
Event: 5.468 GC heap before
{Heap before GC invocations=14 (full 0):
 garbage-first heap   total 98304K, used 67992K [0x0000000083200000, 0x0000000100000000)
  region size 1024K, 31 young (31744K), 5 survivors (5120K)
 Metaspace       used 34561K, committed 34880K, reserved 1081344K
  class space    used 4419K, committed 4608K, reserved 1048576K
}
Event: 5.477 GC heap after
{Heap after GC invocations=15 (full 0):
 garbage-first heap   total 98304K, used 47854K [0x0000000083200000, 0x0000000100000000)
  region size 1024K, 4 young (4096K), 4 survivors (4096K)
 Metaspace       used 34561K, committed 34880K, reserved 1081344K
  class space    used 4419K, committed 4608K, reserved 1048576K
}
Event: 5.669 GC heap before
{Heap before GC invocations=15 (full 0):
 garbage-first heap   total 98304K, used 59118K [0x0000000083200000, 0x0000000100000000)
  region size 1024K, 17 young (17408K), 4 survivors (4096K)
 Metaspace       used 35443K, committed 35776K, reserved 1081344K
  class space    used 4568K, committed 4736K, reserved 1048576K
}
Event: 5.676 GC heap after
{Heap after GC invocations=16 (full 0):
 garbage-first heap   total 98304K, used 51249K [0x0000000083200000, 0x0000000100000000)
  region size 1024K, 3 young (3072K), 3 survivors (3072K)
 Metaspace       used 35443K, committed 35776K, reserved 1081344K
  class space    used 4568K, committed 4736K, reserved 1048576K
}
Event: 5.811 GC heap before
{Heap before GC invocations=17 (full 0):
 garbage-first heap   total 109568K, used 74801K [0x0000000083200000, 0x0000000100000000)
  region size 1024K, 25 young (25600K), 3 survivors (3072K)
 Metaspace       used 35833K, committed 36160K, reserved 1081344K
  class space    used 4657K, committed 4800K, reserved 1048576K
}
Event: 5.837 GC heap after
{Heap after GC invocations=18 (full 0):
 garbage-first heap   total 109568K, used 64322K [0x0000000083200000, 0x0000000100000000)
  region size 1024K, 4 young (4096K), 4 survivors (4096K)
 Metaspace       used 35833K, committed 36160K, reserved 1081344K
  class space    used 4657K, committed 4800K, reserved 1048576K
}
Event: 5.853 GC heap before
{Heap before GC invocations=18 (full 0):
 garbage-first heap   total 109568K, used 65346K [0x0000000083200000, 0x0000000100000000)
  region size 1024K, 5 young (5120K), 4 survivors (4096K)
 Metaspace       used 35975K, committed 36352K, reserved 1081344K
  class space    used 4677K, committed 4864K, reserved 1048576K
}
Event: 5.860 GC heap after
{Heap after GC invocations=19 (full 0):
 garbage-first heap   total 109568K, used 66335K [0x0000000083200000, 0x0000000100000000)
  region size 1024K, 1 young (1024K), 1 survivors (1024K)
 Metaspace       used 35975K, committed 36352K, reserved 1081344K
  class space    used 4677K, committed 4864K, reserved 1048576K
}
Event: 5.880 GC heap before
{Heap before GC invocations=19 (full 0):
 garbage-first heap   total 109568K, used 81695K [0x0000000083200000, 0x0000000100000000)
  region size 1024K, 17 young (17408K), 1 survivors (1024K)
 Metaspace       used 35981K, committed 36352K, reserved 1081344K
  class space    used 4678K, committed 4864K, reserved 1048576K
}
Event: 5.887 GC heap after
{Heap after GC invocations=20 (full 0):
 garbage-first heap   total 281600K, used 66590K [0x0000000083200000, 0x0000000100000000)
  region size 1024K, 2 young (2048K), 2 survivors (2048K)
 Metaspace       used 35981K, committed 36352K, reserved 1081344K
  class space    used 4678K, committed 4864K, reserved 1048576K
}
Event: 6.014 GC heap before
{Heap before GC invocations=20 (full 0):
 garbage-first heap   total 281600K, used 177182K [0x0000000083200000, 0x0000000100000000)
  region size 1024K, 112 young (114688K), 2 survivors (2048K)
 Metaspace       used 36029K, committed 36416K, reserved 1081344K
  class space    used 4687K, committed 4864K, reserved 1048576K
}
Event: 6.021 GC heap after
{Heap after GC invocations=21 (full 0):
 garbage-first heap   total 281600K, used 70189K [0x0000000083200000, 0x0000000100000000)
  region size 1024K, 6 young (6144K), 6 survivors (6144K)
 Metaspace       used 36029K, committed 36416K, reserved 1081344K
  class space    used 4687K, committed 4864K, reserved 1048576K
}
Event: 6.103 GC heap before
{Heap before GC invocations=22 (full 0):
 garbage-first heap   total 281600K, used 210477K [0x0000000083200000, 0x0000000100000000)
  region size 1024K, 144 young (147456K), 6 survivors (6144K)
 Metaspace       used 36185K, committed 36544K, reserved 1081344K
  class space    used 4713K, committed 4864K, reserved 1048576K
}
Event: 6.113 GC heap after
{Heap after GC invocations=23 (full 0):
 garbage-first heap   total 281600K, used 75184K [0x0000000083200000, 0x0000000100000000)
  region size 1024K, 11 young (11264K), 11 survivors (11264K)
 Metaspace       used 36185K, committed 36544K, reserved 1081344K
  class space    used 4713K, committed 4864K, reserved 1048576K
}
Event: 6.115 GC heap before
{Heap before GC invocations=23 (full 0):
 garbage-first heap   total 281600K, used 76208K [0x0000000083200000, 0x0000000100000000)
  region size 1024K, 13 young (13312K), 11 survivors (11264K)
 Metaspace       used 36185K, committed 36544K, reserved 1081344K
  class space    used 4713K, committed 4864K, reserved 1048576K
}
Event: 6.123 GC heap after
{Heap after GC invocations=24 (full 0):
 garbage-first heap   total 281600K, used 75583K [0x0000000083200000, 0x0000000100000000)
  region size 1024K, 2 young (2048K), 2 survivors (2048K)
 Metaspace       used 36185K, committed 36544K, reserved 1081344K
  class space    used 4713K, committed 4864K, reserved 1048576K
}
Event: 6.193 GC heap before
{Heap before GC invocations=24 (full 0):
 garbage-first heap   total 281600K, used 217919K [0x0000000083200000, 0x0000000100000000)
  region size 1024K, 142 young (145408K), 2 survivors (2048K)
 Metaspace       used 36479K, committed 36800K, reserved 1081344K
  class space    used 4736K, committed 4864K, reserved 1048576K
}

