# JRE version: OpenJDK Runtime Environment Temurin-17.0.4.1+1 (17.0.4.1+1) (build 17.0.4.1+1)
# Java VM: OpenJDK 64-Bit Server VM Temurin-17.0.4.1+1 (17.0.4.1+1, mixed mode, emulated-client, tiered, compressed oops, compressed class ptrs, g1 gc, windows-amd64)
GC Precious Log:
 CPUs: 8 total, 8 available
 Memory: 7987M
 Large Page Support: Disabled
 NUMA Support: Disabled
 Compressed Oops: Enabled (32-bit)
 Heap Region Size: 1M
 Heap Min Capacity: 8M
 Heap Initial Capacity: 126M
 Heap Max Capacity: 1998M
 Pre-touch: Disabled
 Parallel Workers: 8
 Concurrent Workers: 2
 Concurrent Refinement Workers: 8
 Periodic GC: Disabled
Heap:
 garbage-first heap   total 129024K, used 68127K [0x0000000083200000, 0x0000000100000000)
  region size 1024K, 2 young (2048K), 2 survivors (2048K)
 Metaspace       used 38700K, committed 39040K, reserved 1089536K
  class space    used 4896K, committed 5056K, reserved 1048576K
GC Heap History (20 events):
Event: 4.272 GC heap after
{Heap after GC invocations=8 (full 0):
 garbage-first heap   total 71680K, used 17081K [0x0000000083200000, 0x0000000100000000)
  region size 1024K, 2 young (2048K), 2 survivors (2048K)
 Metaspace       used 31219K, committed 31552K, reserved 1081344K
  class space    used 3938K, committed 4096K, reserved 1048576K
}
Event: 4.852 GC heap before
{Heap before GC invocations=8 (full 0):
 garbage-first heap   total 71680K, used 48825K [0x0000000083200000, 0x0000000100000000)
  region size 1024K, 34 young (34816K), 2 survivors (2048K)
 Metaspace       used 35154K, committed 35520K, reserved 1081344K
  class space    used 4548K, committed 4736K, reserved 1048576K
}
Event: 4.859 GC heap after
{Heap after GC invocations=9 (full 0):
 garbage-first heap   total 71680K, used 20517K [0x0000000083200000, 0x0000000100000000)
  region size 1024K, 5 young (5120K), 5 survivors (5120K)
 Metaspace       used 35154K, committed 35520K, reserved 1081344K
  class space    used 4548K, committed 4736K, reserved 1048576K
}
Event: 4.980 GC heap before
{Heap before GC invocations=9 (full 0):
 garbage-first heap   total 71680K, used 49189K [0x0000000083200000, 0x0000000100000000)
  region size 1024K, 34 young (34816K), 5 survivors (5120K)
 Metaspace       used 35575K, committed 35904K, reserved 1081344K
  class space    used 4616K, committed 4800K, reserved 1048576K
}
Event: 4.986 GC heap after
{Heap after GC invocations=10 (full 0):
 garbage-first heap   total 71680K, used 26221K [0x0000000083200000, 0x0000000100000000)
  region size 1024K, 5 young (5120K), 5 survivors (5120K)
 Metaspace       used 35575K, committed 35904K, reserved 1081344K
  class space    used 4616K, committed 4800K, reserved 1048576K
}
Event: 5.007 GC heap before
{Heap before GC invocations=10 (full 0):
 garbage-first heap   total 71680K, used 30317K [0x0000000083200000, 0x0000000100000000)
  region size 1024K, 11 young (11264K), 5 survivors (5120K)
 Metaspace       used 35759K, committed 36096K, reserved 1081344K
  class space    used 4632K, committed 4800K, reserved 1048576K
}
Event: 5.011 GC heap after
{Heap after GC invocations=11 (full 0):
 garbage-first heap   total 71680K, used 28285K [0x0000000083200000, 0x0000000100000000)
  region size 1024K, 2 young (2048K), 2 survivors (2048K)
 Metaspace       used 35759K, committed 36096K, reserved 1081344K
  class space    used 4632K, committed 4800K, reserved 1048576K
}
Event: 5.078 GC heap before
{Heap before GC invocations=12 (full 0):
 garbage-first heap   total 71680K, used 51837K [0x0000000083200000, 0x0000000100000000)
  region size 1024K, 25 young (25600K), 2 survivors (2048K)
 Metaspace       used 36117K, committed 36480K, reserved 1081344K
  class space    used 4659K, committed 4800K, reserved 1048576K
}
Event: 5.082 GC heap after
{Heap after GC invocations=13 (full 0):
 garbage-first heap   total 71680K, used 31670K [0x0000000083200000, 0x0000000100000000)
  region size 1024K, 4 young (4096K), 4 survivors (4096K)
 Metaspace       used 36117K, committed 36480K, reserved 1081344K
  class space    used 4659K, committed 4800K, reserved 1048576K
}
Event: 5.132 GC heap before
{Heap before GC invocations=13 (full 0):
 garbage-first heap   total 71680K, used 52150K [0x0000000083200000, 0x0000000100000000)
  region size 1024K, 25 young (25600K), 4 survivors (4096K)
 Metaspace       used 36354K, committed 36736K, reserved 1081344K
  class space    used 4680K, committed 4864K, reserved 1048576K
}
Event: 5.136 GC heap after
{Heap after GC invocations=14 (full 0):
 garbage-first heap   total 101376K, used 35580K [0x0000000083200000, 0x0000000100000000)
  region size 1024K, 4 young (4096K), 4 survivors (4096K)
 Metaspace       used 36354K, committed 36736K, reserved 1081344K
  class space    used 4680K, committed 4864K, reserved 1048576K
}
Event: 5.205 GC heap before
{Heap before GC invocations=14 (full 0):
 garbage-first heap   total 101376K, used 73468K [0x0000000083200000, 0x0000000100000000)
  region size 1024K, 41 young (41984K), 4 survivors (4096K)
 Metaspace       used 36831K, committed 37184K, reserved 1081344K
  class space    used 4731K, committed 4864K, reserved 1048576K
}
Event: 5.212 GC heap after
{Heap after GC invocations=15 (full 0):
 garbage-first heap   total 101376K, used 44975K [0x0000000083200000, 0x0000000100000000)
  region size 1024K, 6 young (6144K), 6 survivors (6144K)
 Metaspace       used 36831K, committed 37184K, reserved 1081344K
  class space    used 4731K, committed 4864K, reserved 1048576K
}
Event: 5.428 GC heap before
{Heap before GC invocations=15 (full 0):
 garbage-first heap   total 101376K, used 74671K [0x0000000083200000, 0x0000000100000000)
  region size 1024K, 35 young (35840K), 6 survivors (6144K)
 Metaspace       used 38401K, committed 38784K, reserved 1089536K
  class space    used 4845K, committed 5056K, reserved 1048576K
}
Event: 5.436 GC heap after
{Heap after GC invocations=16 (full 0):
 garbage-first heap   total 101376K, used 52224K [0x0000000083200000, 0x0000000100000000)
  region size 1024K, 5 young (5120K), 5 survivors (5120K)
 Metaspace       used 38401K, committed 38784K, reserved 1089536K
  class space    used 4845K, committed 5056K, reserved 1048576K
}
Event: 5.526 GC heap before
{Heap before GC invocations=16 (full 0):
 garbage-first heap   total 101376K, used 70656K [0x0000000083200000, 0x0000000100000000)
  region size 1024K, 25 young (25600K), 5 survivors (5120K)
 Metaspace       used 38451K, committed 38848K, reserved 1089536K
  class space    used 4855K, committed 5056K, reserved 1048576K
}
Event: 5.537 GC heap after
{Heap after GC invocations=17 (full 0):
 garbage-first heap   total 101376K, used 60894K [0x0000000083200000, 0x0000000100000000)
  region size 1024K, 4 young (4096K), 4 survivors (4096K)
 Metaspace       used 38451K, committed 38848K, reserved 1089536K
  class space    used 4855K, committed 5056K, reserved 1048576K
}
Event: 5.627 GC heap before
{Heap before GC invocations=18 (full 0):
 garbage-first heap   total 116736K, used 76254K [0x0000000083200000, 0x0000000100000000)
  region size 1024K, 20 young (20480K), 4 survivors (4096K)
 Metaspace       used 38662K, committed 38976K, reserved 1089536K
  class space    used 4889K, committed 5056K, reserved 1048576K
}
Event: 5.648 GC heap after
{Heap after GC invocations=19 (full 0):
 garbage-first heap   total 116736K, used 66390K [0x0000000083200000, 0x0000000100000000)
  region size 1024K, 3 young (3072K), 3 survivors (3072K)
 Metaspace       used 38662K, committed 38976K, reserved 1089536K
  class space    used 4889K, committed 5056K, reserved 1048576K
}
Event: 5.667 GC heap before
{Heap before GC invocations=19 (full 0):
 garbage-first heap   total 116736K, used 85846K [0x0000000083200000, 0x0000000100000000)
  region size 1024K, 23 young (23552K), 3 survivors (3072K)
 Metaspace       used 38700K, committed 39040K, reserved 1089536K
  class space    used 4896K, committed 5056K, reserved 1048576K
}

