# JRE version: OpenJDK Runtime Environment Temurin-17.0.5+8 (17.0.5+8) (build 17.0.5+8)
# Java VM: OpenJDK 64-Bit Server VM Temurin-17.0.5+8 (17.0.5+8, mixed mode, emulated-client, sharing, tiered, compressed oops, compressed class ptrs, g1 gc, windows-amd64)
GC Precious Log:
 CPUs: 8 total, 8 available
 Memory: 7987M
 Large Page Support: Disabled
 NUMA Support: Disabled
 Compressed Oops: Enabled (32-bit)
 Heap Region Size: 1M
 Heap Min Capacity: 8M
 Heap Initial Capacity: 126M
 Heap Max Capacity: 1998M
 Pre-touch: Disabled
 Parallel Workers: 8
 Concurrent Workers: 2
 Concurrent Refinement Workers: 8
 Periodic GC: Disabled
Heap:
 garbage-first heap   total 133120K, used 38790K [0x0000000083200000, 0x0000000100000000)
  region size 1024K, 1 young (1024K), 0 survivors (0K)
 Metaspace       used 47237K, committed 47936K, reserved 1097728K
  class space    used 6428K, committed 6720K, reserved 1048576K
GC Heap History (20 events):
Event: 1137.332 GC heap before
{Heap before GC invocations=137 (full 38):
 garbage-first heap   total 133120K, used 38790K [0x0000000083200000, 0x0000000100000000)
  region size 1024K, 1 young (1024K), 0 survivors (0K)
 Metaspace       used 47237K, committed 47936K, reserved 1097728K
  class space    used 6428K, committed 6720K, reserved 1048576K
}
Event: 1137.379 GC heap after
{Heap after GC invocations=138 (full 39):
 garbage-first heap   total 133120K, used 38790K [0x0000000083200000, 0x0000000100000000)
  region size 1024K, 0 young (0K), 0 survivors (0K)
 Metaspace       used 47237K, committed 47936K, reserved 1097728K
  class space    used 6428K, committed 6720K, reserved 1048576K
}
Event: 1147.591 GC heap before
{Heap before GC invocations=138 (full 39):
 garbage-first heap   total 133120K, used 38790K [0x0000000083200000, 0x0000000100000000)
  region size 1024K, 1 young (1024K), 0 survivors (0K)
 Metaspace       used 47237K, committed 47936K, reserved 1097728K
  class space    used 6428K, committed 6720K, reserved 1048576K
}
Event: 1147.628 GC heap after
{Heap after GC invocations=139 (full 40):
 garbage-first heap   total 133120K, used 38790K [0x0000000083200000, 0x0000000100000000)
  region size 1024K, 0 young (0K), 0 survivors (0K)
 Metaspace       used 47237K, committed 47936K, reserved 1097728K
  class space    used 6428K, committed 6720K, reserved 1048576K
}
Event: 1157.864 GC heap before
{Heap before GC invocations=139 (full 40):
 garbage-first heap   total 133120K, used 38790K [0x0000000083200000, 0x0000000100000000)
  region size 1024K, 1 young (1024K), 0 survivors (0K)
 Metaspace       used 47237K, committed 47936K, reserved 1097728K
  class space    used 6428K, committed 6720K, reserved 1048576K
}
Event: 1157.915 GC heap after
{Heap after GC invocations=140 (full 41):
 garbage-first heap   total 133120K, used 38790K [0x0000000083200000, 0x0000000100000000)
  region size 1024K, 0 young (0K), 0 survivors (0K)
 Metaspace       used 47237K, committed 47936K, reserved 1097728K
  class space    used 6428K, committed 6720K, reserved 1048576K
}
Event: 1168.121 GC heap before
{Heap before GC invocations=140 (full 41):
 garbage-first heap   total 133120K, used 38790K [0x0000000083200000, 0x0000000100000000)
  region size 1024K, 1 young (1024K), 0 survivors (0K)
 Metaspace       used 47237K, committed 47936K, reserved 1097728K
  class space    used 6428K, committed 6720K, reserved 1048576K
}
Event: 1168.163 GC heap after
{Heap after GC invocations=141 (full 42):
 garbage-first heap   total 133120K, used 38790K [0x0000000083200000, 0x0000000100000000)
  region size 1024K, 0 young (0K), 0 survivors (0K)
 Metaspace       used 47237K, committed 47936K, reserved 1097728K
  class space    used 6428K, committed 6720K, reserved 1048576K
}
Event: 1178.367 GC heap before
{Heap before GC invocations=141 (full 42):
 garbage-first heap   total 133120K, used 38790K [0x0000000083200000, 0x0000000100000000)
  region size 1024K, 1 young (1024K), 0 survivors (0K)
 Metaspace       used 47237K, committed 47936K, reserved 1097728K
  class space    used 6428K, committed 6720K, reserved 1048576K
}
Event: 1178.416 GC heap after
{Heap after GC invocations=142 (full 43):
 garbage-first heap   total 133120K, used 38790K [0x0000000083200000, 0x0000000100000000)
  region size 1024K, 0 young (0K), 0 survivors (0K)
 Metaspace       used 47237K, committed 47936K, reserved 1097728K
  class space    used 6428K, committed 6720K, reserved 1048576K
}
Event: 1188.632 GC heap before
{Heap before GC invocations=142 (full 43):
 garbage-first heap   total 133120K, used 38790K [0x0000000083200000, 0x0000000100000000)
  region size 1024K, 1 young (1024K), 0 survivors (0K)
 Metaspace       used 47237K, committed 47936K, reserved 1097728K
  class space    used 6428K, committed 6720K, reserved 1048576K
}
Event: 1188.681 GC heap after
{Heap after GC invocations=143 (full 44):
 garbage-first heap   total 133120K, used 38790K [0x0000000083200000, 0x0000000100000000)
  region size 1024K, 0 young (0K), 0 survivors (0K)
 Metaspace       used 47237K, committed 47936K, reserved 1097728K
  class space    used 6428K, committed 6720K, reserved 1048576K
}
Event: 1198.900 GC heap before
{Heap before GC invocations=143 (full 44):
 garbage-first heap   total 133120K, used 38790K [0x0000000083200000, 0x0000000100000000)
  region size 1024K, 1 young (1024K), 0 survivors (0K)
 Metaspace       used 47237K, committed 47936K, reserved 1097728K
  class space    used 6428K, committed 6720K, reserved 1048576K
}
Event: 1198.945 GC heap after
{Heap after GC invocations=144 (full 45):
 garbage-first heap   total 133120K, used 38790K [0x0000000083200000, 0x0000000100000000)
  region size 1024K, 0 young (0K), 0 survivors (0K)
 Metaspace       used 47237K, committed 47936K, reserved 1097728K
  class space    used 6428K, committed 6720K, reserved 1048576K
}
Event: 1209.153 GC heap before
{Heap before GC invocations=144 (full 45):
 garbage-first heap   total 133120K, used 38790K [0x0000000083200000, 0x0000000100000000)
  region size 1024K, 1 young (1024K), 0 survivors (0K)
 Metaspace       used 47237K, committed 47936K, reserved 1097728K
  class space    used 6428K, committed 6720K, reserved 1048576K
}
Event: 1209.203 GC heap after
{Heap after GC invocations=145 (full 46):
 garbage-first heap   total 133120K, used 38790K [0x0000000083200000, 0x0000000100000000)
  region size 1024K, 0 young (0K), 0 survivors (0K)
 Metaspace       used 47237K, committed 47936K, reserved 1097728K
  class space    used 6428K, committed 6720K, reserved 1048576K
}
Event: 1219.423 GC heap before
{Heap before GC invocations=145 (full 46):
 garbage-first heap   total 133120K, used 38790K [0x0000000083200000, 0x0000000100000000)
  region size 1024K, 1 young (1024K), 0 survivors (0K)
 Metaspace       used 47237K, committed 47936K, reserved 1097728K
  class space    used 6428K, committed 6720K, reserved 1048576K
}
Event: 1219.466 GC heap after
{Heap after GC invocations=146 (full 47):
 garbage-first heap   total 133120K, used 38790K [0x0000000083200000, 0x0000000100000000)
  region size 1024K, 0 young (0K), 0 survivors (0K)
 Metaspace       used 47237K, committed 47936K, reserved 1097728K
  class space    used 6428K, committed 6720K, reserved 1048576K
}
Event: 1229.690 GC heap before
{Heap before GC invocations=146 (full 47):
 garbage-first heap   total 133120K, used 38790K [0x0000000083200000, 0x0000000100000000)
  region size 1024K, 1 young (1024K), 0 survivors (0K)
 Metaspace       used 47237K, committed 47936K, reserved 1097728K
  class space    used 6428K, committed 6720K, reserved 1048576K
}
Event: 1229.735 GC heap after
{Heap after GC invocations=147 (full 48):
 garbage-first heap   total 133120K, used 38790K [0x0000000083200000, 0x0000000100000000)
  region size 1024K, 0 young (0K), 0 survivors (0K)
 Metaspace       used 47237K, committed 47936K, reserved 1097728K
  class space    used 6428K, committed 6720K, reserved 1048576K
}

