# JRE version: OpenJDK Runtime Environment Temurin-17.0.5+8 (17.0.5+8) (build 17.0.5+8)
# Java VM: OpenJDK 64-Bit Server VM Temurin-17.0.5+8 (17.0.5+8, mixed mode, emulated-client, sharing, tiered, compressed oops, compressed class ptrs, g1 gc, windows-amd64)
GC Precious Log:
 CPUs: 8 total, 8 available
 Memory: 7987M
 Large Page Support: Disabled
 NUMA Support: Disabled
 Compressed Oops: Enabled (32-bit)
 Heap Region Size: 1M
 Heap Min Capacity: 8M
 Heap Initial Capacity: 126M
 Heap Max Capacity: 1998M
 Pre-touch: Disabled
 Parallel Workers: 8
 Concurrent Workers: 2
 Concurrent Refinement Workers: 8
 Periodic GC: Disabled
Heap:
 garbage-first heap   total 61440K, used 32997K [0x0000000083200000, 0x0000000100000000)
  region size 1024K, 3 young (3072K), 3 survivors (3072K)
 Metaspace       used 28009K, committed 28352K, reserved 1081344K
  class space    used 3788K, committed 3968K, reserved 1048576K
GC Heap History (17 events):
Event: 1.003 GC heap before
{Heap before GC invocations=0 (full 0):
 garbage-first heap   total 129024K, used 22528K [0x0000000083200000, 0x0000000100000000)
  region size 1024K, 23 young (23552K), 0 survivors (0K)
 Metaspace       used 3778K, committed 3904K, reserved 1056768K
  class space    used 490K, committed 576K, reserved 1048576K
}
Event: 1.008 GC heap after
{Heap after GC invocations=1 (full 0):
 garbage-first heap   total 129024K, used 8712K [0x0000000083200000, 0x0000000100000000)
  region size 1024K, 3 young (3072K), 3 survivors (3072K)
 Metaspace       used 3778K, committed 3904K, reserved 1056768K
  class space    used 490K, committed 576K, reserved 1048576K
}
Event: 1.561 GC heap before
{Heap before GC invocations=1 (full 0):
 garbage-first heap   total 129024K, used 31240K [0x0000000083200000, 0x0000000100000000)
  region size 1024K, 26 young (26624K), 3 survivors (3072K)
 Metaspace       used 9499K, committed 9792K, reserved 1064960K
  class space    used 1297K, committed 1408K, reserved 1048576K
}
Event: 1.565 GC heap after
{Heap after GC invocations=2 (full 0):
 garbage-first heap   total 129024K, used 11413K [0x0000000083200000, 0x0000000100000000)
  region size 1024K, 3 young (3072K), 3 survivors (3072K)
 Metaspace       used 9499K, committed 9792K, reserved 1064960K
  class space    used 1297K, committed 1408K, reserved 1048576K
}
Event: 2.465 GC heap before
{Heap before GC invocations=2 (full 0):
 garbage-first heap   total 129024K, used 60565K [0x0000000083200000, 0x0000000100000000)
  region size 1024K, 51 young (52224K), 3 survivors (3072K)
 Metaspace       used 18965K, committed 19200K, reserved 1073152K
  class space    used 2453K, committed 2560K, reserved 1048576K
}
Event: 2.471 GC heap after
{Heap after GC invocations=3 (full 0):
 garbage-first heap   total 129024K, used 13960K [0x0000000083200000, 0x0000000100000000)
  region size 1024K, 5 young (5120K), 5 survivors (5120K)
 Metaspace       used 18965K, committed 19200K, reserved 1073152K
  class space    used 2453K, committed 2560K, reserved 1048576K
}
Event: 2.772 GC heap before
{Heap before GC invocations=3 (full 0):
 garbage-first heap   total 129024K, used 30344K [0x0000000083200000, 0x0000000100000000)
  region size 1024K, 23 young (23552K), 5 survivors (5120K)
 Metaspace       used 21235K, committed 21504K, reserved 1073152K
  class space    used 2791K, committed 2944K, reserved 1048576K
}
Event: 2.779 GC heap after
{Heap after GC invocations=4 (full 0):
 garbage-first heap   total 129024K, used 16574K [0x0000000083200000, 0x0000000100000000)
  region size 1024K, 8 young (8192K), 8 survivors (8192K)
 Metaspace       used 21235K, committed 21504K, reserved 1073152K
  class space    used 2791K, committed 2944K, reserved 1048576K
}
Event: 3.800 GC heap before
{Heap before GC invocations=5 (full 0):
 garbage-first heap   total 61440K, used 45246K [0x0000000083200000, 0x0000000100000000)
  region size 1024K, 36 young (36864K), 8 survivors (8192K)
 Metaspace       used 26745K, committed 27072K, reserved 1073152K
  class space    used 3574K, committed 3712K, reserved 1048576K
}
Event: 3.807 GC heap after
{Heap after GC invocations=6 (full 0):
 garbage-first heap   total 61440K, used 18517K [0x0000000083200000, 0x0000000100000000)
  region size 1024K, 5 young (5120K), 5 survivors (5120K)
 Metaspace       used 26745K, committed 27072K, reserved 1073152K
  class space    used 3574K, committed 3712K, reserved 1048576K
}
Event: 3.946 GC heap before
{Heap before GC invocations=6 (full 0):
 garbage-first heap   total 61440K, used 41045K [0x0000000083200000, 0x0000000100000000)
  region size 1024K, 28 young (28672K), 5 survivors (5120K)
 Metaspace       used 27789K, committed 28096K, reserved 1081344K
  class space    used 3749K, committed 3904K, reserved 1048576K
}
Event: 3.951 GC heap after
{Heap after GC invocations=7 (full 0):
 garbage-first heap   total 61440K, used 22086K [0x0000000083200000, 0x0000000100000000)
  region size 1024K, 4 young (4096K), 4 survivors (4096K)
 Metaspace       used 27789K, committed 28096K, reserved 1081344K
  class space    used 3749K, committed 3904K, reserved 1048576K
}
Event: 4.027 GC heap before
{Heap before GC invocations=7 (full 0):
 garbage-first heap   total 61440K, used 42566K [0x0000000083200000, 0x0000000100000000)
  region size 1024K, 25 young (25600K), 4 survivors (4096K)
 Metaspace       used 27882K, committed 28224K, reserved 1081344K
  class space    used 3769K, committed 3904K, reserved 1048576K
}
Event: 4.030 GC heap after
{Heap after GC invocations=8 (full 0):
 garbage-first heap   total 61440K, used 26682K [0x0000000083200000, 0x0000000100000000)
  region size 1024K, 4 young (4096K), 4 survivors (4096K)
 Metaspace       used 27882K, committed 28224K, reserved 1081344K
  class space    used 3769K, committed 3904K, reserved 1048576K
}
Event: 4.090 GC heap before
{Heap before GC invocations=8 (full 0):
 garbage-first heap   total 61440K, used 44090K [0x0000000083200000, 0x0000000100000000)
  region size 1024K, 21 young (21504K), 4 survivors (4096K)
 Metaspace       used 28009K, committed 28352K, reserved 1081344K
  class space    used 3788K, committed 3968K, reserved 1048576K
}
Event: 4.095 GC heap after
{Heap after GC invocations=9 (full 0):
 garbage-first heap   total 61440K, used 30029K [0x0000000083200000, 0x0000000100000000)
  region size 1024K, 3 young (3072K), 3 survivors (3072K)
 Metaspace       used 28009K, committed 28352K, reserved 1081344K
  class space    used 3788K, committed 3968K, reserved 1048576K
}
Event: 4.122 GC heap before
{Heap before GC invocations=9 (full 0):
 garbage-first heap   total 61440K, used 45389K [0x0000000083200000, 0x0000000100000000)
  region size 1024K, 18 young (18432K), 3 survivors (3072K)
 Metaspace       used 28009K, committed 28352K, reserved 1081344K
  class space    used 3788K, committed 3968K, reserved 1048576K
}

