# JRE version: OpenJDK Runtime Environment Temurin-17.0.5+8 (17.0.5+8) (build 17.0.5+8)
# Java VM: OpenJDK 64-Bit Server VM Temurin-17.0.5+8 (17.0.5+8, mixed mode, emulated-client, sharing, tiered, compressed oops, compressed class ptrs, g1 gc, windows-amd64)
GC Precious Log:
 CPUs: 8 total, 8 available
 Memory: 7987M
 Large Page Support: Disabled
 NUMA Support: Disabled
 Compressed Oops: Enabled (32-bit)
 Heap Region Size: 1M
 Heap Min Capacity: 8M
 Heap Initial Capacity: 126M
 Heap Max Capacity: 1998M
 Pre-touch: Disabled
 Parallel Workers: 8
 Concurrent Workers: 2
 Concurrent Refinement Workers: 8
 Periodic GC: Disabled
Heap:
 garbage-first heap   total 129024K, used 49073K [0x0000000083200000, 0x0000000100000000)
  region size 1024K, 3 young (3072K), 3 survivors (3072K)
 Metaspace       used 30133K, committed 30464K, reserved 1081344K
  class space    used 3928K, committed 4096K, reserved 1048576K
GC Heap History (20 events):
Event: 2.669 GC heap after
{Heap after GC invocations=2 (full 0):
 garbage-first heap   total 129024K, used 10846K [0x0000000083200000, 0x0000000100000000)
  region size 1024K, 3 young (3072K), 3 survivors (3072K)
 Metaspace       used 9669K, committed 9856K, reserved 1064960K
  class space    used 1319K, committed 1408K, reserved 1048576K
}
Event: 4.711 GC heap before
{Heap before GC invocations=2 (full 0):
 garbage-first heap   total 129024K, used 75358K [0x0000000083200000, 0x0000000100000000)
  region size 1024K, 68 young (69632K), 3 survivors (3072K)
 Metaspace       used 21233K, committed 21504K, reserved 1073152K
  class space    used 2788K, committed 2944K, reserved 1048576K
}
Event: 4.724 GC heap after
{Heap after GC invocations=3 (full 0):
 garbage-first heap   total 129024K, used 15749K [0x0000000083200000, 0x0000000100000000)
  region size 1024K, 8 young (8192K), 8 survivors (8192K)
 Metaspace       used 21233K, committed 21504K, reserved 1073152K
  class space    used 2788K, committed 2944K, reserved 1048576K
}
Event: 6.116 GC heap before
{Heap before GC invocations=4 (full 0):
 garbage-first heap   total 58368K, used 41349K [0x0000000083200000, 0x0000000100000000)
  region size 1024K, 34 young (34816K), 8 survivors (8192K)
 Metaspace       used 26298K, committed 26624K, reserved 1073152K
  class space    used 3510K, committed 3648K, reserved 1048576K
}
Event: 6.127 GC heap after
{Heap after GC invocations=5 (full 0):
 garbage-first heap   total 58368K, used 17571K [0x0000000083200000, 0x0000000100000000)
  region size 1024K, 3 young (3072K), 3 survivors (3072K)
 Metaspace       used 26298K, committed 26624K, reserved 1073152K
  class space    used 3510K, committed 3648K, reserved 1048576K
}
Event: 6.390 GC heap before
{Heap before GC invocations=5 (full 0):
 garbage-first heap   total 58368K, used 37027K [0x0000000083200000, 0x0000000100000000)
  region size 1024K, 23 young (23552K), 3 survivors (3072K)
 Metaspace       used 27657K, committed 27968K, reserved 1073152K
  class space    used 3740K, committed 3904K, reserved 1048576K
}
Event: 6.398 GC heap after
{Heap after GC invocations=6 (full 0):
 garbage-first heap   total 58368K, used 21104K [0x0000000083200000, 0x0000000100000000)
  region size 1024K, 3 young (3072K), 3 survivors (3072K)
 Metaspace       used 27657K, committed 27968K, reserved 1073152K
  class space    used 3740K, committed 3904K, reserved 1048576K
}
Event: 6.529 GC heap before
{Heap before GC invocations=6 (full 0):
 garbage-first heap   total 58368K, used 38512K [0x0000000083200000, 0x0000000100000000)
  region size 1024K, 21 young (21504K), 3 survivors (3072K)
 Metaspace       used 28058K, committed 28416K, reserved 1081344K
  class space    used 3779K, committed 3968K, reserved 1048576K
}
Event: 6.534 GC heap after
{Heap after GC invocations=7 (full 0):
 garbage-first heap   total 58368K, used 24947K [0x0000000083200000, 0x0000000100000000)
  region size 1024K, 3 young (3072K), 3 survivors (3072K)
 Metaspace       used 28058K, committed 28416K, reserved 1081344K
  class space    used 3779K, committed 3968K, reserved 1048576K
}
Event: 6.655 GC heap before
{Heap before GC invocations=7 (full 0):
 garbage-first heap   total 58368K, used 40307K [0x0000000083200000, 0x0000000100000000)
  region size 1024K, 19 young (19456K), 3 survivors (3072K)
 Metaspace       used 28471K, committed 28800K, reserved 1081344K
  class space    used 3812K, committed 3968K, reserved 1048576K
}
Event: 6.663 GC heap after
{Heap after GC invocations=8 (full 0):
 garbage-first heap   total 58368K, used 27997K [0x0000000083200000, 0x0000000100000000)
  region size 1024K, 3 young (3072K), 3 survivors (3072K)
 Metaspace       used 28471K, committed 28800K, reserved 1081344K
  class space    used 3812K, committed 3968K, reserved 1048576K
}
Event: 6.764 GC heap before
{Heap before GC invocations=8 (full 0):
 garbage-first heap   total 58368K, used 41309K [0x0000000083200000, 0x0000000100000000)
  region size 1024K, 17 young (17408K), 3 survivors (3072K)
 Metaspace       used 28796K, committed 29056K, reserved 1081344K
  class space    used 3839K, committed 3968K, reserved 1048576K
}
Event: 6.769 GC heap after
{Heap after GC invocations=9 (full 0):
 garbage-first heap   total 76800K, used 30574K [0x0000000083200000, 0x0000000100000000)
  region size 1024K, 3 young (3072K), 3 survivors (3072K)
 Metaspace       used 28796K, committed 29056K, reserved 1081344K
  class space    used 3839K, committed 3968K, reserved 1048576K
}
Event: 6.912 GC heap before
{Heap before GC invocations=9 (full 0):
 garbage-first heap   total 76800K, used 53102K [0x0000000083200000, 0x0000000100000000)
  region size 1024K, 26 young (26624K), 3 survivors (3072K)
 Metaspace       used 29382K, committed 29760K, reserved 1081344K
  class space    used 3891K, committed 4032K, reserved 1048576K
}
Event: 6.918 GC heap after
{Heap after GC invocations=10 (full 0):
 garbage-first heap   total 76800K, used 34594K [0x0000000083200000, 0x0000000100000000)
  region size 1024K, 4 young (4096K), 4 survivors (4096K)
 Metaspace       used 29382K, committed 29760K, reserved 1081344K
  class space    used 3891K, committed 4032K, reserved 1048576K
}
Event: 6.988 GC heap before
{Heap before GC invocations=10 (full 0):
 garbage-first heap   total 76800K, used 56098K [0x0000000083200000, 0x0000000100000000)
  region size 1024K, 26 young (26624K), 4 survivors (4096K)
 Metaspace       used 29696K, committed 30016K, reserved 1081344K
  class space    used 3898K, committed 4032K, reserved 1048576K
}
Event: 6.998 GC heap after
{Heap after GC invocations=11 (full 0):
 garbage-first heap   total 76800K, used 41451K [0x0000000083200000, 0x0000000100000000)
  region size 1024K, 4 young (4096K), 4 survivors (4096K)
 Metaspace       used 29696K, committed 30016K, reserved 1081344K
  class space    used 3898K, committed 4032K, reserved 1048576K
}
Event: 7.072 GC heap before
{Heap before GC invocations=11 (full 0):
 garbage-first heap   total 76800K, used 57835K [0x0000000083200000, 0x0000000100000000)
  region size 1024K, 20 young (20480K), 4 survivors (4096K)
 Metaspace       used 30097K, committed 30464K, reserved 1081344K
  class space    used 3920K, committed 4096K, reserved 1048576K
}
Event: 7.080 GC heap after
{Heap after GC invocations=12 (full 0):
 garbage-first heap   total 76800K, used 44762K [0x0000000083200000, 0x0000000100000000)
  region size 1024K, 3 young (3072K), 3 survivors (3072K)
 Metaspace       used 30097K, committed 30464K, reserved 1081344K
  class space    used 3920K, committed 4096K, reserved 1048576K
}
Event: 7.177 GC heap before
{Heap before GC invocations=12 (full 0):
 garbage-first heap   total 92160K, used 58074K [0x0000000083200000, 0x0000000100000000)
  region size 1024K, 17 young (17408K), 3 survivors (3072K)
 Metaspace       used 30133K, committed 30464K, reserved 1081344K
  class space    used 3928K, committed 4096K, reserved 1048576K
}

