# JRE version: OpenJDK Runtime Environment Temurin-17.0.4.1+1 (17.0.4.1+1) (build 17.0.4.1+1)
# Java VM: OpenJDK 64-Bit Server VM Temurin-17.0.4.1+1 (17.0.4.1+1, mixed mode, emulated-client, tiered, compressed oops, compressed class ptrs, g1 gc, windows-amd64)
GC Precious Log:
 CPUs: 8 total, 8 available
 Memory: 7987M
 Large Page Support: Disabled
 NUMA Support: Disabled
 Compressed Oops: Enabled (32-bit)
 Heap Region Size: 1M
 Heap Min Capacity: 8M
 Heap Initial Capacity: 126M
 Heap Max Capacity: 1998M
 Pre-touch: Disabled
 Parallel Workers: 8
 Concurrent Workers: 2
 Concurrent Refinement Workers: 8
 Periodic GC: Disabled
Heap:
 garbage-first heap   total 328704K, used 91181K [0x0000000083200000, 0x0000000100000000)
  region size 1024K, 15 young (15360K), 15 survivors (15360K)
 Metaspace       used 37366K, committed 37696K, reserved 1089536K
  class space    used 4821K, committed 4992K, reserved 1048576K
GC Heap History (20 events):
Event: 4.470 GC heap after
{Heap after GC invocations=12 (full 0):
 garbage-first heap   total 108544K, used 39675K [0x0000000083200000, 0x0000000100000000)
  region size 1024K, 4 young (4096K), 4 survivors (4096K)
 Metaspace       used 34327K, committed 34624K, reserved 1081344K
  class space    used 4381K, committed 4544K, reserved 1048576K
}
Event: 4.716 GC heap before
{Heap before GC invocations=12 (full 0):
 garbage-first heap   total 108544K, used 77563K [0x0000000083200000, 0x0000000100000000)
  region size 1024K, 41 young (41984K), 4 survivors (4096K)
 Metaspace       used 35557K, committed 35904K, reserved 1081344K
  class space    used 4589K, committed 4736K, reserved 1048576K
}
Event: 4.724 GC heap after
{Heap after GC invocations=13 (full 0):
 garbage-first heap   total 108544K, used 47104K [0x0000000083200000, 0x0000000100000000)
  region size 1024K, 6 young (6144K), 6 survivors (6144K)
 Metaspace       used 35557K, committed 35904K, reserved 1081344K
  class space    used 4589K, committed 4736K, reserved 1048576K
}
Event: 4.780 GC heap before
{Heap before GC invocations=13 (full 0):
 garbage-first heap   total 108544K, used 63488K [0x0000000083200000, 0x0000000100000000)
  region size 1024K, 23 young (23552K), 6 survivors (6144K)
 Metaspace       used 35798K, committed 36096K, reserved 1081344K
  class space    used 4647K, committed 4800K, reserved 1048576K
}
Event: 4.790 GC heap after
{Heap after GC invocations=14 (full 0):
 garbage-first heap   total 108544K, used 55173K [0x0000000083200000, 0x0000000100000000)
  region size 1024K, 5 young (5120K), 5 survivors (5120K)
 Metaspace       used 35798K, committed 36096K, reserved 1081344K
  class space    used 4647K, committed 4800K, reserved 1048576K
}
Event: 4.877 GC heap before
{Heap before GC invocations=15 (full 0):
 garbage-first heap   total 109568K, used 78725K [0x0000000083200000, 0x0000000100000000)
  region size 1024K, 29 young (29696K), 5 survivors (5120K)
 Metaspace       used 36160K, committed 36480K, reserved 1081344K
  class space    used 4714K, committed 4864K, reserved 1048576K
}
Event: 4.906 GC heap after
{Heap after GC invocations=16 (full 0):
 garbage-first heap   total 109568K, used 61257K [0x0000000083200000, 0x0000000100000000)
  region size 1024K, 4 young (4096K), 4 survivors (4096K)
 Metaspace       used 36160K, committed 36480K, reserved 1081344K
  class space    used 4714K, committed 4864K, reserved 1048576K
}
Event: 4.923 GC heap before
{Heap before GC invocations=16 (full 0):
 garbage-first heap   total 109568K, used 80713K [0x0000000083200000, 0x0000000100000000)
  region size 1024K, 24 young (24576K), 4 survivors (4096K)
 Metaspace       used 36163K, committed 36480K, reserved 1081344K
  class space    used 4714K, committed 4864K, reserved 1048576K
}
Event: 4.929 GC heap after
{Heap after GC invocations=17 (full 0):
 garbage-first heap   total 109568K, used 63045K [0x0000000083200000, 0x0000000100000000)
  region size 1024K, 2 young (2048K), 2 survivors (2048K)
 Metaspace       used 36163K, committed 36480K, reserved 1081344K
  class space    used 4714K, committed 4864K, reserved 1048576K
}
Event: 4.943 GC heap before
{Heap before GC invocations=17 (full 0):
 garbage-first heap   total 109568K, used 82501K [0x0000000083200000, 0x0000000100000000)
  region size 1024K, 22 young (22528K), 2 survivors (2048K)
 Metaspace       used 36166K, committed 36480K, reserved 1081344K
  class space    used 4714K, committed 4864K, reserved 1048576K
}
Event: 4.948 GC heap after
{Heap after GC invocations=18 (full 0):
 garbage-first heap   total 328704K, used 63622K [0x0000000083200000, 0x0000000100000000)
  region size 1024K, 2 young (2048K), 2 survivors (2048K)
 Metaspace       used 36166K, committed 36480K, reserved 1081344K
  class space    used 4714K, committed 4864K, reserved 1048576K
}
Event: 5.056 GC heap before
{Heap before GC invocations=19 (full 0):
 garbage-first heap   total 328704K, used 205958K [0x0000000083200000, 0x0000000100000000)
  region size 1024K, 142 young (145408K), 2 survivors (2048K)
 Metaspace       used 36296K, committed 36608K, reserved 1081344K
  class space    used 4732K, committed 4864K, reserved 1048576K
}
Event: 5.063 GC heap after
{Heap after GC invocations=20 (full 0):
 garbage-first heap   total 328704K, used 69031K [0x0000000083200000, 0x0000000100000000)
  region size 1024K, 8 young (8192K), 8 survivors (8192K)
 Metaspace       used 36296K, committed 36608K, reserved 1081344K
  class space    used 4732K, committed 4864K, reserved 1048576K
}
Event: 5.067 GC heap before
{Heap before GC invocations=20 (full 0):
 garbage-first heap   total 328704K, used 76199K [0x0000000083200000, 0x0000000100000000)
  region size 1024K, 16 young (16384K), 8 survivors (8192K)
 Metaspace       used 36296K, committed 36608K, reserved 1081344K
  class space    used 4732K, committed 4864K, reserved 1048576K
}
Event: 5.072 GC heap after
{Heap after GC invocations=21 (full 0):
 garbage-first heap   total 328704K, used 69219K [0x0000000083200000, 0x0000000100000000)
  region size 1024K, 2 young (2048K), 2 survivors (2048K)
 Metaspace       used 36296K, committed 36608K, reserved 1081344K
  class space    used 4732K, committed 4864K, reserved 1048576K
}
Event: 5.194 GC heap before
{Heap before GC invocations=21 (full 0):
 garbage-first heap   total 328704K, used 250467K [0x0000000083200000, 0x0000000100000000)
  region size 1024K, 180 young (184320K), 2 survivors (2048K)
 Metaspace       used 36662K, committed 36992K, reserved 1081344K
  class space    used 4755K, committed 4928K, reserved 1048576K
}
Event: 5.201 GC heap after
{Heap after GC invocations=22 (full 0):
 garbage-first heap   total 328704K, used 75983K [0x0000000083200000, 0x0000000100000000)
  region size 1024K, 8 young (8192K), 8 survivors (8192K)
 Metaspace       used 36662K, committed 36992K, reserved 1081344K
  class space    used 4755K, committed 4928K, reserved 1048576K
}
Event: 5.333 GC heap before
{Heap before GC invocations=22 (full 0):
 garbage-first heap   total 328704K, used 256207K [0x0000000083200000, 0x0000000100000000)
  region size 1024K, 185 young (189440K), 8 survivors (8192K)
 Metaspace       used 36966K, committed 37312K, reserved 1089536K
  class space    used 4773K, committed 4928K, reserved 1048576K
}
Event: 5.345 GC heap after
{Heap after GC invocations=23 (full 0):
 garbage-first heap   total 328704K, used 83414K [0x0000000083200000, 0x0000000100000000)
  region size 1024K, 15 young (15360K), 15 survivors (15360K)
 Metaspace       used 36966K, committed 37312K, reserved 1089536K
  class space    used 4773K, committed 4928K, reserved 1048576K
}
Event: 5.469 GC heap before
{Heap before GC invocations=23 (full 0):
 garbage-first heap   total 328704K, used 261590K [0x0000000083200000, 0x0000000100000000)
  region size 1024K, 190 young (194560K), 15 survivors (15360K)
 Metaspace       used 37366K, committed 37696K, reserved 1089536K
  class space    used 4821K, committed 4992K, reserved 1048576K
}

