# JRE version: OpenJDK Runtime Environment Temurin-17.0.4.1+1 (17.0.4.1+1) (build 17.0.4.1+1)
# Java VM: OpenJDK 64-Bit Server VM Temurin-17.0.4.1+1 (17.0.4.1+1, mixed mode, emulated-client, tiered, compressed oops, compressed class ptrs, g1 gc, windows-amd64)
GC Precious Log:
 CPUs: 8 total, 8 available
 Memory: 7987M
 Large Page Support: Disabled
 NUMA Support: Disabled
 Compressed Oops: Enabled (32-bit)
 Heap Region Size: 1M
 Heap Min Capacity: 8M
 Heap Initial Capacity: 126M
 Heap Max Capacity: 1998M
 Pre-touch: Disabled
 Parallel Workers: 8
 Concurrent Workers: 2
 Concurrent Refinement Workers: 8
 Periodic GC: Disabled
Heap:
 garbage-first heap   total 219136K, used 76193K [0x0000000083200000, 0x0000000100000000)
  region size 1024K, 9 young (9216K), 9 survivors (9216K)
 Metaspace       used 36210K, committed 36544K, reserved 1081344K
  class space    used 4721K, committed 4864K, reserved 1048576K
GC Heap History (20 events):
Event: 3.822 GC heap after
{Heap after GC invocations=11 (full 0):
 garbage-first heap   total 68608K, used 30720K [0x0000000083200000, 0x0000000100000000)
  region size 1024K, 4 young (4096K), 4 survivors (4096K)
 Metaspace       used 33777K, committed 34112K, reserved 1081344K
  class space    used 4306K, committed 4480K, reserved 1048576K
}
Event: 3.877 GC heap before
{Heap before GC invocations=11 (full 0):
 garbage-first heap   total 68608K, used 51200K [0x0000000083200000, 0x0000000100000000)
  region size 1024K, 24 young (24576K), 4 survivors (4096K)
 Metaspace       used 34002K, committed 34304K, reserved 1081344K
  class space    used 4336K, committed 4480K, reserved 1048576K
}
Event: 3.883 GC heap after
{Heap after GC invocations=12 (full 0):
 garbage-first heap   total 103424K, used 33615K [0x0000000083200000, 0x0000000100000000)
  region size 1024K, 3 young (3072K), 3 survivors (3072K)
 Metaspace       used 34002K, committed 34304K, reserved 1081344K
  class space    used 4336K, committed 4480K, reserved 1048576K
}
Event: 4.032 GC heap before
{Heap before GC invocations=12 (full 0):
 garbage-first heap   total 103424K, used 74575K [0x0000000083200000, 0x0000000100000000)
  region size 1024K, 43 young (44032K), 3 survivors (3072K)
 Metaspace       used 34469K, committed 34816K, reserved 1081344K
  class space    used 4401K, committed 4608K, reserved 1048576K
}
Event: 4.042 GC heap after
{Heap after GC invocations=13 (full 0):
 garbage-first heap   total 103424K, used 44889K [0x0000000083200000, 0x0000000100000000)
  region size 1024K, 6 young (6144K), 6 survivors (6144K)
 Metaspace       used 34469K, committed 34816K, reserved 1081344K
  class space    used 4401K, committed 4608K, reserved 1048576K
}
Event: 4.285 GC heap before
{Heap before GC invocations=13 (full 0):
 garbage-first heap   total 103424K, used 61273K [0x0000000083200000, 0x0000000100000000)
  region size 1024K, 23 young (23552K), 6 survivors (6144K)
 Metaspace       used 35667K, committed 35968K, reserved 1081344K
  class space    used 4613K, committed 4736K, reserved 1048576K
}
Event: 4.294 GC heap after
{Heap after GC invocations=14 (full 0):
 garbage-first heap   total 103424K, used 50208K [0x0000000083200000, 0x0000000100000000)
  region size 1024K, 4 young (4096K), 4 survivors (4096K)
 Metaspace       used 35667K, committed 35968K, reserved 1081344K
  class space    used 4613K, committed 4736K, reserved 1048576K
}
Event: 4.417 GC heap before
{Heap before GC invocations=15 (full 0):
 garbage-first heap   total 106496K, used 74784K [0x0000000083200000, 0x0000000100000000)
  region size 1024K, 29 young (29696K), 4 survivors (4096K)
 Metaspace       used 36093K, committed 36416K, reserved 1081344K
  class space    used 4705K, committed 4864K, reserved 1048576K
}
Event: 4.444 GC heap after
{Heap after GC invocations=16 (full 0):
 garbage-first heap   total 106496K, used 59859K [0x0000000083200000, 0x0000000100000000)
  region size 1024K, 4 young (4096K), 4 survivors (4096K)
 Metaspace       used 36093K, committed 36416K, reserved 1081344K
  class space    used 4705K, committed 4864K, reserved 1048576K
}
Event: 4.463 GC heap before
{Heap before GC invocations=16 (full 0):
 garbage-first heap   total 106496K, used 77267K [0x0000000083200000, 0x0000000100000000)
  region size 1024K, 22 young (22528K), 4 survivors (4096K)
 Metaspace       used 36095K, committed 36416K, reserved 1081344K
  class space    used 4707K, committed 4864K, reserved 1048576K
}
Event: 4.467 GC heap after
{Heap after GC invocations=17 (full 0):
 garbage-first heap   total 219136K, used 61245K [0x0000000083200000, 0x0000000100000000)
  region size 1024K, 1 young (1024K), 1 survivors (1024K)
 Metaspace       used 36095K, committed 36416K, reserved 1081344K
  class space    used 4707K, committed 4864K, reserved 1048576K
}
Event: 4.534 GC heap before
{Heap before GC invocations=17 (full 0):
 garbage-first heap   total 219136K, used 142141K [0x0000000083200000, 0x0000000100000000)
  region size 1024K, 81 young (82944K), 1 survivors (1024K)
 Metaspace       used 36110K, committed 36416K, reserved 1081344K
  class space    used 4708K, committed 4864K, reserved 1048576K
}
Event: 4.537 GC heap after
{Heap after GC invocations=18 (full 0):
 garbage-first heap   total 219136K, used 64702K [0x0000000083200000, 0x0000000100000000)
  region size 1024K, 5 young (5120K), 5 survivors (5120K)
 Metaspace       used 36110K, committed 36416K, reserved 1081344K
  class space    used 4708K, committed 4864K, reserved 1048576K
}
Event: 4.592 GC heap before
{Heap before GC invocations=19 (full 0):
 garbage-first heap   total 219136K, used 161982K [0x0000000083200000, 0x0000000100000000)
  region size 1024K, 101 young (103424K), 5 survivors (5120K)
 Metaspace       used 36128K, committed 36416K, reserved 1081344K
  class space    used 4715K, committed 4864K, reserved 1048576K
}
Event: 4.598 GC heap after
{Heap after GC invocations=20 (full 0):
 garbage-first heap   total 219136K, used 68424K [0x0000000083200000, 0x0000000100000000)
  region size 1024K, 8 young (8192K), 8 survivors (8192K)
 Metaspace       used 36128K, committed 36416K, reserved 1081344K
  class space    used 4715K, committed 4864K, reserved 1048576K
}
Event: 4.599 GC heap before
{Heap before GC invocations=20 (full 0):
 garbage-first heap   total 219136K, used 69448K [0x0000000083200000, 0x0000000100000000)
  region size 1024K, 10 young (10240K), 8 survivors (8192K)
 Metaspace       used 36130K, committed 36416K, reserved 1081344K
  class space    used 4715K, committed 4864K, reserved 1048576K
}
Event: 4.604 GC heap after
{Heap after GC invocations=21 (full 0):
 garbage-first heap   total 219136K, used 68635K [0x0000000083200000, 0x0000000100000000)
  region size 1024K, 1 young (1024K), 1 survivors (1024K)
 Metaspace       used 36130K, committed 36416K, reserved 1081344K
  class space    used 4715K, committed 4864K, reserved 1048576K
}
Event: 4.654 GC heap before
{Heap before GC invocations=21 (full 0):
 garbage-first heap   total 219136K, used 166939K [0x0000000083200000, 0x0000000100000000)
  region size 1024K, 98 young (100352K), 1 survivors (1024K)
 Metaspace       used 36210K, committed 36544K, reserved 1081344K
  class space    used 4721K, committed 4864K, reserved 1048576K
}
Event: 4.657 GC heap after
{Heap after GC invocations=22 (full 0):
 garbage-first heap   total 219136K, used 71677K [0x0000000083200000, 0x0000000100000000)
  region size 1024K, 4 young (4096K), 4 survivors (4096K)
 Metaspace       used 36210K, committed 36544K, reserved 1081344K
  class space    used 4721K, committed 4864K, reserved 1048576K
}
Event: 4.710 GC heap before
{Heap before GC invocations=22 (full 0):
 garbage-first heap   total 219136K, used 169981K [0x0000000083200000, 0x0000000100000000)
  region size 1024K, 101 young (103424K), 4 survivors (4096K)
 Metaspace       used 36210K, committed 36544K, reserved 1081344K
  class space    used 4721K, committed 4864K, reserved 1048576K
}

