# JRE version: OpenJDK Runtime Environment Temurin-17.0.4.1+1 (17.0.4.1+1) (build 17.0.4.1+1)
# Java VM: OpenJDK 64-Bit Server VM Temurin-17.0.4.1+1 (17.0.4.1+1, mixed mode, emulated-client, tiered, compressed oops, compressed class ptrs, g1 gc, windows-amd64)
GC Precious Log:
 CPUs: 8 total, 8 available
 Memory: 7987M
 Large Page Support: Disabled
 NUMA Support: Disabled
 Compressed Oops: Enabled (32-bit)
 Heap Region Size: 1M
 Heap Min Capacity: 8M
 Heap Initial Capacity: 126M
 Heap Max Capacity: 1998M
 Pre-touch: Disabled
 Parallel Workers: 8
 Concurrent Workers: 2
 Concurrent Refinement Workers: 8
 Periodic GC: Disabled
Heap:
 garbage-first heap   total 116736K, used 34484K [0x0000000083200000, 0x0000000100000000)
  region size 1024K, 1 young (1024K), 0 survivors (0K)
 Metaspace       used 53077K, committed 53632K, reserved 1097728K
  class space    used 6989K, committed 7232K, reserved 1048576K
GC Heap History (20 events):
Event: 3311.983 GC heap before
{Heap before GC invocations=342 (full 308):
 garbage-first heap   total 116736K, used 34484K [0x0000000083200000, 0x0000000100000000)
  region size 1024K, 1 young (1024K), 0 survivors (0K)
 Metaspace       used 53077K, committed 53632K, reserved 1097728K
  class space    used 6989K, committed 7232K, reserved 1048576K
}
Event: 3312.022 GC heap after
{Heap after GC invocations=343 (full 309):
 garbage-first heap   total 116736K, used 34484K [0x0000000083200000, 0x0000000100000000)
  region size 1024K, 0 young (0K), 0 survivors (0K)
 Metaspace       used 53077K, committed 53632K, reserved 1097728K
  class space    used 6989K, committed 7232K, reserved 1048576K
}
Event: 3322.254 GC heap before
{Heap before GC invocations=343 (full 309):
 garbage-first heap   total 116736K, used 34484K [0x0000000083200000, 0x0000000100000000)
  region size 1024K, 1 young (1024K), 0 survivors (0K)
 Metaspace       used 53077K, committed 53632K, reserved 1097728K
  class space    used 6989K, committed 7232K, reserved 1048576K
}
Event: 3322.287 GC heap after
{Heap after GC invocations=344 (full 310):
 garbage-first heap   total 116736K, used 34484K [0x0000000083200000, 0x0000000100000000)
  region size 1024K, 0 young (0K), 0 survivors (0K)
 Metaspace       used 53077K, committed 53632K, reserved 1097728K
  class space    used 6989K, committed 7232K, reserved 1048576K
}
Event: 3332.487 GC heap before
{Heap before GC invocations=344 (full 310):
 garbage-first heap   total 116736K, used 34484K [0x0000000083200000, 0x0000000100000000)
  region size 1024K, 1 young (1024K), 0 survivors (0K)
 Metaspace       used 53077K, committed 53632K, reserved 1097728K
  class space    used 6989K, committed 7232K, reserved 1048576K
}
Event: 3332.517 GC heap after
{Heap after GC invocations=345 (full 311):
 garbage-first heap   total 116736K, used 34484K [0x0000000083200000, 0x0000000100000000)
  region size 1024K, 0 young (0K), 0 survivors (0K)
 Metaspace       used 53077K, committed 53632K, reserved 1097728K
  class space    used 6989K, committed 7232K, reserved 1048576K
}
Event: 3342.734 GC heap before
{Heap before GC invocations=345 (full 311):
 garbage-first heap   total 116736K, used 34484K [0x0000000083200000, 0x0000000100000000)
  region size 1024K, 1 young (1024K), 0 survivors (0K)
 Metaspace       used 53077K, committed 53632K, reserved 1097728K
  class space    used 6989K, committed 7232K, reserved 1048576K
}
Event: 3342.765 GC heap after
{Heap after GC invocations=346 (full 312):
 garbage-first heap   total 116736K, used 34484K [0x0000000083200000, 0x0000000100000000)
  region size 1024K, 0 young (0K), 0 survivors (0K)
 Metaspace       used 53077K, committed 53632K, reserved 1097728K
  class space    used 6989K, committed 7232K, reserved 1048576K
}
Event: 3353.066 GC heap before
{Heap before GC invocations=346 (full 312):
 garbage-first heap   total 116736K, used 34484K [0x0000000083200000, 0x0000000100000000)
  region size 1024K, 1 young (1024K), 0 survivors (0K)
 Metaspace       used 53077K, committed 53632K, reserved 1097728K
  class space    used 6989K, committed 7232K, reserved 1048576K
}
Event: 3353.105 GC heap after
{Heap after GC invocations=347 (full 313):
 garbage-first heap   total 116736K, used 34484K [0x0000000083200000, 0x0000000100000000)
  region size 1024K, 0 young (0K), 0 survivors (0K)
 Metaspace       used 53077K, committed 53632K, reserved 1097728K
  class space    used 6989K, committed 7232K, reserved 1048576K
}
Event: 3363.297 GC heap before
{Heap before GC invocations=347 (full 313):
 garbage-first heap   total 116736K, used 34484K [0x0000000083200000, 0x0000000100000000)
  region size 1024K, 1 young (1024K), 0 survivors (0K)
 Metaspace       used 53077K, committed 53632K, reserved 1097728K
  class space    used 6989K, committed 7232K, reserved 1048576K
}
Event: 3363.338 GC heap after
{Heap after GC invocations=348 (full 314):
 garbage-first heap   total 116736K, used 34484K [0x0000000083200000, 0x0000000100000000)
  region size 1024K, 0 young (0K), 0 survivors (0K)
 Metaspace       used 53077K, committed 53632K, reserved 1097728K
  class space    used 6989K, committed 7232K, reserved 1048576K
}
Event: 3373.548 GC heap before
{Heap before GC invocations=348 (full 314):
 garbage-first heap   total 116736K, used 34484K [0x0000000083200000, 0x0000000100000000)
  region size 1024K, 1 young (1024K), 0 survivors (0K)
 Metaspace       used 53077K, committed 53632K, reserved 1097728K
  class space    used 6989K, committed 7232K, reserved 1048576K
}
Event: 3373.587 GC heap after
{Heap after GC invocations=349 (full 315):
 garbage-first heap   total 116736K, used 34484K [0x0000000083200000, 0x0000000100000000)
  region size 1024K, 0 young (0K), 0 survivors (0K)
 Metaspace       used 53077K, committed 53632K, reserved 1097728K
  class space    used 6989K, committed 7232K, reserved 1048576K
}
Event: 3383.850 GC heap before
{Heap before GC invocations=349 (full 315):
 garbage-first heap   total 116736K, used 34484K [0x0000000083200000, 0x0000000100000000)
  region size 1024K, 1 young (1024K), 0 survivors (0K)
 Metaspace       used 53077K, committed 53632K, reserved 1097728K
  class space    used 6989K, committed 7232K, reserved 1048576K
}
Event: 3383.883 GC heap after
{Heap after GC invocations=350 (full 316):
 garbage-first heap   total 116736K, used 34484K [0x0000000083200000, 0x0000000100000000)
  region size 1024K, 0 young (0K), 0 survivors (0K)
 Metaspace       used 53077K, committed 53632K, reserved 1097728K
  class space    used 6989K, committed 7232K, reserved 1048576K
}
Event: 3394.102 GC heap before
{Heap before GC invocations=350 (full 316):
 garbage-first heap   total 116736K, used 34484K [0x0000000083200000, 0x0000000100000000)
  region size 1024K, 1 young (1024K), 0 survivors (0K)
 Metaspace       used 53077K, committed 53632K, reserved 1097728K
  class space    used 6989K, committed 7232K, reserved 1048576K
}
Event: 3394.139 GC heap after
{Heap after GC invocations=351 (full 317):
 garbage-first heap   total 116736K, used 34484K [0x0000000083200000, 0x0000000100000000)
  region size 1024K, 0 young (0K), 0 survivors (0K)
 Metaspace       used 53077K, committed 53632K, reserved 1097728K
  class space    used 6989K, committed 7232K, reserved 1048576K
}
Event: 3404.333 GC heap before
{Heap before GC invocations=351 (full 317):
 garbage-first heap   total 116736K, used 34484K [0x0000000083200000, 0x0000000100000000)
  region size 1024K, 1 young (1024K), 0 survivors (0K)
 Metaspace       used 53077K, committed 53632K, reserved 1097728K
  class space    used 6989K, committed 7232K, reserved 1048576K
}
Event: 3404.363 GC heap after
{Heap after GC invocations=352 (full 318):
 garbage-first heap   total 116736K, used 34484K [0x0000000083200000, 0x0000000100000000)
  region size 1024K, 0 young (0K), 0 survivors (0K)
 Metaspace       used 53077K, committed 53632K, reserved 1097728K
  class space    used 6989K, committed 7232K, reserved 1048576K
}

