# JRE version: Java(TM) SE Runtime Environment (15.0.2+7) (build 15.0.2+7-27)
# Java VM: Java HotSpot(TM) 64-Bit Server VM (15.0.2+7-27, mixed mode, sharing, tiered, compressed oops, g1 gc, windows-amd64)
GC Precious Log:
 CPUs: 8 total, 8 available
 Memory: 7987M
 Large Page Support: Disabled
 NUMA Support: Disabled
 Compressed Oops: Enabled (32-bit)
 Heap Region Size: 1M
 Heap Min Capacity: 8M
 Heap Initial Capacity: 126M
 Heap Max Capacity: 1998M
 Pre-touch: Disabled
 Parallel Workers: 8
 Concurrent Workers: 2
 Concurrent Refinement Workers: 8
 Periodic GC: Disabled
Heap:
 garbage-first heap   total 49152K, used 29157K [0x0000000083200000, 0x0000000100000000)
  region size 1024K, 10 young (10240K), 2 survivors (2048K)
 Metaspace       used 41923K, capacity 42640K, committed 42704K, reserved 1087488K
  class space    used 4800K, capacity 5096K, committed 5116K, reserved 1048576K
GC Heap History (20 events):
Event: 43.217 GC heap before
{Heap before GC invocations=11 (full 0):
 garbage-first heap   total 49152K, used 38901K [0x0000000083200000, 0x0000000100000000)
  region size 1024K, 18 young (18432K), 2 survivors (2048K)
 Metaspace       used 37817K, capacity 38273K, committed 38352K, reserved 1083392K
  class space    used 4376K, capacity 4540K, committed 4604K, reserved 1048576K
}
Event: 43.225 GC heap after
{Heap after GC invocations=12 (full 0):
 garbage-first heap   total 49152K, used 23620K [0x0000000083200000, 0x0000000100000000)
  region size 1024K, 3 young (3072K), 3 survivors (3072K)
 Metaspace       used 37817K, capacity 38273K, committed 38352K, reserved 1083392K
  class space    used 4376K, capacity 4540K, committed 4604K, reserved 1048576K
}
Event: 43.256 GC heap before
{Heap before GC invocations=12 (full 0):
 garbage-first heap   total 49152K, used 24644K [0x0000000083200000, 0x0000000100000000)
  region size 1024K, 4 young (4096K), 3 survivors (3072K)
 Metaspace       used 37974K, capacity 38455K, committed 38736K, reserved 1083392K
  class space    used 4405K, capacity 4600K, committed 4732K, reserved 1048576K
}
Event: 43.262 GC heap after
{Heap after GC invocations=13 (full 0):
 garbage-first heap   total 49152K, used 22524K [0x0000000083200000, 0x0000000100000000)
  region size 1024K, 1 young (1024K), 1 survivors (1024K)
 Metaspace       used 37974K, capacity 38455K, committed 38736K, reserved 1083392K
  class space    used 4405K, capacity 4600K, committed 4732K, reserved 1048576K
}
Event: 43.693 GC heap before
{Heap before GC invocations=13 (full 0):
 garbage-first heap   total 49152K, used 36860K [0x0000000083200000, 0x0000000100000000)
  region size 1024K, 15 young (15360K), 1 survivors (1024K)
 Metaspace       used 39235K, capacity 39792K, committed 39888K, reserved 1085440K
  class space    used 4589K, capacity 4841K, committed 4860K, reserved 1048576K
}
Event: 43.697 GC heap after
{Heap after GC invocations=14 (full 0):
 garbage-first heap   total 49152K, used 23547K [0x0000000083200000, 0x0000000100000000)
  region size 1024K, 2 young (2048K), 2 survivors (2048K)
 Metaspace       used 39235K, capacity 39792K, committed 39888K, reserved 1085440K
  class space    used 4589K, capacity 4841K, committed 4860K, reserved 1048576K
}
Event: 44.665 GC heap before
{Heap before GC invocations=15 (full 0):
 garbage-first heap   total 49152K, used 37883K [0x0000000083200000, 0x0000000100000000)
  region size 1024K, 16 young (16384K), 2 survivors (2048K)
 Metaspace       used 40289K, capacity 40897K, committed 41168K, reserved 1085440K
  class space    used 4706K, capacity 4971K, committed 5116K, reserved 1048576K
}
Event: 44.675 GC heap after
{Heap after GC invocations=16 (full 0):
 garbage-first heap   total 49152K, used 25279K [0x0000000083200000, 0x0000000100000000)
  region size 1024K, 2 young (2048K), 2 survivors (2048K)
 Metaspace       used 40289K, capacity 40897K, committed 41168K, reserved 1085440K
  class space    used 4706K, capacity 4971K, committed 5116K, reserved 1048576K
}
Event: 122.354 GC heap before
{Heap before GC invocations=16 (full 0):
 garbage-first heap   total 49152K, used 38591K [0x0000000083200000, 0x0000000100000000)
  region size 1024K, 15 young (15360K), 2 survivors (2048K)
 Metaspace       used 41229K, capacity 41911K, committed 42192K, reserved 1087488K
  class space    used 4769K, capacity 5048K, committed 5116K, reserved 1048576K
}
Event: 122.359 GC heap after
{Heap after GC invocations=17 (full 0):
 garbage-first heap   total 49152K, used 25972K [0x0000000083200000, 0x0000000100000000)
  region size 1024K, 1 young (1024K), 1 survivors (1024K)
 Metaspace       used 41229K, capacity 41911K, committed 42192K, reserved 1087488K
  class space    used 4769K, capacity 5048K, committed 5116K, reserved 1048576K
}
Event: 248.317 GC heap before
{Heap before GC invocations=18 (full 0):
 garbage-first heap   total 49152K, used 38260K [0x0000000083200000, 0x0000000100000000)
  region size 1024K, 14 young (14336K), 1 survivors (1024K)
 Metaspace       used 41406K, capacity 42054K, committed 42192K, reserved 1087488K
  class space    used 4774K, capacity 5053K, committed 5116K, reserved 1048576K
}
Event: 248.321 GC heap after
{Heap after GC invocations=19 (full 0):
 garbage-first heap   total 49152K, used 25925K [0x0000000083200000, 0x0000000100000000)
  region size 1024K, 1 young (1024K), 1 survivors (1024K)
 Metaspace       used 41406K, capacity 42054K, committed 42192K, reserved 1087488K
  class space    used 4774K, capacity 5053K, committed 5116K, reserved 1048576K
}
Event: 393.451 GC heap before
{Heap before GC invocations=19 (full 0):
 garbage-first heap   total 49152K, used 39237K [0x0000000083200000, 0x0000000100000000)
  region size 1024K, 14 young (14336K), 1 survivors (1024K)
 Metaspace       used 41441K, capacity 42054K, committed 42192K, reserved 1087488K
  class space    used 4774K, capacity 5053K, committed 5116K, reserved 1048576K
}
Event: 393.454 GC heap after
{Heap after GC invocations=20 (full 0):
 garbage-first heap   total 49152K, used 25941K [0x0000000083200000, 0x0000000100000000)
  region size 1024K, 1 young (1024K), 1 survivors (1024K)
 Metaspace       used 41441K, capacity 42054K, committed 42192K, reserved 1087488K
  class space    used 4774K, capacity 5053K, committed 5116K, reserved 1048576K
}
Event: 544.306 GC heap before
{Heap before GC invocations=21 (full 0):
 garbage-first heap   total 49152K, used 39253K [0x0000000083200000, 0x0000000100000000)
  region size 1024K, 15 young (15360K), 1 survivors (1024K)
 Metaspace       used 41448K, capacity 42118K, committed 42192K, reserved 1087488K
  class space    used 4774K, capacity 5053K, committed 5116K, reserved 1048576K
}
Event: 544.310 GC heap after
{Heap after GC invocations=22 (full 0):
 garbage-first heap   total 49152K, used 25932K [0x0000000083200000, 0x0000000100000000)
  region size 1024K, 1 young (1024K), 1 survivors (1024K)
 Metaspace       used 41448K, capacity 42118K, committed 42192K, reserved 1087488K
  class space    used 4774K, capacity 5053K, committed 5116K, reserved 1048576K
}
Event: 644.816 GC heap before
{Heap before GC invocations=22 (full 0):
 garbage-first heap   total 49152K, used 35148K [0x0000000083200000, 0x0000000100000000)
  region size 1024K, 11 young (11264K), 1 survivors (1024K)
 Metaspace       used 41609K, capacity 42287K, committed 42448K, reserved 1087488K
  class space    used 4794K, capacity 5088K, committed 5116K, reserved 1048576K
}
Event: 644.941 GC heap after
{Heap after GC invocations=23 (full 1):
 garbage-first heap   total 49152K, used 21637K [0x0000000083200000, 0x0000000100000000)
  region size 1024K, 0 young (0K), 0 survivors (0K)
 Metaspace       used 41607K, capacity 42284K, committed 42448K, reserved 1087488K
  class space    used 4794K, capacity 5087K, committed 5116K, reserved 1048576K
}
Event: 646.995 GC heap before
{Heap before GC invocations=23 (full 1):
 garbage-first heap   total 49152K, used 38021K [0x0000000083200000, 0x0000000100000000)
  region size 1024K, 16 young (16384K), 0 survivors (0K)
 Metaspace       used 41848K, capacity 42576K, committed 42704K, reserved 1087488K
  class space    used 4800K, capacity 5096K, committed 5116K, reserved 1048576K
}
Event: 647.002 GC heap after
{Heap after GC invocations=24 (full 1):
 garbage-first heap   total 49152K, used 23013K [0x0000000083200000, 0x0000000100000000)
  region size 1024K, 2 young (2048K), 2 survivors (2048K)
 Metaspace       used 41848K, capacity 42576K, committed 42704K, reserved 1087488K
  class space    used 4800K, capacity 5096K, committed 5116K, reserved 1048576K
}

