# JRE version: OpenJDK Runtime Environment Temurin-17.0.4.1+1 (17.0.4.1+1) (build 17.0.4.1+1)
# Java VM: OpenJDK 64-Bit Server VM Temurin-17.0.4.1+1 (17.0.4.1+1, mixed mode, tiered, compressed oops, compressed class ptrs, parallel gc, windows-amd64)
GC Precious Log:
 CPUs: 8 total, 8 available
 Memory: 7987M
 Large Page Support: Disabled
 NUMA Support: Disabled
 Compressed Oops: Enabled (32-bit)
 Alignments: Space 512K, Generation 512K, Heap 2M
 Heap Min Capacity: 100M
 Heap Initial Capacity: 100M
 Heap Max Capacity: 1G
 Pre-touch: Disabled
 Parallel Workers: 8
Heap:
 PSYoungGen      total 9216K, used 5522K [0x00000000eab00000, 0x00000000eb680000, 0x0000000100000000)
  eden space 8192K, 57% used [0x00000000eab00000,0x00000000eaf90698,0x00000000eb300000)
  from space 1024K, 82% used [0x00000000eb580000,0x00000000eb654418,0x00000000eb680000)
  to   space 1024K, 0% used [0x00000000eb480000,0x00000000eb480000,0x00000000eb580000)
 ParOldGen       total 133632K, used 108693K [0x00000000c0000000, 0x00000000c8280000, 0x00000000eab00000)
  object space 133632K, 81% used [0x00000000c0000000,0x00000000c6a25450,0x00000000c8280000)
 Metaspace       used 78201K, committed 79488K, reserved 1122304K
  class space    used 7965K, committed 8512K, reserved 1048576K
GC Heap History (20 events):
Event: 72.341 GC heap before
{Heap before GC invocations=426 (full 17):
 PSYoungGen      total 8704K, used 8352K [0x00000000eab00000, 0x00000000eb400000, 0x0000000100000000)
  eden space 8192K, 100% used [0x00000000eab00000,0x00000000eb300000,0x00000000eb300000)
  from space 512K, 31% used [0x00000000eb380000,0x00000000eb3a8000,0x00000000eb400000)
  to   space 512K, 0% used [0x00000000eb300000,0x00000000eb300000,0x00000000eb380000)
 ParOldGen       total 124416K, used 113459K [0x00000000c0000000, 0x00000000c7980000, 0x00000000eab00000)
  object space 124416K, 91% used [0x00000000c0000000,0x00000000c6ecce90,0x00000000c7980000)
 Metaspace       used 73907K, committed 75136K, reserved 1122304K
  class space    used 7315K, committed 7872K, reserved 1048576K
}
Event: 72.344 GC heap after
{Heap after GC invocations=426 (full 17):
 PSYoungGen      total 8704K, used 506K [0x00000000eab00000, 0x00000000ebd00000, 0x0000000100000000)
  eden space 8192K, 0% used [0x00000000eab00000,0x00000000eab00000,0x00000000eb300000)
  from space 512K, 98% used [0x00000000eb300000,0x00000000eb37eb18,0x00000000eb380000)
  to   space 5120K, 0% used [0x00000000eb800000,0x00000000eb800000,0x00000000ebd00000)
 ParOldGen       total 124416K, used 117179K [0x00000000c0000000, 0x00000000c7980000, 0x00000000eab00000)
  object space 124416K, 94% used [0x00000000c0000000,0x00000000c726ef18,0x00000000c7980000)
 Metaspace       used 73907K, committed 75136K, reserved 1122304K
  class space    used 7315K, committed 7872K, reserved 1048576K
}
Event: 72.460 GC heap before
{Heap before GC invocations=427 (full 17):
 PSYoungGen      total 8704K, used 8395K [0x00000000eab00000, 0x00000000ebd00000, 0x0000000100000000)
  eden space 8192K, 96% used [0x00000000eab00000,0x00000000eb2b4188,0x00000000eb300000)
  from space 512K, 98% used [0x00000000eb300000,0x00000000eb37eb18,0x00000000eb380000)
  to   space 5120K, 0% used [0x00000000eb800000,0x00000000eb800000,0x00000000ebd00000)
 ParOldGen       total 124416K, used 117179K [0x00000000c0000000, 0x00000000c7980000, 0x00000000eab00000)
  object space 124416K, 94% used [0x00000000c0000000,0x00000000c726ef18,0x00000000c7980000)
 Metaspace       used 73998K, committed 75200K, reserved 1122304K
  class space    used 7322K, committed 7872K, reserved 1048576K
}
Event: 72.462 GC heap after
{Heap after GC invocations=427 (full 17):
 PSYoungGen      total 12288K, used 3930K [0x00000000eab00000, 0x00000000ebc00000, 0x0000000100000000)
  eden space 8192K, 0% used [0x00000000eab00000,0x00000000eab00000,0x00000000eb300000)
  from space 4096K, 95% used [0x00000000eb800000,0x00000000ebbd6bd8,0x00000000ebc00000)
  to   space 4096K, 0% used [0x00000000eb400000,0x00000000eb400000,0x00000000eb800000)
 ParOldGen       total 124416K, used 117627K [0x00000000c0000000, 0x00000000c7980000, 0x00000000eab00000)
  object space 124416K, 94% used [0x00000000c0000000,0x00000000c72def28,0x00000000c7980000)
 Metaspace       used 73998K, committed 75200K, reserved 1122304K
  class space    used 7322K, committed 7872K, reserved 1048576K
}
Event: 72.543 GC heap before
{Heap before GC invocations=428 (full 17):
 PSYoungGen      total 12288K, used 12122K [0x00000000eab00000, 0x00000000ebc00000, 0x0000000100000000)
  eden space 8192K, 100% used [0x00000000eab00000,0x00000000eb300000,0x00000000eb300000)
  from space 4096K, 95% used [0x00000000eb800000,0x00000000ebbd6bd8,0x00000000ebc00000)
  to   space 4096K, 0% used [0x00000000eb400000,0x00000000eb400000,0x00000000eb800000)
 ParOldGen       total 124416K, used 117627K [0x00000000c0000000, 0x00000000c7980000, 0x00000000eab00000)
  object space 124416K, 94% used [0x00000000c0000000,0x00000000c72def28,0x00000000c7980000)
 Metaspace       used 74136K, committed 75392K, reserved 1122304K
  class space    used 7350K, committed 7936K, reserved 1048576K
}
Event: 72.546 GC heap after
{Heap after GC invocations=428 (full 17):
 PSYoungGen      total 12288K, used 4095K [0x00000000eab00000, 0x00000000ec400000, 0x0000000100000000)
  eden space 8192K, 0% used [0x00000000eab00000,0x00000000eab00000,0x00000000eb300000)
  from space 4096K, 99% used [0x00000000eb400000,0x00000000eb7ffc30,0x00000000eb800000)
  to   space 8704K, 0% used [0x00000000ebb80000,0x00000000ebb80000,0x00000000ec400000)
 ParOldGen       total 124416K, used 121224K [0x00000000c0000000, 0x00000000c7980000, 0x00000000eab00000)
  object space 124416K, 97% used [0x00000000c0000000,0x00000000c76622a0,0x00000000c7980000)
 Metaspace       used 74136K, committed 75392K, reserved 1122304K
  class space    used 7350K, committed 7936K, reserved 1048576K
}
Event: 72.546 GC heap before
{Heap before GC invocations=429 (full 18):
 PSYoungGen      total 12288K, used 4095K [0x00000000eab00000, 0x00000000ec400000, 0x0000000100000000)
  eden space 8192K, 0% used [0x00000000eab00000,0x00000000eab00000,0x00000000eb300000)
  from space 4096K, 99% used [0x00000000eb400000,0x00000000eb7ffc30,0x00000000eb800000)
  to   space 8704K, 0% used [0x00000000ebb80000,0x00000000ebb80000,0x00000000ec400000)
 ParOldGen       total 124416K, used 121224K [0x00000000c0000000, 0x00000000c7980000, 0x00000000eab00000)
  object space 124416K, 97% used [0x00000000c0000000,0x00000000c76622a0,0x00000000c7980000)
 Metaspace       used 74136K, committed 75392K, reserved 1122304K
  class space    used 7350K, committed 7936K, reserved 1048576K
}
Event: 72.660 GC heap after
{Heap after GC invocations=429 (full 18):
 PSYoungGen      total 16896K, used 0K [0x00000000eab00000, 0x00000000ec400000, 0x0000000100000000)
  eden space 8192K, 0% used [0x00000000eab00000,0x00000000eab00000,0x00000000eb300000)
  from space 8704K, 0% used [0x00000000ebb80000,0x00000000ebb80000,0x00000000ec400000)
  to   space 8704K, 0% used [0x00000000eb300000,0x00000000eb300000,0x00000000ebb80000)
 ParOldGen       total 133632K, used 106439K [0x00000000c0000000, 0x00000000c8280000, 0x00000000eab00000)
  object space 133632K, 79% used [0x00000000c0000000,0x00000000c67f1d90,0x00000000c8280000)
 Metaspace       used 74136K, committed 75392K, reserved 1122304K
  class space    used 7350K, committed 7936K, reserved 1048576K
}
Event: 72.758 GC heap before
{Heap before GC invocations=430 (full 18):
 PSYoungGen      total 16896K, used 8192K [0x00000000eab00000, 0x00000000ec400000, 0x0000000100000000)
  eden space 8192K, 100% used [0x00000000eab00000,0x00000000eb300000,0x00000000eb300000)
  from space 8704K, 0% used [0x00000000ebb80000,0x00000000ebb80000,0x00000000ec400000)
  to   space 8704K, 0% used [0x00000000eb300000,0x00000000eb300000,0x00000000ebb80000)
 ParOldGen       total 133632K, used 106439K [0x00000000c0000000, 0x00000000c8280000, 0x00000000eab00000)
  object space 133632K, 79% used [0x00000000c0000000,0x00000000c67f1d90,0x00000000c8280000)
 Metaspace       used 74166K, committed 75392K, reserved 1122304K
  class space    used 7352K, committed 7936K, reserved 1048576K
}
Event: 72.763 GC heap after
{Heap after GC invocations=430 (full 18):
 PSYoungGen      total 10752K, used 2304K [0x00000000eab00000, 0x00000000ebc00000, 0x0000000100000000)
  eden space 8192K, 0% used [0x00000000eab00000,0x00000000eab00000,0x00000000eb300000)
  from space 2560K, 90% used [0x00000000eb300000,0x00000000eb540010,0x00000000eb580000)
  to   space 4608K, 0% used [0x00000000eb780000,0x00000000eb780000,0x00000000ebc00000)
 ParOldGen       total 133632K, used 106439K [0x00000000c0000000, 0x00000000c8280000, 0x00000000eab00000)
  object space 133632K, 79% used [0x00000000c0000000,0x00000000c67f1d90,0x00000000c8280000)
 Metaspace       used 74166K, committed 75392K, reserved 1122304K
  class space    used 7352K, committed 7936K, reserved 1048576K
}
Event: 77.347 GC heap before
{Heap before GC invocations=431 (full 18):
 PSYoungGen      total 10752K, used 10133K [0x00000000eab00000, 0x00000000ebc00000, 0x0000000100000000)
  eden space 8192K, 95% used [0x00000000eab00000,0x00000000eb2a5410,0x00000000eb300000)
  from space 2560K, 90% used [0x00000000eb300000,0x00000000eb540010,0x00000000eb580000)
  to   space 4608K, 0% used [0x00000000eb780000,0x00000000eb780000,0x00000000ebc00000)
 ParOldGen       total 133632K, used 106439K [0x00000000c0000000, 0x00000000c8280000, 0x00000000eab00000)
  object space 133632K, 79% used [0x00000000c0000000,0x00000000c67f1d90,0x00000000c8280000)
 Metaspace       used 74313K, committed 75520K, reserved 1122304K
  class space    used 7384K, committed 7936K, reserved 1048576K
}
Event: 77.350 GC heap after
{Heap after GC invocations=431 (full 18):
 PSYoungGen      total 10752K, used 2416K [0x00000000eab00000, 0x00000000eba00000, 0x0000000100000000)
  eden space 8192K, 0% used [0x00000000eab00000,0x00000000eab00000,0x00000000eb300000)
  from space 2560K, 94% used [0x00000000eb780000,0x00000000eb9dc020,0x00000000eba00000)
  to   space 3072K, 0% used [0x00000000eb400000,0x00000000eb400000,0x00000000eb700000)
 ParOldGen       total 133632K, used 106439K [0x00000000c0000000, 0x00000000c8280000, 0x00000000eab00000)
  object space 133632K, 79% used [0x00000000c0000000,0x00000000c67f1d90,0x00000000c8280000)
 Metaspace       used 74313K, committed 75520K, reserved 1122304K
  class space    used 7384K, committed 7936K, reserved 1048576K
}
Event: 77.769 GC heap before
{Heap before GC invocations=432 (full 18):
 PSYoungGen      total 10752K, used 10608K [0x00000000eab00000, 0x00000000eba00000, 0x0000000100000000)
  eden space 8192K, 100% used [0x00000000eab00000,0x00000000eb300000,0x00000000eb300000)
  from space 2560K, 94% used [0x00000000eb780000,0x00000000eb9dc020,0x00000000eba00000)
  to   space 3072K, 0% used [0x00000000eb400000,0x00000000eb400000,0x00000000eb700000)
 ParOldGen       total 133632K, used 106439K [0x00000000c0000000, 0x00000000c8280000, 0x00000000eab00000)
  object space 133632K, 79% used [0x00000000c0000000,0x00000000c67f1d90,0x00000000c8280000)
 Metaspace       used 74869K, committed 76096K, reserved 1122304K
  class space    used 7447K, committed 8000K, reserved 1048576K
}
Event: 77.772 GC heap after
{Heap after GC invocations=432 (full 18):
 PSYoungGen      total 10752K, used 2449K [0x00000000eab00000, 0x00000000eb800000, 0x0000000100000000)
  eden space 8192K, 0% used [0x00000000eab00000,0x00000000eab00000,0x00000000eb300000)
  from space 2560K, 95% used [0x00000000eb400000,0x00000000eb664408,0x00000000eb680000)
  to   space 1536K, 0% used [0x00000000eb680000,0x00000000eb680000,0x00000000eb800000)
 ParOldGen       total 133632K, used 106439K [0x00000000c0000000, 0x00000000c8280000, 0x00000000eab00000)
  object space 133632K, 79% used [0x00000000c0000000,0x00000000c67f1d90,0x00000000c8280000)
 Metaspace       used 74869K, committed 76096K, reserved 1122304K
  class space    used 7447K, committed 8000K, reserved 1048576K
}
Event: 77.910 GC heap before
{Heap before GC invocations=433 (full 18):
 PSYoungGen      total 10752K, used 10641K [0x00000000eab00000, 0x00000000eb800000, 0x0000000100000000)
  eden space 8192K, 100% used [0x00000000eab00000,0x00000000eb300000,0x00000000eb300000)
  from space 2560K, 95% used [0x00000000eb400000,0x00000000eb664408,0x00000000eb680000)
  to   space 1536K, 0% used [0x00000000eb680000,0x00000000eb680000,0x00000000eb800000)
 ParOldGen       total 133632K, used 106439K [0x00000000c0000000, 0x00000000c8280000, 0x00000000eab00000)
  object space 133632K, 79% used [0x00000000c0000000,0x00000000c67f1d90,0x00000000c8280000)
 Metaspace       used 76057K, committed 77248K, reserved 1122304K
  class space    used 7602K, committed 8128K, reserved 1048576K
}
Event: 77.912 GC heap after
{Heap after GC invocations=433 (full 18):
 PSYoungGen      total 9728K, used 1521K [0x00000000eab00000, 0x00000000eb800000, 0x0000000100000000)
  eden space 8192K, 0% used [0x00000000eab00000,0x00000000eab00000,0x00000000eb300000)
  from space 1536K, 99% used [0x00000000eb680000,0x00000000eb7fc428,0x00000000eb800000)
  to   space 2560K, 0% used [0x00000000eb300000,0x00000000eb300000,0x00000000eb580000)
 ParOldGen       total 133632K, used 107381K [0x00000000c0000000, 0x00000000c8280000, 0x00000000eab00000)
  object space 133632K, 80% used [0x00000000c0000000,0x00000000c68dd440,0x00000000c8280000)
 Metaspace       used 76057K, committed 77248K, reserved 1122304K
  class space    used 7602K, committed 8128K, reserved 1048576K
}
Event: 78.052 GC heap before
{Heap before GC invocations=434 (full 18):
 PSYoungGen      total 9728K, used 9713K [0x00000000eab00000, 0x00000000eb800000, 0x0000000100000000)
  eden space 8192K, 100% used [0x00000000eab00000,0x00000000eb300000,0x00000000eb300000)
  from space 1536K, 99% used [0x00000000eb680000,0x00000000eb7fc428,0x00000000eb800000)
  to   space 2560K, 0% used [0x00000000eb300000,0x00000000eb300000,0x00000000eb580000)
 ParOldGen       total 133632K, used 107381K [0x00000000c0000000, 0x00000000c8280000, 0x00000000eab00000)
  object space 133632K, 80% used [0x00000000c0000000,0x00000000c68dd440,0x00000000c8280000)
 Metaspace       used 77099K, committed 78400K, reserved 1122304K
  class space    used 7781K, committed 8384K, reserved 1048576K
}
Event: 78.054 GC heap after
{Heap after GC invocations=434 (full 18):
 PSYoungGen      total 10752K, used 561K [0x00000000eab00000, 0x00000000eb700000, 0x0000000100000000)
  eden space 8192K, 0% used [0x00000000eab00000,0x00000000eab00000,0x00000000eb300000)
  from space 2560K, 21% used [0x00000000eb300000,0x00000000eb38c418,0x00000000eb580000)
  to   space 1536K, 0% used [0x00000000eb580000,0x00000000eb580000,0x00000000eb700000)
 ParOldGen       total 133632K, used 108685K [0x00000000c0000000, 0x00000000c8280000, 0x00000000eab00000)
  object space 133632K, 81% used [0x00000000c0000000,0x00000000c6a23450,0x00000000c8280000)
 Metaspace       used 77099K, committed 78400K, reserved 1122304K
  class space    used 7781K, committed 8384K, reserved 1048576K
}
Event: 80.125 GC heap before
{Heap before GC invocations=435 (full 18):
 PSYoungGen      total 10752K, used 8753K [0x00000000eab00000, 0x00000000eb700000, 0x0000000100000000)
  eden space 8192K, 100% used [0x00000000eab00000,0x00000000eb300000,0x00000000eb300000)
  from space 2560K, 21% used [0x00000000eb300000,0x00000000eb38c418,0x00000000eb580000)
  to   space 1536K, 0% used [0x00000000eb580000,0x00000000eb580000,0x00000000eb700000)
 ParOldGen       total 133632K, used 108685K [0x00000000c0000000, 0x00000000c8280000, 0x00000000eab00000)
  object space 133632K, 81% used [0x00000000c0000000,0x00000000c6a23450,0x00000000c8280000)
 Metaspace       used 77969K, committed 79296K, reserved 1122304K
  class space    used 7931K, committed 8512K, reserved 1048576K
}
Event: 80.128 GC heap after
{Heap after GC invocations=435 (full 18):
 PSYoungGen      total 9216K, used 849K [0x00000000eab00000, 0x00000000eb680000, 0x0000000100000000)
  eden space 8192K, 0% used [0x00000000eab00000,0x00000000eab00000,0x00000000eb300000)
  from space 1024K, 82% used [0x00000000eb580000,0x00000000eb654418,0x00000000eb680000)
  to   space 1024K, 0% used [0x00000000eb480000,0x00000000eb480000,0x00000000eb580000)
 ParOldGen       total 133632K, used 108693K [0x00000000c0000000, 0x00000000c8280000, 0x00000000eab00000)
  object space 133632K, 81% used [0x00000000c0000000,0x00000000c6a25450,0x00000000c8280000)
 Metaspace       used 77969K, committed 79296K, reserved 1122304K
  class space    used 7931K, committed 8512K, reserved 1048576K
}

