# JRE version: OpenJDK Runtime Environment Temurin-17.0.4.1+1 (17.0.4.1+1) (build 17.0.4.1+1)
# Java VM: OpenJDK 64-Bit Server VM Temurin-17.0.4.1+1 (17.0.4.1+1, mixed mode, emulated-client, tiered, compressed oops, compressed class ptrs, g1 gc, windows-amd64)
GC Precious Log:
 CPUs: 8 total, 8 available
 Memory: 7987M
 Large Page Support: Disabled
 NUMA Support: Disabled
 Compressed Oops: Enabled (32-bit)
 Heap Region Size: 1M
 Heap Min Capacity: 8M
 Heap Initial Capacity: 126M
 Heap Max Capacity: 1998M
 Pre-touch: Disabled
 Parallel Workers: 8
 Concurrent Workers: 2
 Concurrent Refinement Workers: 8
 Periodic GC: Disabled
Heap:
 garbage-first heap   total 290816K, used 98596K [0x0000000083200000, 0x0000000100000000)
  region size 1024K, 13 young (13312K), 13 survivors (13312K)
 Metaspace       used 38061K, committed 38336K, reserved 1089536K
  class space    used 4869K, committed 4992K, reserved 1048576K
GC Heap History (20 events):
Event: 18.779 GC heap after
{Heap after GC invocations=16 (full 0):
 garbage-first heap   total 135168K, used 53737K [0x0000000083200000, 0x0000000100000000)
  region size 1024K, 7 young (7168K), 7 survivors (7168K)
 Metaspace       used 35657K, committed 36032K, reserved 1081344K
  class space    used 4628K, committed 4800K, reserved 1048576K
}
Event: 19.003 GC heap before
{Heap before GC invocations=16 (full 0):
 garbage-first heap   total 135168K, used 90601K [0x0000000083200000, 0x0000000100000000)
  region size 1024K, 43 young (44032K), 7 survivors (7168K)
 Metaspace       used 36100K, committed 36416K, reserved 1081344K
  class space    used 4709K, committed 4864K, reserved 1048576K
}
Event: 19.048 GC heap after
{Heap after GC invocations=17 (full 0):
 garbage-first heap   total 135168K, used 64176K [0x0000000083200000, 0x0000000100000000)
  region size 1024K, 6 young (6144K), 6 survivors (6144K)
 Metaspace       used 36100K, committed 36416K, reserved 1081344K
  class space    used 4709K, committed 4864K, reserved 1048576K
}
Event: 19.076 GC heap before
{Heap before GC invocations=17 (full 0):
 garbage-first heap   total 135168K, used 94896K [0x0000000083200000, 0x0000000100000000)
  region size 1024K, 37 young (37888K), 6 survivors (6144K)
 Metaspace       used 36109K, committed 36416K, reserved 1081344K
  class space    used 4709K, committed 4864K, reserved 1048576K
}
Event: 19.086 GC heap after
{Heap after GC invocations=18 (full 0):
 garbage-first heap   total 135168K, used 66929K [0x0000000083200000, 0x0000000100000000)
  region size 1024K, 3 young (3072K), 3 survivors (3072K)
 Metaspace       used 36109K, committed 36416K, reserved 1081344K
  class space    used 4709K, committed 4864K, reserved 1048576K
}
Event: 19.114 GC heap before
{Heap before GC invocations=18 (full 0):
 garbage-first heap   total 135168K, used 98673K [0x0000000083200000, 0x0000000100000000)
  region size 1024K, 35 young (35840K), 3 survivors (3072K)
 Metaspace       used 36120K, committed 36480K, reserved 1081344K
  class space    used 4711K, committed 4864K, reserved 1048576K
}
Event: 19.118 GC heap after
{Heap after GC invocations=19 (full 0):
 garbage-first heap   total 135168K, used 67740K [0x0000000083200000, 0x0000000100000000)
  region size 1024K, 3 young (3072K), 3 survivors (3072K)
 Metaspace       used 36120K, committed 36480K, reserved 1081344K
  class space    used 4711K, committed 4864K, reserved 1048576K
}
Event: 19.160 GC heap before
{Heap before GC invocations=19 (full 0):
 garbage-first heap   total 135168K, used 101532K [0x0000000083200000, 0x0000000100000000)
  region size 1024K, 37 young (37888K), 3 survivors (3072K)
 Metaspace       used 36161K, committed 36480K, reserved 1081344K
  class space    used 4718K, committed 4864K, reserved 1048576K
}
Event: 19.166 GC heap after
{Heap after GC invocations=20 (full 0):
 garbage-first heap   total 290816K, used 69331K [0x0000000083200000, 0x0000000100000000)
  region size 1024K, 3 young (3072K), 3 survivors (3072K)
 Metaspace       used 36161K, committed 36480K, reserved 1081344K
  class space    used 4718K, committed 4864K, reserved 1048576K
}
Event: 19.431 GC heap before
{Heap before GC invocations=21 (full 0):
 garbage-first heap   total 290816K, used 203475K [0x0000000083200000, 0x0000000100000000)
  region size 1024K, 136 young (139264K), 3 survivors (3072K)
 Metaspace       used 36560K, committed 36928K, reserved 1081344K
  class space    used 4760K, committed 4928K, reserved 1048576K
}
Event: 19.441 GC heap after
{Heap after GC invocations=22 (full 0):
 garbage-first heap   total 290816K, used 74160K [0x0000000083200000, 0x0000000100000000)
  region size 1024K, 9 young (9216K), 9 survivors (9216K)
 Metaspace       used 36560K, committed 36928K, reserved 1081344K
  class space    used 4760K, committed 4928K, reserved 1048576K
}
Event: 19.447 GC heap before
{Heap before GC invocations=22 (full 0):
 garbage-first heap   total 290816K, used 78256K [0x0000000083200000, 0x0000000100000000)
  region size 1024K, 14 young (14336K), 9 survivors (9216K)
 Metaspace       used 36560K, committed 36928K, reserved 1081344K
  class space    used 4760K, committed 4928K, reserved 1048576K
}
Event: 19.456 GC heap after
{Heap after GC invocations=23 (full 0):
 garbage-first heap   total 290816K, used 73235K [0x0000000083200000, 0x0000000100000000)
  region size 1024K, 2 young (2048K), 2 survivors (2048K)
 Metaspace       used 36560K, committed 36928K, reserved 1081344K
  class space    used 4760K, committed 4928K, reserved 1048576K
}
Event: 19.910 GC heap before
{Heap before GC invocations=23 (full 0):
 garbage-first heap   total 290816K, used 221715K [0x0000000083200000, 0x0000000100000000)
  region size 1024K, 148 young (151552K), 2 survivors (2048K)
 Metaspace       used 36774K, committed 37120K, reserved 1081344K
  class space    used 4771K, committed 4928K, reserved 1048576K
}
Event: 19.919 GC heap after
{Heap after GC invocations=24 (full 0):
 garbage-first heap   total 290816K, used 79207K [0x0000000083200000, 0x0000000100000000)
  region size 1024K, 7 young (7168K), 7 survivors (7168K)
 Metaspace       used 36774K, committed 37120K, reserved 1081344K
  class space    used 4771K, committed 4928K, reserved 1048576K
}
Event: 20.143 GC heap before
{Heap before GC invocations=24 (full 0):
 garbage-first heap   total 290816K, used 227687K [0x0000000083200000, 0x0000000100000000)
  region size 1024K, 153 young (156672K), 7 survivors (7168K)
 Metaspace       used 36951K, committed 37248K, reserved 1081344K
  class space    used 4785K, committed 4928K, reserved 1048576K
}
Event: 20.155 GC heap after
{Heap after GC invocations=25 (full 0):
 garbage-first heap   total 290816K, used 85494K [0x0000000083200000, 0x0000000100000000)
  region size 1024K, 14 young (14336K), 14 survivors (14336K)
 Metaspace       used 36951K, committed 37248K, reserved 1081344K
  class space    used 4785K, committed 4928K, reserved 1048576K
}
Event: 20.427 GC heap before
{Heap before GC invocations=25 (full 0):
 garbage-first heap   total 290816K, used 231926K [0x0000000083200000, 0x0000000100000000)
  region size 1024K, 158 young (161792K), 14 survivors (14336K)
 Metaspace       used 37562K, committed 37888K, reserved 1089536K
  class space    used 4846K, committed 4992K, reserved 1048576K
}
Event: 20.443 GC heap after
{Heap after GC invocations=26 (full 0):
 garbage-first heap   total 290816K, used 92045K [0x0000000083200000, 0x0000000100000000)
  region size 1024K, 13 young (13312K), 13 survivors (13312K)
 Metaspace       used 37562K, committed 37888K, reserved 1089536K
  class space    used 4846K, committed 4992K, reserved 1048576K
}
Event: 20.735 GC heap before
{Heap before GC invocations=26 (full 0):
 garbage-first heap   total 290816K, used 236429K [0x0000000083200000, 0x0000000100000000)
  region size 1024K, 155 young (158720K), 13 survivors (13312K)
 Metaspace       used 38061K, committed 38336K, reserved 1089536K
  class space    used 4869K, committed 4992K, reserved 1048576K
}

