# JRE version: OpenJDK Runtime Environment Temurin-17.0.5+8 (17.0.5+8) (build 17.0.5+8)
# Java VM: OpenJDK 64-Bit Server VM Temurin-17.0.5+8 (17.0.5+8, mixed mode, emulated-client, sharing, tiered, compressed oops, compressed class ptrs, g1 gc, windows-amd64)
GC Precious Log:
 CPUs: 8 total, 8 available
 Memory: 7987M
 Large Page Support: Disabled
 NUMA Support: Disabled
 Compressed Oops: Enabled (32-bit)
 Heap Region Size: 1M
 Heap Min Capacity: 8M
 Heap Initial Capacity: 126M
 Heap Max Capacity: 1998M
 Pre-touch: Disabled
 Parallel Workers: 8
 Concurrent Workers: 2
 Concurrent Refinement Workers: 8
 Periodic GC: Disabled
Heap:
 garbage-first heap   total 129024K, used 65030K [0x0000000083200000, 0x0000000100000000)
  region size 1024K, 1 young (1024K), 1 survivors (1024K)
 Metaspace       used 31347K, committed 31744K, reserved 1081344K
  class space    used 4093K, committed 4288K, reserved 1048576K
GC Heap History (20 events):
Event: 3.966 GC heap after
{Heap after GC invocations=5 (full 0):
 garbage-first heap   total 58368K, used 17757K [0x0000000083200000, 0x0000000100000000)
  region size 1024K, 7 young (7168K), 7 survivors (7168K)
 Metaspace       used 26689K, committed 27008K, reserved 1073152K
  class space    used 3568K, committed 3712K, reserved 1048576K
}
Event: 4.139 GC heap before
{Heap before GC invocations=5 (full 0):
 garbage-first heap   total 58368K, used 37213K [0x0000000083200000, 0x0000000100000000)
  region size 1024K, 27 young (27648K), 7 survivors (7168K)
 Metaspace       used 27875K, committed 28224K, reserved 1081344K
  class space    used 3766K, committed 3904K, reserved 1048576K
}
Event: 4.145 GC heap after
{Heap after GC invocations=6 (full 0):
 garbage-first heap   total 58368K, used 21040K [0x0000000083200000, 0x0000000100000000)
  region size 1024K, 4 young (4096K), 4 survivors (4096K)
 Metaspace       used 27875K, committed 28224K, reserved 1081344K
  class space    used 3766K, committed 3904K, reserved 1048576K
}
Event: 4.207 GC heap before
{Heap before GC invocations=6 (full 0):
 garbage-first heap   total 58368K, used 39472K [0x0000000083200000, 0x0000000100000000)
  region size 1024K, 23 young (23552K), 4 survivors (4096K)
 Metaspace       used 28089K, committed 28416K, reserved 1081344K
  class space    used 3802K, committed 3968K, reserved 1048576K
}
Event: 4.211 GC heap after
{Heap after GC invocations=7 (full 0):
 garbage-first heap   total 58368K, used 24960K [0x0000000083200000, 0x0000000100000000)
  region size 1024K, 3 young (3072K), 3 survivors (3072K)
 Metaspace       used 28089K, committed 28416K, reserved 1081344K
  class space    used 3802K, committed 3968K, reserved 1048576K
}
Event: 4.275 GC heap before
{Heap before GC invocations=7 (full 0):
 garbage-first heap   total 58368K, used 40320K [0x0000000083200000, 0x0000000100000000)
  region size 1024K, 19 young (19456K), 3 survivors (3072K)
 Metaspace       used 28527K, committed 28800K, reserved 1081344K
  class space    used 3834K, committed 3968K, reserved 1048576K
}
Event: 4.279 GC heap after
{Heap after GC invocations=8 (full 0):
 garbage-first heap   total 58368K, used 28293K [0x0000000083200000, 0x0000000100000000)
  region size 1024K, 3 young (3072K), 3 survivors (3072K)
 Metaspace       used 28527K, committed 28800K, reserved 1081344K
  class space    used 3834K, committed 3968K, reserved 1048576K
}
Event: 4.323 GC heap before
{Heap before GC invocations=8 (full 0):
 garbage-first heap   total 58368K, used 42629K [0x0000000083200000, 0x0000000100000000)
  region size 1024K, 17 young (17408K), 3 survivors (3072K)
 Metaspace       used 28734K, committed 29056K, reserved 1081344K
  class space    used 3850K, committed 4032K, reserved 1048576K
}
Event: 4.328 GC heap after
{Heap after GC invocations=9 (full 0):
 garbage-first heap   total 58368K, used 31177K [0x0000000083200000, 0x0000000100000000)
  region size 1024K, 3 young (3072K), 3 survivors (3072K)
 Metaspace       used 28734K, committed 29056K, reserved 1081344K
  class space    used 3850K, committed 4032K, reserved 1048576K
}
Event: 4.360 GC heap before
{Heap before GC invocations=9 (full 0):
 garbage-first heap   total 58368K, used 44489K [0x0000000083200000, 0x0000000100000000)
  region size 1024K, 16 young (16384K), 3 survivors (3072K)
 Metaspace       used 28925K, committed 29248K, reserved 1081344K
  class space    used 3862K, committed 4032K, reserved 1048576K
}
Event: 4.364 GC heap after
{Heap after GC invocations=10 (full 0):
 garbage-first heap   total 97280K, used 33065K [0x0000000083200000, 0x0000000100000000)
  region size 1024K, 2 young (2048K), 2 survivors (2048K)
 Metaspace       used 28925K, committed 29248K, reserved 1081344K
  class space    used 3862K, committed 4032K, reserved 1048576K
}
Event: 4.455 GC heap before
{Heap before GC invocations=11 (full 0):
 garbage-first heap   total 97280K, used 68905K [0x0000000083200000, 0x0000000100000000)
  region size 1024K, 38 young (38912K), 2 survivors (2048K)
 Metaspace       used 29413K, committed 29824K, reserved 1081344K
  class space    used 3916K, committed 4096K, reserved 1048576K
}
Event: 4.462 GC heap after
{Heap after GC invocations=12 (full 0):
 garbage-first heap   total 97280K, used 42581K [0x0000000083200000, 0x0000000100000000)
  region size 1024K, 5 young (5120K), 5 survivors (5120K)
 Metaspace       used 29413K, committed 29824K, reserved 1081344K
  class space    used 3916K, committed 4096K, reserved 1048576K
}
Event: 4.556 GC heap before
{Heap before GC invocations=12 (full 0):
 garbage-first heap   total 97280K, used 69205K [0x0000000083200000, 0x0000000100000000)
  region size 1024K, 32 young (32768K), 5 survivors (5120K)
 Metaspace       used 30340K, committed 30656K, reserved 1081344K
  class space    used 3965K, committed 4096K, reserved 1048576K
}
Event: 4.562 GC heap after
{Heap after GC invocations=13 (full 0):
 garbage-first heap   total 97280K, used 49403K [0x0000000083200000, 0x0000000100000000)
  region size 1024K, 4 young (4096K), 4 survivors (4096K)
 Metaspace       used 30340K, committed 30656K, reserved 1081344K
  class space    used 3965K, committed 4096K, reserved 1048576K
}
Event: 4.673 GC heap before
{Heap before GC invocations=13 (full 0):
 garbage-first heap   total 97280K, used 63739K [0x0000000083200000, 0x0000000100000000)
  region size 1024K, 20 young (20480K), 4 survivors (4096K)
 Metaspace       used 31033K, committed 31360K, reserved 1081344K
  class space    used 4036K, committed 4224K, reserved 1048576K
}
Event: 4.677 GC heap after
{Heap after GC invocations=14 (full 0):
 garbage-first heap   total 97280K, used 52270K [0x0000000083200000, 0x0000000100000000)
  region size 1024K, 4 young (4096K), 4 survivors (4096K)
 Metaspace       used 31033K, committed 31360K, reserved 1081344K
  class space    used 4036K, committed 4224K, reserved 1048576K
}
Event: 4.749 GC heap before
{Heap before GC invocations=15 (full 0):
 garbage-first heap   total 117760K, used 73774K [0x0000000083200000, 0x0000000100000000)
  region size 1024K, 24 young (24576K), 4 survivors (4096K)
 Metaspace       used 31331K, committed 31744K, reserved 1081344K
  class space    used 4088K, committed 4288K, reserved 1048576K
}
Event: 4.759 GC heap after
{Heap after GC invocations=16 (full 0):
 garbage-first heap   total 117760K, used 63488K [0x0000000083200000, 0x0000000100000000)
  region size 1024K, 3 young (3072K), 3 survivors (3072K)
 Metaspace       used 31331K, committed 31744K, reserved 1081344K
  class space    used 4088K, committed 4288K, reserved 1048576K
}
Event: 4.766 GC heap before
{Heap before GC invocations=16 (full 0):
 garbage-first heap   total 117760K, used 64512K [0x0000000083200000, 0x0000000100000000)
  region size 1024K, 5 young (5120K), 3 survivors (3072K)
 Metaspace       used 31347K, committed 31744K, reserved 1081344K
  class space    used 4093K, committed 4288K, reserved 1048576K
}

