# JRE version: OpenJDK Runtime Environment Temurin-17.0.4.1+1 (17.0.4.1+1) (build 17.0.4.1+1)
# Java VM: OpenJDK 64-Bit Server VM Temurin-17.0.4.1+1 (17.0.4.1+1, mixed mode, emulated-client, tiered, compressed oops, compressed class ptrs, g1 gc, windows-amd64)
GC Precious Log:
 CPUs: 8 total, 8 available
 Memory: 7987M
 Large Page Support: Disabled
 NUMA Support: Disabled
 Compressed Oops: Enabled (32-bit)
 Heap Region Size: 1M
 Heap Min Capacity: 8M
 Heap Initial Capacity: 126M
 Heap Max Capacity: 1998M
 Pre-touch: Disabled
 Parallel Workers: 8
 Concurrent Workers: 2
 Concurrent Refinement Workers: 8
 Periodic GC: Disabled
Heap:
 garbage-first heap   total 230400K, used 77826K [0x0000000083200000, 0x0000000100000000)
  region size 1024K, 8 young (8192K), 8 survivors (8192K)
 Metaspace       used 36270K, committed 36544K, reserved 1081344K
  class space    used 4732K, committed 4864K, reserved 1048576K
GC Heap History (20 events):
Event: 3.414 GC heap after
{Heap after GC invocations=11 (full 0):
 garbage-first heap   total 65536K, used 31086K [0x0000000083200000, 0x0000000100000000)
  region size 1024K, 3 young (3072K), 3 survivors (3072K)
 Metaspace       used 33891K, committed 34176K, reserved 1081344K
  class space    used 4322K, committed 4480K, reserved 1048576K
}
Event: 3.441 GC heap before
{Heap before GC invocations=11 (full 0):
 garbage-first heap   total 65536K, used 48494K [0x0000000083200000, 0x0000000100000000)
  region size 1024K, 20 young (20480K), 3 survivors (3072K)
 Metaspace       used 34079K, committed 34432K, reserved 1081344K
  class space    used 4346K, committed 4544K, reserved 1048576K
}
Event: 3.444 GC heap after
{Heap after GC invocations=12 (full 0):
 garbage-first heap   total 104448K, used 34410K [0x0000000083200000, 0x0000000100000000)
  region size 1024K, 3 young (3072K), 3 survivors (3072K)
 Metaspace       used 34079K, committed 34432K, reserved 1081344K
  class space    used 4346K, committed 4544K, reserved 1048576K
}
Event: 3.509 GC heap before
{Heap before GC invocations=12 (full 0):
 garbage-first heap   total 104448K, used 74346K [0x0000000083200000, 0x0000000100000000)
  region size 1024K, 42 young (43008K), 3 survivors (3072K)
 Metaspace       used 34456K, committed 34816K, reserved 1081344K
  class space    used 4399K, committed 4608K, reserved 1048576K
}
Event: 3.517 GC heap after
{Heap after GC invocations=13 (full 0):
 garbage-first heap   total 104448K, used 44671K [0x0000000083200000, 0x0000000100000000)
  region size 1024K, 6 young (6144K), 6 survivors (6144K)
 Metaspace       used 34456K, committed 34816K, reserved 1081344K
  class space    used 4399K, committed 4608K, reserved 1048576K
}
Event: 3.719 GC heap before
{Heap before GC invocations=13 (full 0):
 garbage-first heap   total 104448K, used 74367K [0x0000000083200000, 0x0000000100000000)
  region size 1024K, 35 young (35840K), 6 survivors (6144K)
 Metaspace       used 35752K, committed 36096K, reserved 1081344K
  class space    used 4632K, committed 4800K, reserved 1048576K
}
Event: 3.728 GC heap after
{Heap after GC invocations=14 (full 0):
 garbage-first heap   total 104448K, used 54566K [0x0000000083200000, 0x0000000100000000)
  region size 1024K, 5 young (5120K), 5 survivors (5120K)
 Metaspace       used 35752K, committed 36096K, reserved 1081344K
  class space    used 4632K, committed 4800K, reserved 1048576K
}
Event: 3.740 GC heap before
{Heap before GC invocations=14 (full 0):
 garbage-first heap   total 104448K, used 58662K [0x0000000083200000, 0x0000000100000000)
  region size 1024K, 10 young (10240K), 5 survivors (5120K)
 Metaspace       used 35808K, committed 36096K, reserved 1081344K
  class space    used 4645K, committed 4800K, reserved 1048576K
}
Event: 3.746 GC heap after
{Heap after GC invocations=15 (full 0):
 garbage-first heap   total 104448K, used 58118K [0x0000000083200000, 0x0000000100000000)
  region size 1024K, 3 young (3072K), 3 survivors (3072K)
 Metaspace       used 35808K, committed 36096K, reserved 1081344K
  class space    used 4645K, committed 4800K, reserved 1048576K
}
Event: 3.806 GC heap before
{Heap before GC invocations=15 (full 0):
 garbage-first heap   total 112640K, used 74502K [0x0000000083200000, 0x0000000100000000)
  region size 1024K, 20 young (20480K), 3 survivors (3072K)
 Metaspace       used 36143K, committed 36480K, reserved 1081344K
  class space    used 4704K, committed 4864K, reserved 1048576K
}
Event: 3.823 GC heap after
{Heap after GC invocations=16 (full 0):
 garbage-first heap   total 225280K, used 63488K [0x0000000083200000, 0x0000000100000000)
  region size 1024K, 3 young (3072K), 3 survivors (3072K)
 Metaspace       used 36143K, committed 36480K, reserved 1081344K
  class space    used 4704K, committed 4864K, reserved 1048576K
}
Event: 3.871 GC heap before
{Heap before GC invocations=17 (full 0):
 garbage-first heap   total 225280K, used 130048K [0x0000000083200000, 0x0000000100000000)
  region size 1024K, 69 young (70656K), 3 survivors (3072K)
 Metaspace       used 36159K, committed 36480K, reserved 1081344K
  class space    used 4710K, committed 4864K, reserved 1048576K
}
Event: 3.877 GC heap after
{Heap after GC invocations=18 (full 0):
 garbage-first heap   total 225280K, used 66512K [0x0000000083200000, 0x0000000100000000)
  region size 1024K, 6 young (6144K), 6 survivors (6144K)
 Metaspace       used 36159K, committed 36480K, reserved 1081344K
  class space    used 4710K, committed 4864K, reserved 1048576K
}
Event: 3.881 GC heap before
{Heap before GC invocations=18 (full 0):
 garbage-first heap   total 225280K, used 70608K [0x0000000083200000, 0x0000000100000000)
  region size 1024K, 11 young (11264K), 6 survivors (6144K)
 Metaspace       used 36160K, committed 36480K, reserved 1081344K
  class space    used 4710K, committed 4864K, reserved 1048576K
}
Event: 3.887 GC heap after
{Heap after GC invocations=19 (full 0):
 garbage-first heap   total 225280K, used 66817K [0x0000000083200000, 0x0000000100000000)
  region size 1024K, 1 young (1024K), 1 survivors (1024K)
 Metaspace       used 36160K, committed 36480K, reserved 1081344K
  class space    used 4710K, committed 4864K, reserved 1048576K
}
Event: 3.926 GC heap before
{Heap before GC invocations=19 (full 0):
 garbage-first heap   total 225280K, used 160001K [0x0000000083200000, 0x0000000100000000)
  region size 1024K, 93 young (95232K), 1 survivors (1024K)
 Metaspace       used 36177K, committed 36480K, reserved 1081344K
  class space    used 4715K, committed 4864K, reserved 1048576K
}
Event: 3.930 GC heap after
{Heap after GC invocations=20 (full 0):
 garbage-first heap   total 225280K, used 70118K [0x0000000083200000, 0x0000000100000000)
  region size 1024K, 5 young (5120K), 5 survivors (5120K)
 Metaspace       used 36177K, committed 36480K, reserved 1081344K
  class space    used 4715K, committed 4864K, reserved 1048576K
}
Event: 3.965 GC heap before
{Heap before GC invocations=20 (full 0):
 garbage-first heap   total 225280K, used 165350K [0x0000000083200000, 0x0000000100000000)
  region size 1024K, 99 young (101376K), 5 survivors (5120K)
 Metaspace       used 36220K, committed 36544K, reserved 1081344K
  class space    used 4724K, committed 4864K, reserved 1048576K
}
Event: 3.969 GC heap after
{Heap after GC invocations=21 (full 0):
 garbage-first heap   total 225280K, used 73507K [0x0000000083200000, 0x0000000100000000)
  region size 1024K, 8 young (8192K), 8 survivors (8192K)
 Metaspace       used 36220K, committed 36544K, reserved 1081344K
  class space    used 4724K, committed 4864K, reserved 1048576K
}
Event: 4.028 GC heap before
{Heap before GC invocations=21 (full 0):
 garbage-first heap   total 230400K, used 170787K [0x0000000083200000, 0x0000000100000000)
  region size 1024K, 104 young (106496K), 8 survivors (8192K)
 Metaspace       used 36270K, committed 36544K, reserved 1081344K
  class space    used 4732K, committed 4864K, reserved 1048576K
}

