# JRE version: Java(TM) SE Runtime Environment (15.0.2+7) (build 15.0.2+7-27)
# Java VM: Java HotSpot(TM) 64-Bit Server VM (15.0.2+7-27, mixed mode, sharing, tiered, compressed oops, g1 gc, windows-amd64)
GC Precious Log:
 CPUs: 8 total, 8 available
 Memory: 7987M
 Large Page Support: Disabled
 NUMA Support: Disabled
 Compressed Oops: Enabled (32-bit)
 Heap Region Size: 1M
 Heap Min Capacity: 8M
 Heap Initial Capacity: 126M
 Heap Max Capacity: 1998M
 Pre-touch: Disabled
 Parallel Workers: 8
 Concurrent Workers: 2
 Concurrent Refinement Workers: 8
 Periodic GC: Disabled
Heap:
 garbage-first heap   total 133120K, used 62998K [0x0000000083200000, 0x0000000100000000)
  region size 1024K, 12 young (12288K), 7 survivors (7168K)
 Metaspace       used 120266K, capacity 124695K, committed 124720K, reserved 1161216K
  class space    used 12322K, capacity 13684K, committed 13696K, reserved 1048576K
GC Heap History (20 events):
Event: 3609.000 GC heap before
{Heap before GC invocations=389 (full 66):
 garbage-first heap   total 130048K, used 106103K [0x0000000083200000, 0x0000000100000000)
  region size 1024K, 55 young (56320K), 0 survivors (0K)
 Metaspace       used 118925K, capacity 123178K, committed 123440K, reserved 1159168K
  class space    used 12238K, capacity 13596K, committed 13696K, reserved 1048576K
}
Event: 3609.002 GC heap after
{Heap after GC invocations=390 (full 66):
 garbage-first heap   total 130048K, used 53825K [0x0000000083200000, 0x0000000100000000)
  region size 1024K, 3 young (3072K), 3 survivors (3072K)
 Metaspace       used 118925K, capacity 123178K, committed 123440K, reserved 1159168K
  class space    used 12238K, capacity 13596K, committed 13696K, reserved 1048576K
}
Event: 3609.395 GC heap before
{Heap before GC invocations=391 (full 66):
 garbage-first heap   total 130048K, used 106049K [0x0000000083200000, 0x0000000100000000)
  region size 1024K, 55 young (56320K), 3 survivors (3072K)
 Metaspace       used 118985K, capacity 123242K, committed 123440K, reserved 1159168K
  class space    used 12242K, capacity 13596K, committed 13696K, reserved 1048576K
}
Event: 3609.399 GC heap after
{Heap after GC invocations=392 (full 66):
 garbage-first heap   total 130048K, used 54713K [0x0000000083200000, 0x0000000100000000)
  region size 1024K, 4 young (4096K), 4 survivors (4096K)
 Metaspace       used 118985K, capacity 123242K, committed 123440K, reserved 1159168K
  class space    used 12242K, capacity 13596K, committed 13696K, reserved 1048576K
}
Event: 3618.656 GC heap before
{Heap before GC invocations=392 (full 66):
 garbage-first heap   total 130048K, used 93625K [0x0000000083200000, 0x0000000100000000)
  region size 1024K, 43 young (44032K), 4 survivors (4096K)
 Metaspace       used 119212K, capacity 123441K, committed 123696K, reserved 1159168K
  class space    used 12256K, capacity 13598K, committed 13696K, reserved 1048576K
}
Event: 3618.767 GC heap after
{Heap after GC invocations=393 (full 67):
 garbage-first heap   total 130048K, used 49034K [0x0000000083200000, 0x0000000100000000)
  region size 1024K, 0 young (0K), 0 survivors (0K)
 Metaspace       used 119209K, capacity 123435K, committed 123696K, reserved 1159168K
  class space    used 12255K, capacity 13596K, committed 13696K, reserved 1048576K
}
Event: 3619.096 GC heap before
{Heap before GC invocations=393 (full 67):
 garbage-first heap   total 130048K, used 105354K [0x0000000083200000, 0x0000000100000000)
  region size 1024K, 56 young (57344K), 0 survivors (0K)
 Metaspace       used 119352K, capacity 123619K, committed 123696K, reserved 1159168K
  class space    used 12269K, capacity 13636K, committed 13696K, reserved 1048576K
}
Event: 3619.100 GC heap after
{Heap after GC invocations=394 (full 67):
 garbage-first heap   total 130048K, used 51769K [0x0000000083200000, 0x0000000100000000)
  region size 1024K, 3 young (3072K), 3 survivors (3072K)
 Metaspace       used 119352K, capacity 123619K, committed 123696K, reserved 1159168K
  class space    used 12269K, capacity 13636K, committed 13696K, reserved 1048576K
}
Event: 3619.941 GC heap before
{Heap before GC invocations=395 (full 67):
 garbage-first heap   total 130048K, used 106041K [0x0000000083200000, 0x0000000100000000)
  region size 1024K, 57 young (58368K), 3 survivors (3072K)
 Metaspace       used 119447K, capacity 123747K, committed 123952K, reserved 1159168K
  class space    used 12274K, capacity 13636K, committed 13696K, reserved 1048576K
}
Event: 3619.943 GC heap after
{Heap after GC invocations=396 (full 67):
 garbage-first heap   total 130048K, used 53331K [0x0000000083200000, 0x0000000100000000)
  region size 1024K, 5 young (5120K), 5 survivors (5120K)
 Metaspace       used 119447K, capacity 123747K, committed 123952K, reserved 1159168K
  class space    used 12274K, capacity 13636K, committed 13696K, reserved 1048576K
}
Event: 3637.556 GC heap before
{Heap before GC invocations=396 (full 67):
 garbage-first heap   total 130048K, used 106579K [0x0000000083200000, 0x0000000100000000)
  region size 1024K, 57 young (58368K), 5 survivors (5120K)
 Metaspace       used 119771K, capacity 124176K, committed 124464K, reserved 1161216K
  class space    used 12289K, capacity 13642K, committed 13696K, reserved 1048576K
}
Event: 3637.562 GC heap after
{Heap after GC invocations=397 (full 67):
 garbage-first heap   total 130048K, used 56559K [0x0000000083200000, 0x0000000100000000)
  region size 1024K, 8 young (8192K), 8 survivors (8192K)
 Metaspace       used 119771K, capacity 124176K, committed 124464K, reserved 1161216K
  class space    used 12289K, capacity 13642K, committed 13696K, reserved 1048576K
}
Event: 3685.315 GC heap before
{Heap before GC invocations=398 (full 67):
 garbage-first heap   total 130048K, used 89327K [0x0000000083200000, 0x0000000100000000)
  region size 1024K, 41 young (41984K), 8 survivors (8192K)
 Metaspace       used 119772K, capacity 124176K, committed 124464K, reserved 1161216K
  class space    used 12289K, capacity 13642K, committed 13696K, reserved 1048576K
}
Event: 3685.434 GC heap after
{Heap after GC invocations=399 (full 68):
 garbage-first heap   total 130048K, used 51722K [0x0000000083200000, 0x0000000100000000)
  region size 1024K, 0 young (0K), 0 survivors (0K)
 Metaspace       used 119772K, capacity 124176K, committed 124464K, reserved 1161216K
  class space    used 12289K, capacity 13642K, committed 13696K, reserved 1048576K
}
Event: 3685.701 GC heap before
{Heap before GC invocations=399 (full 68):
 garbage-first heap   total 130048K, used 103946K [0x0000000083200000, 0x0000000100000000)
  region size 1024K, 52 young (53248K), 0 survivors (0K)
 Metaspace       used 119916K, capacity 124360K, committed 124464K, reserved 1161216K
  class space    used 12303K, capacity 13682K, committed 13696K, reserved 1048576K
}
Event: 3685.704 GC heap after
{Heap after GC invocations=400 (full 68):
 garbage-first heap   total 130048K, used 54771K [0x0000000083200000, 0x0000000100000000)
  region size 1024K, 3 young (3072K), 3 survivors (3072K)
 Metaspace       used 119916K, capacity 124360K, committed 124464K, reserved 1161216K
  class space    used 12303K, capacity 13682K, committed 13696K, reserved 1048576K
}
Event: 3686.084 GC heap before
{Heap before GC invocations=401 (full 68):
 garbage-first heap   total 133120K, used 104947K [0x0000000083200000, 0x0000000100000000)
  region size 1024K, 53 young (54272K), 3 survivors (3072K)
 Metaspace       used 119994K, capacity 124424K, committed 124464K, reserved 1161216K
  class space    used 12307K, capacity 13682K, committed 13696K, reserved 1048576K
}
Event: 3686.090 GC heap after
{Heap after GC invocations=402 (full 68):
 garbage-first heap   total 133120K, used 55445K [0x0000000083200000, 0x0000000100000000)
  region size 1024K, 4 young (4096K), 4 survivors (4096K)
 Metaspace       used 119994K, capacity 124424K, committed 124464K, reserved 1161216K
  class space    used 12307K, capacity 13682K, committed 13696K, reserved 1048576K
}
Event: 3697.099 GC heap before
{Heap before GC invocations=402 (full 68):
 garbage-first heap   total 133120K, used 108693K [0x0000000083200000, 0x0000000100000000)
  region size 1024K, 56 young (57344K), 4 survivors (4096K)
 Metaspace       used 120268K, capacity 124701K, committed 124720K, reserved 1161216K
  class space    used 12322K, capacity 13686K, committed 13696K, reserved 1048576K
}
Event: 3697.108 GC heap after
{Heap after GC invocations=403 (full 68):
 garbage-first heap   total 133120K, used 58902K [0x0000000083200000, 0x0000000100000000)
  region size 1024K, 7 young (7168K), 7 survivors (7168K)
 Metaspace       used 120268K, capacity 124701K, committed 124720K, reserved 1161216K
  class space    used 12322K, capacity 13686K, committed 13696K, reserved 1048576K
}

