# JRE version: OpenJDK Runtime Environment Temurin-17.0.5+8 (17.0.5+8) (build 17.0.5+8)
# Java VM: OpenJDK 64-Bit Server VM Temurin-17.0.5+8 (17.0.5+8, mixed mode, emulated-client, sharing, tiered, compressed oops, compressed class ptrs, g1 gc, windows-amd64)
GC Precious Log:
 CPUs: 8 total, 8 available
 Memory: 7987M
 Large Page Support: Disabled
 NUMA Support: Disabled
 Compressed Oops: Enabled (32-bit)
 Heap Region Size: 1M
 Heap Min Capacity: 8M
 Heap Initial Capacity: 126M
 Heap Max Capacity: 1998M
 Pre-touch: Disabled
 Parallel Workers: 8
 Concurrent Workers: 2
 Concurrent Refinement Workers: 8
 Periodic GC: Disabled
Heap:
 garbage-first heap   total 148480K, used 80002K [0x0000000083200000, 0x0000000100000000)
  region size 1024K, 5 young (5120K), 5 survivors (5120K)
 Metaspace       used 31596K, committed 31936K, reserved 1081344K
  class space    used 4131K, committed 4288K, reserved 1048576K
GC Heap History (20 events):
Event: 11.449 GC heap after
{Heap after GC invocations=7 (full 0):
 garbage-first heap   total 58368K, used 20537K [0x0000000083200000, 0x0000000100000000)
  region size 1024K, 3 young (3072K), 3 survivors (3072K)
 Metaspace       used 27606K, committed 27968K, reserved 1073152K
  class space    used 3728K, committed 3904K, reserved 1048576K
}
Event: 11.588 GC heap before
{Heap before GC invocations=7 (full 0):
 garbage-first heap   total 58368K, used 38969K [0x0000000083200000, 0x0000000100000000)
  region size 1024K, 22 young (22528K), 3 survivors (3072K)
 Metaspace       used 27907K, committed 28224K, reserved 1081344K
  class space    used 3770K, committed 3904K, reserved 1048576K
}
Event: 11.595 GC heap after
{Heap after GC invocations=8 (full 0):
 garbage-first heap   total 58368K, used 24484K [0x0000000083200000, 0x0000000100000000)
  region size 1024K, 3 young (3072K), 3 survivors (3072K)
 Metaspace       used 27907K, committed 28224K, reserved 1081344K
  class space    used 3770K, committed 3904K, reserved 1048576K
}
Event: 11.826 GC heap before
{Heap before GC invocations=8 (full 0):
 garbage-first heap   total 58368K, used 40868K [0x0000000083200000, 0x0000000100000000)
  region size 1024K, 20 young (20480K), 3 survivors (3072K)
 Metaspace       used 28482K, committed 28800K, reserved 1081344K
  class space    used 3813K, committed 3968K, reserved 1048576K
}
Event: 11.837 GC heap after
{Heap after GC invocations=9 (full 0):
 garbage-first heap   total 95232K, used 27702K [0x0000000083200000, 0x0000000100000000)
  region size 1024K, 3 young (3072K), 3 survivors (3072K)
 Metaspace       used 28482K, committed 28800K, reserved 1081344K
  class space    used 3813K, committed 3968K, reserved 1048576K
}
Event: 12.138 GC heap before
{Heap before GC invocations=9 (full 0):
 garbage-first heap   total 95232K, used 66614K [0x0000000083200000, 0x0000000100000000)
  region size 1024K, 41 young (41984K), 3 survivors (3072K)
 Metaspace       used 29341K, committed 29696K, reserved 1081344K
  class space    used 3888K, committed 4032K, reserved 1048576K
}
Event: 12.149 GC heap after
{Heap after GC invocations=10 (full 0):
 garbage-first heap   total 95232K, used 33502K [0x0000000083200000, 0x0000000100000000)
  region size 1024K, 6 young (6144K), 6 survivors (6144K)
 Metaspace       used 29341K, committed 29696K, reserved 1081344K
  class space    used 3888K, committed 4032K, reserved 1048576K
}
Event: 12.292 GC heap before
{Heap before GC invocations=10 (full 0):
 garbage-first heap   total 95232K, used 67294K [0x0000000083200000, 0x0000000100000000)
  region size 1024K, 40 young (40960K), 6 survivors (6144K)
 Metaspace       used 29970K, committed 30336K, reserved 1081344K
  class space    used 3913K, committed 4096K, reserved 1048576K
}
Event: 12.307 GC heap after
{Heap after GC invocations=11 (full 0):
 garbage-first heap   total 95232K, used 42756K [0x0000000083200000, 0x0000000100000000)
  region size 1024K, 5 young (5120K), 5 survivors (5120K)
 Metaspace       used 29970K, committed 30336K, reserved 1081344K
  class space    used 3913K, committed 4096K, reserved 1048576K
}
Event: 12.616 GC heap before
{Heap before GC invocations=11 (full 0):
 garbage-first heap   total 95232K, used 68356K [0x0000000083200000, 0x0000000100000000)
  region size 1024K, 31 young (31744K), 5 survivors (5120K)
 Metaspace       used 30828K, committed 31232K, reserved 1081344K
  class space    used 4000K, committed 4160K, reserved 1048576K
}
Event: 12.630 GC heap after
{Heap after GC invocations=12 (full 0):
 garbage-first heap   total 95232K, used 49109K [0x0000000083200000, 0x0000000100000000)
  region size 1024K, 4 young (4096K), 4 survivors (4096K)
 Metaspace       used 30828K, committed 31232K, reserved 1081344K
  class space    used 4000K, committed 4160K, reserved 1048576K
}
Event: 12.894 GC heap before
{Heap before GC invocations=12 (full 0):
 garbage-first heap   total 95232K, used 60373K [0x0000000083200000, 0x0000000100000000)
  region size 1024K, 17 young (17408K), 4 survivors (4096K)
 Metaspace       used 31171K, committed 31552K, reserved 1081344K
  class space    used 4059K, committed 4224K, reserved 1048576K
}
Event: 12.903 GC heap after
{Heap after GC invocations=13 (full 0):
 garbage-first heap   total 148480K, used 54054K [0x0000000083200000, 0x0000000100000000)
  region size 1024K, 4 young (4096K), 4 survivors (4096K)
 Metaspace       used 31171K, committed 31552K, reserved 1081344K
  class space    used 4059K, committed 4224K, reserved 1048576K
}
Event: 13.138 GC heap before
{Heap before GC invocations=13 (full 0):
 garbage-first heap   total 148480K, used 109350K [0x0000000083200000, 0x0000000100000000)
  region size 1024K, 56 young (57344K), 4 survivors (4096K)
 Metaspace       used 31292K, committed 31680K, reserved 1081344K
  class space    used 4077K, committed 4288K, reserved 1048576K
}
Event: 13.175 GC heap after
{Heap after GC invocations=14 (full 0):
 garbage-first heap   total 148480K, used 74357K [0x0000000083200000, 0x0000000100000000)
  region size 1024K, 7 young (7168K), 7 survivors (7168K)
 Metaspace       used 31292K, committed 31680K, reserved 1081344K
  class space    used 4077K, committed 4288K, reserved 1048576K
}
Event: 13.248 GC heap before
{Heap before GC invocations=14 (full 0):
 garbage-first heap   total 148480K, used 109173K [0x0000000083200000, 0x0000000100000000)
  region size 1024K, 42 young (43008K), 7 survivors (7168K)
 Metaspace       used 31401K, committed 31744K, reserved 1081344K
  class space    used 4102K, committed 4288K, reserved 1048576K
}
Event: 13.256 GC heap after
{Heap after GC invocations=15 (full 0):
 garbage-first heap   total 148480K, used 76711K [0x0000000083200000, 0x0000000100000000)
  region size 1024K, 3 young (3072K), 3 survivors (3072K)
 Metaspace       used 31401K, committed 31744K, reserved 1081344K
  class space    used 4102K, committed 4288K, reserved 1048576K
}
Event: 13.343 GC heap before
{Heap before GC invocations=15 (full 0):
 garbage-first heap   total 148480K, used 111527K [0x0000000083200000, 0x0000000100000000)
  region size 1024K, 38 young (38912K), 3 survivors (3072K)
 Metaspace       used 31496K, committed 31872K, reserved 1081344K
  class space    used 4112K, committed 4288K, reserved 1048576K
}
Event: 13.347 GC heap after
{Heap after GC invocations=16 (full 0):
 garbage-first heap   total 148480K, used 78821K [0x0000000083200000, 0x0000000100000000)
  region size 1024K, 5 young (5120K), 5 survivors (5120K)
 Metaspace       used 31496K, committed 31872K, reserved 1081344K
  class space    used 4112K, committed 4288K, reserved 1048576K
}
Event: 13.427 GC heap before
{Heap before GC invocations=16 (full 0):
 garbage-first heap   total 148480K, used 113637K [0x0000000083200000, 0x0000000100000000)
  region size 1024K, 41 young (41984K), 5 survivors (5120K)
 Metaspace       used 31596K, committed 31936K, reserved 1081344K
  class space    used 4131K, committed 4288K, reserved 1048576K
}

