# JRE version: OpenJDK Runtime Environment Temurin-17.0.5+8 (17.0.5+8) (build 17.0.5+8)
# Java VM: OpenJDK 64-Bit Server VM Temurin-17.0.5+8 (17.0.5+8, mixed mode, emulated-client, sharing, tiered, compressed oops, compressed class ptrs, g1 gc, windows-amd64)
GC Precious Log:
 CPUs: 8 total, 8 available
 Memory: 7987M
 Large Page Support: Disabled
 NUMA Support: Disabled
 Compressed Oops: Enabled (32-bit)
 Heap Region Size: 1M
 Heap Min Capacity: 8M
 Heap Initial Capacity: 126M
 Heap Max Capacity: 1998M
 Pre-touch: Disabled
 Parallel Workers: 8
 Concurrent Workers: 2
 Concurrent Refinement Workers: 8
 Periodic GC: Disabled
Heap:
 garbage-first heap   total 122880K, used 35925K [0x0000000083200000, 0x0000000100000000)
  region size 1024K, 1 young (1024K), 0 survivors (0K)
 Metaspace       used 46559K, committed 47168K, reserved 1089536K
  class space    used 6316K, committed 6592K, reserved 1048576K
GC Heap History (20 events):
Event: 124.289 GC heap before
{Heap before GC invocations=36 (full 6):
 garbage-first heap   total 137216K, used 39455K [0x0000000083200000, 0x0000000100000000)
  region size 1024K, 1 young (1024K), 0 survivors (0K)
 Metaspace       used 46679K, committed 47168K, reserved 1089536K
  class space    used 6343K, committed 6592K, reserved 1048576K
}
Event: 124.327 GC heap after
{Heap after GC invocations=37 (full 7):
 garbage-first heap   total 137216K, used 38725K [0x0000000083200000, 0x0000000100000000)
  region size 1024K, 0 young (0K), 0 survivors (0K)
 Metaspace       used 46676K, committed 47168K, reserved 1089536K
  class space    used 6342K, committed 6592K, reserved 1048576K
}
Event: 134.568 GC heap before
{Heap before GC invocations=37 (full 7):
 garbage-first heap   total 137216K, used 38725K [0x0000000083200000, 0x0000000100000000)
  region size 1024K, 1 young (1024K), 0 survivors (0K)
 Metaspace       used 46676K, committed 47168K, reserved 1089536K
  class space    used 6342K, committed 6592K, reserved 1048576K
}
Event: 134.621 GC heap after
{Heap after GC invocations=38 (full 8):
 garbage-first heap   total 130048K, used 37159K [0x0000000083200000, 0x0000000100000000)
  region size 1024K, 0 young (0K), 0 survivors (0K)
 Metaspace       used 46612K, committed 47168K, reserved 1089536K
  class space    used 6329K, committed 6592K, reserved 1048576K
}
Event: 144.845 GC heap before
{Heap before GC invocations=38 (full 8):
 garbage-first heap   total 130048K, used 37159K [0x0000000083200000, 0x0000000100000000)
  region size 1024K, 1 young (1024K), 0 survivors (0K)
 Metaspace       used 46612K, committed 47168K, reserved 1089536K
  class space    used 6329K, committed 6592K, reserved 1048576K
}
Event: 144.887 GC heap after
{Heap after GC invocations=39 (full 9):
 garbage-first heap   total 126976K, used 35925K [0x0000000083200000, 0x0000000100000000)
  region size 1024K, 0 young (0K), 0 survivors (0K)
 Metaspace       used 46561K, committed 47168K, reserved 1089536K
  class space    used 6316K, committed 6592K, reserved 1048576K
}
Event: 155.102 GC heap before
{Heap before GC invocations=39 (full 9):
 garbage-first heap   total 126976K, used 35925K [0x0000000083200000, 0x0000000100000000)
  region size 1024K, 1 young (1024K), 0 survivors (0K)
 Metaspace       used 46561K, committed 47168K, reserved 1089536K
  class space    used 6316K, committed 6592K, reserved 1048576K
}
Event: 155.132 GC heap after
{Heap after GC invocations=40 (full 10):
 garbage-first heap   total 126976K, used 35925K [0x0000000083200000, 0x0000000100000000)
  region size 1024K, 0 young (0K), 0 survivors (0K)
 Metaspace       used 46561K, committed 47168K, reserved 1089536K
  class space    used 6316K, committed 6592K, reserved 1048576K
}
Event: 165.394 GC heap before
{Heap before GC invocations=40 (full 10):
 garbage-first heap   total 126976K, used 35925K [0x0000000083200000, 0x0000000100000000)
  region size 1024K, 1 young (1024K), 0 survivors (0K)
 Metaspace       used 46561K, committed 47168K, reserved 1089536K
  class space    used 6316K, committed 6592K, reserved 1048576K
}
Event: 165.443 GC heap after
{Heap after GC invocations=41 (full 11):
 garbage-first heap   total 126976K, used 35925K [0x0000000083200000, 0x0000000100000000)
  region size 1024K, 0 young (0K), 0 survivors (0K)
 Metaspace       used 46559K, committed 47168K, reserved 1089536K
  class space    used 6316K, committed 6592K, reserved 1048576K
}
Event: 175.698 GC heap before
{Heap before GC invocations=41 (full 11):
 garbage-first heap   total 126976K, used 35925K [0x0000000083200000, 0x0000000100000000)
  region size 1024K, 1 young (1024K), 0 survivors (0K)
 Metaspace       used 46559K, committed 47168K, reserved 1089536K
  class space    used 6316K, committed 6592K, reserved 1048576K
}
Event: 175.736 GC heap after
{Heap after GC invocations=42 (full 12):
 garbage-first heap   total 126976K, used 35925K [0x0000000083200000, 0x0000000100000000)
  region size 1024K, 0 young (0K), 0 survivors (0K)
 Metaspace       used 46559K, committed 47168K, reserved 1089536K
  class space    used 6316K, committed 6592K, reserved 1048576K
}
Event: 186.037 GC heap before
{Heap before GC invocations=42 (full 12):
 garbage-first heap   total 126976K, used 35925K [0x0000000083200000, 0x0000000100000000)
  region size 1024K, 1 young (1024K), 0 survivors (0K)
 Metaspace       used 46559K, committed 47168K, reserved 1089536K
  class space    used 6316K, committed 6592K, reserved 1048576K
}
Event: 186.076 GC heap after
{Heap after GC invocations=43 (full 13):
 garbage-first heap   total 126976K, used 35925K [0x0000000083200000, 0x0000000100000000)
  region size 1024K, 0 young (0K), 0 survivors (0K)
 Metaspace       used 46559K, committed 47168K, reserved 1089536K
  class space    used 6316K, committed 6592K, reserved 1048576K
}
Event: 196.348 GC heap before
{Heap before GC invocations=43 (full 13):
 garbage-first heap   total 126976K, used 35925K [0x0000000083200000, 0x0000000100000000)
  region size 1024K, 1 young (1024K), 0 survivors (0K)
 Metaspace       used 46559K, committed 47168K, reserved 1089536K
  class space    used 6316K, committed 6592K, reserved 1048576K
}
Event: 196.384 GC heap after
{Heap after GC invocations=44 (full 14):
 garbage-first heap   total 126976K, used 35925K [0x0000000083200000, 0x0000000100000000)
  region size 1024K, 0 young (0K), 0 survivors (0K)
 Metaspace       used 46559K, committed 47168K, reserved 1089536K
  class space    used 6316K, committed 6592K, reserved 1048576K
}
Event: 206.975 GC heap before
{Heap before GC invocations=44 (full 14):
 garbage-first heap   total 126976K, used 35925K [0x0000000083200000, 0x0000000100000000)
  region size 1024K, 1 young (1024K), 0 survivors (0K)
 Metaspace       used 46559K, committed 47168K, reserved 1089536K
  class space    used 6316K, committed 6592K, reserved 1048576K
}
Event: 207.024 GC heap after
{Heap after GC invocations=45 (full 15):
 garbage-first heap   total 122880K, used 35925K [0x0000000083200000, 0x0000000100000000)
  region size 1024K, 0 young (0K), 0 survivors (0K)
 Metaspace       used 46559K, committed 47168K, reserved 1089536K
  class space    used 6316K, committed 6592K, reserved 1048576K
}
Event: 217.989 GC heap before
{Heap before GC invocations=45 (full 15):
 garbage-first heap   total 122880K, used 35925K [0x0000000083200000, 0x0000000100000000)
  region size 1024K, 1 young (1024K), 0 survivors (0K)
 Metaspace       used 46559K, committed 47168K, reserved 1089536K
  class space    used 6316K, committed 6592K, reserved 1048576K
}
Event: 218.072 GC heap after
{Heap after GC invocations=46 (full 16):
 garbage-first heap   total 122880K, used 35925K [0x0000000083200000, 0x0000000100000000)
  region size 1024K, 0 young (0K), 0 survivors (0K)
 Metaspace       used 46559K, committed 47168K, reserved 1089536K
  class space    used 6316K, committed 6592K, reserved 1048576K
}

