# JRE version: OpenJDK Runtime Environment Temurin-17.0.4.1+1 (17.0.4.1+1) (build 17.0.4.1+1)
# Java VM: OpenJDK 64-Bit Server VM Temurin-17.0.4.1+1 (17.0.4.1+1, mixed mode, emulated-client, tiered, compressed oops, compressed class ptrs, g1 gc, windows-amd64)
GC Precious Log:
 CPUs: 8 total, 8 available
 Memory: 7987M
 Large Page Support: Disabled
 NUMA Support: Disabled
 Compressed Oops: Enabled (32-bit)
 Heap Region Size: 1M
 Heap Min Capacity: 8M
 Heap Initial Capacity: 126M
 Heap Max Capacity: 1998M
 Pre-touch: Disabled
 Parallel Workers: 8
 Concurrent Workers: 2
 Concurrent Refinement Workers: 8
 Periodic GC: Disabled
Heap:
 garbage-first heap   total 119808K, used 36639K [0x0000000083200000, 0x0000000100000000)
  region size 1024K, 1 young (1024K), 0 survivors (0K)
 Metaspace       used 53443K, committed 53952K, reserved 1097728K
  class space    used 7040K, committed 7296K, reserved 1048576K
GC Heap History (20 events):
Event: 1261.249 GC heap before
{Heap before GC invocations=139 (full 107):
 garbage-first heap   total 119808K, used 36639K [0x0000000083200000, 0x0000000100000000)
  region size 1024K, 1 young (1024K), 0 survivors (0K)
 Metaspace       used 53443K, committed 53952K, reserved 1097728K
  class space    used 7040K, committed 7296K, reserved 1048576K
}
Event: 1261.302 GC heap after
{Heap after GC invocations=140 (full 108):
 garbage-first heap   total 119808K, used 36639K [0x0000000083200000, 0x0000000100000000)
  region size 1024K, 0 young (0K), 0 survivors (0K)
 Metaspace       used 53443K, committed 53952K, reserved 1097728K
  class space    used 7040K, committed 7296K, reserved 1048576K
}
Event: 1271.536 GC heap before
{Heap before GC invocations=140 (full 108):
 garbage-first heap   total 119808K, used 36639K [0x0000000083200000, 0x0000000100000000)
  region size 1024K, 1 young (1024K), 0 survivors (0K)
 Metaspace       used 53443K, committed 53952K, reserved 1097728K
  class space    used 7040K, committed 7296K, reserved 1048576K
}
Event: 1271.569 GC heap after
{Heap after GC invocations=141 (full 109):
 garbage-first heap   total 119808K, used 36639K [0x0000000083200000, 0x0000000100000000)
  region size 1024K, 0 young (0K), 0 survivors (0K)
 Metaspace       used 53443K, committed 53952K, reserved 1097728K
  class space    used 7040K, committed 7296K, reserved 1048576K
}
Event: 1281.848 GC heap before
{Heap before GC invocations=141 (full 109):
 garbage-first heap   total 119808K, used 36639K [0x0000000083200000, 0x0000000100000000)
  region size 1024K, 1 young (1024K), 0 survivors (0K)
 Metaspace       used 53443K, committed 53952K, reserved 1097728K
  class space    used 7040K, committed 7296K, reserved 1048576K
}
Event: 1281.887 GC heap after
{Heap after GC invocations=142 (full 110):
 garbage-first heap   total 119808K, used 36639K [0x0000000083200000, 0x0000000100000000)
  region size 1024K, 0 young (0K), 0 survivors (0K)
 Metaspace       used 53443K, committed 53952K, reserved 1097728K
  class space    used 7040K, committed 7296K, reserved 1048576K
}
Event: 1292.330 GC heap before
{Heap before GC invocations=142 (full 110):
 garbage-first heap   total 119808K, used 36639K [0x0000000083200000, 0x0000000100000000)
  region size 1024K, 1 young (1024K), 0 survivors (0K)
 Metaspace       used 53443K, committed 53952K, reserved 1097728K
  class space    used 7040K, committed 7296K, reserved 1048576K
}
Event: 1292.401 GC heap after
{Heap after GC invocations=143 (full 111):
 garbage-first heap   total 119808K, used 36639K [0x0000000083200000, 0x0000000100000000)
  region size 1024K, 0 young (0K), 0 survivors (0K)
 Metaspace       used 53443K, committed 53952K, reserved 1097728K
  class space    used 7040K, committed 7296K, reserved 1048576K
}
Event: 1302.668 GC heap before
{Heap before GC invocations=143 (full 111):
 garbage-first heap   total 119808K, used 36639K [0x0000000083200000, 0x0000000100000000)
  region size 1024K, 1 young (1024K), 0 survivors (0K)
 Metaspace       used 53443K, committed 53952K, reserved 1097728K
  class space    used 7040K, committed 7296K, reserved 1048576K
}
Event: 1302.721 GC heap after
{Heap after GC invocations=144 (full 112):
 garbage-first heap   total 119808K, used 36639K [0x0000000083200000, 0x0000000100000000)
  region size 1024K, 0 young (0K), 0 survivors (0K)
 Metaspace       used 53443K, committed 53952K, reserved 1097728K
  class space    used 7040K, committed 7296K, reserved 1048576K
}
Event: 1312.959 GC heap before
{Heap before GC invocations=144 (full 112):
 garbage-first heap   total 119808K, used 36639K [0x0000000083200000, 0x0000000100000000)
  region size 1024K, 1 young (1024K), 0 survivors (0K)
 Metaspace       used 53443K, committed 53952K, reserved 1097728K
  class space    used 7040K, committed 7296K, reserved 1048576K
}
Event: 1313.003 GC heap after
{Heap after GC invocations=145 (full 113):
 garbage-first heap   total 119808K, used 36639K [0x0000000083200000, 0x0000000100000000)
  region size 1024K, 0 young (0K), 0 survivors (0K)
 Metaspace       used 53443K, committed 53952K, reserved 1097728K
  class space    used 7040K, committed 7296K, reserved 1048576K
}
Event: 1323.259 GC heap before
{Heap before GC invocations=145 (full 113):
 garbage-first heap   total 119808K, used 36639K [0x0000000083200000, 0x0000000100000000)
  region size 1024K, 1 young (1024K), 0 survivors (0K)
 Metaspace       used 53443K, committed 53952K, reserved 1097728K
  class space    used 7040K, committed 7296K, reserved 1048576K
}
Event: 1323.304 GC heap after
{Heap after GC invocations=146 (full 114):
 garbage-first heap   total 119808K, used 36639K [0x0000000083200000, 0x0000000100000000)
  region size 1024K, 0 young (0K), 0 survivors (0K)
 Metaspace       used 53443K, committed 53952K, reserved 1097728K
  class space    used 7040K, committed 7296K, reserved 1048576K
}
Event: 1333.558 GC heap before
{Heap before GC invocations=146 (full 114):
 garbage-first heap   total 119808K, used 36639K [0x0000000083200000, 0x0000000100000000)
  region size 1024K, 1 young (1024K), 0 survivors (0K)
 Metaspace       used 53443K, committed 53952K, reserved 1097728K
  class space    used 7040K, committed 7296K, reserved 1048576K
}
Event: 1333.630 GC heap after
{Heap after GC invocations=147 (full 115):
 garbage-first heap   total 119808K, used 36639K [0x0000000083200000, 0x0000000100000000)
  region size 1024K, 0 young (0K), 0 survivors (0K)
 Metaspace       used 53443K, committed 53952K, reserved 1097728K
  class space    used 7040K, committed 7296K, reserved 1048576K
}
Event: 1343.863 GC heap before
{Heap before GC invocations=147 (full 115):
 garbage-first heap   total 119808K, used 36639K [0x0000000083200000, 0x0000000100000000)
  region size 1024K, 1 young (1024K), 0 survivors (0K)
 Metaspace       used 53443K, committed 53952K, reserved 1097728K
  class space    used 7040K, committed 7296K, reserved 1048576K
}
Event: 1343.918 GC heap after
{Heap after GC invocations=148 (full 116):
 garbage-first heap   total 119808K, used 36639K [0x0000000083200000, 0x0000000100000000)
  region size 1024K, 0 young (0K), 0 survivors (0K)
 Metaspace       used 53443K, committed 53952K, reserved 1097728K
  class space    used 7040K, committed 7296K, reserved 1048576K
}
Event: 1354.142 GC heap before
{Heap before GC invocations=148 (full 116):
 garbage-first heap   total 119808K, used 36639K [0x0000000083200000, 0x0000000100000000)
  region size 1024K, 1 young (1024K), 0 survivors (0K)
 Metaspace       used 53443K, committed 53952K, reserved 1097728K
  class space    used 7040K, committed 7296K, reserved 1048576K
}
Event: 1354.180 GC heap after
{Heap after GC invocations=149 (full 117):
 garbage-first heap   total 119808K, used 36639K [0x0000000083200000, 0x0000000100000000)
  region size 1024K, 0 young (0K), 0 survivors (0K)
 Metaspace       used 53443K, committed 53952K, reserved 1097728K
  class space    used 7040K, committed 7296K, reserved 1048576K
}

