# JRE version: OpenJDK Runtime Environment Temurin-17.0.4.1+1 (17.0.4.1+1) (build 17.0.4.1+1)
# Java VM: OpenJDK 64-Bit Server VM Temurin-17.0.4.1+1 (17.0.4.1+1, mixed mode, emulated-client, tiered, compressed oops, compressed class ptrs, g1 gc, windows-amd64)
GC Precious Log:
 CPUs: 8 total, 8 available
 Memory: 7987M
 Large Page Support: Disabled
 NUMA Support: Disabled
 Compressed Oops: Enabled (32-bit)
 Heap Region Size: 1M
 Heap Min Capacity: 8M
 Heap Initial Capacity: 126M
 Heap Max Capacity: 1998M
 Pre-touch: Disabled
 Parallel Workers: 8
 Concurrent Workers: 2
 Concurrent Refinement Workers: 8
 Periodic GC: Disabled
Heap:
 garbage-first heap   total 353280K, used 96878K [0x0000000083200000, 0x0000000100000000)
  region size 1024K, 17 young (17408K), 17 survivors (17408K)
 Metaspace       used 36920K, committed 37248K, reserved 1081344K
  class space    used 4786K, committed 4928K, reserved 1048576K
GC Heap History (20 events):
Event: 6.606 GC heap after
{Heap after GC invocations=15 (full 0):
 garbage-first heap   total 131072K, used 37332K [0x0000000083200000, 0x0000000100000000)
  region size 1024K, 3 young (3072K), 3 survivors (3072K)
 Metaspace       used 34239K, committed 34560K, reserved 1081344K
  class space    used 4376K, committed 4544K, reserved 1048576K
}
Event: 7.008 GC heap before
{Heap before GC invocations=16 (full 0):
 garbage-first heap   total 131072K, used 90580K [0x0000000083200000, 0x0000000100000000)
  region size 1024K, 56 young (57344K), 3 survivors (3072K)
 Metaspace       used 35807K, committed 36096K, reserved 1081344K
  class space    used 4663K, committed 4800K, reserved 1048576K
}
Event: 7.020 GC heap after
{Heap after GC invocations=17 (full 0):
 garbage-first heap   total 131072K, used 49931K [0x0000000083200000, 0x0000000100000000)
  region size 1024K, 7 young (7168K), 7 survivors (7168K)
 Metaspace       used 35807K, committed 36096K, reserved 1081344K
  class space    used 4663K, committed 4800K, reserved 1048576K
}
Event: 7.029 GC heap before
{Heap before GC invocations=17 (full 0):
 garbage-first heap   total 131072K, used 50955K [0x0000000083200000, 0x0000000100000000)
  region size 1024K, 8 young (8192K), 7 survivors (7168K)
 Metaspace       used 35882K, committed 36160K, reserved 1081344K
  class space    used 4670K, committed 4800K, reserved 1048576K
}
Event: 7.035 GC heap after
{Heap after GC invocations=18 (full 0):
 garbage-first heap   total 131072K, used 52146K [0x0000000083200000, 0x0000000100000000)
  region size 1024K, 1 young (1024K), 1 survivors (1024K)
 Metaspace       used 35882K, committed 36160K, reserved 1081344K
  class space    used 4670K, committed 4800K, reserved 1048576K
}
Event: 7.118 GC heap before
{Heap before GC invocations=18 (full 0):
 garbage-first heap   total 131072K, used 91058K [0x0000000083200000, 0x0000000100000000)
  region size 1024K, 39 young (39936K), 1 survivors (1024K)
 Metaspace       used 36509K, committed 36864K, reserved 1081344K
  class space    used 4750K, committed 4928K, reserved 1048576K
}
Event: 7.145 GC heap after
{Heap after GC invocations=19 (full 0):
 garbage-first heap   total 131072K, used 65417K [0x0000000083200000, 0x0000000100000000)
  region size 1024K, 5 young (5120K), 5 survivors (5120K)
 Metaspace       used 36509K, committed 36864K, reserved 1081344K
  class space    used 4750K, committed 4928K, reserved 1048576K
}
Event: 7.166 GC heap before
{Heap before GC invocations=19 (full 0):
 garbage-first heap   total 131072K, used 95113K [0x0000000083200000, 0x0000000100000000)
  region size 1024K, 35 young (35840K), 5 survivors (5120K)
 Metaspace       used 36537K, committed 36864K, reserved 1081344K
  class space    used 4752K, committed 4928K, reserved 1048576K
}
Event: 7.172 GC heap after
{Heap after GC invocations=20 (full 0):
 garbage-first heap   total 131072K, used 67953K [0x0000000083200000, 0x0000000100000000)
  region size 1024K, 2 young (2048K), 2 survivors (2048K)
 Metaspace       used 36537K, committed 36864K, reserved 1081344K
  class space    used 4752K, committed 4928K, reserved 1048576K
}
Event: 7.200 GC heap before
{Heap before GC invocations=20 (full 0):
 garbage-first heap   total 131072K, used 98673K [0x0000000083200000, 0x0000000100000000)
  region size 1024K, 33 young (33792K), 2 survivors (2048K)
 Metaspace       used 36561K, committed 36928K, reserved 1081344K
  class space    used 4755K, committed 4928K, reserved 1048576K
}
Event: 7.205 GC heap after
{Heap after GC invocations=21 (full 0):
 garbage-first heap   total 353280K, used 69050K [0x0000000083200000, 0x0000000100000000)
  region size 1024K, 3 young (3072K), 3 survivors (3072K)
 Metaspace       used 36561K, committed 36928K, reserved 1081344K
  class space    used 4755K, committed 4928K, reserved 1048576K
}
Event: 7.325 GC heap before
{Heap before GC invocations=22 (full 0):
 garbage-first heap   total 353280K, used 204218K [0x0000000083200000, 0x0000000100000000)
  region size 1024K, 137 young (140288K), 3 survivors (3072K)
 Metaspace       used 36647K, committed 36992K, reserved 1081344K
  class space    used 4763K, committed 4928K, reserved 1048576K
}
Event: 7.332 GC heap after
{Heap after GC invocations=23 (full 0):
 garbage-first heap   total 353280K, used 73311K [0x0000000083200000, 0x0000000100000000)
  region size 1024K, 9 young (9216K), 9 survivors (9216K)
 Metaspace       used 36647K, committed 36992K, reserved 1081344K
  class space    used 4763K, committed 4928K, reserved 1048576K
}
Event: 7.337 GC heap before
{Heap before GC invocations=23 (full 0):
 garbage-first heap   total 353280K, used 80479K [0x0000000083200000, 0x0000000100000000)
  region size 1024K, 17 young (17408K), 9 survivors (9216K)
 Metaspace       used 36647K, committed 36992K, reserved 1081344K
  class space    used 4763K, committed 4928K, reserved 1048576K
}
Event: 7.345 GC heap after
{Heap after GC invocations=24 (full 0):
 garbage-first heap   total 353280K, used 73145K [0x0000000083200000, 0x0000000100000000)
  region size 1024K, 2 young (2048K), 2 survivors (2048K)
 Metaspace       used 36647K, committed 36992K, reserved 1081344K
  class space    used 4763K, committed 4928K, reserved 1048576K
}
Event: 7.407 GC heap before
{Heap before GC invocations=24 (full 0):
 garbage-first heap   total 353280K, used 264633K [0x0000000083200000, 0x0000000100000000)
  region size 1024K, 190 young (194560K), 2 survivors (2048K)
 Metaspace       used 36790K, committed 37120K, reserved 1081344K
  class space    used 4773K, committed 4928K, reserved 1048576K
}
Event: 7.415 GC heap after
{Heap after GC invocations=25 (full 0):
 garbage-first heap   total 353280K, used 80088K [0x0000000083200000, 0x0000000100000000)
  region size 1024K, 9 young (9216K), 9 survivors (9216K)
 Metaspace       used 36790K, committed 37120K, reserved 1081344K
  class space    used 4773K, committed 4928K, reserved 1048576K
}
Event: 7.474 GC heap before
{Heap before GC invocations=25 (full 0):
 garbage-first heap   total 353280K, used 272600K [0x0000000083200000, 0x0000000100000000)
  region size 1024K, 198 young (202752K), 9 survivors (9216K)
 Metaspace       used 36812K, committed 37120K, reserved 1081344K
  class space    used 4775K, committed 4928K, reserved 1048576K
}
Event: 7.486 GC heap after
{Heap after GC invocations=26 (full 0):
 garbage-first heap   total 353280K, used 88092K [0x0000000083200000, 0x0000000100000000)
  region size 1024K, 16 young (16384K), 16 survivors (16384K)
 Metaspace       used 36812K, committed 37120K, reserved 1081344K
  class space    used 4775K, committed 4928K, reserved 1048576K
}
Event: 7.548 GC heap before
{Heap before GC invocations=26 (full 0):
 garbage-first heap   total 353280K, used 279580K [0x0000000083200000, 0x0000000100000000)
  region size 1024K, 204 young (208896K), 16 survivors (16384K)
 Metaspace       used 36920K, committed 37248K, reserved 1081344K
  class space    used 4786K, committed 4928K, reserved 1048576K
}

