# JRE version: OpenJDK Runtime Environment Temurin-17.0.4.1+1 (17.0.4.1+1) (build 17.0.4.1+1)
# Java VM: OpenJDK 64-Bit Server VM Temurin-17.0.4.1+1 (17.0.4.1+1, mixed mode, emulated-client, tiered, compressed oops, compressed class ptrs, g1 gc, windows-amd64)
GC Precious Log:
 CPUs: 8 total, 8 available
 Memory: 7987M
 Large Page Support: Disabled
 NUMA Support: Disabled
 Compressed Oops: Enabled (32-bit)
 Heap Region Size: 1M
 Heap Min Capacity: 8M
 Heap Initial Capacity: 126M
 Heap Max Capacity: 1998M
 Pre-touch: Disabled
 Parallel Workers: 8
 Concurrent Workers: 2
 Concurrent Refinement Workers: 8
 Periodic GC: Disabled
Heap:
 garbage-first heap   total 251904K, used 80811K [0x0000000083200000, 0x0000000100000000)
  region size 1024K, 13 young (13312K), 13 survivors (13312K)
 Metaspace       used 36654K, committed 36992K, reserved 1081344K
  class space    used 4754K, committed 4928K, reserved 1048576K
GC Heap History (20 events):
Event: 3.682 GC heap after
{Heap after GC invocations=11 (full 0):
 garbage-first heap   total 88064K, used 30899K [0x0000000083200000, 0x0000000100000000)
  region size 1024K, 3 young (3072K), 3 survivors (3072K)
 Metaspace       used 33847K, committed 34176K, reserved 1081344K
  class space    used 4316K, committed 4480K, reserved 1048576K
}
Event: 3.768 GC heap before
{Heap before GC invocations=12 (full 0):
 garbage-first heap   total 88064K, used 61619K [0x0000000083200000, 0x0000000100000000)
  region size 1024K, 33 young (33792K), 3 survivors (3072K)
 Metaspace       used 34276K, committed 34560K, reserved 1081344K
  class space    used 4384K, committed 4544K, reserved 1048576K
}
Event: 3.773 GC heap after
{Heap after GC invocations=13 (full 0):
 garbage-first heap   total 88064K, used 35707K [0x0000000083200000, 0x0000000100000000)
  region size 1024K, 5 young (5120K), 5 survivors (5120K)
 Metaspace       used 34276K, committed 34560K, reserved 1081344K
  class space    used 4384K, committed 4544K, reserved 1048576K
}
Event: 3.776 GC heap before
{Heap before GC invocations=13 (full 0):
 garbage-first heap   total 88064K, used 36731K [0x0000000083200000, 0x0000000100000000)
  region size 1024K, 6 young (6144K), 5 survivors (5120K)
 Metaspace       used 34285K, committed 34624K, reserved 1081344K
  class space    used 4385K, committed 4544K, reserved 1048576K
}
Event: 3.779 GC heap after
{Heap after GC invocations=14 (full 0):
 garbage-first heap   total 88064K, used 36625K [0x0000000083200000, 0x0000000100000000)
  region size 1024K, 1 young (1024K), 1 survivors (1024K)
 Metaspace       used 34285K, committed 34624K, reserved 1081344K
  class space    used 4385K, committed 4544K, reserved 1048576K
}
Event: 3.846 GC heap before
{Heap before GC invocations=14 (full 0):
 garbage-first heap   total 88064K, used 63249K [0x0000000083200000, 0x0000000100000000)
  region size 1024K, 27 young (27648K), 1 survivors (1024K)
 Metaspace       used 34476K, committed 34816K, reserved 1081344K
  class space    used 4409K, committed 4608K, reserved 1048576K
}
Event: 3.852 GC heap after
{Heap after GC invocations=15 (full 0):
 garbage-first heap   total 88064K, used 43972K [0x0000000083200000, 0x0000000100000000)
  region size 1024K, 4 young (4096K), 4 survivors (4096K)
 Metaspace       used 34476K, committed 34816K, reserved 1081344K
  class space    used 4409K, committed 4608K, reserved 1048576K
}
Event: 3.991 GC heap before
{Heap before GC invocations=15 (full 0):
 garbage-first heap   total 88064K, used 65476K [0x0000000083200000, 0x0000000100000000)
  region size 1024K, 25 young (25600K), 4 survivors (4096K)
 Metaspace       used 35498K, committed 35840K, reserved 1081344K
  class space    used 4590K, committed 4736K, reserved 1048576K
}
Event: 3.997 GC heap after
{Heap after GC invocations=16 (full 0):
 garbage-first heap   total 88064K, used 48423K [0x0000000083200000, 0x0000000100000000)
  region size 1024K, 4 young (4096K), 4 survivors (4096K)
 Metaspace       used 35498K, committed 35840K, reserved 1081344K
  class space    used 4590K, committed 4736K, reserved 1048576K
}
Event: 4.077 GC heap before
{Heap before GC invocations=17 (full 0):
 garbage-first heap   total 94208K, used 66855K [0x0000000083200000, 0x0000000100000000)
  region size 1024K, 22 young (22528K), 4 survivors (4096K)
 Metaspace       used 36001K, committed 36352K, reserved 1081344K
  class space    used 4698K, committed 4864K, reserved 1048576K
}
Event: 4.084 GC heap after
{Heap after GC invocations=18 (full 0):
 garbage-first heap   total 94208K, used 56420K [0x0000000083200000, 0x0000000100000000)
  region size 1024K, 3 young (3072K), 3 survivors (3072K)
 Metaspace       used 36001K, committed 36352K, reserved 1081344K
  class space    used 4698K, committed 4864K, reserved 1048576K
}
Event: 4.086 GC heap before
{Heap before GC invocations=18 (full 0):
 garbage-first heap   total 94208K, used 57444K [0x0000000083200000, 0x0000000100000000)
  region size 1024K, 4 young (4096K), 3 survivors (3072K)
 Metaspace       used 36006K, committed 36352K, reserved 1081344K
  class space    used 4698K, committed 4864K, reserved 1048576K
}
Event: 4.091 GC heap after
{Heap after GC invocations=19 (full 0):
 garbage-first heap   total 251904K, used 56932K [0x0000000083200000, 0x0000000100000000)
  region size 1024K, 1 young (1024K), 1 survivors (1024K)
 Metaspace       used 36006K, committed 36352K, reserved 1081344K
  class space    used 4698K, committed 4864K, reserved 1048576K
}
Event: 4.178 GC heap before
{Heap before GC invocations=19 (full 0):
 garbage-first heap   total 251904K, used 158308K [0x0000000083200000, 0x0000000100000000)
  region size 1024K, 100 young (102400K), 1 survivors (1024K)
 Metaspace       used 36461K, committed 36800K, reserved 1081344K
  class space    used 4738K, committed 4928K, reserved 1048576K
}
Event: 4.200 GC heap after
{Heap after GC invocations=20 (full 0):
 garbage-first heap   total 251904K, used 67948K [0x0000000083200000, 0x0000000100000000)
  region size 1024K, 11 young (11264K), 11 survivors (11264K)
 Metaspace       used 36461K, committed 36800K, reserved 1081344K
  class space    used 4738K, committed 4928K, reserved 1048576K
}
Event: 4.227 GC heap before
{Heap before GC invocations=20 (full 0):
 garbage-first heap   total 251904K, used 168300K [0x0000000083200000, 0x0000000100000000)
  region size 1024K, 110 young (112640K), 11 survivors (11264K)
 Metaspace       used 36492K, committed 36864K, reserved 1081344K
  class space    used 4739K, committed 4928K, reserved 1048576K
}
Event: 4.244 GC heap after
{Heap after GC invocations=21 (full 0):
 garbage-first heap   total 251904K, used 72344K [0x0000000083200000, 0x0000000100000000)
  region size 1024K, 5 young (5120K), 5 survivors (5120K)
 Metaspace       used 36492K, committed 36864K, reserved 1081344K
  class space    used 4739K, committed 4928K, reserved 1048576K
}
Event: 4.277 GC heap before
{Heap before GC invocations=21 (full 0):
 garbage-first heap   total 251904K, used 175768K [0x0000000083200000, 0x0000000100000000)
  region size 1024K, 107 young (109568K), 5 survivors (5120K)
 Metaspace       used 36617K, committed 36992K, reserved 1081344K
  class space    used 4751K, committed 4928K, reserved 1048576K
}
Event: 4.282 GC heap after
{Heap after GC invocations=22 (full 0):
 garbage-first heap   total 251904K, used 75814K [0x0000000083200000, 0x0000000100000000)
  region size 1024K, 8 young (8192K), 8 survivors (8192K)
 Metaspace       used 36617K, committed 36992K, reserved 1081344K
  class space    used 4751K, committed 4928K, reserved 1048576K
}
Event: 4.314 GC heap before
{Heap before GC invocations=22 (full 0):
 garbage-first heap   total 251904K, used 189478K [0x0000000083200000, 0x0000000100000000)
  region size 1024K, 120 young (122880K), 8 survivors (8192K)
 Metaspace       used 36654K, committed 36992K, reserved 1081344K
  class space    used 4754K, committed 4928K, reserved 1048576K
}

