# JRE version: OpenJDK Runtime Environment Temurin-17.0.4.1+1 (17.0.4.1+1) (build 17.0.4.1+1)
# Java VM: OpenJDK 64-Bit Server VM Temurin-17.0.4.1+1 (17.0.4.1+1, mixed mode, emulated-client, tiered, compressed oops, compressed class ptrs, g1 gc, windows-amd64)
GC Precious Log:
 CPUs: 8 total, 8 available
 Memory: 7987M
 Large Page Support: Disabled
 NUMA Support: Disabled
 Compressed Oops: Enabled (32-bit)
 Heap Region Size: 1M
 Heap Min Capacity: 8M
 Heap Initial Capacity: 126M
 Heap Max Capacity: 1998M
 Pre-touch: Disabled
 Parallel Workers: 8
 Concurrent Workers: 2
 Concurrent Refinement Workers: 8
 Periodic GC: Disabled
Heap:
 garbage-first heap   total 94208K, used 61176K [0x0000000083200000, 0x0000000100000000)
  region size 1024K, 3 young (3072K), 3 survivors (3072K)
 Metaspace       used 38293K, committed 38656K, reserved 1089536K
  class space    used 4832K, committed 4992K, reserved 1048576K
GC Heap History (20 events):
Event: 4.365 GC heap after
{Heap after GC invocations=8 (full 0):
 garbage-first heap   total 61440K, used 20633K [0x0000000083200000, 0x0000000100000000)
  region size 1024K, 4 young (4096K), 4 survivors (4096K)
 Metaspace       used 35341K, committed 35648K, reserved 1081344K
  class space    used 4578K, committed 4736K, reserved 1048576K
}
Event: 4.484 GC heap before
{Heap before GC invocations=8 (full 0):
 garbage-first heap   total 61440K, used 43161K [0x0000000083200000, 0x0000000100000000)
  region size 1024K, 27 young (27648K), 4 survivors (4096K)
 Metaspace       used 35769K, committed 36096K, reserved 1081344K
  class space    used 4627K, committed 4800K, reserved 1048576K
}
Event: 4.493 GC heap after
{Heap after GC invocations=9 (full 0):
 garbage-first heap   total 61440K, used 24850K [0x0000000083200000, 0x0000000100000000)
  region size 1024K, 4 young (4096K), 4 survivors (4096K)
 Metaspace       used 35769K, committed 36096K, reserved 1081344K
  class space    used 4627K, committed 4800K, reserved 1048576K
}
Event: 4.557 GC heap before
{Heap before GC invocations=9 (full 0):
 garbage-first heap   total 61440K, used 37138K [0x0000000083200000, 0x0000000100000000)
  region size 1024K, 18 young (18432K), 4 survivors (4096K)
 Metaspace       used 35849K, committed 36160K, reserved 1081344K
  class space    used 4634K, committed 4800K, reserved 1048576K
}
Event: 4.562 GC heap after
{Heap after GC invocations=10 (full 0):
 garbage-first heap   total 61440K, used 28115K [0x0000000083200000, 0x0000000100000000)
  region size 1024K, 3 young (3072K), 3 survivors (3072K)
 Metaspace       used 35849K, committed 36160K, reserved 1081344K
  class space    used 4634K, committed 4800K, reserved 1048576K
}
Event: 4.692 GC heap before
{Heap before GC invocations=11 (full 0):
 garbage-first heap   total 61440K, used 44499K [0x0000000083200000, 0x0000000100000000)
  region size 1024K, 20 young (20480K), 3 survivors (3072K)
 Metaspace       used 36275K, committed 36608K, reserved 1081344K
  class space    used 4672K, committed 4800K, reserved 1048576K
}
Event: 4.701 GC heap after
{Heap after GC invocations=12 (full 0):
 garbage-first heap   total 61440K, used 30940K [0x0000000083200000, 0x0000000100000000)
  region size 1024K, 3 young (3072K), 3 survivors (3072K)
 Metaspace       used 36275K, committed 36608K, reserved 1081344K
  class space    used 4672K, committed 4800K, reserved 1048576K
}
Event: 4.789 GC heap before
{Heap before GC invocations=12 (full 0):
 garbage-first heap   total 61440K, used 46300K [0x0000000083200000, 0x0000000100000000)
  region size 1024K, 18 young (18432K), 3 survivors (3072K)
 Metaspace       used 36616K, committed 36992K, reserved 1081344K
  class space    used 4712K, committed 4864K, reserved 1048576K
}
Event: 4.794 GC heap after
{Heap after GC invocations=13 (full 0):
 garbage-first heap   total 94208K, used 33820K [0x0000000083200000, 0x0000000100000000)
  region size 1024K, 3 young (3072K), 3 survivors (3072K)
 Metaspace       used 36616K, committed 36992K, reserved 1081344K
  class space    used 4712K, committed 4864K, reserved 1048576K
}
Event: 5.013 GC heap before
{Heap before GC invocations=14 (full 0):
 garbage-first heap   total 94208K, used 66588K [0x0000000083200000, 0x0000000100000000)
  region size 1024K, 35 young (35840K), 3 survivors (3072K)
 Metaspace       used 37080K, committed 37440K, reserved 1081344K
  class space    used 4746K, committed 4928K, reserved 1048576K
}
Event: 5.027 GC heap after
{Heap after GC invocations=15 (full 0):
 garbage-first heap   total 94208K, used 42191K [0x0000000083200000, 0x0000000100000000)
  region size 1024K, 5 young (5120K), 5 survivors (5120K)
 Metaspace       used 37080K, committed 37440K, reserved 1081344K
  class space    used 4746K, committed 4928K, reserved 1048576K
}
Event: 5.040 GC heap before
{Heap before GC invocations=15 (full 0):
 garbage-first heap   total 94208K, used 43215K [0x0000000083200000, 0x0000000100000000)
  region size 1024K, 6 young (6144K), 5 survivors (5120K)
 Metaspace       used 37125K, committed 37504K, reserved 1081344K
  class space    used 4747K, committed 4928K, reserved 1048576K
}
Event: 5.045 GC heap after
{Heap after GC invocations=16 (full 0):
 garbage-first heap   total 94208K, used 43370K [0x0000000083200000, 0x0000000100000000)
  region size 1024K, 1 young (1024K), 1 survivors (1024K)
 Metaspace       used 37125K, committed 37504K, reserved 1081344K
  class space    used 4747K, committed 4928K, reserved 1048576K
}
Event: 5.165 GC heap before
{Heap before GC invocations=16 (full 0):
 garbage-first heap   total 94208K, used 67946K [0x0000000083200000, 0x0000000100000000)
  region size 1024K, 26 young (26624K), 1 survivors (1024K)
 Metaspace       used 37742K, committed 38080K, reserved 1089536K
  class space    used 4772K, committed 4928K, reserved 1048576K
}
Event: 5.172 GC heap after
{Heap after GC invocations=17 (full 0):
 garbage-first heap   total 94208K, used 48258K [0x0000000083200000, 0x0000000100000000)
  region size 1024K, 4 young (4096K), 4 survivors (4096K)
 Metaspace       used 37742K, committed 38080K, reserved 1089536K
  class space    used 4772K, committed 4928K, reserved 1048576K
}
Event: 6.465 GC heap before
{Heap before GC invocations=18 (full 0):
 garbage-first heap   total 94208K, used 69762K [0x0000000083200000, 0x0000000100000000)
  region size 1024K, 25 young (25600K), 4 survivors (4096K)
 Metaspace       used 38293K, committed 38656K, reserved 1089536K
  class space    used 4832K, committed 4992K, reserved 1048576K
}
Event: 6.474 GC heap after
{Heap after GC invocations=19 (full 0):
 garbage-first heap   total 94208K, used 55084K [0x0000000083200000, 0x0000000100000000)
  region size 1024K, 4 young (4096K), 4 survivors (4096K)
 Metaspace       used 38293K, committed 38656K, reserved 1089536K
  class space    used 4832K, committed 4992K, reserved 1048576K
}
Event: 6.478 GC heap before
{Heap before GC invocations=19 (full 0):
 garbage-first heap   total 94208K, used 56108K [0x0000000083200000, 0x0000000100000000)
  region size 1024K, 5 young (5120K), 4 survivors (4096K)
 Metaspace       used 38293K, committed 38656K, reserved 1089536K
  class space    used 4832K, committed 4992K, reserved 1048576K
}
Event: 6.482 GC heap after
{Heap after GC invocations=20 (full 0):
 garbage-first heap   total 94208K, used 55910K [0x0000000083200000, 0x0000000100000000)
  region size 1024K, 1 young (1024K), 1 survivors (1024K)
 Metaspace       used 38293K, committed 38656K, reserved 1089536K
  class space    used 4832K, committed 4992K, reserved 1048576K
}
Event: 6.501 GC heap before
{Heap before GC invocations=20 (full 0):
 garbage-first heap   total 94208K, used 66150K [0x0000000083200000, 0x0000000100000000)
  region size 1024K, 12 young (12288K), 1 survivors (1024K)
 Metaspace       used 38293K, committed 38656K, reserved 1089536K
  class space    used 4832K, committed 4992K, reserved 1048576K
}

