# JRE version: OpenJDK Runtime Environment Temurin-17.0.4.1+1 (17.0.4.1+1) (build 17.0.4.1+1)
# Java VM: OpenJDK 64-Bit Server VM Temurin-17.0.4.1+1 (17.0.4.1+1, mixed mode, emulated-client, tiered, compressed oops, compressed class ptrs, g1 gc, windows-amd64)
GC Precious Log:
 CPUs: 8 total, 8 available
 Memory: 7987M
 Large Page Support: Disabled
 NUMA Support: Disabled
 Compressed Oops: Enabled (32-bit)
 Heap Region Size: 1M
 Heap Min Capacity: 8M
 Heap Initial Capacity: 126M
 Heap Max Capacity: 1998M
 Pre-touch: Disabled
 Parallel Workers: 8
 Concurrent Workers: 2
 Concurrent Refinement Workers: 8
 Periodic GC: Disabled
Heap:
 garbage-first heap   total 467968K, used 125669K [0x0000000083200000, 0x0000000100000000)
  region size 1024K, 27 young (27648K), 27 survivors (27648K)
 Metaspace       used 39193K, committed 39552K, reserved 1089536K
  class space    used 4963K, committed 5120K, reserved 1048576K
GC Heap History (20 events):
Event: 4.924 GC heap after
{Heap after GC invocations=15 (full 0):
 garbage-first heap   total 104448K, used 55360K [0x0000000083200000, 0x0000000100000000)
  region size 1024K, 2 young (2048K), 2 survivors (2048K)
 Metaspace       used 35809K, committed 36096K, reserved 1081344K
  class space    used 4647K, committed 4800K, reserved 1048576K
}
Event: 5.351 GC heap before
{Heap before GC invocations=16 (full 0):
 garbage-first heap   total 104448K, used 77888K [0x0000000083200000, 0x0000000100000000)
  region size 1024K, 25 young (25600K), 2 survivors (2048K)
 Metaspace       used 36183K, committed 36480K, reserved 1081344K
  class space    used 4721K, committed 4864K, reserved 1048576K
}
Event: 5.387 GC heap after
{Heap after GC invocations=17 (full 0):
 garbage-first heap   total 104448K, used 63427K [0x0000000083200000, 0x0000000100000000)
  region size 1024K, 4 young (4096K), 4 survivors (4096K)
 Metaspace       used 36183K, committed 36480K, reserved 1081344K
  class space    used 4721K, committed 4864K, reserved 1048576K
}
Event: 5.396 GC heap before
{Heap before GC invocations=17 (full 0):
 garbage-first heap   total 104448K, used 63427K [0x0000000083200000, 0x0000000100000000)
  region size 1024K, 5 young (5120K), 4 survivors (4096K)
 Metaspace       used 36183K, committed 36480K, reserved 1081344K
  class space    used 4721K, committed 4864K, reserved 1048576K
}
Event: 5.403 GC heap after
{Heap after GC invocations=18 (full 0):
 garbage-first heap   total 208896K, used 63640K [0x0000000083200000, 0x0000000100000000)
  region size 1024K, 1 young (1024K), 1 survivors (1024K)
 Metaspace       used 36183K, committed 36480K, reserved 1081344K
  class space    used 4721K, committed 4864K, reserved 1048576K
}
Event: 5.495 GC heap before
{Heap before GC invocations=18 (full 0):
 garbage-first heap   total 208896K, used 131224K [0x0000000083200000, 0x0000000100000000)
  region size 1024K, 68 young (69632K), 1 survivors (1024K)
 Metaspace       used 36213K, committed 36544K, reserved 1081344K
  class space    used 4724K, committed 4864K, reserved 1048576K
}
Event: 5.499 GC heap after
{Heap after GC invocations=19 (full 0):
 garbage-first heap   total 208896K, used 66170K [0x0000000083200000, 0x0000000100000000)
  region size 1024K, 4 young (4096K), 4 survivors (4096K)
 Metaspace       used 36213K, committed 36544K, reserved 1081344K
  class space    used 4724K, committed 4864K, reserved 1048576K
}
Event: 5.588 GC heap before
{Heap before GC invocations=19 (full 0):
 garbage-first heap   total 208896K, used 149114K [0x0000000083200000, 0x0000000100000000)
  region size 1024K, 87 young (89088K), 4 survivors (4096K)
 Metaspace       used 36376K, committed 36736K, reserved 1081344K
  class space    used 4745K, committed 4928K, reserved 1048576K
}
Event: 5.598 GC heap after
{Heap after GC invocations=20 (full 0):
 garbage-first heap   total 208896K, used 69415K [0x0000000083200000, 0x0000000100000000)
  region size 1024K, 7 young (7168K), 7 survivors (7168K)
 Metaspace       used 36376K, committed 36736K, reserved 1081344K
  class space    used 4745K, committed 4928K, reserved 1048576K
}
Event: 5.673 GC heap before
{Heap before GC invocations=20 (full 0):
 garbage-first heap   total 208896K, used 156455K [0x0000000083200000, 0x0000000100000000)
  region size 1024K, 94 young (96256K), 7 survivors (7168K)
 Metaspace       used 36410K, committed 36736K, reserved 1081344K
  class space    used 4751K, committed 4928K, reserved 1048576K
}
Event: 5.683 GC heap after
{Heap after GC invocations=21 (full 0):
 garbage-first heap   total 208896K, used 73624K [0x0000000083200000, 0x0000000100000000)
  region size 1024K, 11 young (11264K), 11 survivors (11264K)
 Metaspace       used 36410K, committed 36736K, reserved 1081344K
  class space    used 4751K, committed 4928K, reserved 1048576K
}
Event: 5.757 GC heap before
{Heap before GC invocations=21 (full 0):
 garbage-first heap   total 208896K, used 160664K [0x0000000083200000, 0x0000000100000000)
  region size 1024K, 98 young (100352K), 11 survivors (11264K)
 Metaspace       used 36421K, committed 36736K, reserved 1081344K
  class space    used 4751K, committed 4928K, reserved 1048576K
}
Event: 5.770 GC heap after
{Heap after GC invocations=22 (full 0):
 garbage-first heap   total 467968K, used 76819K [0x0000000083200000, 0x0000000100000000)
  region size 1024K, 8 young (8192K), 8 survivors (8192K)
 Metaspace       used 36421K, committed 36736K, reserved 1081344K
  class space    used 4751K, committed 4928K, reserved 1048576K
}
Event: 6.213 GC heap before
{Heap before GC invocations=22 (full 0):
 garbage-first heap   total 467968K, used 348179K [0x0000000083200000, 0x0000000100000000)
  region size 1024K, 274 young (280576K), 8 survivors (8192K)
 Metaspace       used 37024K, committed 37312K, reserved 1089536K
  class space    used 4785K, committed 4928K, reserved 1048576K
}
Event: 6.238 GC heap after
{Heap after GC invocations=23 (full 0):
 garbage-first heap   total 467968K, used 87671K [0x0000000083200000, 0x0000000100000000)
  region size 1024K, 18 young (18432K), 18 survivors (18432K)
 Metaspace       used 37024K, committed 37312K, reserved 1089536K
  class space    used 4785K, committed 4928K, reserved 1048576K
}
Event: 6.849 GC heap before
{Heap before GC invocations=23 (full 0):
 garbage-first heap   total 467968K, used 348791K [0x0000000083200000, 0x0000000100000000)
  region size 1024K, 274 young (280576K), 18 survivors (18432K)
 Metaspace       used 38132K, committed 38400K, reserved 1089536K
  class space    used 4867K, committed 4992K, reserved 1048576K
}
Event: 7.044 GC heap after
{Heap after GC invocations=24 (full 0):
 garbage-first heap   total 467968K, used 98935K [0x0000000083200000, 0x0000000100000000)
  region size 1024K, 29 young (29696K), 29 survivors (29696K)
 Metaspace       used 38132K, committed 38400K, reserved 1089536K
  class space    used 4867K, committed 4992K, reserved 1048576K
}
Event: 7.255 GC heap before
{Heap before GC invocations=24 (full 0):
 garbage-first heap   total 467968K, used 348791K [0x0000000083200000, 0x0000000100000000)
  region size 1024K, 274 young (280576K), 29 survivors (29696K)
 Metaspace       used 38614K, committed 38912K, reserved 1089536K
  class space    used 4902K, committed 5056K, reserved 1048576K
}
Event: 7.281 GC heap after
{Heap after GC invocations=25 (full 0):
 garbage-first heap   total 467968K, used 110043K [0x0000000083200000, 0x0000000100000000)
  region size 1024K, 23 young (23552K), 23 survivors (23552K)
 Metaspace       used 38614K, committed 38912K, reserved 1089536K
  class space    used 4902K, committed 5056K, reserved 1048576K
}
Event: 7.407 GC heap before
{Heap before GC invocations=25 (full 0):
 garbage-first heap   total 467968K, used 366043K [0x0000000083200000, 0x0000000100000000)
  region size 1024K, 274 young (280576K), 23 survivors (23552K)
 Metaspace       used 39193K, committed 39552K, reserved 1089536K
  class space    used 4963K, committed 5120K, reserved 1048576K
}

