# JRE version: OpenJDK Runtime Environment Temurin-17.0.4.1+1 (17.0.4.1+1) (build 17.0.4.1+1)
# Java VM: OpenJDK 64-Bit Server VM Temurin-17.0.4.1+1 (17.0.4.1+1, mixed mode, emulated-client, tiered, compressed oops, compressed class ptrs, g1 gc, windows-amd64)
GC Precious Log:
 CPUs: 8 total, 8 available
 Memory: 7987M
 Large Page Support: Disabled
 NUMA Support: Disabled
 Compressed Oops: Enabled (32-bit)
 Heap Region Size: 1M
 Heap Min Capacity: 8M
 Heap Initial Capacity: 126M
 Heap Max Capacity: 1998M
 Pre-touch: Disabled
 Parallel Workers: 8
 Concurrent Workers: 2
 Concurrent Refinement Workers: 8
 Periodic GC: Disabled
Heap:
 garbage-first heap   total 119808K, used 35730K [0x0000000083200000, 0x0000000100000000)
  region size 1024K, 1 young (1024K), 0 survivors (0K)
 Metaspace       used 53620K, committed 54016K, reserved 1097728K
  class space    used 7084K, committed 7296K, reserved 1048576K
GC Heap History (20 events):
Event: 11108.414 GC heap before
{Heap before GC invocations=1097 (full 1060):
 garbage-first heap   total 119808K, used 34886K [0x0000000083200000, 0x0000000100000000)
  region size 1024K, 1 young (1024K), 0 survivors (0K)
 Metaspace       used 53614K, committed 54016K, reserved 1097728K
  class space    used 7083K, committed 7296K, reserved 1048576K
}
Event: 11108.450 GC heap after
{Heap after GC invocations=1098 (full 1061):
 garbage-first heap   total 119808K, used 34886K [0x0000000083200000, 0x0000000100000000)
  region size 1024K, 0 young (0K), 0 survivors (0K)
 Metaspace       used 53614K, committed 54016K, reserved 1097728K
  class space    used 7083K, committed 7296K, reserved 1048576K
}
Event: 11118.612 GC heap before
{Heap before GC invocations=1098 (full 1061):
 garbage-first heap   total 119808K, used 34886K [0x0000000083200000, 0x0000000100000000)
  region size 1024K, 1 young (1024K), 0 survivors (0K)
 Metaspace       used 53614K, committed 54016K, reserved 1097728K
  class space    used 7083K, committed 7296K, reserved 1048576K
}
Event: 11118.653 GC heap after
{Heap after GC invocations=1099 (full 1062):
 garbage-first heap   total 119808K, used 34886K [0x0000000083200000, 0x0000000100000000)
  region size 1024K, 0 young (0K), 0 survivors (0K)
 Metaspace       used 53614K, committed 54016K, reserved 1097728K
  class space    used 7083K, committed 7296K, reserved 1048576K
}
Event: 11128.805 GC heap before
{Heap before GC invocations=1099 (full 1062):
 garbage-first heap   total 119808K, used 34886K [0x0000000083200000, 0x0000000100000000)
  region size 1024K, 1 young (1024K), 0 survivors (0K)
 Metaspace       used 53614K, committed 54016K, reserved 1097728K
  class space    used 7083K, committed 7296K, reserved 1048576K
}
Event: 11128.843 GC heap after
{Heap after GC invocations=1100 (full 1063):
 garbage-first heap   total 119808K, used 34886K [0x0000000083200000, 0x0000000100000000)
  region size 1024K, 0 young (0K), 0 survivors (0K)
 Metaspace       used 53614K, committed 54016K, reserved 1097728K
  class space    used 7083K, committed 7296K, reserved 1048576K
}
Event: 11138.988 GC heap before
{Heap before GC invocations=1100 (full 1063):
 garbage-first heap   total 119808K, used 34886K [0x0000000083200000, 0x0000000100000000)
  region size 1024K, 1 young (1024K), 0 survivors (0K)
 Metaspace       used 53614K, committed 54016K, reserved 1097728K
  class space    used 7083K, committed 7296K, reserved 1048576K
}
Event: 11139.021 GC heap after
{Heap after GC invocations=1101 (full 1064):
 garbage-first heap   total 119808K, used 34886K [0x0000000083200000, 0x0000000100000000)
  region size 1024K, 0 young (0K), 0 survivors (0K)
 Metaspace       used 53614K, committed 54016K, reserved 1097728K
  class space    used 7083K, committed 7296K, reserved 1048576K
}
Event: 11199.228 GC heap before
{Heap before GC invocations=1101 (full 1064):
 garbage-first heap   total 119808K, used 56390K [0x0000000083200000, 0x0000000100000000)
  region size 1024K, 22 young (22528K), 0 survivors (0K)
 Metaspace       used 53620K, committed 54016K, reserved 1097728K
  class space    used 7084K, committed 7296K, reserved 1048576K
}
Event: 11199.276 GC heap after
{Heap after GC invocations=1102 (full 1065):
 garbage-first heap   total 119808K, used 36581K [0x0000000083200000, 0x0000000100000000)
  region size 1024K, 0 young (0K), 0 survivors (0K)
 Metaspace       used 53620K, committed 54016K, reserved 1097728K
  class space    used 7084K, committed 7296K, reserved 1048576K
}
Event: 11209.448 GC heap before
{Heap before GC invocations=1102 (full 1065):
 garbage-first heap   total 119808K, used 36581K [0x0000000083200000, 0x0000000100000000)
  region size 1024K, 1 young (1024K), 0 survivors (0K)
 Metaspace       used 53620K, committed 54016K, reserved 1097728K
  class space    used 7084K, committed 7296K, reserved 1048576K
}
Event: 11209.487 GC heap after
{Heap after GC invocations=1103 (full 1066):
 garbage-first heap   total 119808K, used 36536K [0x0000000083200000, 0x0000000100000000)
  region size 1024K, 0 young (0K), 0 survivors (0K)
 Metaspace       used 53620K, committed 54016K, reserved 1097728K
  class space    used 7084K, committed 7296K, reserved 1048576K
}
Event: 11219.647 GC heap before
{Heap before GC invocations=1103 (full 1066):
 garbage-first heap   total 119808K, used 36536K [0x0000000083200000, 0x0000000100000000)
  region size 1024K, 1 young (1024K), 0 survivors (0K)
 Metaspace       used 53620K, committed 54016K, reserved 1097728K
  class space    used 7084K, committed 7296K, reserved 1048576K
}
Event: 11219.682 GC heap after
{Heap after GC invocations=1104 (full 1067):
 garbage-first heap   total 119808K, used 36536K [0x0000000083200000, 0x0000000100000000)
  region size 1024K, 0 young (0K), 0 survivors (0K)
 Metaspace       used 53620K, committed 54016K, reserved 1097728K
  class space    used 7084K, committed 7296K, reserved 1048576K
}
Event: 11229.844 GC heap before
{Heap before GC invocations=1104 (full 1067):
 garbage-first heap   total 119808K, used 36536K [0x0000000083200000, 0x0000000100000000)
  region size 1024K, 1 young (1024K), 0 survivors (0K)
 Metaspace       used 53620K, committed 54016K, reserved 1097728K
  class space    used 7084K, committed 7296K, reserved 1048576K
}
Event: 11229.878 GC heap after
{Heap after GC invocations=1105 (full 1068):
 garbage-first heap   total 119808K, used 36527K [0x0000000083200000, 0x0000000100000000)
  region size 1024K, 0 young (0K), 0 survivors (0K)
 Metaspace       used 53620K, committed 54016K, reserved 1097728K
  class space    used 7084K, committed 7296K, reserved 1048576K
}
Event: 11240.048 GC heap before
{Heap before GC invocations=1105 (full 1068):
 garbage-first heap   total 119808K, used 36527K [0x0000000083200000, 0x0000000100000000)
  region size 1024K, 1 young (1024K), 0 survivors (0K)
 Metaspace       used 53620K, committed 54016K, reserved 1097728K
  class space    used 7084K, committed 7296K, reserved 1048576K
}
Event: 11240.079 GC heap after
{Heap after GC invocations=1106 (full 1069):
 garbage-first heap   total 119808K, used 35730K [0x0000000083200000, 0x0000000100000000)
  region size 1024K, 0 young (0K), 0 survivors (0K)
 Metaspace       used 53620K, committed 54016K, reserved 1097728K
  class space    used 7084K, committed 7296K, reserved 1048576K
}
Event: 11250.257 GC heap before
{Heap before GC invocations=1106 (full 1069):
 garbage-first heap   total 119808K, used 35730K [0x0000000083200000, 0x0000000100000000)
  region size 1024K, 1 young (1024K), 0 survivors (0K)
 Metaspace       used 53620K, committed 54016K, reserved 1097728K
  class space    used 7084K, committed 7296K, reserved 1048576K
}
Event: 11250.301 GC heap after
{Heap after GC invocations=1107 (full 1070):
 garbage-first heap   total 119808K, used 35730K [0x0000000083200000, 0x0000000100000000)
  region size 1024K, 0 young (0K), 0 survivors (0K)
 Metaspace       used 53620K, committed 54016K, reserved 1097728K
  class space    used 7084K, committed 7296K, reserved 1048576K
}

