# JRE version: OpenJDK Runtime Environment Temurin-17.0.4.1+1 (17.0.4.1+1) (build 17.0.4.1+1)
# Java VM: OpenJDK 64-Bit Server VM Temurin-17.0.4.1+1 (17.0.4.1+1, mixed mode, emulated-client, tiered, compressed oops, compressed class ptrs, g1 gc, windows-amd64)
GC Precious Log:
 CPUs: 8 total, 8 available
 Memory: 7987M
 Large Page Support: Disabled
 NUMA Support: Disabled
 Compressed Oops: Enabled (32-bit)
 Heap Region Size: 1M
 Heap Min Capacity: 8M
 Heap Initial Capacity: 126M
 Heap Max Capacity: 1998M
 Pre-touch: Disabled
 Parallel Workers: 8
 Concurrent Workers: 2
 Concurrent Refinement Workers: 8
 Periodic GC: Disabled
Heap:
 garbage-first heap   total 274432K, used 85193K [0x0000000083200000, 0x0000000100000000)
  region size 1024K, 12 young (12288K), 12 survivors (12288K)
 Metaspace       used 37952K, committed 38208K, reserved 1089536K
  class space    used 4872K, committed 4992K, reserved 1048576K
GC Heap History (20 events):
Event: 3.256 GC heap after
{Heap after GC invocations=14 (full 0):
 garbage-first heap   total 98304K, used 42107K [0x0000000083200000, 0x0000000100000000)
  region size 1024K, 6 young (6144K), 6 survivors (6144K)
 Metaspace       used 34716K, committed 35072K, reserved 1081344K
  class space    used 4435K, committed 4608K, reserved 1048576K
}
Event: 3.424 GC heap before
{Heap before GC invocations=14 (full 0):
 garbage-first heap   total 98304K, used 67707K [0x0000000083200000, 0x0000000100000000)
  region size 1024K, 32 young (32768K), 6 survivors (6144K)
 Metaspace       used 35888K, committed 36224K, reserved 1081344K
  class space    used 4660K, committed 4800K, reserved 1048576K
}
Event: 3.432 GC heap after
{Heap after GC invocations=15 (full 0):
 garbage-first heap   total 98304K, used 48116K [0x0000000083200000, 0x0000000100000000)
  region size 1024K, 4 young (4096K), 4 survivors (4096K)
 Metaspace       used 35888K, committed 36224K, reserved 1081344K
  class space    used 4660K, committed 4800K, reserved 1048576K
}
Event: 3.433 GC heap before
{Heap before GC invocations=15 (full 0):
 garbage-first heap   total 98304K, used 48116K [0x0000000083200000, 0x0000000100000000)
  region size 1024K, 5 young (5120K), 4 survivors (4096K)
 Metaspace       used 35891K, committed 36224K, reserved 1081344K
  class space    used 4660K, committed 4800K, reserved 1048576K
}
Event: 3.437 GC heap after
{Heap after GC invocations=16 (full 0):
 garbage-first heap   total 98304K, used 49414K [0x0000000083200000, 0x0000000100000000)
  region size 1024K, 1 young (1024K), 1 survivors (1024K)
 Metaspace       used 35891K, committed 36224K, reserved 1081344K
  class space    used 4660K, committed 4800K, reserved 1048576K
}
Event: 3.558 GC heap before
{Heap before GC invocations=17 (full 0):
 garbage-first heap   total 106496K, used 75014K [0x0000000083200000, 0x0000000100000000)
  region size 1024K, 25 young (25600K), 1 survivors (1024K)
 Metaspace       used 36526K, committed 36800K, reserved 1081344K
  class space    used 4746K, committed 4864K, reserved 1048576K
}
Event: 3.586 GC heap after
{Heap after GC invocations=18 (full 0):
 garbage-first heap   total 106496K, used 63001K [0x0000000083200000, 0x0000000100000000)
  region size 1024K, 4 young (4096K), 4 survivors (4096K)
 Metaspace       used 36526K, committed 36800K, reserved 1081344K
  class space    used 4746K, committed 4864K, reserved 1048576K
}
Event: 3.618 GC heap before
{Heap before GC invocations=18 (full 0):
 garbage-first heap   total 106496K, used 79385K [0x0000000083200000, 0x0000000100000000)
  region size 1024K, 21 young (21504K), 4 survivors (4096K)
 Metaspace       used 36742K, committed 37056K, reserved 1081344K
  class space    used 4763K, committed 4928K, reserved 1048576K
}
Event: 3.624 GC heap after
{Heap after GC invocations=19 (full 0):
 garbage-first heap   total 106496K, used 65172K [0x0000000083200000, 0x0000000100000000)
  region size 1024K, 2 young (2048K), 2 survivors (2048K)
 Metaspace       used 36742K, committed 37056K, reserved 1081344K
  class space    used 4763K, committed 4928K, reserved 1048576K
}
Event: 3.641 GC heap before
{Heap before GC invocations=19 (full 0):
 garbage-first heap   total 106496K, used 80532K [0x0000000083200000, 0x0000000100000000)
  region size 1024K, 18 young (18432K), 2 survivors (2048K)
 Metaspace       used 36766K, committed 37120K, reserved 1081344K
  class space    used 4764K, committed 4928K, reserved 1048576K
}
Event: 3.647 GC heap after
{Heap after GC invocations=20 (full 0):
 garbage-first heap   total 274432K, used 65838K [0x0000000083200000, 0x0000000100000000)
  region size 1024K, 2 young (2048K), 2 survivors (2048K)
 Metaspace       used 36766K, committed 37120K, reserved 1081344K
  class space    used 4764K, committed 4928K, reserved 1048576K
}
Event: 3.732 GC heap before
{Heap before GC invocations=20 (full 0):
 garbage-first heap   total 274432K, used 165166K [0x0000000083200000, 0x0000000100000000)
  region size 1024K, 101 young (103424K), 2 survivors (2048K)
 Metaspace       used 37026K, committed 37312K, reserved 1081344K
  class space    used 4789K, committed 4928K, reserved 1048576K
}
Event: 3.736 GC heap after
{Heap after GC invocations=21 (full 0):
 garbage-first heap   total 274432K, used 68839K [0x0000000083200000, 0x0000000100000000)
  region size 1024K, 6 young (6144K), 6 survivors (6144K)
 Metaspace       used 37026K, committed 37312K, reserved 1081344K
  class space    used 4789K, committed 4928K, reserved 1048576K
}
Event: 3.800 GC heap before
{Heap before GC invocations=22 (full 0):
 garbage-first heap   total 274432K, used 206055K [0x0000000083200000, 0x0000000100000000)
  region size 1024K, 141 young (144384K), 6 survivors (6144K)
 Metaspace       used 37295K, committed 37568K, reserved 1089536K
  class space    used 4808K, committed 4928K, reserved 1048576K
}
Event: 3.807 GC heap after
{Heap after GC invocations=23 (full 0):
 garbage-first heap   total 274432K, used 74291K [0x0000000083200000, 0x0000000100000000)
  region size 1024K, 12 young (12288K), 12 survivors (12288K)
 Metaspace       used 37295K, committed 37568K, reserved 1089536K
  class space    used 4808K, committed 4928K, reserved 1048576K
}
Event: 3.808 GC heap before
{Heap before GC invocations=23 (full 0):
 garbage-first heap   total 274432K, used 75315K [0x0000000083200000, 0x0000000100000000)
  region size 1024K, 14 young (14336K), 12 survivors (12288K)
 Metaspace       used 37298K, committed 37568K, reserved 1089536K
  class space    used 4808K, committed 4928K, reserved 1048576K
}
Event: 3.814 GC heap after
{Heap after GC invocations=24 (full 0):
 garbage-first heap   total 274432K, used 74926K [0x0000000083200000, 0x0000000100000000)
  region size 1024K, 2 young (2048K), 2 survivors (2048K)
 Metaspace       used 37298K, committed 37568K, reserved 1089536K
  class space    used 4808K, committed 4928K, reserved 1048576K
}
Event: 3.880 GC heap before
{Heap before GC invocations=24 (full 0):
 garbage-first heap   total 274432K, used 210094K [0x0000000083200000, 0x0000000100000000)
  region size 1024K, 135 young (138240K), 2 survivors (2048K)
 Metaspace       used 37650K, committed 37952K, reserved 1089536K
  class space    used 4849K, committed 4992K, reserved 1048576K
}
Event: 3.885 GC heap after
{Heap after GC invocations=25 (full 0):
 garbage-first heap   total 274432K, used 79762K [0x0000000083200000, 0x0000000100000000)
  region size 1024K, 7 young (7168K), 7 survivors (7168K)
 Metaspace       used 37650K, committed 37952K, reserved 1089536K
  class space    used 4849K, committed 4992K, reserved 1048576K
}
Event: 3.968 GC heap before
{Heap before GC invocations=25 (full 0):
 garbage-first heap   total 274432K, used 214930K [0x0000000083200000, 0x0000000100000000)
  region size 1024K, 140 young (143360K), 7 survivors (7168K)
 Metaspace       used 37952K, committed 38208K, reserved 1089536K
  class space    used 4872K, committed 4992K, reserved 1048576K
}

