# JRE version: OpenJDK Runtime Environment Temurin-17.0.4.1+1 (17.0.4.1+1) (build 17.0.4.1+1)
# Java VM: OpenJDK 64-Bit Server VM Temurin-17.0.4.1+1 (17.0.4.1+1, mixed mode, emulated-client, tiered, compressed oops, compressed class ptrs, g1 gc, windows-amd64)
GC Precious Log:
 CPUs: 8 total, 8 available
 Memory: 7987M
 Large Page Support: Disabled
 NUMA Support: Disabled
 Compressed Oops: Enabled (32-bit)
 Heap Region Size: 1M
 Heap Min Capacity: 8M
 Heap Initial Capacity: 126M
 Heap Max Capacity: 1998M
 Pre-touch: Disabled
 Parallel Workers: 8
 Concurrent Workers: 2
 Concurrent Refinement Workers: 8
 Periodic GC: Disabled
Heap:
 garbage-first heap   total 208896K, used 76909K [0x0000000083200000, 0x0000000100000000)
  region size 1024K, 7 young (7168K), 7 survivors (7168K)
 Metaspace       used 36654K, committed 36992K, reserved 1081344K
  class space    used 4755K, committed 4928K, reserved 1048576K
GC Heap History (20 events):
Event: 3.423 GC heap after
{Heap after GC invocations=11 (full 0):
 garbage-first heap   total 61440K, used 31468K [0x0000000083200000, 0x0000000100000000)
  region size 1024K, 3 young (3072K), 3 survivors (3072K)
 Metaspace       used 33827K, committed 34176K, reserved 1081344K
  class space    used 4312K, committed 4480K, reserved 1048576K
}
Event: 3.450 GC heap before
{Heap before GC invocations=11 (full 0):
 garbage-first heap   total 61440K, used 45804K [0x0000000083200000, 0x0000000100000000)
  region size 1024K, 18 young (18432K), 3 survivors (3072K)
 Metaspace       used 33993K, committed 34304K, reserved 1081344K
  class space    used 4334K, committed 4480K, reserved 1048576K
}
Event: 3.453 GC heap after
{Heap after GC invocations=12 (full 0):
 garbage-first heap   total 112640K, used 34100K [0x0000000083200000, 0x0000000100000000)
  region size 1024K, 3 young (3072K), 3 survivors (3072K)
 Metaspace       used 33993K, committed 34304K, reserved 1081344K
  class space    used 4334K, committed 4480K, reserved 1048576K
}
Event: 3.603 GC heap before
{Heap before GC invocations=13 (full 0):
 garbage-first heap   total 112640K, used 80180K [0x0000000083200000, 0x0000000100000000)
  region size 1024K, 49 young (50176K), 3 survivors (3072K)
 Metaspace       used 34720K, committed 35008K, reserved 1081344K
  class space    used 4448K, committed 4608K, reserved 1048576K
}
Event: 3.612 GC heap after
{Heap after GC invocations=14 (full 0):
 garbage-first heap   total 112640K, used 45749K [0x0000000083200000, 0x0000000100000000)
  region size 1024K, 7 young (7168K), 7 survivors (7168K)
 Metaspace       used 34720K, committed 35008K, reserved 1081344K
  class space    used 4448K, committed 4608K, reserved 1048576K
}
Event: 3.766 GC heap before
{Heap before GC invocations=14 (full 0):
 garbage-first heap   total 112640K, used 75445K [0x0000000083200000, 0x0000000100000000)
  region size 1024K, 36 young (36864K), 7 survivors (7168K)
 Metaspace       used 35951K, committed 36288K, reserved 1081344K
  class space    used 4686K, committed 4864K, reserved 1048576K
}
Event: 3.778 GC heap after
{Heap after GC invocations=15 (full 0):
 garbage-first heap   total 112640K, used 57345K [0x0000000083200000, 0x0000000100000000)
  region size 1024K, 5 young (5120K), 5 survivors (5120K)
 Metaspace       used 35951K, committed 36288K, reserved 1081344K
  class space    used 4686K, committed 4864K, reserved 1048576K
}
Event: 3.781 GC heap before
{Heap before GC invocations=15 (full 0):
 garbage-first heap   total 112640K, used 57345K [0x0000000083200000, 0x0000000100000000)
  region size 1024K, 6 young (6144K), 5 survivors (5120K)
 Metaspace       used 35962K, committed 36288K, reserved 1081344K
  class space    used 4688K, committed 4864K, reserved 1048576K
}
Event: 3.786 GC heap after
{Heap after GC invocations=16 (full 0):
 garbage-first heap   total 112640K, used 59300K [0x0000000083200000, 0x0000000100000000)
  region size 1024K, 2 young (2048K), 2 survivors (2048K)
 Metaspace       used 35962K, committed 36288K, reserved 1081344K
  class space    used 4688K, committed 4864K, reserved 1048576K
}
Event: 3.860 GC heap before
{Heap before GC invocations=16 (full 0):
 garbage-first heap   total 126976K, used 77732K [0x0000000083200000, 0x0000000100000000)
  region size 1024K, 21 young (21504K), 2 survivors (2048K)
 Metaspace       used 36148K, committed 36480K, reserved 1081344K
  class space    used 4713K, committed 4864K, reserved 1048576K
}
Event: 3.875 GC heap after
{Heap after GC invocations=17 (full 0):
 garbage-first heap   total 208896K, used 63936K [0x0000000083200000, 0x0000000100000000)
  region size 1024K, 3 young (3072K), 3 survivors (3072K)
 Metaspace       used 36148K, committed 36480K, reserved 1081344K
  class space    used 4713K, committed 4864K, reserved 1048576K
}
Event: 3.917 GC heap before
{Heap before GC invocations=18 (full 0):
 garbage-first heap   total 208896K, used 125376K [0x0000000083200000, 0x0000000100000000)
  region size 1024K, 64 young (65536K), 3 survivors (3072K)
 Metaspace       used 36242K, committed 36544K, reserved 1081344K
  class space    used 4730K, committed 4864K, reserved 1048576K
}
Event: 3.922 GC heap after
{Heap after GC invocations=19 (full 0):
 garbage-first heap   total 208896K, used 66652K [0x0000000083200000, 0x0000000100000000)
  region size 1024K, 6 young (6144K), 6 survivors (6144K)
 Metaspace       used 36242K, committed 36544K, reserved 1081344K
  class space    used 4730K, committed 4864K, reserved 1048576K
}
Event: 3.924 GC heap before
{Heap before GC invocations=19 (full 0):
 garbage-first heap   total 208896K, used 69724K [0x0000000083200000, 0x0000000100000000)
  region size 1024K, 10 young (10240K), 6 survivors (6144K)
 Metaspace       used 36254K, committed 36544K, reserved 1081344K
  class space    used 4730K, committed 4864K, reserved 1048576K
}
Event: 3.928 GC heap after
{Heap after GC invocations=20 (full 0):
 garbage-first heap   total 208896K, used 67201K [0x0000000083200000, 0x0000000100000000)
  region size 1024K, 1 young (1024K), 1 survivors (1024K)
 Metaspace       used 36254K, committed 36544K, reserved 1081344K
  class space    used 4730K, committed 4864K, reserved 1048576K
}
Event: 3.950 GC heap before
{Heap before GC invocations=20 (full 0):
 garbage-first heap   total 208896K, used 146049K [0x0000000083200000, 0x0000000100000000)
  region size 1024K, 79 young (80896K), 1 survivors (1024K)
 Metaspace       used 36417K, committed 36800K, reserved 1081344K
  class space    used 4740K, committed 4928K, reserved 1048576K
}
Event: 3.953 GC heap after
{Heap after GC invocations=21 (full 0):
 garbage-first heap   total 208896K, used 70045K [0x0000000083200000, 0x0000000100000000)
  region size 1024K, 4 young (4096K), 4 survivors (4096K)
 Metaspace       used 36417K, committed 36800K, reserved 1081344K
  class space    used 4740K, committed 4928K, reserved 1048576K
}
Event: 3.973 GC heap before
{Heap before GC invocations=21 (full 0):
 garbage-first heap   total 208896K, used 150941K [0x0000000083200000, 0x0000000100000000)
  region size 1024K, 84 young (86016K), 4 survivors (4096K)
 Metaspace       used 36549K, committed 36928K, reserved 1081344K
  class space    used 4751K, committed 4928K, reserved 1048576K
}
Event: 3.976 GC heap after
{Heap after GC invocations=22 (full 0):
 garbage-first heap   total 208896K, used 73288K [0x0000000083200000, 0x0000000100000000)
  region size 1024K, 7 young (7168K), 7 survivors (7168K)
 Metaspace       used 36549K, committed 36928K, reserved 1081344K
  class space    used 4751K, committed 4928K, reserved 1048576K
}
Event: 4.003 GC heap before
{Heap before GC invocations=22 (full 0):
 garbage-first heap   total 208896K, used 157256K [0x0000000083200000, 0x0000000100000000)
  region size 1024K, 90 young (92160K), 7 survivors (7168K)
 Metaspace       used 36654K, committed 36992K, reserved 1081344K
  class space    used 4755K, committed 4928K, reserved 1048576K
}

