# JRE version: OpenJDK Runtime Environment Temurin-17.0.4.1+1 (17.0.4.1+1) (build 17.0.4.1+1)
# Java VM: OpenJDK 64-Bit Server VM Temurin-17.0.4.1+1 (17.0.4.1+1, mixed mode, emulated-client, tiered, compressed oops, compressed class ptrs, g1 gc, windows-amd64)
GC Precious Log:
 CPUs: 8 total, 8 available
 Memory: 7987M
 Large Page Support: Disabled
 NUMA Support: Disabled
 Compressed Oops: Enabled (32-bit)
 Heap Region Size: 1M
 Heap Min Capacity: 8M
 Heap Initial Capacity: 126M
 Heap Max Capacity: 1998M
 Pre-touch: Disabled
 Parallel Workers: 8
 Concurrent Workers: 2
 Concurrent Refinement Workers: 8
 Periodic GC: Disabled
Heap:
 garbage-first heap   total 174080K, used 67300K [0x0000000083200000, 0x0000000100000000)
  region size 1024K, 1 young (1024K), 1 survivors (1024K)
 Metaspace       used 35823K, committed 36160K, reserved 1081344K
  class space    used 4656K, committed 4800K, reserved 1048576K
GC Heap History (20 events):
Event: 3.904 GC heap after
{Heap after GC invocations=10 (full 0):
 garbage-first heap   total 62464K, used 29431K [0x0000000083200000, 0x0000000100000000)
  region size 1024K, 3 young (3072K), 3 survivors (3072K)
 Metaspace       used 33625K, committed 33984K, reserved 1081344K
  class space    used 4278K, committed 4480K, reserved 1048576K
}
Event: 3.932 GC heap before
{Heap before GC invocations=10 (full 0):
 garbage-first heap   total 62464K, used 44791K [0x0000000083200000, 0x0000000100000000)
  region size 1024K, 18 young (18432K), 3 survivors (3072K)
 Metaspace       used 33718K, committed 34048K, reserved 1081344K
  class space    used 4296K, committed 4480K, reserved 1048576K
}
Event: 3.935 GC heap after
{Heap after GC invocations=11 (full 0):
 garbage-first heap   total 84992K, used 32655K [0x0000000083200000, 0x0000000100000000)
  region size 1024K, 3 young (3072K), 3 survivors (3072K)
 Metaspace       used 33718K, committed 34048K, reserved 1081344K
  class space    used 4296K, committed 4480K, reserved 1048576K
}
Event: 4.010 GC heap before
{Heap before GC invocations=11 (full 0):
 garbage-first heap   total 84992K, used 61327K [0x0000000083200000, 0x0000000100000000)
  region size 1024K, 31 young (31744K), 3 survivors (3072K)
 Metaspace       used 34027K, committed 34304K, reserved 1081344K
  class space    used 4337K, committed 4480K, reserved 1048576K
}
Event: 4.015 GC heap after
{Heap after GC invocations=12 (full 0):
 garbage-first heap   total 84992K, used 37229K [0x0000000083200000, 0x0000000100000000)
  region size 1024K, 4 young (4096K), 4 survivors (4096K)
 Metaspace       used 34027K, committed 34304K, reserved 1081344K
  class space    used 4337K, committed 4480K, reserved 1048576K
}
Event: 4.072 GC heap before
{Heap before GC invocations=12 (full 0):
 garbage-first heap   total 84992K, used 60781K [0x0000000083200000, 0x0000000100000000)
  region size 1024K, 28 young (28672K), 4 survivors (4096K)
 Metaspace       used 34177K, committed 34496K, reserved 1081344K
  class space    used 4357K, committed 4544K, reserved 1048576K
}
Event: 4.082 GC heap after
{Heap after GC invocations=13 (full 0):
 garbage-first heap   total 84992K, used 45050K [0x0000000083200000, 0x0000000100000000)
  region size 1024K, 4 young (4096K), 4 survivors (4096K)
 Metaspace       used 34177K, committed 34496K, reserved 1081344K
  class space    used 4357K, committed 4544K, reserved 1048576K
}
Event: 4.304 GC heap before
{Heap before GC invocations=13 (full 0):
 garbage-first heap   total 84992K, used 61434K [0x0000000083200000, 0x0000000100000000)
  region size 1024K, 21 young (21504K), 4 survivors (4096K)
 Metaspace       used 35055K, committed 35456K, reserved 1081344K
  class space    used 4491K, committed 4672K, reserved 1048576K
}
Event: 4.311 GC heap after
{Heap after GC invocations=14 (full 0):
 garbage-first heap   total 84992K, used 48721K [0x0000000083200000, 0x0000000100000000)
  region size 1024K, 3 young (3072K), 3 survivors (3072K)
 Metaspace       used 35055K, committed 35456K, reserved 1081344K
  class space    used 4491K, committed 4672K, reserved 1048576K
}
Event: 4.449 GC heap before
{Heap before GC invocations=15 (full 0):
 garbage-first heap   total 87040K, used 64081K [0x0000000083200000, 0x0000000100000000)
  region size 1024K, 18 young (18432K), 3 survivors (3072K)
 Metaspace       used 35526K, committed 35840K, reserved 1081344K
  class space    used 4596K, committed 4736K, reserved 1048576K
}
Event: 4.456 GC heap after
{Heap after GC invocations=16 (full 0):
 garbage-first heap   total 87040K, used 55777K [0x0000000083200000, 0x0000000100000000)
  region size 1024K, 3 young (3072K), 3 survivors (3072K)
 Metaspace       used 35526K, committed 35840K, reserved 1081344K
  class space    used 4596K, committed 4736K, reserved 1048576K
}
Event: 4.458 GC heap before
{Heap before GC invocations=16 (full 0):
 garbage-first heap   total 87040K, used 56801K [0x0000000083200000, 0x0000000100000000)
  region size 1024K, 4 young (4096K), 3 survivors (3072K)
 Metaspace       used 35535K, committed 35840K, reserved 1081344K
  class space    used 4599K, committed 4736K, reserved 1048576K
}
Event: 5.463 GC heap after
{Heap after GC invocations=17 (full 0):
 garbage-first heap   total 174080K, used 56764K [0x0000000083200000, 0x0000000100000000)
  region size 1024K, 1 young (1024K), 1 survivors (1024K)
 Metaspace       used 35535K, committed 35840K, reserved 1081344K
  class space    used 4599K, committed 4736K, reserved 1048576K
}
Event: 5.494 GC heap before
{Heap before GC invocations=17 (full 0):
 garbage-first heap   total 174080K, used 63932K [0x0000000083200000, 0x0000000100000000)
  region size 1024K, 8 young (8192K), 1 survivors (1024K)
 Metaspace       used 35601K, committed 35968K, reserved 1081344K
  class space    used 4615K, committed 4800K, reserved 1048576K
}
Event: 5.498 GC heap after
{Heap after GC invocations=18 (full 0):
 garbage-first heap   total 174080K, used 60227K [0x0000000083200000, 0x0000000100000000)
  region size 1024K, 1 young (1024K), 1 survivors (1024K)
 Metaspace       used 35601K, committed 35968K, reserved 1081344K
  class space    used 4615K, committed 4800K, reserved 1048576K
}
Event: 5.526 GC heap before
{Heap before GC invocations=18 (full 0):
 garbage-first heap   total 174080K, used 67395K [0x0000000083200000, 0x0000000100000000)
  region size 1024K, 8 young (8192K), 1 survivors (1024K)
 Metaspace       used 35703K, committed 36032K, reserved 1081344K
  class space    used 4640K, committed 4800K, reserved 1048576K
}
Event: 5.542 GC heap after
{Heap after GC invocations=19 (full 0):
 garbage-first heap   total 174080K, used 66332K [0x0000000083200000, 0x0000000100000000)
  region size 1024K, 1 young (1024K), 1 survivors (1024K)
 Metaspace       used 35703K, committed 36032K, reserved 1081344K
  class space    used 4640K, committed 4800K, reserved 1048576K
}
Event: 5.557 GC heap before
{Heap before GC invocations=19 (full 0):
 garbage-first heap   total 174080K, used 72476K [0x0000000083200000, 0x0000000100000000)
  region size 1024K, 8 young (8192K), 1 survivors (1024K)
 Metaspace       used 35820K, committed 36160K, reserved 1081344K
  class space    used 4654K, committed 4800K, reserved 1048576K
}
Event: 5.560 GC heap after
{Heap after GC invocations=20 (full 0):
 garbage-first heap   total 174080K, used 67147K [0x0000000083200000, 0x0000000100000000)
  region size 1024K, 1 young (1024K), 1 survivors (1024K)
 Metaspace       used 35820K, committed 36160K, reserved 1081344K
  class space    used 4654K, committed 4800K, reserved 1048576K
}
Event: 5.569 GC heap before
{Heap before GC invocations=20 (full 0):
 garbage-first heap   total 174080K, used 73291K [0x0000000083200000, 0x0000000100000000)
  region size 1024K, 8 young (8192K), 1 survivors (1024K)
 Metaspace       used 35823K, committed 36160K, reserved 1081344K
  class space    used 4656K, committed 4800K, reserved 1048576K
}

