# JRE version: OpenJDK Runtime Environment Temurin-17.0.5+8 (17.0.5+8) (build 17.0.5+8)
# Java VM: OpenJDK 64-Bit Server VM Temurin-17.0.5+8 (17.0.5+8, mixed mode, emulated-client, sharing, tiered, compressed oops, compressed class ptrs, g1 gc, windows-amd64)
GC Precious Log:
 CPUs: 8 total, 8 available
 Memory: 7987M
 Large Page Support: Disabled
 NUMA Support: Disabled
 Compressed Oops: Enabled (32-bit)
 Heap Region Size: 1M
 Heap Min Capacity: 8M
 Heap Initial Capacity: 126M
 Heap Max Capacity: 1998M
 Pre-touch: Disabled
 Parallel Workers: 8
 Concurrent Workers: 2
 Concurrent Refinement Workers: 8
 Periodic GC: Disabled
Heap:
 garbage-first heap   total 126976K, used 69771K [0x0000000083200000, 0x0000000100000000)
  region size 1024K, 4 young (4096K), 4 survivors (4096K)
 Metaspace       used 28183K, committed 28544K, reserved 1081344K
  class space    used 3811K, committed 3968K, reserved 1048576K
GC Heap History (20 events):
Event: 11.355 GC heap after
{Heap after GC invocations=7 (full 0):
 garbage-first heap   total 58368K, used 24513K [0x0000000083200000, 0x0000000100000000)
  region size 1024K, 3 young (3072K), 3 survivors (3072K)
 Metaspace       used 27898K, committed 28288K, reserved 1081344K
  class space    used 3773K, committed 3968K, reserved 1048576K
}
Event: 11.439 GC heap before
{Heap before GC invocations=7 (full 0):
 garbage-first heap   total 58368K, used 40897K [0x0000000083200000, 0x0000000100000000)
  region size 1024K, 20 young (20480K), 3 survivors (3072K)
 Metaspace       used 28010K, committed 28352K, reserved 1081344K
  class space    used 3787K, committed 3968K, reserved 1048576K
}
Event: 11.443 GC heap after
{Heap after GC invocations=8 (full 0):
 garbage-first heap   total 58368K, used 28285K [0x0000000083200000, 0x0000000100000000)
  region size 1024K, 3 young (3072K), 3 survivors (3072K)
 Metaspace       used 28010K, committed 28352K, reserved 1081344K
  class space    used 3787K, committed 3968K, reserved 1048576K
}
Event: 11.477 GC heap before
{Heap before GC invocations=8 (full 0):
 garbage-first heap   total 58368K, used 42621K [0x0000000083200000, 0x0000000100000000)
  region size 1024K, 17 young (17408K), 3 survivors (3072K)
 Metaspace       used 28010K, committed 28352K, reserved 1081344K
  class space    used 3787K, committed 3968K, reserved 1048576K
}
Event: 11.479 GC heap after
{Heap after GC invocations=9 (full 0):
 garbage-first heap   total 74752K, used 31240K [0x0000000083200000, 0x0000000100000000)
  region size 1024K, 3 young (3072K), 3 survivors (3072K)
 Metaspace       used 28010K, committed 28352K, reserved 1081344K
  class space    used 3787K, committed 3968K, reserved 1048576K
}
Event: 11.541 GC heap before
{Heap before GC invocations=9 (full 0):
 garbage-first heap   total 74752K, used 53768K [0x0000000083200000, 0x0000000100000000)
  region size 1024K, 25 young (25600K), 3 survivors (3072K)
 Metaspace       used 28012K, committed 28352K, reserved 1081344K
  class space    used 3787K, committed 3968K, reserved 1048576K
}
Event: 11.545 GC heap after
{Heap after GC invocations=10 (full 0):
 garbage-first heap   total 74752K, used 35192K [0x0000000083200000, 0x0000000100000000)
  region size 1024K, 4 young (4096K), 4 survivors (4096K)
 Metaspace       used 28012K, committed 28352K, reserved 1081344K
  class space    used 3787K, committed 3968K, reserved 1048576K
}
Event: 11.626 GC heap before
{Heap before GC invocations=10 (full 0):
 garbage-first heap   total 74752K, used 54648K [0x0000000083200000, 0x0000000100000000)
  region size 1024K, 23 young (23552K), 4 survivors (4096K)
 Metaspace       used 28014K, committed 28352K, reserved 1081344K
  class space    used 3787K, committed 3968K, reserved 1048576K
}
Event: 11.632 GC heap after
{Heap after GC invocations=11 (full 0):
 garbage-first heap   total 74752K, used 41462K [0x0000000083200000, 0x0000000100000000)
  region size 1024K, 3 young (3072K), 3 survivors (3072K)
 Metaspace       used 28014K, committed 28352K, reserved 1081344K
  class space    used 3787K, committed 3968K, reserved 1048576K
}
Event: 11.667 GC heap before
{Heap before GC invocations=11 (full 0):
 garbage-first heap   total 74752K, used 54774K [0x0000000083200000, 0x0000000100000000)
  region size 1024K, 17 young (17408K), 3 survivors (3072K)
 Metaspace       used 28014K, committed 28352K, reserved 1081344K
  class space    used 3787K, committed 3968K, reserved 1048576K
}
Event: 11.671 GC heap after
{Heap after GC invocations=12 (full 0):
 garbage-first heap   total 74752K, used 45056K [0x0000000083200000, 0x0000000100000000)
  region size 1024K, 3 young (3072K), 3 survivors (3072K)
 Metaspace       used 28014K, committed 28352K, reserved 1081344K
  class space    used 3787K, committed 3968K, reserved 1048576K
}
Event: 11.944 GC heap before
{Heap before GC invocations=13 (full 0):
 garbage-first heap   total 81920K, used 57344K [0x0000000083200000, 0x0000000100000000)
  region size 1024K, 15 young (15360K), 3 survivors (3072K)
 Metaspace       used 28014K, committed 28352K, reserved 1081344K
  class space    used 3787K, committed 3968K, reserved 1048576K
}
Event: 11.949 GC heap after
{Heap after GC invocations=14 (full 0):
 garbage-first heap   total 126976K, used 47853K [0x0000000083200000, 0x0000000100000000)
  region size 1024K, 2 young (2048K), 2 survivors (2048K)
 Metaspace       used 28014K, committed 28352K, reserved 1081344K
  class space    used 3787K, committed 3968K, reserved 1048576K
}
Event: 12.361 GC heap before
{Heap before GC invocations=14 (full 0):
 garbage-first heap   total 126976K, used 89837K [0x0000000083200000, 0x0000000100000000)
  region size 1024K, 42 young (43008K), 2 survivors (2048K)
 Metaspace       used 28076K, committed 28416K, reserved 1081344K
  class space    used 3798K, committed 3968K, reserved 1048576K
}
Event: 12.382 GC heap after
{Heap after GC invocations=15 (full 0):
 garbage-first heap   total 126976K, used 63648K [0x0000000083200000, 0x0000000100000000)
  region size 1024K, 6 young (6144K), 6 survivors (6144K)
 Metaspace       used 28076K, committed 28416K, reserved 1081344K
  class space    used 3798K, committed 3968K, reserved 1048576K
}
Event: 12.423 GC heap before
{Heap before GC invocations=15 (full 0):
 garbage-first heap   total 126976K, used 90272K [0x0000000083200000, 0x0000000100000000)
  region size 1024K, 33 young (33792K), 6 survivors (6144K)
 Metaspace       used 28103K, committed 28416K, reserved 1081344K
  class space    used 3806K, committed 3968K, reserved 1048576K
}
Event: 12.427 GC heap after
{Heap after GC invocations=16 (full 0):
 garbage-first heap   total 126976K, used 67032K [0x0000000083200000, 0x0000000100000000)
  region size 1024K, 3 young (3072K), 3 survivors (3072K)
 Metaspace       used 28103K, committed 28416K, reserved 1081344K
  class space    used 3806K, committed 3968K, reserved 1048576K
}
Event: 12.448 GC heap before
{Heap before GC invocations=16 (full 0):
 garbage-first heap   total 126976K, used 94680K [0x0000000083200000, 0x0000000100000000)
  region size 1024K, 31 young (31744K), 3 survivors (3072K)
 Metaspace       used 28183K, committed 28544K, reserved 1081344K
  class space    used 3811K, committed 3968K, reserved 1048576K
}
Event: 12.450 GC heap after
{Heap after GC invocations=17 (full 0):
 garbage-first heap   total 126976K, used 67842K [0x0000000083200000, 0x0000000100000000)
  region size 1024K, 4 young (4096K), 4 survivors (4096K)
 Metaspace       used 28183K, committed 28544K, reserved 1081344K
  class space    used 3811K, committed 3968K, reserved 1048576K
}
Event: 12.469 GC heap before
{Heap before GC invocations=17 (full 0):
 garbage-first heap   total 126976K, used 96514K [0x0000000083200000, 0x0000000100000000)
  region size 1024K, 33 young (33792K), 4 survivors (4096K)
 Metaspace       used 28183K, committed 28544K, reserved 1081344K
  class space    used 3811K, committed 3968K, reserved 1048576K
}

