# JRE version: OpenJDK Runtime Environment Temurin-17.0.4.1+1 (17.0.4.1+1) (build 17.0.4.1+1)
# Java VM: OpenJDK 64-Bit Server VM Temurin-17.0.4.1+1 (17.0.4.1+1, mixed mode, emulated-client, tiered, compressed oops, compressed class ptrs, g1 gc, windows-amd64)
GC Precious Log:
 CPUs: 8 total, 8 available
 Memory: 7987M
 Large Page Support: Disabled
 NUMA Support: Disabled
 Compressed Oops: Enabled (32-bit)
 Heap Region Size: 1M
 Heap Min Capacity: 8M
 Heap Initial Capacity: 126M
 Heap Max Capacity: 1998M
 Pre-touch: Disabled
 Parallel Workers: 8
 Concurrent Workers: 2
 Concurrent Refinement Workers: 8
 Periodic GC: Disabled
Heap:
 garbage-first heap   total 82944K, used 51330K [0x0000000083200000, 0x0000000100000000)
  region size 1024K, 8 young (8192K), 3 survivors (3072K)
 Metaspace       used 35728K, committed 36096K, reserved 1081344K
  class space    used 4629K, committed 4800K, reserved 1048576K
GC Heap History (20 events):
Event: 5.597 GC heap before
{Heap before GC invocations=5 (full 0):
 garbage-first heap   total 45056K, used 13967K [0x0000000083200000, 0x0000000100000000)
  region size 1024K, 4 young (4096K), 3 survivors (3072K)
 Metaspace       used 24762K, committed 24960K, reserved 1073152K
  class space    used 3051K, committed 3136K, reserved 1048576K
}
Event: 5.601 GC heap after
{Heap after GC invocations=6 (full 0):
 garbage-first heap   total 45056K, used 13119K [0x0000000083200000, 0x0000000100000000)
  region size 1024K, 1 young (1024K), 1 survivors (1024K)
 Metaspace       used 24762K, committed 24960K, reserved 1073152K
  class space    used 3051K, committed 3136K, reserved 1048576K
}
Event: 6.093 GC heap before
{Heap before GC invocations=6 (full 0):
 garbage-first heap   total 45056K, used 28479K [0x0000000083200000, 0x0000000100000000)
  region size 1024K, 17 young (17408K), 1 survivors (1024K)
 Metaspace       used 27903K, committed 28160K, reserved 1081344K
  class space    used 3506K, committed 3648K, reserved 1048576K
}
Event: 6.102 GC heap after
{Heap after GC invocations=7 (full 0):
 garbage-first heap   total 45056K, used 15174K [0x0000000083200000, 0x0000000100000000)
  region size 1024K, 3 young (3072K), 3 survivors (3072K)
 Metaspace       used 27903K, committed 28160K, reserved 1081344K
  class space    used 3506K, committed 3648K, reserved 1048576K
}
Event: 6.477 GC heap before
{Heap before GC invocations=7 (full 0):
 garbage-first heap   total 45056K, used 30534K [0x0000000083200000, 0x0000000100000000)
  region size 1024K, 18 young (18432K), 3 survivors (3072K)
 Metaspace       used 30290K, committed 30592K, reserved 1081344K
  class space    used 3834K, committed 3968K, reserved 1048576K
}
Event: 6.482 GC heap after
{Heap after GC invocations=8 (full 0):
 garbage-first heap   total 60416K, used 15852K [0x0000000083200000, 0x0000000100000000)
  region size 1024K, 2 young (2048K), 2 survivors (2048K)
 Metaspace       used 30290K, committed 30592K, reserved 1081344K
  class space    used 3834K, committed 3968K, reserved 1048576K
}
Event: 6.803 GC heap before
{Heap before GC invocations=8 (full 0):
 garbage-first heap   total 60416K, used 41452K [0x0000000083200000, 0x0000000100000000)
  region size 1024K, 28 young (28672K), 2 survivors (2048K)
 Metaspace       used 33215K, committed 33536K, reserved 1081344K
  class space    used 4216K, committed 4352K, reserved 1048576K
}
Event: 6.809 GC heap after
{Heap after GC invocations=9 (full 0):
 garbage-first heap   total 60416K, used 20081K [0x0000000083200000, 0x0000000100000000)
  region size 1024K, 4 young (4096K), 4 survivors (4096K)
 Metaspace       used 33215K, committed 33536K, reserved 1081344K
  class space    used 4216K, committed 4352K, reserved 1048576K
}
Event: 6.884 GC heap before
{Heap before GC invocations=9 (full 0):
 garbage-first heap   total 60416K, used 42609K [0x0000000083200000, 0x0000000100000000)
  region size 1024K, 26 young (26624K), 4 survivors (4096K)
 Metaspace       used 33344K, committed 33600K, reserved 1081344K
  class space    used 4238K, committed 4352K, reserved 1048576K
}
Event: 6.889 GC heap after
{Heap after GC invocations=10 (full 0):
 garbage-first heap   total 60416K, used 24184K [0x0000000083200000, 0x0000000100000000)
  region size 1024K, 4 young (4096K), 4 survivors (4096K)
 Metaspace       used 33344K, committed 33600K, reserved 1081344K
  class space    used 4238K, committed 4352K, reserved 1048576K
}
Event: 6.959 GC heap before
{Heap before GC invocations=10 (full 0):
 garbage-first heap   total 60416K, used 42616K [0x0000000083200000, 0x0000000100000000)
  region size 1024K, 23 young (23552K), 4 survivors (4096K)
 Metaspace       used 33725K, committed 34048K, reserved 1081344K
  class space    used 4296K, committed 4480K, reserved 1048576K
}
Event: 6.963 GC heap after
{Heap after GC invocations=11 (full 0):
 garbage-first heap   total 60416K, used 27866K [0x0000000083200000, 0x0000000100000000)
  region size 1024K, 3 young (3072K), 3 survivors (3072K)
 Metaspace       used 33725K, committed 34048K, reserved 1081344K
  class space    used 4296K, committed 4480K, reserved 1048576K
}
Event: 6.995 GC heap before
{Heap before GC invocations=11 (full 0):
 garbage-first heap   total 60416K, used 44250K [0x0000000083200000, 0x0000000100000000)
  region size 1024K, 19 young (19456K), 3 survivors (3072K)
 Metaspace       used 33846K, committed 34176K, reserved 1081344K
  class space    used 4316K, committed 4480K, reserved 1048576K
}
Event: 6.998 GC heap after
{Heap after GC invocations=12 (full 0):
 garbage-first heap   total 82944K, used 31214K [0x0000000083200000, 0x0000000100000000)
  region size 1024K, 3 young (3072K), 3 survivors (3072K)
 Metaspace       used 33846K, committed 34176K, reserved 1081344K
  class space    used 4316K, committed 4480K, reserved 1048576K
}
Event: 7.053 GC heap before
{Heap before GC invocations=12 (full 0):
 garbage-first heap   total 82944K, used 59886K [0x0000000083200000, 0x0000000100000000)
  region size 1024K, 31 young (31744K), 3 survivors (3072K)
 Metaspace       used 34138K, committed 34496K, reserved 1081344K
  class space    used 4351K, committed 4544K, reserved 1048576K
}
Event: 7.058 GC heap after
{Heap after GC invocations=13 (full 0):
 garbage-first heap   total 82944K, used 37517K [0x0000000083200000, 0x0000000100000000)
  region size 1024K, 4 young (4096K), 4 survivors (4096K)
 Metaspace       used 34138K, committed 34496K, reserved 1081344K
  class space    used 4351K, committed 4544K, reserved 1048576K
}
Event: 7.090 GC heap before
{Heap before GC invocations=13 (full 0):
 garbage-first heap   total 82944K, used 60045K [0x0000000083200000, 0x0000000100000000)
  region size 1024K, 26 young (26624K), 4 survivors (4096K)
 Metaspace       used 34319K, committed 34624K, reserved 1081344K
  class space    used 4381K, committed 4544K, reserved 1048576K
}
Event: 7.095 GC heap after
{Heap after GC invocations=14 (full 0):
 garbage-first heap   total 82944K, used 43571K [0x0000000083200000, 0x0000000100000000)
  region size 1024K, 4 young (4096K), 4 survivors (4096K)
 Metaspace       used 34319K, committed 34624K, reserved 1081344K
  class space    used 4381K, committed 4544K, reserved 1048576K
}
Event: 7.282 GC heap before
{Heap before GC invocations=14 (full 0):
 garbage-first heap   total 82944K, used 60979K [0x0000000083200000, 0x0000000100000000)
  region size 1024K, 22 young (22528K), 4 survivors (4096K)
 Metaspace       used 35597K, committed 35904K, reserved 1081344K
  class space    used 4596K, committed 4736K, reserved 1048576K
}
Event: 7.287 GC heap after
{Heap after GC invocations=15 (full 0):
 garbage-first heap   total 82944K, used 47234K [0x0000000083200000, 0x0000000100000000)
  region size 1024K, 3 young (3072K), 3 survivors (3072K)
 Metaspace       used 35597K, committed 35904K, reserved 1081344K
  class space    used 4596K, committed 4736K, reserved 1048576K
}

