# JRE version: OpenJDK Runtime Environment Temurin-17.0.5+8 (17.0.5+8) (build 17.0.5+8)
# Java VM: OpenJDK 64-Bit Server VM Temurin-17.0.5+8 (17.0.5+8, mixed mode, emulated-client, sharing, tiered, compressed oops, compressed class ptrs, g1 gc, windows-amd64)
GC Precious Log:
 CPUs: 8 total, 8 available
 Memory: 7987M
 Large Page Support: Disabled
 NUMA Support: Disabled
 Compressed Oops: Enabled (32-bit)
 Heap Region Size: 1M
 Heap Min Capacity: 8M
 Heap Initial Capacity: 126M
 Heap Max Capacity: 1998M
 Pre-touch: Disabled
 Parallel Workers: 8
 Concurrent Workers: 2
 Concurrent Refinement Workers: 8
 Periodic GC: Disabled
Heap:
 garbage-first heap   total 119808K, used 36044K [0x0000000083200000, 0x0000000100000000)
  region size 1024K, 1 young (1024K), 0 survivors (0K)
 Metaspace       used 47039K, committed 47616K, reserved 1097728K
  class space    used 6400K, committed 6656K, reserved 1048576K
GC Heap History (20 events):
Event: 1695.218 GC heap before
{Heap before GC invocations=181 (full 148):
 garbage-first heap   total 119808K, used 36044K [0x0000000083200000, 0x0000000100000000)
  region size 1024K, 1 young (1024K), 0 survivors (0K)
 Metaspace       used 47039K, committed 47616K, reserved 1097728K
  class space    used 6400K, committed 6656K, reserved 1048576K
}
Event: 1695.250 GC heap after
{Heap after GC invocations=182 (full 149):
 garbage-first heap   total 119808K, used 36044K [0x0000000083200000, 0x0000000100000000)
  region size 1024K, 0 young (0K), 0 survivors (0K)
 Metaspace       used 47039K, committed 47616K, reserved 1097728K
  class space    used 6400K, committed 6656K, reserved 1048576K
}
Event: 1705.403 GC heap before
{Heap before GC invocations=182 (full 149):
 garbage-first heap   total 119808K, used 36044K [0x0000000083200000, 0x0000000100000000)
  region size 1024K, 1 young (1024K), 0 survivors (0K)
 Metaspace       used 47039K, committed 47616K, reserved 1097728K
  class space    used 6400K, committed 6656K, reserved 1048576K
}
Event: 1705.431 GC heap after
{Heap after GC invocations=183 (full 150):
 garbage-first heap   total 119808K, used 36044K [0x0000000083200000, 0x0000000100000000)
  region size 1024K, 0 young (0K), 0 survivors (0K)
 Metaspace       used 47039K, committed 47616K, reserved 1097728K
  class space    used 6400K, committed 6656K, reserved 1048576K
}
Event: 1715.607 GC heap before
{Heap before GC invocations=183 (full 150):
 garbage-first heap   total 119808K, used 36044K [0x0000000083200000, 0x0000000100000000)
  region size 1024K, 1 young (1024K), 0 survivors (0K)
 Metaspace       used 47039K, committed 47616K, reserved 1097728K
  class space    used 6400K, committed 6656K, reserved 1048576K
}
Event: 1715.643 GC heap after
{Heap after GC invocations=184 (full 151):
 garbage-first heap   total 119808K, used 36044K [0x0000000083200000, 0x0000000100000000)
  region size 1024K, 0 young (0K), 0 survivors (0K)
 Metaspace       used 47039K, committed 47616K, reserved 1097728K
  class space    used 6400K, committed 6656K, reserved 1048576K
}
Event: 1725.799 GC heap before
{Heap before GC invocations=184 (full 151):
 garbage-first heap   total 119808K, used 36044K [0x0000000083200000, 0x0000000100000000)
  region size 1024K, 1 young (1024K), 0 survivors (0K)
 Metaspace       used 47039K, committed 47616K, reserved 1097728K
  class space    used 6400K, committed 6656K, reserved 1048576K
}
Event: 1725.828 GC heap after
{Heap after GC invocations=185 (full 152):
 garbage-first heap   total 119808K, used 36044K [0x0000000083200000, 0x0000000100000000)
  region size 1024K, 0 young (0K), 0 survivors (0K)
 Metaspace       used 47039K, committed 47616K, reserved 1097728K
  class space    used 6400K, committed 6656K, reserved 1048576K
}
Event: 1736.005 GC heap before
{Heap before GC invocations=185 (full 152):
 garbage-first heap   total 119808K, used 36044K [0x0000000083200000, 0x0000000100000000)
  region size 1024K, 1 young (1024K), 0 survivors (0K)
 Metaspace       used 47039K, committed 47616K, reserved 1097728K
  class space    used 6400K, committed 6656K, reserved 1048576K
}
Event: 1736.036 GC heap after
{Heap after GC invocations=186 (full 153):
 garbage-first heap   total 119808K, used 36044K [0x0000000083200000, 0x0000000100000000)
  region size 1024K, 0 young (0K), 0 survivors (0K)
 Metaspace       used 47039K, committed 47616K, reserved 1097728K
  class space    used 6400K, committed 6656K, reserved 1048576K
}
Event: 1746.206 GC heap before
{Heap before GC invocations=186 (full 153):
 garbage-first heap   total 119808K, used 36044K [0x0000000083200000, 0x0000000100000000)
  region size 1024K, 1 young (1024K), 0 survivors (0K)
 Metaspace       used 47039K, committed 47616K, reserved 1097728K
  class space    used 6400K, committed 6656K, reserved 1048576K
}
Event: 1746.238 GC heap after
{Heap after GC invocations=187 (full 154):
 garbage-first heap   total 119808K, used 36044K [0x0000000083200000, 0x0000000100000000)
  region size 1024K, 0 young (0K), 0 survivors (0K)
 Metaspace       used 47039K, committed 47616K, reserved 1097728K
  class space    used 6400K, committed 6656K, reserved 1048576K
}
Event: 1756.402 GC heap before
{Heap before GC invocations=187 (full 154):
 garbage-first heap   total 119808K, used 36044K [0x0000000083200000, 0x0000000100000000)
  region size 1024K, 1 young (1024K), 0 survivors (0K)
 Metaspace       used 47039K, committed 47616K, reserved 1097728K
  class space    used 6400K, committed 6656K, reserved 1048576K
}
Event: 1756.431 GC heap after
{Heap after GC invocations=188 (full 155):
 garbage-first heap   total 119808K, used 36044K [0x0000000083200000, 0x0000000100000000)
  region size 1024K, 0 young (0K), 0 survivors (0K)
 Metaspace       used 47039K, committed 47616K, reserved 1097728K
  class space    used 6400K, committed 6656K, reserved 1048576K
}
Event: 1766.597 GC heap before
{Heap before GC invocations=188 (full 155):
 garbage-first heap   total 119808K, used 36044K [0x0000000083200000, 0x0000000100000000)
  region size 1024K, 1 young (1024K), 0 survivors (0K)
 Metaspace       used 47039K, committed 47616K, reserved 1097728K
  class space    used 6400K, committed 6656K, reserved 1048576K
}
Event: 1766.634 GC heap after
{Heap after GC invocations=189 (full 156):
 garbage-first heap   total 119808K, used 36044K [0x0000000083200000, 0x0000000100000000)
  region size 1024K, 0 young (0K), 0 survivors (0K)
 Metaspace       used 47039K, committed 47616K, reserved 1097728K
  class space    used 6400K, committed 6656K, reserved 1048576K
}
Event: 1776.833 GC heap before
{Heap before GC invocations=189 (full 156):
 garbage-first heap   total 119808K, used 36044K [0x0000000083200000, 0x0000000100000000)
  region size 1024K, 1 young (1024K), 0 survivors (0K)
 Metaspace       used 47039K, committed 47616K, reserved 1097728K
  class space    used 6400K, committed 6656K, reserved 1048576K
}
Event: 1776.878 GC heap after
{Heap after GC invocations=190 (full 157):
 garbage-first heap   total 119808K, used 36044K [0x0000000083200000, 0x0000000100000000)
  region size 1024K, 0 young (0K), 0 survivors (0K)
 Metaspace       used 47039K, committed 47616K, reserved 1097728K
  class space    used 6400K, committed 6656K, reserved 1048576K
}
Event: 1787.068 GC heap before
{Heap before GC invocations=190 (full 157):
 garbage-first heap   total 119808K, used 36044K [0x0000000083200000, 0x0000000100000000)
  region size 1024K, 1 young (1024K), 0 survivors (0K)
 Metaspace       used 47039K, committed 47616K, reserved 1097728K
  class space    used 6400K, committed 6656K, reserved 1048576K
}
Event: 1787.112 GC heap after
{Heap after GC invocations=191 (full 158):
 garbage-first heap   total 119808K, used 36044K [0x0000000083200000, 0x0000000100000000)
  region size 1024K, 0 young (0K), 0 survivors (0K)
 Metaspace       used 47039K, committed 47616K, reserved 1097728K
  class space    used 6400K, committed 6656K, reserved 1048576K
}

