# JRE version: OpenJDK Runtime Environment Temurin-17.0.4.1+1 (17.0.4.1+1) (build 17.0.4.1+1)
# Java VM: OpenJDK 64-Bit Server VM Temurin-17.0.4.1+1 (17.0.4.1+1, mixed mode, emulated-client, tiered, compressed oops, compressed class ptrs, g1 gc, windows-amd64)
GC Precious Log:
 CPUs: 8 total, 8 available
 Memory: 7987M
 Large Page Support: Disabled
 NUMA Support: Disabled
 Compressed Oops: Enabled (32-bit)
 Heap Region Size: 1M
 Heap Min Capacity: 8M
 Heap Initial Capacity: 126M
 Heap Max Capacity: 1998M
 Pre-touch: Disabled
 Parallel Workers: 8
 Concurrent Workers: 2
 Concurrent Refinement Workers: 8
 Periodic GC: Disabled
Heap:
 garbage-first heap   total 177152K, used 73312K [0x0000000083200000, 0x0000000100000000)
  region size 1024K, 7 young (7168K), 7 survivors (7168K)
 Metaspace       used 35582K, committed 35840K, reserved 1081344K
  class space    used 4613K, committed 4736K, reserved 1048576K
GC Heap History (20 events):
Event: 13.300 GC heap after
{Heap after GC invocations=10 (full 0):
 garbage-first heap   total 51200K, used 26833K [0x0000000083200000, 0x0000000100000000)
  region size 1024K, 3 young (3072K), 3 survivors (3072K)
 Metaspace       used 35297K, committed 35648K, reserved 1081344K
  class space    used 4567K, committed 4736K, reserved 1048576K
}
Event: 13.404 GC heap before
{Heap before GC invocations=10 (full 0):
 garbage-first heap   total 51200K, used 37073K [0x0000000083200000, 0x0000000100000000)
  region size 1024K, 14 young (14336K), 3 survivors (3072K)
 Metaspace       used 35417K, committed 35712K, reserved 1081344K
  class space    used 4586K, committed 4736K, reserved 1048576K
}
Event: 13.410 GC heap after
{Heap after GC invocations=11 (full 0):
 garbage-first heap   total 69632K, used 28387K [0x0000000083200000, 0x0000000100000000)
  region size 1024K, 2 young (2048K), 2 survivors (2048K)
 Metaspace       used 35417K, committed 35712K, reserved 1081344K
  class space    used 4586K, committed 4736K, reserved 1048576K
}
Event: 13.527 GC heap before
{Heap before GC invocations=12 (full 0):
 garbage-first heap   total 69632K, used 49891K [0x0000000083200000, 0x0000000100000000)
  region size 1024K, 23 young (23552K), 2 survivors (2048K)
 Metaspace       used 35417K, committed 35712K, reserved 1081344K
  class space    used 4586K, committed 4736K, reserved 1048576K
}
Event: 13.533 GC heap after
{Heap after GC invocations=13 (full 0):
 garbage-first heap   total 69632K, used 32269K [0x0000000083200000, 0x0000000100000000)
  region size 1024K, 3 young (3072K), 3 survivors (3072K)
 Metaspace       used 35417K, committed 35712K, reserved 1081344K
  class space    used 4586K, committed 4736K, reserved 1048576K
}
Event: 13.598 GC heap before
{Heap before GC invocations=13 (full 0):
 garbage-first heap   total 69632K, used 49677K [0x0000000083200000, 0x0000000100000000)
  region size 1024K, 21 young (21504K), 3 survivors (3072K)
 Metaspace       used 35417K, committed 35712K, reserved 1081344K
  class space    used 4586K, committed 4736K, reserved 1048576K
}
Event: 13.604 GC heap after
{Heap after GC invocations=14 (full 0):
 garbage-first heap   total 69632K, used 36039K [0x0000000083200000, 0x0000000100000000)
  region size 1024K, 3 young (3072K), 3 survivors (3072K)
 Metaspace       used 35417K, committed 35712K, reserved 1081344K
  class space    used 4586K, committed 4736K, reserved 1048576K
}
Event: 13.637 GC heap before
{Heap before GC invocations=14 (full 0):
 garbage-first heap   total 69632K, used 51399K [0x0000000083200000, 0x0000000100000000)
  region size 1024K, 18 young (18432K), 3 survivors (3072K)
 Metaspace       used 35417K, committed 35712K, reserved 1081344K
  class space    used 4586K, committed 4736K, reserved 1048576K
}
Event: 13.644 GC heap after
{Heap after GC invocations=15 (full 0):
 garbage-first heap   total 69632K, used 41681K [0x0000000083200000, 0x0000000100000000)
  region size 1024K, 3 young (3072K), 3 survivors (3072K)
 Metaspace       used 35417K, committed 35712K, reserved 1081344K
  class space    used 4586K, committed 4736K, reserved 1048576K
}
Event: 13.699 GC heap before
{Heap before GC invocations=15 (full 0):
 garbage-first heap   total 91136K, used 52945K [0x0000000083200000, 0x0000000100000000)
  region size 1024K, 14 young (14336K), 3 survivors (3072K)
 Metaspace       used 35417K, committed 35712K, reserved 1081344K
  class space    used 4586K, committed 4736K, reserved 1048576K
}
Event: 13.705 GC heap after
{Heap after GC invocations=16 (full 0):
 garbage-first heap   total 177152K, used 44101K [0x0000000083200000, 0x0000000100000000)
  region size 1024K, 2 young (2048K), 2 survivors (2048K)
 Metaspace       used 35417K, committed 35712K, reserved 1081344K
  class space    used 4586K, committed 4736K, reserved 1048576K
}
Event: 14.180 GC heap before
{Heap before GC invocations=17 (full 0):
 garbage-first heap   total 177152K, used 118853K [0x0000000083200000, 0x0000000100000000)
  region size 1024K, 74 young (75776K), 2 survivors (2048K)
 Metaspace       used 35483K, committed 35776K, reserved 1081344K
  class space    used 4600K, committed 4736K, reserved 1048576K
}
Event: 14.222 GC heap after
{Heap after GC invocations=18 (full 0):
 garbage-first heap   total 177152K, used 64166K [0x0000000083200000, 0x0000000100000000)
  region size 1024K, 10 young (10240K), 10 survivors (10240K)
 Metaspace       used 35483K, committed 35776K, reserved 1081344K
  class space    used 4600K, committed 4736K, reserved 1048576K
}
Event: 14.256 GC heap before
{Heap before GC invocations=18 (full 0):
 garbage-first heap   total 177152K, used 110246K [0x0000000083200000, 0x0000000100000000)
  region size 1024K, 56 young (57344K), 10 survivors (10240K)
 Metaspace       used 35511K, committed 35776K, reserved 1081344K
  class space    used 4609K, committed 4736K, reserved 1048576K
}
Event: 14.267 GC heap after
{Heap after GC invocations=19 (full 0):
 garbage-first heap   total 177152K, used 67421K [0x0000000083200000, 0x0000000100000000)
  region size 1024K, 3 young (3072K), 3 survivors (3072K)
 Metaspace       used 35511K, committed 35776K, reserved 1081344K
  class space    used 4609K, committed 4736K, reserved 1048576K
}
Event: 14.301 GC heap before
{Heap before GC invocations=19 (full 0):
 garbage-first heap   total 177152K, used 115549K [0x0000000083200000, 0x0000000100000000)
  region size 1024K, 51 young (52224K), 3 survivors (3072K)
 Metaspace       used 35582K, committed 35840K, reserved 1081344K
  class space    used 4613K, committed 4736K, reserved 1048576K
}
Event: 14.306 GC heap after
{Heap after GC invocations=20 (full 0):
 garbage-first heap   total 177152K, used 68850K [0x0000000083200000, 0x0000000100000000)
  region size 1024K, 5 young (5120K), 5 survivors (5120K)
 Metaspace       used 35582K, committed 35840K, reserved 1081344K
  class space    used 4613K, committed 4736K, reserved 1048576K
}
Event: 14.348 GC heap before
{Heap before GC invocations=20 (full 0):
 garbage-first heap   total 177152K, used 123122K [0x0000000083200000, 0x0000000100000000)
  region size 1024K, 59 young (60416K), 5 survivors (5120K)
 Metaspace       used 35582K, committed 35840K, reserved 1081344K
  class space    used 4613K, committed 4736K, reserved 1048576K
}
Event: 14.353 GC heap after
{Heap after GC invocations=21 (full 0):
 garbage-first heap   total 177152K, used 70819K [0x0000000083200000, 0x0000000100000000)
  region size 1024K, 7 young (7168K), 7 survivors (7168K)
 Metaspace       used 35582K, committed 35840K, reserved 1081344K
  class space    used 4613K, committed 4736K, reserved 1048576K
}
Event: 14.425 GC heap before
{Heap before GC invocations=21 (full 0):
 garbage-first heap   total 177152K, used 129187K [0x0000000083200000, 0x0000000100000000)
  region size 1024K, 65 young (66560K), 7 survivors (7168K)
 Metaspace       used 35582K, committed 35840K, reserved 1081344K
  class space    used 4613K, committed 4736K, reserved 1048576K
}

