# JRE version: OpenJDK Runtime Environment Temurin-17.0.5+8 (17.0.5+8) (build 17.0.5+8)
# Java VM: OpenJDK 64-Bit Server VM Temurin-17.0.5+8 (17.0.5+8, mixed mode, emulated-client, sharing, tiered, compressed oops, compressed class ptrs, g1 gc, windows-amd64)
GC Precious Log:
 CPUs: 8 total, 8 available
 Memory: 7987M
 Large Page Support: Disabled
 NUMA Support: Disabled
 Compressed Oops: Enabled (32-bit)
 Heap Region Size: 1M
 Heap Min Capacity: 8M
 Heap Initial Capacity: 126M
 Heap Max Capacity: 1998M
 Pre-touch: Disabled
 Parallel Workers: 8
 Concurrent Workers: 2
 Concurrent Refinement Workers: 8
 Periodic GC: Disabled
Heap:
 garbage-first heap   total 59392K, used 27838K [0x0000000083200000, 0x0000000100000000)
  region size 1024K, 3 young (3072K), 3 survivors (3072K)
 Metaspace       used 28623K, committed 28992K, reserved 1081344K
  class space    used 3839K, committed 4032K, reserved 1048576K
GC Heap History (15 events):
Event: 1.187 GC heap before
{Heap before GC invocations=0 (full 0):
 garbage-first heap   total 129024K, used 22528K [0x0000000083200000, 0x0000000100000000)
  region size 1024K, 23 young (23552K), 0 survivors (0K)
 Metaspace       used 3679K, committed 3840K, reserved 1056768K
  class space    used 481K, committed 576K, reserved 1048576K
}
Event: 1.194 GC heap after
{Heap after GC invocations=1 (full 0):
 garbage-first heap   total 129024K, used 8256K [0x0000000083200000, 0x0000000100000000)
  region size 1024K, 3 young (3072K), 3 survivors (3072K)
 Metaspace       used 3679K, committed 3840K, reserved 1056768K
  class space    used 481K, committed 576K, reserved 1048576K
}
Event: 2.016 GC heap before
{Heap before GC invocations=1 (full 0):
 garbage-first heap   total 129024K, used 31808K [0x0000000083200000, 0x0000000100000000)
  region size 1024K, 27 young (27648K), 3 survivors (3072K)
 Metaspace       used 9717K, committed 9920K, reserved 1064960K
  class space    used 1328K, committed 1408K, reserved 1048576K
}
Event: 2.024 GC heap after
{Heap after GC invocations=2 (full 0):
 garbage-first heap   total 129024K, used 10824K [0x0000000083200000, 0x0000000100000000)
  region size 1024K, 3 young (3072K), 3 survivors (3072K)
 Metaspace       used 9717K, committed 9920K, reserved 1064960K
  class space    used 1328K, committed 1408K, reserved 1048576K
}
Event: 4.400 GC heap before
{Heap before GC invocations=2 (full 0):
 garbage-first heap   total 129024K, used 76360K [0x0000000083200000, 0x0000000100000000)
  region size 1024K, 69 young (70656K), 3 survivors (3072K)
 Metaspace       used 21235K, committed 21504K, reserved 1073152K
  class space    used 2790K, committed 2944K, reserved 1048576K
}
Event: 4.409 GC heap after
{Heap after GC invocations=3 (full 0):
 garbage-first heap   total 129024K, used 15775K [0x0000000083200000, 0x0000000100000000)
  region size 1024K, 8 young (8192K), 8 survivors (8192K)
 Metaspace       used 21235K, committed 21504K, reserved 1073152K
  class space    used 2790K, committed 2944K, reserved 1048576K
}
Event: 6.856 GC heap before
{Heap before GC invocations=4 (full 0):
 garbage-first heap   total 58368K, used 41375K [0x0000000083200000, 0x0000000100000000)
  region size 1024K, 34 young (34816K), 8 survivors (8192K)
 Metaspace       used 26289K, committed 26624K, reserved 1073152K
  class space    used 3509K, committed 3648K, reserved 1048576K
}
Event: 6.866 GC heap after
{Heap after GC invocations=5 (full 0):
 garbage-first heap   total 58368K, used 17423K [0x0000000083200000, 0x0000000100000000)
  region size 1024K, 3 young (3072K), 3 survivors (3072K)
 Metaspace       used 26289K, committed 26624K, reserved 1073152K
  class space    used 3509K, committed 3648K, reserved 1048576K
}
Event: 6.905 GC heap before
{Heap before GC invocations=5 (full 0):
 garbage-first heap   total 58368K, used 17423K [0x0000000083200000, 0x0000000100000000)
  region size 1024K, 4 young (4096K), 3 survivors (3072K)
 Metaspace       used 26569K, committed 26944K, reserved 1073152K
  class space    used 3545K, committed 3712K, reserved 1048576K
}
Event: 6.910 GC heap after
{Heap after GC invocations=6 (full 0):
 garbage-first heap   total 58368K, used 17698K [0x0000000083200000, 0x0000000100000000)
  region size 1024K, 1 young (1024K), 1 survivors (1024K)
 Metaspace       used 26569K, committed 26944K, reserved 1073152K
  class space    used 3545K, committed 3712K, reserved 1048576K
}
Event: 7.172 GC heap before
{Heap before GC invocations=6 (full 0):
 garbage-first heap   total 58368K, used 37154K [0x0000000083200000, 0x0000000100000000)
  region size 1024K, 21 young (21504K), 1 survivors (1024K)
 Metaspace       used 27880K, committed 28224K, reserved 1081344K
  class space    used 3767K, committed 3904K, reserved 1048576K
}
Event: 7.182 GC heap after
{Heap after GC invocations=7 (full 0):
 garbage-first heap   total 58368K, used 20669K [0x0000000083200000, 0x0000000100000000)
  region size 1024K, 3 young (3072K), 3 survivors (3072K)
 Metaspace       used 27880K, committed 28224K, reserved 1081344K
  class space    used 3767K, committed 3904K, reserved 1048576K
}
Event: 7.322 GC heap before
{Heap before GC invocations=7 (full 0):
 garbage-first heap   total 58368K, used 39101K [0x0000000083200000, 0x0000000100000000)
  region size 1024K, 22 young (22528K), 3 survivors (3072K)
 Metaspace       used 28200K, committed 28544K, reserved 1081344K
  class space    used 3807K, committed 3968K, reserved 1048576K
}
Event: 7.327 GC heap after
{Heap after GC invocations=8 (full 0):
 garbage-first heap   total 58368K, used 24597K [0x0000000083200000, 0x0000000100000000)
  region size 1024K, 3 young (3072K), 3 survivors (3072K)
 Metaspace       used 28200K, committed 28544K, reserved 1081344K
  class space    used 3807K, committed 3968K, reserved 1048576K
}
Event: 7.451 GC heap before
{Heap before GC invocations=8 (full 0):
 garbage-first heap   total 58368K, used 39957K [0x0000000083200000, 0x0000000100000000)
  region size 1024K, 19 young (19456K), 3 survivors (3072K)
 Metaspace       used 28623K, committed 28992K, reserved 1081344K
  class space    used 3839K, committed 4032K, reserved 1048576K
}

