# JRE version: OpenJDK Runtime Environment Temurin-17.0.5+8 (17.0.5+8) (build 17.0.5+8)
# Java VM: OpenJDK 64-Bit Server VM Temurin-17.0.5+8 (17.0.5+8, mixed mode, emulated-client, sharing, tiered, compressed oops, compressed class ptrs, g1 gc, windows-amd64)
GC Precious Log:
 CPUs: 8 total, 8 available
 Memory: 7987M
 Large Page Support: Disabled
 NUMA Support: Disabled
 Compressed Oops: Enabled (32-bit)
 Heap Region Size: 1M
 Heap Min Capacity: 8M
 Heap Initial Capacity: 126M
 Heap Max Capacity: 1998M
 Pre-touch: Disabled
 Parallel Workers: 8
 Concurrent Workers: 2
 Concurrent Refinement Workers: 8
 Periodic GC: Disabled
Heap:
 garbage-first heap   total 119808K, used 35881K [0x0000000083200000, 0x0000000100000000)
  region size 1024K, 1 young (1024K), 0 survivors (0K)
 Metaspace       used 47564K, committed 48000K, reserved 1097728K
  class space    used 6504K, committed 6720K, reserved 1048576K
GC Heap History (20 events):
Event: 8458.031 GC heap before
{Heap before GC invocations=809 (full 758):
 garbage-first heap   total 119808K, used 35881K [0x0000000083200000, 0x0000000100000000)
  region size 1024K, 1 young (1024K), 0 survivors (0K)
 Metaspace       used 47564K, committed 48000K, reserved 1097728K
  class space    used 6504K, committed 6720K, reserved 1048576K
}
Event: 8458.101 GC heap after
{Heap after GC invocations=810 (full 759):
 garbage-first heap   total 119808K, used 35881K [0x0000000083200000, 0x0000000100000000)
  region size 1024K, 0 young (0K), 0 survivors (0K)
 Metaspace       used 47564K, committed 48000K, reserved 1097728K
  class space    used 6504K, committed 6720K, reserved 1048576K
}
Event: 8468.281 GC heap before
{Heap before GC invocations=810 (full 759):
 garbage-first heap   total 119808K, used 35881K [0x0000000083200000, 0x0000000100000000)
  region size 1024K, 1 young (1024K), 0 survivors (0K)
 Metaspace       used 47564K, committed 48000K, reserved 1097728K
  class space    used 6504K, committed 6720K, reserved 1048576K
}
Event: 8468.317 GC heap after
{Heap after GC invocations=811 (full 760):
 garbage-first heap   total 119808K, used 35881K [0x0000000083200000, 0x0000000100000000)
  region size 1024K, 0 young (0K), 0 survivors (0K)
 Metaspace       used 47564K, committed 48000K, reserved 1097728K
  class space    used 6504K, committed 6720K, reserved 1048576K
}
Event: 8478.479 GC heap before
{Heap before GC invocations=811 (full 760):
 garbage-first heap   total 119808K, used 35881K [0x0000000083200000, 0x0000000100000000)
  region size 1024K, 1 young (1024K), 0 survivors (0K)
 Metaspace       used 47564K, committed 48000K, reserved 1097728K
  class space    used 6504K, committed 6720K, reserved 1048576K
}
Event: 8478.523 GC heap after
{Heap after GC invocations=812 (full 761):
 garbage-first heap   total 119808K, used 35881K [0x0000000083200000, 0x0000000100000000)
  region size 1024K, 0 young (0K), 0 survivors (0K)
 Metaspace       used 47564K, committed 48000K, reserved 1097728K
  class space    used 6504K, committed 6720K, reserved 1048576K
}
Event: 8488.753 GC heap before
{Heap before GC invocations=812 (full 761):
 garbage-first heap   total 119808K, used 35881K [0x0000000083200000, 0x0000000100000000)
  region size 1024K, 1 young (1024K), 0 survivors (0K)
 Metaspace       used 47564K, committed 48000K, reserved 1097728K
  class space    used 6504K, committed 6720K, reserved 1048576K
}
Event: 8488.795 GC heap after
{Heap after GC invocations=813 (full 762):
 garbage-first heap   total 119808K, used 35881K [0x0000000083200000, 0x0000000100000000)
  region size 1024K, 0 young (0K), 0 survivors (0K)
 Metaspace       used 47564K, committed 48000K, reserved 1097728K
  class space    used 6504K, committed 6720K, reserved 1048576K
}
Event: 8498.955 GC heap before
{Heap before GC invocations=813 (full 762):
 garbage-first heap   total 119808K, used 35881K [0x0000000083200000, 0x0000000100000000)
  region size 1024K, 1 young (1024K), 0 survivors (0K)
 Metaspace       used 47564K, committed 48000K, reserved 1097728K
  class space    used 6504K, committed 6720K, reserved 1048576K
}
Event: 8498.996 GC heap after
{Heap after GC invocations=814 (full 763):
 garbage-first heap   total 119808K, used 35881K [0x0000000083200000, 0x0000000100000000)
  region size 1024K, 0 young (0K), 0 survivors (0K)
 Metaspace       used 47564K, committed 48000K, reserved 1097728K
  class space    used 6504K, committed 6720K, reserved 1048576K
}
Event: 8509.167 GC heap before
{Heap before GC invocations=814 (full 763):
 garbage-first heap   total 119808K, used 35881K [0x0000000083200000, 0x0000000100000000)
  region size 1024K, 1 young (1024K), 0 survivors (0K)
 Metaspace       used 47564K, committed 48000K, reserved 1097728K
  class space    used 6504K, committed 6720K, reserved 1048576K
}
Event: 8509.213 GC heap after
{Heap after GC invocations=815 (full 764):
 garbage-first heap   total 119808K, used 35881K [0x0000000083200000, 0x0000000100000000)
  region size 1024K, 0 young (0K), 0 survivors (0K)
 Metaspace       used 47564K, committed 48000K, reserved 1097728K
  class space    used 6504K, committed 6720K, reserved 1048576K
}
Event: 8519.378 GC heap before
{Heap before GC invocations=815 (full 764):
 garbage-first heap   total 119808K, used 35881K [0x0000000083200000, 0x0000000100000000)
  region size 1024K, 1 young (1024K), 0 survivors (0K)
 Metaspace       used 47564K, committed 48000K, reserved 1097728K
  class space    used 6504K, committed 6720K, reserved 1048576K
}
Event: 8519.417 GC heap after
{Heap after GC invocations=816 (full 765):
 garbage-first heap   total 119808K, used 35881K [0x0000000083200000, 0x0000000100000000)
  region size 1024K, 0 young (0K), 0 survivors (0K)
 Metaspace       used 47564K, committed 48000K, reserved 1097728K
  class space    used 6504K, committed 6720K, reserved 1048576K
}
Event: 8529.606 GC heap before
{Heap before GC invocations=816 (full 765):
 garbage-first heap   total 119808K, used 35881K [0x0000000083200000, 0x0000000100000000)
  region size 1024K, 1 young (1024K), 0 survivors (0K)
 Metaspace       used 47564K, committed 48000K, reserved 1097728K
  class space    used 6504K, committed 6720K, reserved 1048576K
}
Event: 8529.653 GC heap after
{Heap after GC invocations=817 (full 766):
 garbage-first heap   total 119808K, used 35881K [0x0000000083200000, 0x0000000100000000)
  region size 1024K, 0 young (0K), 0 survivors (0K)
 Metaspace       used 47564K, committed 48000K, reserved 1097728K
  class space    used 6504K, committed 6720K, reserved 1048576K
}
Event: 8539.844 GC heap before
{Heap before GC invocations=817 (full 766):
 garbage-first heap   total 119808K, used 35881K [0x0000000083200000, 0x0000000100000000)
  region size 1024K, 1 young (1024K), 0 survivors (0K)
 Metaspace       used 47564K, committed 48000K, reserved 1097728K
  class space    used 6504K, committed 6720K, reserved 1048576K
}
Event: 8539.881 GC heap after
{Heap after GC invocations=818 (full 767):
 garbage-first heap   total 119808K, used 35881K [0x0000000083200000, 0x0000000100000000)
  region size 1024K, 0 young (0K), 0 survivors (0K)
 Metaspace       used 47564K, committed 48000K, reserved 1097728K
  class space    used 6504K, committed 6720K, reserved 1048576K
}
Event: 8550.046 GC heap before
{Heap before GC invocations=818 (full 767):
 garbage-first heap   total 119808K, used 35881K [0x0000000083200000, 0x0000000100000000)
  region size 1024K, 1 young (1024K), 0 survivors (0K)
 Metaspace       used 47564K, committed 48000K, reserved 1097728K
  class space    used 6504K, committed 6720K, reserved 1048576K
}
Event: 8550.084 GC heap after
{Heap after GC invocations=819 (full 768):
 garbage-first heap   total 119808K, used 35881K [0x0000000083200000, 0x0000000100000000)
  region size 1024K, 0 young (0K), 0 survivors (0K)
 Metaspace       used 47564K, committed 48000K, reserved 1097728K
  class space    used 6504K, committed 6720K, reserved 1048576K
}

