# JRE version: Java(TM) SE Runtime Environment (15.0.2+7) (build 15.0.2+7-27)
# Java VM: Java HotSpot(TM) 64-Bit Server VM (15.0.2+7-27, mixed mode, sharing, tiered, compressed oops, g1 gc, windows-amd64)
GC Precious Log:
 CPUs: 8 total, 8 available
 Memory: 7987M
 Large Page Support: Disabled
 NUMA Support: Disabled
 Compressed Oops: Enabled (32-bit)
 Heap Region Size: 1M
 Heap Min Capacity: 8M
 Heap Initial Capacity: 126M
 Heap Max Capacity: 1998M
 Pre-touch: Disabled
 Parallel Workers: 8
 Concurrent Workers: 2
 Concurrent Refinement Workers: 8
 Periodic GC: Disabled
Heap:
 garbage-first heap   total 78848K, used 46050K [0x0000000083200000, 0x0000000100000000)
  region size 1024K, 7 young (7168K), 1 survivors (1024K)
 Metaspace       used 80442K, capacity 81492K, committed 81840K, reserved 1120256K
  class space    used 9769K, capacity 10122K, committed 10240K, reserved 1048576K
GC Heap History (20 events):
Event: 75.264 GC heap before
{Heap before GC invocations=30 (full 0):
 garbage-first heap   total 78848K, used 45659K [0x0000000083200000, 0x0000000100000000)
  region size 1024K, 3 young (3072K), 1 survivors (1024K)
 Metaspace       used 78764K, capacity 79726K, committed 79920K, reserved 1120256K
  class space    used 9720K, capacity 10044K, committed 10112K, reserved 1048576K
}
Event: 75.275 GC heap after
{Heap after GC invocations=31 (full 0):
 garbage-first heap   total 78848K, used 40575K [0x0000000083200000, 0x0000000100000000)
  region size 1024K, 1 young (1024K), 1 survivors (1024K)
 Metaspace       used 78764K, capacity 79726K, committed 79920K, reserved 1120256K
  class space    used 9720K, capacity 10044K, committed 10112K, reserved 1048576K
}
Event: 129.431 GC heap before
{Heap before GC invocations=31 (full 0):
 garbage-first heap   total 78848K, used 62079K [0x0000000083200000, 0x0000000100000000)
  region size 1024K, 23 young (23552K), 1 survivors (1024K)
 Metaspace       used 79151K, capacity 80108K, committed 80176K, reserved 1120256K
  class space    used 9729K, capacity 10059K, committed 10112K, reserved 1048576K
}
Event: 129.434 GC heap after
{Heap after GC invocations=32 (full 0):
 garbage-first heap   total 78848K, used 40609K [0x0000000083200000, 0x0000000100000000)
  region size 1024K, 1 young (1024K), 1 survivors (1024K)
 Metaspace       used 79151K, capacity 80108K, committed 80176K, reserved 1120256K
  class space    used 9729K, capacity 10059K, committed 10112K, reserved 1048576K
}
Event: 245.175 GC heap before
{Heap before GC invocations=33 (full 0):
 garbage-first heap   total 78848K, used 64161K [0x0000000083200000, 0x0000000100000000)
  region size 1024K, 24 young (24576K), 1 survivors (1024K)
 Metaspace       used 79178K, capacity 80099K, committed 80176K, reserved 1120256K
  class space    used 9728K, capacity 10057K, committed 10112K, reserved 1048576K
}
Event: 245.177 GC heap after
{Heap after GC invocations=34 (full 0):
 garbage-first heap   total 78848K, used 40649K [0x0000000083200000, 0x0000000100000000)
  region size 1024K, 1 young (1024K), 1 survivors (1024K)
 Metaspace       used 79178K, capacity 80099K, committed 80176K, reserved 1120256K
  class space    used 9728K, capacity 10057K, committed 10112K, reserved 1048576K
}
Event: 352.625 GC heap before
{Heap before GC invocations=34 (full 0):
 garbage-first heap   total 78848K, used 65225K [0x0000000083200000, 0x0000000100000000)
  region size 1024K, 25 young (25600K), 1 survivors (1024K)
 Metaspace       used 79360K, capacity 80353K, committed 80432K, reserved 1120256K
  class space    used 9736K, capacity 10072K, committed 10112K, reserved 1048576K
}
Event: 352.627 GC heap after
{Heap after GC invocations=35 (full 0):
 garbage-first heap   total 78848K, used 40682K [0x0000000083200000, 0x0000000100000000)
  region size 1024K, 1 young (1024K), 1 survivors (1024K)
 Metaspace       used 79360K, capacity 80353K, committed 80432K, reserved 1120256K
  class space    used 9736K, capacity 10072K, committed 10112K, reserved 1048576K
}
Event: 474.161 GC heap before
{Heap before GC invocations=36 (full 0):
 garbage-first heap   total 78848K, used 66282K [0x0000000083200000, 0x0000000100000000)
  region size 1024K, 26 young (26624K), 1 survivors (1024K)
 Metaspace       used 79393K, capacity 80353K, committed 80432K, reserved 1120256K
  class space    used 9738K, capacity 10072K, committed 10112K, reserved 1048576K
}
Event: 474.164 GC heap after
{Heap after GC invocations=37 (full 0):
 garbage-first heap   total 78848K, used 40745K [0x0000000083200000, 0x0000000100000000)
  region size 1024K, 1 young (1024K), 1 survivors (1024K)
 Metaspace       used 79393K, capacity 80353K, committed 80432K, reserved 1120256K
  class space    used 9738K, capacity 10072K, committed 10112K, reserved 1048576K
}
Event: 589.624 GC heap before
{Heap before GC invocations=37 (full 0):
 garbage-first heap   total 78848K, used 66345K [0x0000000083200000, 0x0000000100000000)
  region size 1024K, 26 young (26624K), 1 survivors (1024K)
 Metaspace       used 79402K, capacity 80353K, committed 80432K, reserved 1120256K
  class space    used 9738K, capacity 10072K, committed 10112K, reserved 1048576K
}
Event: 589.626 GC heap after
{Heap after GC invocations=38 (full 0):
 garbage-first heap   total 78848K, used 40729K [0x0000000083200000, 0x0000000100000000)
  region size 1024K, 1 young (1024K), 1 survivors (1024K)
 Metaspace       used 79402K, capacity 80353K, committed 80432K, reserved 1120256K
  class space    used 9738K, capacity 10072K, committed 10112K, reserved 1048576K
}
Event: 692.786 GC heap before
{Heap before GC invocations=39 (full 0):
 garbage-first heap   total 78848K, used 67353K [0x0000000083200000, 0x0000000100000000)
  region size 1024K, 27 young (27648K), 1 survivors (1024K)
 Metaspace       used 79575K, capacity 80575K, committed 80688K, reserved 1120256K
  class space    used 9741K, capacity 10077K, committed 10112K, reserved 1048576K
}
Event: 692.790 GC heap after
{Heap after GC invocations=40 (full 0):
 garbage-first heap   total 78848K, used 40842K [0x0000000083200000, 0x0000000100000000)
  region size 1024K, 1 young (1024K), 1 survivors (1024K)
 Metaspace       used 79575K, capacity 80575K, committed 80688K, reserved 1120256K
  class space    used 9741K, capacity 10077K, committed 10112K, reserved 1048576K
}
Event: 810.229 GC heap before
{Heap before GC invocations=40 (full 0):
 garbage-first heap   total 78848K, used 67466K [0x0000000083200000, 0x0000000100000000)
  region size 1024K, 27 young (27648K), 1 survivors (1024K)
 Metaspace       used 79651K, capacity 80649K, committed 80688K, reserved 1120256K
  class space    used 9742K, capacity 10079K, committed 10112K, reserved 1048576K
}
Event: 810.231 GC heap after
{Heap after GC invocations=41 (full 0):
 garbage-first heap   total 78848K, used 40818K [0x0000000083200000, 0x0000000100000000)
  region size 1024K, 1 young (1024K), 1 survivors (1024K)
 Metaspace       used 79651K, capacity 80649K, committed 80688K, reserved 1120256K
  class space    used 9742K, capacity 10079K, committed 10112K, reserved 1048576K
}
Event: 894.811 GC heap before
{Heap before GC invocations=42 (full 0):
 garbage-first heap   total 78848K, used 66418K [0x0000000083200000, 0x0000000100000000)
  region size 1024K, 27 young (27648K), 1 survivors (1024K)
 Metaspace       used 79839K, capacity 80785K, committed 80944K, reserved 1120256K
  class space    used 9743K, capacity 10080K, committed 10112K, reserved 1048576K
}
Event: 894.816 GC heap after
{Heap after GC invocations=43 (full 0):
 garbage-first heap   total 78848K, used 42089K [0x0000000083200000, 0x0000000100000000)
  region size 1024K, 2 young (2048K), 2 survivors (2048K)
 Metaspace       used 79839K, capacity 80785K, committed 80944K, reserved 1120256K
  class space    used 9743K, capacity 10080K, committed 10112K, reserved 1048576K
}
Event: 951.944 GC heap before
{Heap before GC invocations=43 (full 0):
 garbage-first heap   total 78848K, used 65641K [0x0000000083200000, 0x0000000100000000)
  region size 1024K, 26 young (26624K), 2 survivors (2048K)
 Metaspace       used 80147K, capacity 81143K, committed 81200K, reserved 1120256K
  class space    used 9750K, capacity 10086K, committed 10112K, reserved 1048576K
}
Event: 951.947 GC heap after
{Heap after GC invocations=44 (full 0):
 garbage-first heap   total 78848K, used 40930K [0x0000000083200000, 0x0000000100000000)
  region size 1024K, 1 young (1024K), 1 survivors (1024K)
 Metaspace       used 80147K, capacity 81143K, committed 81200K, reserved 1120256K
  class space    used 9750K, capacity 10086K, committed 10112K, reserved 1048576K
}

