# JRE version: OpenJDK Runtime Environment Temurin-17.0.4.1+1 (17.0.4.1+1) (build 17.0.4.1+1)
# Java VM: OpenJDK 64-Bit Server VM Temurin-17.0.4.1+1 (17.0.4.1+1, mixed mode, emulated-client, tiered, compressed oops, compressed class ptrs, g1 gc, windows-amd64)
GC Precious Log:
 CPUs: 8 total, 8 available
 Memory: 7987M
 Large Page Support: Disabled
 NUMA Support: Disabled
 Compressed Oops: Enabled (32-bit)
 Heap Region Size: 1M
 Heap Min Capacity: 8M
 Heap Initial Capacity: 126M
 Heap Max Capacity: 1998M
 Pre-touch: Disabled
 Parallel Workers: 8
 Concurrent Workers: 2
 Concurrent Refinement Workers: 8
 Periodic GC: Disabled
Heap:
 garbage-first heap   total 126976K, used 36905K [0x0000000083200000, 0x0000000100000000)
  region size 1024K, 1 young (1024K), 0 survivors (0K)
 Metaspace       used 54531K, committed 54976K, reserved 1097728K
  class space    used 7229K, committed 7424K, reserved 1048576K
GC Heap History (20 events):
Event: 767.947 GC heap before
{Heap before GC invocations=77 (full 29):
 garbage-first heap   total 126976K, used 98608K [0x0000000083200000, 0x0000000100000000)
  region size 1024K, 59 young (60416K), 5 survivors (5120K)
 Metaspace       used 54502K, committed 54912K, reserved 1097728K
  class space    used 7224K, committed 7424K, reserved 1048576K
}
Event: 767.950 GC heap after
{Heap after GC invocations=78 (full 29):
 garbage-first heap   total 126976K, used 41302K [0x0000000083200000, 0x0000000100000000)
  region size 1024K, 1 young (1024K), 1 survivors (1024K)
 Metaspace       used 54502K, committed 54912K, reserved 1097728K
  class space    used 7224K, committed 7424K, reserved 1048576K
}
Event: 823.451 GC heap before
{Heap before GC invocations=78 (full 29):
 garbage-first heap   total 126976K, used 99670K [0x0000000083200000, 0x0000000100000000)
  region size 1024K, 59 young (60416K), 1 survivors (1024K)
 Metaspace       used 54536K, committed 54976K, reserved 1097728K
  class space    used 7230K, committed 7424K, reserved 1048576K
}
Event: 823.453 GC heap after
{Heap after GC invocations=79 (full 29):
 garbage-first heap   total 126976K, used 43275K [0x0000000083200000, 0x0000000100000000)
  region size 1024K, 3 young (3072K), 3 survivors (3072K)
 Metaspace       used 54536K, committed 54976K, reserved 1097728K
  class space    used 7230K, committed 7424K, reserved 1048576K
}
Event: 886.453 GC heap before
{Heap before GC invocations=79 (full 29):
 garbage-first heap   total 126976K, used 66827K [0x0000000083200000, 0x0000000100000000)
  region size 1024K, 27 young (27648K), 3 survivors (3072K)
 Metaspace       used 54537K, committed 54976K, reserved 1097728K
  class space    used 7230K, committed 7424K, reserved 1048576K
}
Event: 886.490 GC heap after
{Heap after GC invocations=80 (full 30):
 garbage-first heap   total 126976K, used 37856K [0x0000000083200000, 0x0000000100000000)
  region size 1024K, 0 young (0K), 0 survivors (0K)
 Metaspace       used 54531K, committed 54976K, reserved 1097728K
  class space    used 7229K, committed 7424K, reserved 1048576K
}
Event: 896.735 GC heap before
{Heap before GC invocations=80 (full 30):
 garbage-first heap   total 126976K, used 37856K [0x0000000083200000, 0x0000000100000000)
  region size 1024K, 1 young (1024K), 0 survivors (0K)
 Metaspace       used 54531K, committed 54976K, reserved 1097728K
  class space    used 7229K, committed 7424K, reserved 1048576K
}
Event: 896.767 GC heap after
{Heap after GC invocations=81 (full 31):
 garbage-first heap   total 126976K, used 36927K [0x0000000083200000, 0x0000000100000000)
  region size 1024K, 0 young (0K), 0 survivors (0K)
 Metaspace       used 54531K, committed 54976K, reserved 1097728K
  class space    used 7229K, committed 7424K, reserved 1048576K
}
Event: 907.014 GC heap before
{Heap before GC invocations=81 (full 31):
 garbage-first heap   total 126976K, used 36927K [0x0000000083200000, 0x0000000100000000)
  region size 1024K, 1 young (1024K), 0 survivors (0K)
 Metaspace       used 54531K, committed 54976K, reserved 1097728K
  class space    used 7229K, committed 7424K, reserved 1048576K
}
Event: 907.089 GC heap after
{Heap after GC invocations=82 (full 32):
 garbage-first heap   total 126976K, used 36927K [0x0000000083200000, 0x0000000100000000)
  region size 1024K, 0 young (0K), 0 survivors (0K)
 Metaspace       used 54531K, committed 54976K, reserved 1097728K
  class space    used 7229K, committed 7424K, reserved 1048576K
}
Event: 917.326 GC heap before
{Heap before GC invocations=82 (full 32):
 garbage-first heap   total 126976K, used 36927K [0x0000000083200000, 0x0000000100000000)
  region size 1024K, 1 young (1024K), 0 survivors (0K)
 Metaspace       used 54531K, committed 54976K, reserved 1097728K
  class space    used 7229K, committed 7424K, reserved 1048576K
}
Event: 917.375 GC heap after
{Heap after GC invocations=83 (full 33):
 garbage-first heap   total 126976K, used 36913K [0x0000000083200000, 0x0000000100000000)
  region size 1024K, 0 young (0K), 0 survivors (0K)
 Metaspace       used 54531K, committed 54976K, reserved 1097728K
  class space    used 7229K, committed 7424K, reserved 1048576K
}
Event: 927.575 GC heap before
{Heap before GC invocations=83 (full 33):
 garbage-first heap   total 126976K, used 36913K [0x0000000083200000, 0x0000000100000000)
  region size 1024K, 1 young (1024K), 0 survivors (0K)
 Metaspace       used 54531K, committed 54976K, reserved 1097728K
  class space    used 7229K, committed 7424K, reserved 1048576K
}
Event: 927.615 GC heap after
{Heap after GC invocations=84 (full 34):
 garbage-first heap   total 126976K, used 36905K [0x0000000083200000, 0x0000000100000000)
  region size 1024K, 0 young (0K), 0 survivors (0K)
 Metaspace       used 54531K, committed 54976K, reserved 1097728K
  class space    used 7229K, committed 7424K, reserved 1048576K
}
Event: 937.812 GC heap before
{Heap before GC invocations=84 (full 34):
 garbage-first heap   total 126976K, used 36905K [0x0000000083200000, 0x0000000100000000)
  region size 1024K, 1 young (1024K), 0 survivors (0K)
 Metaspace       used 54531K, committed 54976K, reserved 1097728K
  class space    used 7229K, committed 7424K, reserved 1048576K
}
Event: 937.849 GC heap after
{Heap after GC invocations=85 (full 35):
 garbage-first heap   total 126976K, used 36905K [0x0000000083200000, 0x0000000100000000)
  region size 1024K, 0 young (0K), 0 survivors (0K)
 Metaspace       used 54531K, committed 54976K, reserved 1097728K
  class space    used 7229K, committed 7424K, reserved 1048576K
}
Event: 948.062 GC heap before
{Heap before GC invocations=85 (full 35):
 garbage-first heap   total 126976K, used 36905K [0x0000000083200000, 0x0000000100000000)
  region size 1024K, 1 young (1024K), 0 survivors (0K)
 Metaspace       used 54531K, committed 54976K, reserved 1097728K
  class space    used 7229K, committed 7424K, reserved 1048576K
}
Event: 948.119 GC heap after
{Heap after GC invocations=86 (full 36):
 garbage-first heap   total 126976K, used 36905K [0x0000000083200000, 0x0000000100000000)
  region size 1024K, 0 young (0K), 0 survivors (0K)
 Metaspace       used 54531K, committed 54976K, reserved 1097728K
  class space    used 7229K, committed 7424K, reserved 1048576K
}
Event: 958.373 GC heap before
{Heap before GC invocations=86 (full 36):
 garbage-first heap   total 126976K, used 36905K [0x0000000083200000, 0x0000000100000000)
  region size 1024K, 1 young (1024K), 0 survivors (0K)
 Metaspace       used 54531K, committed 54976K, reserved 1097728K
  class space    used 7229K, committed 7424K, reserved 1048576K
}
Event: 958.425 GC heap after
{Heap after GC invocations=87 (full 37):
 garbage-first heap   total 126976K, used 36905K [0x0000000083200000, 0x0000000100000000)
  region size 1024K, 0 young (0K), 0 survivors (0K)
 Metaspace       used 54531K, committed 54976K, reserved 1097728K
  class space    used 7229K, committed 7424K, reserved 1048576K
}

