# JRE version: Java(TM) SE Runtime Environment (15.0.2+7) (build 15.0.2+7-27)
# Java VM: Java HotSpot(TM) 64-Bit Server VM (15.0.2+7-27, mixed mode, sharing, tiered, compressed oops, g1 gc, windows-amd64)
GC Precious Log:
 CPUs: 8 total, 8 available
 Memory: 7987M
 Large Page Support: Disabled
 NUMA Support: Disabled
 Compressed Oops: Enabled (32-bit)
 Heap Region Size: 1M
 Heap Min Capacity: 8M
 Heap Initial Capacity: 126M
 Heap Max Capacity: 1998M
 Pre-touch: Disabled
 Parallel Workers: 8
 Concurrent Workers: 2
 Concurrent Refinement Workers: 8
 Periodic GC: Disabled
Heap:
 garbage-first heap   total 73728K, used 35660K [0x0000000083200000, 0x0000000100000000)
  region size 1024K, 18 young (18432K), 3 survivors (3072K)
 Metaspace       used 36973K, capacity 37392K, committed 37424K, reserved 1081344K
  class space    used 4550K, capacity 4710K, committed 4736K, reserved 1048576K
GC Heap History (20 events):
Event: 1.494 GC heap before
{Heap before GC invocations=2 (full 0):
 garbage-first heap   total 129024K, used 82603K [0x0000000083200000, 0x0000000100000000)
  region size 1024K, 75 young (76800K), 1 survivors (1024K)
 Metaspace       used 20386K, capacity 20618K, committed 20864K, reserved 1067008K
  class space    used 2513K, capacity 2579K, committed 2688K, reserved 1048576K
}
Event: 1.500 GC heap after
{Heap after GC invocations=3 (full 0):
 garbage-first heap   total 129024K, used 12869K [0x0000000083200000, 0x0000000100000000)
  region size 1024K, 5 young (5120K), 5 survivors (5120K)
 Metaspace       used 20386K, capacity 20618K, committed 20864K, reserved 1067008K
  class space    used 2513K, capacity 2579K, committed 2688K, reserved 1048576K
}
Event: 1.536 GC heap before
{Heap before GC invocations=3 (full 0):
 garbage-first heap   total 129024K, used 13893K [0x0000000083200000, 0x0000000100000000)
  region size 1024K, 8 young (8192K), 5 survivors (5120K)
 Metaspace       used 20943K, capacity 21145K, committed 21296K, reserved 1069056K
  class space    used 2582K, capacity 2648K, committed 2688K, reserved 1048576K
}
Event: 1.539 GC heap after
{Heap after GC invocations=4 (full 0):
 garbage-first heap   total 129024K, used 13181K [0x0000000083200000, 0x0000000100000000)
  region size 1024K, 6 young (6144K), 6 survivors (6144K)
 Metaspace       used 20943K, capacity 21145K, committed 21296K, reserved 1069056K
  class space    used 2582K, capacity 2648K, committed 2688K, reserved 1048576K
}
Event: 1.790 GC heap before
{Heap before GC invocations=5 (full 0):
 garbage-first heap   total 51200K, used 36733K [0x0000000083200000, 0x0000000100000000)
  region size 1024K, 30 young (30720K), 6 survivors (6144K)
 Metaspace       used 21704K, capacity 21950K, committed 22192K, reserved 1069056K
  class space    used 2687K, capacity 2785K, committed 2816K, reserved 1048576K
}
Event: 1.794 GC heap after
{Heap after GC invocations=6 (full 0):
 garbage-first heap   total 61440K, used 14450K [0x0000000083200000, 0x0000000100000000)
  region size 1024K, 2 young (2048K), 2 survivors (2048K)
 Metaspace       used 21704K, capacity 21950K, committed 22192K, reserved 1069056K
  class space    used 2687K, capacity 2785K, committed 2816K, reserved 1048576K
}
Event: 2.023 GC heap before
{Heap before GC invocations=6 (full 0):
 garbage-first heap   total 61440K, used 43122K [0x0000000083200000, 0x0000000100000000)
  region size 1024K, 31 young (31744K), 2 survivors (2048K)
 Metaspace       used 22918K, capacity 23250K, committed 23344K, reserved 1069056K
  class space    used 2808K, capacity 2920K, committed 2944K, reserved 1048576K
}
Event: 2.025 GC heap after
{Heap after GC invocations=7 (full 0):
 garbage-first heap   total 61440K, used 14552K [0x0000000083200000, 0x0000000100000000)
  region size 1024K, 2 young (2048K), 2 survivors (2048K)
 Metaspace       used 22918K, capacity 23250K, committed 23344K, reserved 1069056K
  class space    used 2808K, capacity 2920K, committed 2944K, reserved 1048576K
}
Event: 3.121 GC heap before
{Heap before GC invocations=7 (full 0):
 garbage-first heap   total 61440K, used 45272K [0x0000000083200000, 0x0000000100000000)
  region size 1024K, 32 young (32768K), 2 survivors (2048K)
 Metaspace       used 26086K, capacity 26434K, committed 26672K, reserved 1073152K
  class space    used 3208K, capacity 3330K, committed 3456K, reserved 1048576K
}
Event: 3.126 GC heap after
{Heap after GC invocations=8 (full 0):
 garbage-first heap   total 61440K, used 16159K [0x0000000083200000, 0x0000000100000000)
  region size 1024K, 4 young (4096K), 4 survivors (4096K)
 Metaspace       used 26086K, capacity 26434K, committed 26672K, reserved 1073152K
  class space    used 3208K, capacity 3330K, committed 3456K, reserved 1048576K
}
Event: 3.975 GC heap before
{Heap before GC invocations=8 (full 0):
 garbage-first heap   total 61440K, used 45855K [0x0000000083200000, 0x0000000100000000)
  region size 1024K, 33 young (33792K), 4 survivors (4096K)
 Metaspace       used 30881K, capacity 31249K, committed 31408K, reserved 1077248K
  class space    used 3887K, capacity 4027K, committed 4096K, reserved 1048576K
}
Event: 3.981 GC heap after
{Heap after GC invocations=9 (full 0):
 garbage-first heap   total 61440K, used 18756K [0x0000000083200000, 0x0000000100000000)
  region size 1024K, 5 young (5120K), 5 survivors (5120K)
 Metaspace       used 30881K, capacity 31249K, committed 31408K, reserved 1077248K
  class space    used 3887K, capacity 4027K, committed 4096K, reserved 1048576K
}
Event: 4.349 GC heap before
{Heap before GC invocations=9 (full 0):
 garbage-first heap   total 61440K, used 45380K [0x0000000083200000, 0x0000000100000000)
  region size 1024K, 32 young (32768K), 5 survivors (5120K)
 Metaspace       used 32994K, capacity 33441K, committed 33712K, reserved 1079296K
  class space    used 4114K, capacity 4291K, committed 4352K, reserved 1048576K
}
Event: 4.353 GC heap after
{Heap after GC invocations=10 (full 0):
 garbage-first heap   total 61440K, used 20348K [0x0000000083200000, 0x0000000100000000)
  region size 1024K, 2 young (2048K), 2 survivors (2048K)
 Metaspace       used 32994K, capacity 33441K, committed 33712K, reserved 1079296K
  class space    used 4114K, capacity 4291K, committed 4352K, reserved 1048576K
}
Event: 4.403 GC heap before
{Heap before GC invocations=10 (full 0):
 garbage-first heap   total 61440K, used 45948K [0x0000000083200000, 0x0000000100000000)
  region size 1024K, 28 young (28672K), 2 survivors (2048K)
 Metaspace       used 33679K, capacity 34113K, committed 34224K, reserved 1079296K
  class space    used 4171K, capacity 4323K, committed 4352K, reserved 1048576K
}
Event: 4.404 GC heap after
{Heap after GC invocations=11 (full 0):
 garbage-first heap   total 73728K, used 20725K [0x0000000083200000, 0x0000000100000000)
  region size 1024K, 2 young (2048K), 2 survivors (2048K)
 Metaspace       used 33679K, capacity 34113K, committed 34224K, reserved 1079296K
  class space    used 4171K, capacity 4323K, committed 4352K, reserved 1048576K
}
Event: 4.546 GC heap before
{Heap before GC invocations=11 (full 0):
 garbage-first heap   total 73728K, used 56565K [0x0000000083200000, 0x0000000100000000)
  region size 1024K, 38 young (38912K), 2 survivors (2048K)
 Metaspace       used 34809K, capacity 35169K, committed 35376K, reserved 1081344K
  class space    used 4274K, capacity 4419K, committed 4480K, reserved 1048576K
}
Event: 4.548 GC heap after
{Heap after GC invocations=12 (full 0):
 garbage-first heap   total 73728K, used 20842K [0x0000000083200000, 0x0000000100000000)
  region size 1024K, 3 young (3072K), 3 survivors (3072K)
 Metaspace       used 34809K, capacity 35169K, committed 35376K, reserved 1081344K
  class space    used 4274K, capacity 4419K, committed 4480K, reserved 1048576K
}
Event: 4.687 GC heap before
{Heap before GC invocations=12 (full 0):
 garbage-first heap   total 73728K, used 36202K [0x0000000083200000, 0x0000000100000000)
  region size 1024K, 20 young (20480K), 3 survivors (3072K)
 Metaspace       used 35266K, capacity 35658K, committed 35888K, reserved 1081344K
  class space    used 4334K, capacity 4453K, committed 4480K, reserved 1048576K
}
Event: 4.689 GC heap after
{Heap after GC invocations=13 (full 0):
 garbage-first heap   total 73728K, used 21324K [0x0000000083200000, 0x0000000100000000)
  region size 1024K, 3 young (3072K), 3 survivors (3072K)
 Metaspace       used 35266K, capacity 35658K, committed 35888K, reserved 1081344K
  class space    used 4334K, capacity 4453K, committed 4480K, reserved 1048576K
}

