# JRE version: OpenJDK Runtime Environment Temurin-17.0.4.1+1 (17.0.4.1+1) (build 17.0.4.1+1)
# Java VM: OpenJDK 64-Bit Server VM Temurin-17.0.4.1+1 (17.0.4.1+1, mixed mode, emulated-client, tiered, compressed oops, compressed class ptrs, g1 gc, windows-amd64)
GC Precious Log:
 CPUs: 8 total, 8 available
 Memory: 7987M
 Large Page Support: Disabled
 NUMA Support: Disabled
 Compressed Oops: Enabled (32-bit)
 Heap Region Size: 1M
 Heap Min Capacity: 8M
 Heap Initial Capacity: 126M
 Heap Max Capacity: 1998M
 Pre-touch: Disabled
 Parallel Workers: 8
 Concurrent Workers: 2
 Concurrent Refinement Workers: 8
 Periodic GC: Disabled
Heap:
 garbage-first heap   total 548864K, used 140288K [0x0000000083200000, 0x0000000100000000)
  region size 1024K, 34 young (34816K), 34 survivors (34816K)
 Metaspace       used 38856K, committed 39168K, reserved 1089536K
  class space    used 4918K, committed 5056K, reserved 1048576K
GC Heap History (20 events):
Event: 19.481 GC heap after
{Heap after GC invocations=17 (full 0):
 garbage-first heap   total 81920K, used 48889K [0x0000000083200000, 0x0000000100000000)
  region size 1024K, 3 young (3072K), 3 survivors (3072K)
 Metaspace       used 34027K, committed 34368K, reserved 1081344K
  class space    used 4348K, committed 4544K, reserved 1048576K
}
Event: 19.578 GC heap before
{Heap before GC invocations=18 (full 0):
 garbage-first heap   total 102400K, used 63225K [0x0000000083200000, 0x0000000100000000)
  region size 1024K, 17 young (17408K), 3 survivors (3072K)
 Metaspace       used 34202K, committed 34560K, reserved 1081344K
  class space    used 4374K, committed 4544K, reserved 1048576K
}
Event: 19.593 GC heap after
{Heap after GC invocations=19 (full 0):
 garbage-first heap   total 102400K, used 56823K [0x0000000083200000, 0x0000000100000000)
  region size 1024K, 3 young (3072K), 3 survivors (3072K)
 Metaspace       used 34202K, committed 34560K, reserved 1081344K
  class space    used 4374K, committed 4544K, reserved 1048576K
}
Event: 19.609 GC heap before
{Heap before GC invocations=19 (full 0):
 garbage-first heap   total 102400K, used 58871K [0x0000000083200000, 0x0000000100000000)
  region size 1024K, 5 young (5120K), 3 survivors (3072K)
 Metaspace       used 34259K, committed 34560K, reserved 1081344K
  class space    used 4382K, committed 4544K, reserved 1048576K
}
Event: 19.616 GC heap after
{Heap after GC invocations=20 (full 0):
 garbage-first heap   total 262144K, used 57873K [0x0000000083200000, 0x0000000100000000)
  region size 1024K, 1 young (1024K), 1 survivors (1024K)
 Metaspace       used 34259K, committed 34560K, reserved 1081344K
  class space    used 4382K, committed 4544K, reserved 1048576K
}
Event: 19.841 GC heap before
{Heap before GC invocations=20 (full 0):
 garbage-first heap   total 262144K, used 150033K [0x0000000083200000, 0x0000000100000000)
  region size 1024K, 91 young (93184K), 1 survivors (1024K)
 Metaspace       used 34622K, committed 34944K, reserved 1081344K
  class space    used 4425K, committed 4608K, reserved 1048576K
}
Event: 19.863 GC heap after
{Heap after GC invocations=21 (full 0):
 garbage-first heap   total 262144K, used 66692K [0x0000000083200000, 0x0000000100000000)
  region size 1024K, 9 young (9216K), 9 survivors (9216K)
 Metaspace       used 34622K, committed 34944K, reserved 1081344K
  class space    used 4425K, committed 4608K, reserved 1048576K
}
Event: 19.965 GC heap before
{Heap before GC invocations=21 (full 0):
 garbage-first heap   total 262144K, used 166020K [0x0000000083200000, 0x0000000100000000)
  region size 1024K, 107 young (109568K), 9 survivors (9216K)
 Metaspace       used 34670K, committed 35008K, reserved 1081344K
  class space    used 4433K, committed 4608K, reserved 1048576K
}
Event: 19.984 GC heap after
{Heap after GC invocations=22 (full 0):
 garbage-first heap   total 262144K, used 70900K [0x0000000083200000, 0x0000000100000000)
  region size 1024K, 5 young (5120K), 5 survivors (5120K)
 Metaspace       used 34670K, committed 35008K, reserved 1081344K
  class space    used 4433K, committed 4608K, reserved 1048576K
}
Event: 20.106 GC heap before
{Heap before GC invocations=22 (full 0):
 garbage-first heap   total 262144K, used 190708K [0x0000000083200000, 0x0000000100000000)
  region size 1024K, 123 young (125952K), 5 survivors (5120K)
 Metaspace       used 34850K, committed 35136K, reserved 1081344K
  class space    used 4462K, committed 4608K, reserved 1048576K
}
Event: 20.113 GC heap after
{Heap after GC invocations=23 (full 0):
 garbage-first heap   total 262144K, used 75470K [0x0000000083200000, 0x0000000100000000)
  region size 1024K, 9 young (9216K), 9 survivors (9216K)
 Metaspace       used 34850K, committed 35136K, reserved 1081344K
  class space    used 4462K, committed 4608K, reserved 1048576K
}
Event: 20.246 GC heap before
{Heap before GC invocations=23 (full 0):
 garbage-first heap   total 262144K, used 200398K [0x0000000083200000, 0x0000000100000000)
  region size 1024K, 132 young (135168K), 9 survivors (9216K)
 Metaspace       used 35064K, committed 35392K, reserved 1081344K
  class space    used 4494K, committed 4672K, reserved 1048576K
}
Event: 20.260 GC heap after
{Heap after GC invocations=24 (full 0):
 garbage-first heap   total 548864K, used 80817K [0x0000000083200000, 0x0000000100000000)
  region size 1024K, 14 young (14336K), 14 survivors (14336K)
 Metaspace       used 35064K, committed 35392K, reserved 1081344K
  class space    used 4494K, committed 4672K, reserved 1048576K
}
Event: 20.870 GC heap before
{Heap before GC invocations=24 (full 0):
 garbage-first heap   total 548864K, used 394161K [0x0000000083200000, 0x0000000100000000)
  region size 1024K, 321 young (328704K), 14 survivors (14336K)
 Metaspace       used 35722K, committed 36096K, reserved 1081344K
  class space    used 4621K, committed 4800K, reserved 1048576K
}
Event: 20.900 GC heap after
{Heap after GC invocations=25 (full 0):
 garbage-first heap   total 548864K, used 93705K [0x0000000083200000, 0x0000000100000000)
  region size 1024K, 27 young (27648K), 27 survivors (27648K)
 Metaspace       used 35722K, committed 36096K, reserved 1081344K
  class space    used 4621K, committed 4800K, reserved 1048576K
}
Event: 21.101 GC heap before
{Heap before GC invocations=25 (full 0):
 garbage-first heap   total 548864K, used 393737K [0x0000000083200000, 0x0000000100000000)
  region size 1024K, 321 young (328704K), 27 survivors (27648K)
 Metaspace       used 36107K, committed 36480K, reserved 1081344K
  class space    used 4702K, committed 4864K, reserved 1048576K
}
Event: 21.125 GC heap after
{Heap after GC invocations=26 (full 0):
 garbage-first heap   total 548864K, used 104927K [0x0000000083200000, 0x0000000100000000)
  region size 1024K, 30 young (30720K), 30 survivors (30720K)
 Metaspace       used 36107K, committed 36480K, reserved 1081344K
  class space    used 4702K, committed 4864K, reserved 1048576K
}
Event: 21.342 GC heap before
{Heap before GC invocations=26 (full 0):
 garbage-first heap   total 548864K, used 401887K [0x0000000083200000, 0x0000000100000000)
  region size 1024K, 321 young (328704K), 30 survivors (30720K)
 Metaspace       used 36128K, committed 36480K, reserved 1081344K
  class space    used 4706K, committed 4864K, reserved 1048576K
}
Event: 21.366 GC heap after
{Heap after GC invocations=27 (full 0):
 garbage-first heap   total 548864K, used 120485K [0x0000000083200000, 0x0000000100000000)
  region size 1024K, 27 young (27648K), 27 survivors (27648K)
 Metaspace       used 36128K, committed 36480K, reserved 1081344K
  class space    used 4706K, committed 4864K, reserved 1048576K
}
Event: 22.470 GC heap before
{Heap before GC invocations=27 (full 0):
 garbage-first heap   total 548864K, used 420517K [0x0000000083200000, 0x0000000100000000)
  region size 1024K, 321 young (328704K), 27 survivors (27648K)
 Metaspace       used 38856K, committed 39168K, reserved 1089536K
  class space    used 4918K, committed 5056K, reserved 1048576K
}

