# JRE version: OpenJDK Runtime Environment Temurin-17.0.5+8 (17.0.5+8) (build 17.0.5+8)
# Java VM: OpenJDK 64-Bit Server VM Temurin-17.0.5+8 (17.0.5+8, mixed mode, emulated-client, sharing, tiered, compressed oops, compressed class ptrs, g1 gc, windows-amd64)
GC Precious Log:
 CPUs: 8 total, 8 available
 Memory: 7987M
 Large Page Support: Disabled
 NUMA Support: Disabled
 Compressed Oops: Enabled (32-bit)
 Heap Region Size: 1M
 Heap Min Capacity: 8M
 Heap Initial Capacity: 126M
 Heap Max Capacity: 1998M
 Pre-touch: Disabled
 Parallel Workers: 8
 Concurrent Workers: 2
 Concurrent Refinement Workers: 8
 Periodic GC: Disabled
Heap:
 garbage-first heap   total 119808K, used 35219K [0x0000000083200000, 0x0000000100000000)
  region size 1024K, 1 young (1024K), 0 survivors (0K)
 Metaspace       used 46778K, committed 47424K, reserved 1097728K
  class space    used 6373K, committed 6656K, reserved 1048576K
GC Heap History (20 events):
Event: 4675.782 GC heap before
{Heap before GC invocations=476 (full 446):
 garbage-first heap   total 119808K, used 35219K [0x0000000083200000, 0x0000000100000000)
  region size 1024K, 1 young (1024K), 0 survivors (0K)
 Metaspace       used 46778K, committed 47424K, reserved 1097728K
  class space    used 6373K, committed 6656K, reserved 1048576K
}
Event: 4675.817 GC heap after
{Heap after GC invocations=477 (full 447):
 garbage-first heap   total 119808K, used 35219K [0x0000000083200000, 0x0000000100000000)
  region size 1024K, 0 young (0K), 0 survivors (0K)
 Metaspace       used 46778K, committed 47424K, reserved 1097728K
  class space    used 6373K, committed 6656K, reserved 1048576K
}
Event: 4686.022 GC heap before
{Heap before GC invocations=477 (full 447):
 garbage-first heap   total 119808K, used 35219K [0x0000000083200000, 0x0000000100000000)
  region size 1024K, 1 young (1024K), 0 survivors (0K)
 Metaspace       used 46778K, committed 47424K, reserved 1097728K
  class space    used 6373K, committed 6656K, reserved 1048576K
}
Event: 4686.058 GC heap after
{Heap after GC invocations=478 (full 448):
 garbage-first heap   total 119808K, used 35219K [0x0000000083200000, 0x0000000100000000)
  region size 1024K, 0 young (0K), 0 survivors (0K)
 Metaspace       used 46778K, committed 47424K, reserved 1097728K
  class space    used 6373K, committed 6656K, reserved 1048576K
}
Event: 4696.741 GC heap before
{Heap before GC invocations=478 (full 448):
 garbage-first heap   total 119808K, used 35219K [0x0000000083200000, 0x0000000100000000)
  region size 1024K, 1 young (1024K), 0 survivors (0K)
 Metaspace       used 46778K, committed 47424K, reserved 1097728K
  class space    used 6373K, committed 6656K, reserved 1048576K
}
Event: 4696.794 GC heap after
{Heap after GC invocations=479 (full 449):
 garbage-first heap   total 119808K, used 35219K [0x0000000083200000, 0x0000000100000000)
  region size 1024K, 0 young (0K), 0 survivors (0K)
 Metaspace       used 46778K, committed 47424K, reserved 1097728K
  class space    used 6373K, committed 6656K, reserved 1048576K
}
Event: 4706.975 GC heap before
{Heap before GC invocations=479 (full 449):
 garbage-first heap   total 119808K, used 35219K [0x0000000083200000, 0x0000000100000000)
  region size 1024K, 1 young (1024K), 0 survivors (0K)
 Metaspace       used 46778K, committed 47424K, reserved 1097728K
  class space    used 6373K, committed 6656K, reserved 1048576K
}
Event: 4707.009 GC heap after
{Heap after GC invocations=480 (full 450):
 garbage-first heap   total 119808K, used 35219K [0x0000000083200000, 0x0000000100000000)
  region size 1024K, 0 young (0K), 0 survivors (0K)
 Metaspace       used 46778K, committed 47424K, reserved 1097728K
  class space    used 6373K, committed 6656K, reserved 1048576K
}
Event: 4717.208 GC heap before
{Heap before GC invocations=480 (full 450):
 garbage-first heap   total 119808K, used 35219K [0x0000000083200000, 0x0000000100000000)
  region size 1024K, 1 young (1024K), 0 survivors (0K)
 Metaspace       used 46778K, committed 47424K, reserved 1097728K
  class space    used 6373K, committed 6656K, reserved 1048576K
}
Event: 4717.245 GC heap after
{Heap after GC invocations=481 (full 451):
 garbage-first heap   total 119808K, used 35219K [0x0000000083200000, 0x0000000100000000)
  region size 1024K, 0 young (0K), 0 survivors (0K)
 Metaspace       used 46778K, committed 47424K, reserved 1097728K
  class space    used 6373K, committed 6656K, reserved 1048576K
}
Event: 4727.409 GC heap before
{Heap before GC invocations=481 (full 451):
 garbage-first heap   total 119808K, used 35219K [0x0000000083200000, 0x0000000100000000)
  region size 1024K, 1 young (1024K), 0 survivors (0K)
 Metaspace       used 46778K, committed 47424K, reserved 1097728K
  class space    used 6373K, committed 6656K, reserved 1048576K
}
Event: 4727.442 GC heap after
{Heap after GC invocations=482 (full 452):
 garbage-first heap   total 119808K, used 35219K [0x0000000083200000, 0x0000000100000000)
  region size 1024K, 0 young (0K), 0 survivors (0K)
 Metaspace       used 46778K, committed 47424K, reserved 1097728K
  class space    used 6373K, committed 6656K, reserved 1048576K
}
Event: 4737.603 GC heap before
{Heap before GC invocations=482 (full 452):
 garbage-first heap   total 119808K, used 35219K [0x0000000083200000, 0x0000000100000000)
  region size 1024K, 1 young (1024K), 0 survivors (0K)
 Metaspace       used 46778K, committed 47424K, reserved 1097728K
  class space    used 6373K, committed 6656K, reserved 1048576K
}
Event: 4737.632 GC heap after
{Heap after GC invocations=483 (full 453):
 garbage-first heap   total 119808K, used 35219K [0x0000000083200000, 0x0000000100000000)
  region size 1024K, 0 young (0K), 0 survivors (0K)
 Metaspace       used 46778K, committed 47424K, reserved 1097728K
  class space    used 6373K, committed 6656K, reserved 1048576K
}
Event: 4747.781 GC heap before
{Heap before GC invocations=483 (full 453):
 garbage-first heap   total 119808K, used 35219K [0x0000000083200000, 0x0000000100000000)
  region size 1024K, 1 young (1024K), 0 survivors (0K)
 Metaspace       used 46778K, committed 47424K, reserved 1097728K
  class space    used 6373K, committed 6656K, reserved 1048576K
}
Event: 4747.809 GC heap after
{Heap after GC invocations=484 (full 454):
 garbage-first heap   total 119808K, used 35219K [0x0000000083200000, 0x0000000100000000)
  region size 1024K, 0 young (0K), 0 survivors (0K)
 Metaspace       used 46778K, committed 47424K, reserved 1097728K
  class space    used 6373K, committed 6656K, reserved 1048576K
}
Event: 4757.979 GC heap before
{Heap before GC invocations=484 (full 454):
 garbage-first heap   total 119808K, used 35219K [0x0000000083200000, 0x0000000100000000)
  region size 1024K, 1 young (1024K), 0 survivors (0K)
 Metaspace       used 46778K, committed 47424K, reserved 1097728K
  class space    used 6373K, committed 6656K, reserved 1048576K
}
Event: 4758.006 GC heap after
{Heap after GC invocations=485 (full 455):
 garbage-first heap   total 119808K, used 35219K [0x0000000083200000, 0x0000000100000000)
  region size 1024K, 0 young (0K), 0 survivors (0K)
 Metaspace       used 46778K, committed 47424K, reserved 1097728K
  class space    used 6373K, committed 6656K, reserved 1048576K
}
Event: 4768.189 GC heap before
{Heap before GC invocations=485 (full 455):
 garbage-first heap   total 119808K, used 35219K [0x0000000083200000, 0x0000000100000000)
  region size 1024K, 1 young (1024K), 0 survivors (0K)
 Metaspace       used 46778K, committed 47424K, reserved 1097728K
  class space    used 6373K, committed 6656K, reserved 1048576K
}
Event: 4768.221 GC heap after
{Heap after GC invocations=486 (full 456):
 garbage-first heap   total 119808K, used 35219K [0x0000000083200000, 0x0000000100000000)
  region size 1024K, 0 young (0K), 0 survivors (0K)
 Metaspace       used 46778K, committed 47424K, reserved 1097728K
  class space    used 6373K, committed 6656K, reserved 1048576K
}

