# JRE version: OpenJDK Runtime Environment Temurin-17.0.4.1+1 (17.0.4.1+1) (build 17.0.4.1+1)
# Java VM: OpenJDK 64-Bit Server VM Temurin-17.0.4.1+1 (17.0.4.1+1, mixed mode, tiered, compressed oops, compressed class ptrs, parallel gc, windows-amd64)
GC Precious Log:
 CPUs: 8 total, 8 available
 Memory: 7987M
 Large Page Support: Disabled
 NUMA Support: Disabled
 Compressed Oops: Enabled (32-bit)
 Alignments: Space 512K, Generation 512K, Heap 2M
 Heap Min Capacity: 100M
 Heap Initial Capacity: 100M
 Heap Max Capacity: 1G
 Pre-touch: Disabled
 Parallel Workers: 8
Heap:
 PSYoungGen      total 20480K, used 20465K [0x00000000eab00000, 0x00000000ecb00000, 0x0000000100000000)
  eden space 17920K, 100% used [0x00000000eab00000,0x00000000ebc80000,0x00000000ebc80000)
  from space 2560K, 99% used [0x00000000ec700000,0x00000000ec97c6a0,0x00000000ec980000)
  to   space 1536K, 0% used [0x00000000ec980000,0x00000000ec980000,0x00000000ecb00000)
 ParOldGen       total 442880K, used 401635K [0x00000000c0000000, 0x00000000db080000, 0x00000000eab00000)
  object space 442880K, 90% used [0x00000000c0000000,0x00000000d8838c80,0x00000000db080000)
 Metaspace       used 68798K, committed 70016K, reserved 1114112K
  class space    used 6943K, committed 7488K, reserved 1048576K
GC Heap History (20 events):
Event: 36.394 GC heap before
{Heap before GC invocations=415 (full 15):
 PSYoungGen      total 24064K, used 24056K [0x00000000eab00000, 0x00000000ed680000, 0x0000000100000000)
  eden space 17408K, 100% used [0x00000000eab00000,0x00000000ebc00000,0x00000000ebc00000)
  from space 6656K, 99% used [0x00000000ebc00000,0x00000000ec27e090,0x00000000ec280000)
  to   space 12800K, 0% used [0x00000000eca00000,0x00000000eca00000,0x00000000ed680000)
 ParOldGen       total 397824K, used 357425K [0x00000000c0000000, 0x00000000d8480000, 0x00000000eab00000)
  object space 397824K, 89% used [0x00000000c0000000,0x00000000d5d0c5b8,0x00000000d8480000)
 Metaspace       used 67715K, committed 68864K, reserved 1114112K
  class space    used 6826K, committed 7360K, reserved 1048576K
}
Event: 36.404 GC heap after
{Heap after GC invocations=415 (full 15):
 PSYoungGen      total 28160K, used 9061K [0x00000000eab00000, 0x00000000ed300000, 0x0000000100000000)
  eden space 18944K, 0% used [0x00000000eab00000,0x00000000eab00000,0x00000000ebd80000)
  from space 9216K, 98% used [0x00000000eca00000,0x00000000ed2d9650,0x00000000ed300000)
  to   space 10240K, 0% used [0x00000000ebf00000,0x00000000ebf00000,0x00000000ec900000)
 ParOldGen       total 397824K, used 363968K [0x00000000c0000000, 0x00000000d8480000, 0x00000000eab00000)
  object space 397824K, 91% used [0x00000000c0000000,0x00000000d63703a8,0x00000000d8480000)
 Metaspace       used 67715K, committed 68864K, reserved 1114112K
  class space    used 6826K, committed 7360K, reserved 1048576K
}
Event: 36.705 GC heap before
{Heap before GC invocations=416 (full 15):
 PSYoungGen      total 28160K, used 27976K [0x00000000eab00000, 0x00000000ed300000, 0x0000000100000000)
  eden space 18944K, 99% used [0x00000000eab00000,0x00000000ebd78b08,0x00000000ebd80000)
  from space 9216K, 98% used [0x00000000eca00000,0x00000000ed2d9650,0x00000000ed300000)
  to   space 10240K, 0% used [0x00000000ebf00000,0x00000000ebf00000,0x00000000ec900000)
 ParOldGen       total 397824K, used 363968K [0x00000000c0000000, 0x00000000d8480000, 0x00000000eab00000)
  object space 397824K, 91% used [0x00000000c0000000,0x00000000d63703a8,0x00000000d8480000)
 Metaspace       used 67732K, committed 68864K, reserved 1114112K
  class space    used 6826K, committed 7360K, reserved 1048576K
}
Event: 36.716 GC heap after
{Heap after GC invocations=416 (full 15):
 PSYoungGen      total 30720K, used 10239K [0x00000000eab00000, 0x00000000ee100000, 0x0000000100000000)
  eden space 20480K, 0% used [0x00000000eab00000,0x00000000eab00000,0x00000000ebf00000)
  from space 10240K, 99% used [0x00000000ebf00000,0x00000000ec8ffd78,0x00000000ec900000)
  to   space 17408K, 0% used [0x00000000ed000000,0x00000000ed000000,0x00000000ee100000)
 ParOldGen       total 397824K, used 369500K [0x00000000c0000000, 0x00000000d8480000, 0x00000000eab00000)
  object space 397824K, 92% used [0x00000000c0000000,0x00000000d68d7258,0x00000000d8480000)
 Metaspace       used 67732K, committed 68864K, reserved 1114112K
  class space    used 6826K, committed 7360K, reserved 1048576K
}
Event: 37.111 GC heap before
{Heap before GC invocations=417 (full 15):
 PSYoungGen      total 30720K, used 30719K [0x00000000eab00000, 0x00000000ee100000, 0x0000000100000000)
  eden space 20480K, 100% used [0x00000000eab00000,0x00000000ebf00000,0x00000000ebf00000)
  from space 10240K, 99% used [0x00000000ebf00000,0x00000000ec8ffd78,0x00000000ec900000)
  to   space 17408K, 0% used [0x00000000ed000000,0x00000000ed000000,0x00000000ee100000)
 ParOldGen       total 397824K, used 369500K [0x00000000c0000000, 0x00000000d8480000, 0x00000000eab00000)
  object space 397824K, 92% used [0x00000000c0000000,0x00000000d68d7258,0x00000000d8480000)
 Metaspace       used 67935K, committed 69056K, reserved 1114112K
  class space    used 6867K, committed 7360K, reserved 1048576K
}
Event: 37.128 GC heap after
{Heap after GC invocations=417 (full 15):
 PSYoungGen      total 33280K, used 11617K [0x00000000eab00000, 0x00000000edb80000, 0x0000000100000000)
  eden space 21504K, 0% used [0x00000000eab00000,0x00000000eab00000,0x00000000ec000000)
  from space 11776K, 98% used [0x00000000ed000000,0x00000000edb58720,0x00000000edb80000)
  to   space 13312K, 0% used [0x00000000ec180000,0x00000000ec180000,0x00000000ece80000)
 ParOldGen       total 397824K, used 377731K [0x00000000c0000000, 0x00000000d8480000, 0x00000000eab00000)
  object space 397824K, 94% used [0x00000000c0000000,0x00000000d70e0f38,0x00000000d8480000)
 Metaspace       used 67935K, committed 69056K, reserved 1114112K
  class space    used 6867K, committed 7360K, reserved 1048576K
}
Event: 37.639 GC heap before
{Heap before GC invocations=418 (full 15):
 PSYoungGen      total 33280K, used 33121K [0x00000000eab00000, 0x00000000edb80000, 0x0000000100000000)
  eden space 21504K, 100% used [0x00000000eab00000,0x00000000ec000000,0x00000000ec000000)
  from space 11776K, 98% used [0x00000000ed000000,0x00000000edb58720,0x00000000edb80000)
  to   space 13312K, 0% used [0x00000000ec180000,0x00000000ec180000,0x00000000ece80000)
 ParOldGen       total 397824K, used 377731K [0x00000000c0000000, 0x00000000d8480000, 0x00000000eab00000)
  object space 397824K, 94% used [0x00000000c0000000,0x00000000d70e0f38,0x00000000d8480000)
 Metaspace       used 68282K, committed 69504K, reserved 1114112K
  class space    used 6893K, committed 7424K, reserved 1048576K
}
Event: 37.662 GC heap after
{Heap after GC invocations=418 (full 15):
 PSYoungGen      total 35840K, used 13310K [0x00000000eab00000, 0x00000000ef800000, 0x0000000100000000)
  eden space 22528K, 0% used [0x00000000eab00000,0x00000000eab00000,0x00000000ec100000)
  from space 13312K, 99% used [0x00000000ec180000,0x00000000ece7fab8,0x00000000ece80000)
  to   space 28160K, 0% used [0x00000000edc80000,0x00000000edc80000,0x00000000ef800000)
 ParOldGen       total 397824K, used 390074K [0x00000000c0000000, 0x00000000d8480000, 0x00000000eab00000)
  object space 397824K, 98% used [0x00000000c0000000,0x00000000d7cee940,0x00000000d8480000)
 Metaspace       used 68282K, committed 69504K, reserved 1114112K
  class space    used 6893K, committed 7424K, reserved 1048576K
}
Event: 37.662 GC heap before
{Heap before GC invocations=419 (full 16):
 PSYoungGen      total 35840K, used 13310K [0x00000000eab00000, 0x00000000ef800000, 0x0000000100000000)
  eden space 22528K, 0% used [0x00000000eab00000,0x00000000eab00000,0x00000000ec100000)
  from space 13312K, 99% used [0x00000000ec180000,0x00000000ece7fab8,0x00000000ece80000)
  to   space 28160K, 0% used [0x00000000edc80000,0x00000000edc80000,0x00000000ef800000)
 ParOldGen       total 397824K, used 390074K [0x00000000c0000000, 0x00000000d8480000, 0x00000000eab00000)
  object space 397824K, 98% used [0x00000000c0000000,0x00000000d7cee940,0x00000000d8480000)
 Metaspace       used 68282K, committed 69504K, reserved 1114112K
  class space    used 6893K, committed 7424K, reserved 1048576K
}
Event: 37.972 GC heap after
{Heap after GC invocations=419 (full 16):
 PSYoungGen      total 50688K, used 0K [0x00000000eab00000, 0x00000000ef980000, 0x0000000100000000)
  eden space 22528K, 0% used [0x00000000eab00000,0x00000000eab00000,0x00000000ec100000)
  from space 28160K, 0% used [0x00000000edc80000,0x00000000edc80000,0x00000000ef800000)
  to   space 28160K, 0% used [0x00000000ec100000,0x00000000ec100000,0x00000000edc80000)
 ParOldGen       total 442880K, used 379970K [0x00000000c0000000, 0x00000000db080000, 0x00000000eab00000)
  object space 442880K, 85% used [0x00000000c0000000,0x00000000d7310a50,0x00000000db080000)
 Metaspace       used 68282K, committed 69504K, reserved 1114112K
  class space    used 6893K, committed 7424K, reserved 1048576K
}
Event: 38.365 GC heap before
{Heap before GC invocations=420 (full 16):
 PSYoungGen      total 50688K, used 22320K [0x00000000eab00000, 0x00000000ef980000, 0x0000000100000000)
  eden space 22528K, 99% used [0x00000000eab00000,0x00000000ec0cc038,0x00000000ec100000)
  from space 28160K, 0% used [0x00000000edc80000,0x00000000edc80000,0x00000000ef800000)
  to   space 28160K, 0% used [0x00000000ec100000,0x00000000ec100000,0x00000000edc80000)
 ParOldGen       total 442880K, used 379970K [0x00000000c0000000, 0x00000000db080000, 0x00000000eab00000)
  object space 442880K, 85% used [0x00000000c0000000,0x00000000d7310a50,0x00000000db080000)
 Metaspace       used 68686K, committed 69952K, reserved 1114112K
  class space    used 6935K, committed 7488K, reserved 1048576K
}
Event: 38.377 GC heap after
{Heap after GC invocations=420 (full 16):
 PSYoungGen      total 33792K, used 11001K [0x00000000eab00000, 0x00000000ee200000, 0x0000000100000000)
  eden space 22528K, 0% used [0x00000000eab00000,0x00000000eab00000,0x00000000ec100000)
  from space 11264K, 97% used [0x00000000ec100000,0x00000000ecbbe660,0x00000000ecc00000)
  to   space 16384K, 0% used [0x00000000ed200000,0x00000000ed200000,0x00000000ee200000)
 ParOldGen       total 442880K, used 379978K [0x00000000c0000000, 0x00000000db080000, 0x00000000eab00000)
  object space 442880K, 85% used [0x00000000c0000000,0x00000000d7312a50,0x00000000db080000)
 Metaspace       used 68686K, committed 69952K, reserved 1114112K
  class space    used 6935K, committed 7488K, reserved 1048576K
}
Event: 39.864 GC heap before
{Heap before GC invocations=421 (full 16):
 PSYoungGen      total 33792K, used 33529K [0x00000000eab00000, 0x00000000ee200000, 0x0000000100000000)
  eden space 22528K, 100% used [0x00000000eab00000,0x00000000ec100000,0x00000000ec100000)
  from space 11264K, 97% used [0x00000000ec100000,0x00000000ecbbe660,0x00000000ecc00000)
  to   space 16384K, 0% used [0x00000000ed200000,0x00000000ed200000,0x00000000ee200000)
 ParOldGen       total 442880K, used 379978K [0x00000000c0000000, 0x00000000db080000, 0x00000000eab00000)
  object space 442880K, 85% used [0x00000000c0000000,0x00000000d7312a50,0x00000000db080000)
 Metaspace       used 68720K, committed 69952K, reserved 1114112K
  class space    used 6936K, committed 7488K, reserved 1048576K
}
Event: 39.878 GC heap after
{Heap after GC invocations=421 (full 16):
 PSYoungGen      total 33280K, used 16363K [0x00000000eab00000, 0x00000000eef00000, 0x0000000100000000)
  eden space 16896K, 0% used [0x00000000eab00000,0x00000000eab00000,0x00000000ebb80000)
  from space 16384K, 99% used [0x00000000ed200000,0x00000000ee1faf98,0x00000000ee200000)
  to   space 23040K, 0% used [0x00000000ebb80000,0x00000000ebb80000,0x00000000ed200000)
 ParOldGen       total 442880K, used 384642K [0x00000000c0000000, 0x00000000db080000, 0x00000000eab00000)
  object space 442880K, 86% used [0x00000000c0000000,0x00000000d77a0a50,0x00000000db080000)
 Metaspace       used 68720K, committed 69952K, reserved 1114112K
  class space    used 6936K, committed 7488K, reserved 1048576K
}
Event: 40.752 GC heap before
{Heap before GC invocations=422 (full 16):
 PSYoungGen      total 33280K, used 33259K [0x00000000eab00000, 0x00000000eef00000, 0x0000000100000000)
  eden space 16896K, 100% used [0x00000000eab00000,0x00000000ebb80000,0x00000000ebb80000)
  from space 16384K, 99% used [0x00000000ed200000,0x00000000ee1faf98,0x00000000ee200000)
  to   space 23040K, 0% used [0x00000000ebb80000,0x00000000ebb80000,0x00000000ed200000)
 ParOldGen       total 442880K, used 384642K [0x00000000c0000000, 0x00000000db080000, 0x00000000eab00000)
  object space 442880K, 86% used [0x00000000c0000000,0x00000000d77a0a50,0x00000000db080000)
 Metaspace       used 68725K, committed 69952K, reserved 1114112K
  class space    used 6936K, committed 7488K, reserved 1048576K
}
Event: 40.764 GC heap after
{Heap after GC invocations=422 (full 16):
 PSYoungGen      total 17920K, used 635K [0x00000000eab00000, 0x00000000ed280000, 0x0000000100000000)
  eden space 16896K, 0% used [0x00000000eab00000,0x00000000eab00000,0x00000000ebb80000)
  from space 1024K, 62% used [0x00000000ebb80000,0x00000000ebc1ec08,0x00000000ebc80000)
  to   space 8192K, 0% used [0x00000000eca80000,0x00000000eca80000,0x00000000ed280000)
 ParOldGen       total 442880K, used 401147K [0x00000000c0000000, 0x00000000db080000, 0x00000000eab00000)
  object space 442880K, 90% used [0x00000000c0000000,0x00000000d87bec80,0x00000000db080000)
 Metaspace       used 68725K, committed 69952K, reserved 1114112K
  class space    used 6936K, committed 7488K, reserved 1048576K
}
Event: 41.533 GC heap before
{Heap before GC invocations=423 (full 16):
 PSYoungGen      total 17920K, used 17531K [0x00000000eab00000, 0x00000000ed280000, 0x0000000100000000)
  eden space 16896K, 100% used [0x00000000eab00000,0x00000000ebb80000,0x00000000ebb80000)
  from space 1024K, 62% used [0x00000000ebb80000,0x00000000ebc1ec08,0x00000000ebc80000)
  to   space 8192K, 0% used [0x00000000eca80000,0x00000000eca80000,0x00000000ed280000)
 ParOldGen       total 442880K, used 401147K [0x00000000c0000000, 0x00000000db080000, 0x00000000eab00000)
  object space 442880K, 90% used [0x00000000c0000000,0x00000000d87bec80,0x00000000db080000)
 Metaspace       used 68770K, committed 70016K, reserved 1114112K
  class space    used 6943K, committed 7488K, reserved 1048576K
}
Event: 41.536 GC heap after
{Heap after GC invocations=423 (full 16):
 PSYoungGen      total 18944K, used 1209K [0x00000000eab00000, 0x00000000ecc00000, 0x0000000100000000)
  eden space 17408K, 0% used [0x00000000eab00000,0x00000000eab00000,0x00000000ebc00000)
  from space 1536K, 78% used [0x00000000eca80000,0x00000000ecbae480,0x00000000ecc00000)
  to   space 2560K, 0% used [0x00000000ec700000,0x00000000ec700000,0x00000000ec980000)
 ParOldGen       total 442880K, used 401155K [0x00000000c0000000, 0x00000000db080000, 0x00000000eab00000)
  object space 442880K, 90% used [0x00000000c0000000,0x00000000d87c0c80,0x00000000db080000)
 Metaspace       used 68770K, committed 70016K, reserved 1114112K
  class space    used 6943K, committed 7488K, reserved 1048576K
}
Event: 42.256 GC heap before
{Heap before GC invocations=424 (full 16):
 PSYoungGen      total 18944K, used 18617K [0x00000000eab00000, 0x00000000ecc00000, 0x0000000100000000)
  eden space 17408K, 100% used [0x00000000eab00000,0x00000000ebc00000,0x00000000ebc00000)
  from space 1536K, 78% used [0x00000000eca80000,0x00000000ecbae480,0x00000000ecc00000)
  to   space 2560K, 0% used [0x00000000ec700000,0x00000000ec700000,0x00000000ec980000)
 ParOldGen       total 442880K, used 401155K [0x00000000c0000000, 0x00000000db080000, 0x00000000eab00000)
  object space 442880K, 90% used [0x00000000c0000000,0x00000000d87c0c80,0x00000000db080000)
 Metaspace       used 68790K, committed 70016K, reserved 1114112K
  class space    used 6943K, committed 7488K, reserved 1048576K
}
Event: 42.259 GC heap after
{Heap after GC invocations=424 (full 16):
 PSYoungGen      total 20480K, used 2545K [0x00000000eab00000, 0x00000000ecb00000, 0x0000000100000000)
  eden space 17920K, 0% used [0x00000000eab00000,0x00000000eab00000,0x00000000ebc80000)
  from space 2560K, 99% used [0x00000000ec700000,0x00000000ec97c6a0,0x00000000ec980000)
  to   space 1536K, 0% used [0x00000000ec980000,0x00000000ec980000,0x00000000ecb00000)
 ParOldGen       total 442880K, used 401635K [0x00000000c0000000, 0x00000000db080000, 0x00000000eab00000)
  object space 442880K, 90% used [0x00000000c0000000,0x00000000d8838c80,0x00000000db080000)
 Metaspace       used 68790K, committed 70016K, reserved 1114112K
  class space    used 6943K, committed 7488K, reserved 1048576K
}

