# JRE version: OpenJDK Runtime Environment Temurin-17.0.5+8 (17.0.5+8) (build 17.0.5+8)
# Java VM: OpenJDK 64-Bit Server VM Temurin-17.0.5+8 (17.0.5+8, mixed mode, emulated-client, sharing, tiered, compressed oops, compressed class ptrs, g1 gc, windows-amd64)
GC Precious Log:
 CPUs: 8 total, 8 available
 Memory: 7987M
 Large Page Support: Disabled
 NUMA Support: Disabled
 Compressed Oops: Enabled (32-bit)
 Heap Region Size: 1M
 Heap Min Capacity: 8M
 Heap Initial Capacity: 126M
 Heap Max Capacity: 1998M
 Pre-touch: Disabled
 Parallel Workers: 8
 Concurrent Workers: 2
 Concurrent Refinement Workers: 8
 Periodic GC: Disabled
Heap:
 garbage-first heap   total 167936K, used 78989K [0x0000000083200000, 0x0000000100000000)
  region size 1024K, 7 young (7168K), 7 survivors (7168K)
 Metaspace       used 31571K, committed 31936K, reserved 1081344K
  class space    used 4119K, committed 4288K, reserved 1048576K
GC Heap History (20 events):
Event: 3.782 GC heap after
{Heap after GC invocations=8 (full 0):
 garbage-first heap   total 58368K, used 27793K [0x0000000083200000, 0x0000000100000000)
  region size 1024K, 3 young (3072K), 3 survivors (3072K)
 Metaspace       used 28527K, committed 28864K, reserved 1081344K
  class space    used 3834K, committed 4032K, reserved 1048576K
}
Event: 3.820 GC heap before
{Heap before GC invocations=8 (full 0):
 garbage-first heap   total 58368K, used 41105K [0x0000000083200000, 0x0000000100000000)
  region size 1024K, 17 young (17408K), 3 survivors (3072K)
 Metaspace       used 28734K, committed 29056K, reserved 1081344K
  class space    used 3851K, committed 4032K, reserved 1048576K
}
Event: 3.823 GC heap after
{Heap after GC invocations=9 (full 0):
 garbage-first heap   total 80896K, used 30696K [0x0000000083200000, 0x0000000100000000)
  region size 1024K, 3 young (3072K), 3 survivors (3072K)
 Metaspace       used 28734K, committed 29056K, reserved 1081344K
  class space    used 3851K, committed 4032K, reserved 1048576K
}
Event: 3.879 GC heap before
{Heap before GC invocations=9 (full 0):
 garbage-first heap   total 80896K, used 58344K [0x0000000083200000, 0x0000000100000000)
  region size 1024K, 30 young (30720K), 3 survivors (3072K)
 Metaspace       used 29249K, committed 29568K, reserved 1081344K
  class space    used 3904K, committed 4032K, reserved 1048576K
}
Event: 3.883 GC heap after
{Heap after GC invocations=10 (full 0):
 garbage-first heap   total 80896K, used 35017K [0x0000000083200000, 0x0000000100000000)
  region size 1024K, 4 young (4096K), 4 survivors (4096K)
 Metaspace       used 29249K, committed 29568K, reserved 1081344K
  class space    used 3904K, committed 4032K, reserved 1048576K
}
Event: 3.917 GC heap before
{Heap before GC invocations=10 (full 0):
 garbage-first heap   total 80896K, used 59593K [0x0000000083200000, 0x0000000100000000)
  region size 1024K, 28 young (28672K), 4 survivors (4096K)
 Metaspace       used 29500K, committed 29888K, reserved 1081344K
  class space    used 3922K, committed 4096K, reserved 1048576K
}
Event: 3.923 GC heap after
{Heap after GC invocations=11 (full 0):
 garbage-first heap   total 80896K, used 42280K [0x0000000083200000, 0x0000000100000000)
  region size 1024K, 4 young (4096K), 4 survivors (4096K)
 Metaspace       used 29500K, committed 29888K, reserved 1081344K
  class space    used 3922K, committed 4096K, reserved 1048576K
}
Event: 3.948 GC heap before
{Heap before GC invocations=11 (full 0):
 garbage-first heap   total 80896K, used 58664K [0x0000000083200000, 0x0000000100000000)
  region size 1024K, 21 young (21504K), 4 survivors (4096K)
 Metaspace       used 29777K, committed 30144K, reserved 1081344K
  class space    used 3935K, committed 4096K, reserved 1048576K
}
Event: 3.953 GC heap after
{Heap after GC invocations=12 (full 0):
 garbage-first heap   total 80896K, used 47000K [0x0000000083200000, 0x0000000100000000)
  region size 1024K, 3 young (3072K), 3 survivors (3072K)
 Metaspace       used 29777K, committed 30144K, reserved 1081344K
  class space    used 3935K, committed 4096K, reserved 1048576K
}
Event: 4.054 GC heap before
{Heap before GC invocations=13 (full 0):
 garbage-first heap   total 83968K, used 61336K [0x0000000083200000, 0x0000000100000000)
  region size 1024K, 18 young (18432K), 3 survivors (3072K)
 Metaspace       used 30697K, committed 31040K, reserved 1081344K
  class space    used 4000K, committed 4160K, reserved 1048576K
}
Event: 4.057 GC heap after
{Heap after GC invocations=14 (full 0):
 garbage-first heap   total 83968K, used 49666K [0x0000000083200000, 0x0000000100000000)
  region size 1024K, 3 young (3072K), 3 survivors (3072K)
 Metaspace       used 30697K, committed 31040K, reserved 1081344K
  class space    used 4000K, committed 4160K, reserved 1048576K
}
Event: 4.068 GC heap before
{Heap before GC invocations=14 (full 0):
 garbage-first heap   total 83968K, used 49666K [0x0000000083200000, 0x0000000100000000)
  region size 1024K, 4 young (4096K), 3 survivors (3072K)
 Metaspace       used 30892K, committed 31232K, reserved 1081344K
  class space    used 4020K, committed 4160K, reserved 1048576K
}
Event: 4.071 GC heap after
{Heap after GC invocations=15 (full 0):
 garbage-first heap   total 167936K, used 49372K [0x0000000083200000, 0x0000000100000000)
  region size 1024K, 1 young (1024K), 1 survivors (1024K)
 Metaspace       used 30892K, committed 31232K, reserved 1081344K
  class space    used 4020K, committed 4160K, reserved 1048576K
}
Event: 4.234 GC heap before
{Heap before GC invocations=15 (full 0):
 garbage-first heap   total 167936K, used 122076K [0x0000000083200000, 0x0000000100000000)
  region size 1024K, 71 young (72704K), 1 survivors (1024K)
 Metaspace       used 31533K, committed 31936K, reserved 1081344K
  class space    used 4114K, committed 4288K, reserved 1048576K
}
Event: 4.254 GC heap after
{Heap after GC invocations=16 (full 0):
 garbage-first heap   total 167936K, used 68422K [0x0000000083200000, 0x0000000100000000)
  region size 1024K, 9 young (9216K), 9 survivors (9216K)
 Metaspace       used 31533K, committed 31936K, reserved 1081344K
  class space    used 4114K, committed 4288K, reserved 1048576K
}
Event: 4.275 GC heap before
{Heap before GC invocations=16 (full 0):
 garbage-first heap   total 167936K, used 120646K [0x0000000083200000, 0x0000000100000000)
  region size 1024K, 61 young (62464K), 9 survivors (9216K)
 Metaspace       used 31571K, committed 31936K, reserved 1081344K
  class space    used 4119K, committed 4288K, reserved 1048576K
}
Event: 4.279 GC heap after
{Heap after GC invocations=17 (full 0):
 garbage-first heap   total 167936K, used 72914K [0x0000000083200000, 0x0000000100000000)
  region size 1024K, 4 young (4096K), 4 survivors (4096K)
 Metaspace       used 31571K, committed 31936K, reserved 1081344K
  class space    used 4119K, committed 4288K, reserved 1048576K
}
Event: 4.293 GC heap before
{Heap before GC invocations=17 (full 0):
 garbage-first heap   total 167936K, used 125138K [0x0000000083200000, 0x0000000100000000)
  region size 1024K, 56 young (57344K), 4 survivors (4096K)
 Metaspace       used 31571K, committed 31936K, reserved 1081344K
  class space    used 4119K, committed 4288K, reserved 1048576K
}
Event: 4.296 GC heap after
{Heap after GC invocations=18 (full 0):
 garbage-first heap   total 167936K, used 75683K [0x0000000083200000, 0x0000000100000000)
  region size 1024K, 7 young (7168K), 7 survivors (7168K)
 Metaspace       used 31571K, committed 31936K, reserved 1081344K
  class space    used 4119K, committed 4288K, reserved 1048576K
}
Event: 4.313 GC heap before
{Heap before GC invocations=18 (full 0):
 garbage-first heap   total 167936K, used 127907K [0x0000000083200000, 0x0000000100000000)
  region size 1024K, 59 young (60416K), 7 survivors (7168K)
 Metaspace       used 31571K, committed 31936K, reserved 1081344K
  class space    used 4119K, committed 4288K, reserved 1048576K
}

