# JRE version: OpenJDK Runtime Environment Temurin-17.0.5+8 (17.0.5+8) (build 17.0.5+8)
# Java VM: OpenJDK 64-Bit Server VM Temurin-17.0.5+8 (17.0.5+8, mixed mode, emulated-client, sharing, tiered, compressed oops, compressed class ptrs, g1 gc, windows-amd64)
GC Precious Log:
 CPUs: 8 total, 8 available
 Memory: 7987M
 Large Page Support: Disabled
 NUMA Support: Disabled
 Compressed Oops: Enabled (32-bit)
 Heap Region Size: 1M
 Heap Min Capacity: 8M
 Heap Initial Capacity: 126M
 Heap Max Capacity: 1998M
 Pre-touch: Disabled
 Parallel Workers: 8
 Concurrent Workers: 2
 Concurrent Refinement Workers: 8
 Periodic GC: Disabled
Heap:
 garbage-first heap   total 148480K, used 77991K [0x0000000083200000, 0x0000000100000000)
  region size 1024K, 5 young (5120K), 5 survivors (5120K)
 Metaspace       used 31612K, committed 32000K, reserved 1081344K
  class space    used 4132K, committed 4288K, reserved 1048576K
GC Heap History (20 events):
Event: 8.290 GC heap after
{Heap after GC invocations=8 (full 0):
 garbage-first heap   total 58368K, used 24576K [0x0000000083200000, 0x0000000100000000)
  region size 1024K, 3 young (3072K), 3 survivors (3072K)
 Metaspace       used 28089K, committed 28416K, reserved 1081344K
  class space    used 3803K, committed 3968K, reserved 1048576K
}
Event: 8.413 GC heap before
{Heap before GC invocations=8 (full 0):
 garbage-first heap   total 58368K, used 40960K [0x0000000083200000, 0x0000000100000000)
  region size 1024K, 20 young (20480K), 3 survivors (3072K)
 Metaspace       used 28625K, committed 28992K, reserved 1081344K
  class space    used 3841K, committed 4032K, reserved 1048576K
}
Event: 8.422 GC heap after
{Heap after GC invocations=9 (full 0):
 garbage-first heap   total 90112K, used 27999K [0x0000000083200000, 0x0000000100000000)
  region size 1024K, 3 young (3072K), 3 survivors (3072K)
 Metaspace       used 28625K, committed 28992K, reserved 1081344K
  class space    used 3841K, committed 4032K, reserved 1048576K
}
Event: 8.639 GC heap before
{Heap before GC invocations=9 (full 0):
 garbage-first heap   total 90112K, used 61791K [0x0000000083200000, 0x0000000100000000)
  region size 1024K, 37 young (37888K), 3 survivors (3072K)
 Metaspace       used 29250K, committed 29568K, reserved 1081344K
  class space    used 3905K, committed 4032K, reserved 1048576K
}
Event: 8.646 GC heap after
{Heap after GC invocations=10 (full 0):
 garbage-first heap   total 90112K, used 33597K [0x0000000083200000, 0x0000000100000000)
  region size 1024K, 5 young (5120K), 5 survivors (5120K)
 Metaspace       used 29250K, committed 29568K, reserved 1081344K
  class space    used 3905K, committed 4032K, reserved 1048576K
}
Event: 8.749 GC heap before
{Heap before GC invocations=10 (full 0):
 garbage-first heap   total 90112K, used 65341K [0x0000000083200000, 0x0000000100000000)
  region size 1024K, 36 young (36864K), 5 survivors (5120K)
 Metaspace       used 29648K, committed 30016K, reserved 1081344K
  class space    used 3931K, committed 4096K, reserved 1048576K
}
Event: 8.758 GC heap after
{Heap after GC invocations=11 (full 0):
 garbage-first heap   total 90112K, used 42303K [0x0000000083200000, 0x0000000100000000)
  region size 1024K, 5 young (5120K), 5 survivors (5120K)
 Metaspace       used 29648K, committed 30016K, reserved 1081344K
  class space    used 3931K, committed 4096K, reserved 1048576K
}
Event: 8.897 GC heap before
{Heap before GC invocations=11 (full 0):
 garbage-first heap   total 90112K, used 63807K [0x0000000083200000, 0x0000000100000000)
  region size 1024K, 27 young (27648K), 5 survivors (5120K)
 Metaspace       used 30394K, committed 30656K, reserved 1081344K
  class space    used 3968K, committed 4096K, reserved 1048576K
}
Event: 8.905 GC heap after
{Heap after GC invocations=12 (full 0):
 garbage-first heap   total 90112K, used 47619K [0x0000000083200000, 0x0000000100000000)
  region size 1024K, 4 young (4096K), 4 survivors (4096K)
 Metaspace       used 30394K, committed 30656K, reserved 1081344K
  class space    used 3968K, committed 4096K, reserved 1048576K
}
Event: 9.164 GC heap before
{Heap before GC invocations=12 (full 0):
 garbage-first heap   total 90112K, used 66051K [0x0000000083200000, 0x0000000100000000)
  region size 1024K, 23 young (23552K), 4 survivors (4096K)
 Metaspace       used 31160K, committed 31552K, reserved 1081344K
  class space    used 4048K, committed 4224K, reserved 1048576K
}
Event: 9.171 GC heap after
{Heap after GC invocations=13 (full 0):
 garbage-first heap   total 148480K, used 50880K [0x0000000083200000, 0x0000000100000000)
  region size 1024K, 3 young (3072K), 3 survivors (3072K)
 Metaspace       used 31160K, committed 31552K, reserved 1081344K
  class space    used 4048K, committed 4224K, reserved 1048576K
}
Event: 9.426 GC heap before
{Heap before GC invocations=14 (full 0):
 garbage-first heap   total 148480K, used 102080K [0x0000000083200000, 0x0000000100000000)
  region size 1024K, 52 young (53248K), 3 survivors (3072K)
 Metaspace       used 31498K, committed 31872K, reserved 1081344K
  class space    used 4118K, committed 4288K, reserved 1048576K
}
Event: 9.457 GC heap after
{Heap after GC invocations=15 (full 0):
 garbage-first heap   total 148480K, used 67584K [0x0000000083200000, 0x0000000100000000)
  region size 1024K, 7 young (7168K), 7 survivors (7168K)
 Metaspace       used 31498K, committed 31872K, reserved 1081344K
  class space    used 4118K, committed 4288K, reserved 1048576K
}
Event: 9.476 GC heap before
{Heap before GC invocations=15 (full 0):
 garbage-first heap   total 148480K, used 105472K [0x0000000083200000, 0x0000000100000000)
  region size 1024K, 45 young (46080K), 7 survivors (7168K)
 Metaspace       used 31519K, committed 31872K, reserved 1081344K
  class space    used 4120K, committed 4288K, reserved 1048576K
}
Event: 9.482 GC heap after
{Heap after GC invocations=16 (full 0):
 garbage-first heap   total 148480K, used 71831K [0x0000000083200000, 0x0000000100000000)
  region size 1024K, 4 young (4096K), 4 survivors (4096K)
 Metaspace       used 31519K, committed 31872K, reserved 1081344K
  class space    used 4120K, committed 4288K, reserved 1048576K
}
Event: 9.493 GC heap before
{Heap before GC invocations=16 (full 0):
 garbage-first heap   total 148480K, used 108695K [0x0000000083200000, 0x0000000100000000)
  region size 1024K, 41 young (41984K), 4 survivors (4096K)
 Metaspace       used 31528K, committed 31872K, reserved 1081344K
  class space    used 4126K, committed 4288K, reserved 1048576K
}
Event: 9.497 GC heap after
{Heap after GC invocations=17 (full 0):
 garbage-first heap   total 148480K, used 73454K [0x0000000083200000, 0x0000000100000000)
  region size 1024K, 5 young (5120K), 5 survivors (5120K)
 Metaspace       used 31528K, committed 31872K, reserved 1081344K
  class space    used 4126K, committed 4288K, reserved 1048576K
}
Event: 9.521 GC heap before
{Heap before GC invocations=17 (full 0):
 garbage-first heap   total 148480K, used 112366K [0x0000000083200000, 0x0000000100000000)
  region size 1024K, 44 young (45056K), 5 survivors (5120K)
 Metaspace       used 31611K, committed 32000K, reserved 1081344K
  class space    used 4132K, committed 4288K, reserved 1048576K
}
Event: 9.526 GC heap after
{Heap after GC invocations=18 (full 0):
 garbage-first heap   total 148480K, used 75909K [0x0000000083200000, 0x0000000100000000)
  region size 1024K, 5 young (5120K), 5 survivors (5120K)
 Metaspace       used 31611K, committed 32000K, reserved 1081344K
  class space    used 4132K, committed 4288K, reserved 1048576K
}
Event: 9.549 GC heap before
{Heap before GC invocations=18 (full 0):
 garbage-first heap   total 148480K, used 114821K [0x0000000083200000, 0x0000000100000000)
  region size 1024K, 44 young (45056K), 5 survivors (5120K)
 Metaspace       used 31612K, committed 32000K, reserved 1081344K
  class space    used 4132K, committed 4288K, reserved 1048576K
}

