# JRE version: OpenJDK Runtime Environment Temurin-17.0.4.1+1 (17.0.4.1+1) (build 17.0.4.1+1)
# Java VM: OpenJDK 64-Bit Server VM Temurin-17.0.4.1+1 (17.0.4.1+1, mixed mode, emulated-client, tiered, compressed oops, compressed class ptrs, g1 gc, windows-amd64)
GC Precious Log:
 CPUs: 8 total, 8 available
 Memory: 7987M
 Large Page Support: Disabled
 NUMA Support: Disabled
 Compressed Oops: Enabled (32-bit)
 Heap Region Size: 1M
 Heap Min Capacity: 8M
 Heap Initial Capacity: 126M
 Heap Max Capacity: 1998M
 Pre-touch: Disabled
 Parallel Workers: 8
 Concurrent Workers: 2
 Concurrent Refinement Workers: 8
 Periodic GC: Disabled
Heap:
 garbage-first heap   total 138240K, used 63538K [0x0000000083200000, 0x0000000100000000)
  region size 1024K, 3 young (3072K), 3 survivors (3072K)
 Metaspace       used 35934K, committed 36288K, reserved 1081344K
  class space    used 4664K, committed 4864K, reserved 1048576K
GC Heap History (20 events):
Event: 2.588 GC heap after
{Heap after GC invocations=6 (full 0):
 garbage-first heap   total 48128K, used 12749K [0x0000000083200000, 0x0000000100000000)
  region size 1024K, 1 young (1024K), 1 survivors (1024K)
 Metaspace       used 25231K, committed 25472K, reserved 1073152K
  class space    used 3109K, committed 3200K, reserved 1048576K
}
Event: 3.079 GC heap before
{Heap before GC invocations=6 (full 0):
 garbage-first heap   total 48128K, used 32205K [0x0000000083200000, 0x0000000100000000)
  region size 1024K, 20 young (20480K), 1 survivors (1024K)
 Metaspace       used 28356K, committed 28672K, reserved 1081344K
  class space    used 3563K, committed 3712K, reserved 1048576K
}
Event: 3.085 GC heap after
{Heap after GC invocations=7 (full 0):
 garbage-first heap   total 48128K, used 14524K [0x0000000083200000, 0x0000000100000000)
  region size 1024K, 3 young (3072K), 3 survivors (3072K)
 Metaspace       used 28356K, committed 28672K, reserved 1081344K
  class space    used 3563K, committed 3712K, reserved 1048576K
}
Event: 3.540 GC heap before
{Heap before GC invocations=7 (full 0):
 garbage-first heap   total 48128K, used 31932K [0x0000000083200000, 0x0000000100000000)
  region size 1024K, 21 young (21504K), 3 survivors (3072K)
 Metaspace       used 32360K, committed 32640K, reserved 1081344K
  class space    used 4101K, committed 4224K, reserved 1048576K
}
Event: 3.546 GC heap after
{Heap after GC invocations=8 (full 0):
 garbage-first heap   total 72704K, used 16113K [0x0000000083200000, 0x0000000100000000)
  region size 1024K, 2 young (2048K), 2 survivors (2048K)
 Metaspace       used 32360K, committed 32640K, reserved 1081344K
  class space    used 4101K, committed 4224K, reserved 1048576K
}
Event: 3.729 GC heap before
{Heap before GC invocations=8 (full 0):
 garbage-first heap   total 72704K, used 48881K [0x0000000083200000, 0x0000000100000000)
  region size 1024K, 35 young (35840K), 2 survivors (2048K)
 Metaspace       used 33184K, committed 33472K, reserved 1081344K
  class space    used 4211K, committed 4352K, reserved 1048576K
}
Event: 3.736 GC heap after
{Heap after GC invocations=9 (full 0):
 garbage-first heap   total 72704K, used 22516K [0x0000000083200000, 0x0000000100000000)
  region size 1024K, 5 young (5120K), 5 survivors (5120K)
 Metaspace       used 33184K, committed 33472K, reserved 1081344K
  class space    used 4211K, committed 4352K, reserved 1048576K
}
Event: 3.843 GC heap before
{Heap before GC invocations=9 (full 0):
 garbage-first heap   total 72704K, used 49140K [0x0000000083200000, 0x0000000100000000)
  region size 1024K, 31 young (31744K), 5 survivors (5120K)
 Metaspace       used 33637K, committed 33984K, reserved 1081344K
  class space    used 4282K, committed 4480K, reserved 1048576K
}
Event: 3.850 GC heap after
{Heap after GC invocations=10 (full 0):
 garbage-first heap   total 72704K, used 27107K [0x0000000083200000, 0x0000000100000000)
  region size 1024K, 4 young (4096K), 4 survivors (4096K)
 Metaspace       used 33637K, committed 33984K, reserved 1081344K
  class space    used 4282K, committed 4480K, reserved 1048576K
}
Event: 3.909 GC heap before
{Heap before GC invocations=10 (full 0):
 garbage-first heap   total 72704K, used 49635K [0x0000000083200000, 0x0000000100000000)
  region size 1024K, 27 young (27648K), 4 survivors (4096K)
 Metaspace       used 33822K, committed 34176K, reserved 1081344K
  class space    used 4310K, committed 4480K, reserved 1048576K
}
Event: 3.915 GC heap after
{Heap after GC invocations=11 (full 0):
 garbage-first heap   total 72704K, used 31499K [0x0000000083200000, 0x0000000100000000)
  region size 1024K, 4 young (4096K), 4 survivors (4096K)
 Metaspace       used 33822K, committed 34176K, reserved 1081344K
  class space    used 4310K, committed 4480K, reserved 1048576K
}
Event: 3.964 GC heap before
{Heap before GC invocations=11 (full 0):
 garbage-first heap   total 72704K, used 51979K [0x0000000083200000, 0x0000000100000000)
  region size 1024K, 25 young (25600K), 4 survivors (4096K)
 Metaspace       used 33983K, committed 34304K, reserved 1081344K
  class space    used 4330K, committed 4480K, reserved 1048576K
}
Event: 3.972 GC heap after
{Heap after GC invocations=12 (full 0):
 garbage-first heap   total 111616K, used 37888K [0x0000000083200000, 0x0000000100000000)
  region size 1024K, 4 young (4096K), 4 survivors (4096K)
 Metaspace       used 33983K, committed 34304K, reserved 1081344K
  class space    used 4330K, committed 4480K, reserved 1048576K
}
Event: 4.262 GC heap before
{Heap before GC invocations=12 (full 0):
 garbage-first heap   total 111616K, used 77824K [0x0000000083200000, 0x0000000100000000)
  region size 1024K, 44 young (45056K), 4 survivors (4096K)
 Metaspace       used 35381K, committed 35776K, reserved 1081344K
  class space    used 4547K, committed 4736K, reserved 1048576K
}
Event: 4.271 GC heap after
{Heap after GC invocations=13 (full 0):
 garbage-first heap   total 111616K, used 46499K [0x0000000083200000, 0x0000000100000000)
  region size 1024K, 6 young (6144K), 6 survivors (6144K)
 Metaspace       used 35381K, committed 35776K, reserved 1081344K
  class space    used 4547K, committed 4736K, reserved 1048576K
}
Event: 4.393 GC heap before
{Heap before GC invocations=13 (full 0):
 garbage-first heap   total 111616K, used 75171K [0x0000000083200000, 0x0000000100000000)
  region size 1024K, 33 young (33792K), 6 survivors (6144K)
 Metaspace       used 35809K, committed 36096K, reserved 1081344K
  class space    used 4647K, committed 4800K, reserved 1048576K
}
Event: 4.421 GC heap after
{Heap after GC invocations=14 (full 0):
 garbage-first heap   total 111616K, used 61440K [0x0000000083200000, 0x0000000100000000)
  region size 1024K, 5 young (5120K), 5 survivors (5120K)
 Metaspace       used 35809K, committed 36096K, reserved 1081344K
  class space    used 4647K, committed 4800K, reserved 1048576K
}
Event: 4.464 GC heap before
{Heap before GC invocations=14 (full 0):
 garbage-first heap   total 111616K, used 80896K [0x0000000083200000, 0x0000000100000000)
  region size 1024K, 25 young (25600K), 5 survivors (5120K)
 Metaspace       used 35931K, committed 36288K, reserved 1081344K
  class space    used 4664K, committed 4864K, reserved 1048576K
}
Event: 4.469 GC heap after
{Heap after GC invocations=15 (full 0):
 garbage-first heap   total 111616K, used 64253K [0x0000000083200000, 0x0000000100000000)
  region size 1024K, 2 young (2048K), 2 survivors (2048K)
 Metaspace       used 35931K, committed 36288K, reserved 1081344K
  class space    used 4664K, committed 4864K, reserved 1048576K
}
Event: 4.495 GC heap before
{Heap before GC invocations=15 (full 0):
 garbage-first heap   total 138240K, used 82685K [0x0000000083200000, 0x0000000100000000)
  region size 1024K, 22 young (22528K), 2 survivors (2048K)
 Metaspace       used 35934K, committed 36288K, reserved 1081344K
  class space    used 4664K, committed 4864K, reserved 1048576K
}

