# JRE version: OpenJDK Runtime Environment Temurin-17.0.4.1+1 (17.0.4.1+1) (build 17.0.4.1+1)
# Java VM: OpenJDK 64-Bit Server VM Temurin-17.0.4.1+1 (17.0.4.1+1, mixed mode, emulated-client, tiered, compressed oops, compressed class ptrs, g1 gc, windows-amd64)
GC Precious Log:
 CPUs: 8 total, 8 available
 Memory: 7987M
 Large Page Support: Disabled
 NUMA Support: Disabled
 Compressed Oops: Enabled (32-bit)
 Heap Region Size: 1M
 Heap Min Capacity: 8M
 Heap Initial Capacity: 126M
 Heap Max Capacity: 1998M
 Pre-touch: Disabled
 Parallel Workers: 8
 Concurrent Workers: 2
 Concurrent Refinement Workers: 8
 Periodic GC: Disabled
Heap:
 garbage-first heap   total 275456K, used 79634K [0x0000000083200000, 0x0000000100000000)
  region size 1024K, 9 young (9216K), 9 survivors (9216K)
 Metaspace       used 37147K, committed 37440K, reserved 1089536K
  class space    used 4788K, committed 4928K, reserved 1048576K
GC Heap History (20 events):
Event: 11.816 GC heap after
{Heap after GC invocations=15 (full 0):
 garbage-first heap   total 95232K, used 42768K [0x0000000083200000, 0x0000000100000000)
  region size 1024K, 5 young (5120K), 5 survivors (5120K)
 Metaspace       used 34596K, committed 34880K, reserved 1081344K
  class space    used 4409K, committed 4544K, reserved 1048576K
}
Event: 11.820 GC heap before
{Heap before GC invocations=15 (full 0):
 garbage-first heap   total 95232K, used 43792K [0x0000000083200000, 0x0000000100000000)
  region size 1024K, 6 young (6144K), 5 survivors (5120K)
 Metaspace       used 34604K, committed 34880K, reserved 1081344K
  class space    used 4410K, committed 4544K, reserved 1048576K
}
Event: 11.826 GC heap after
{Heap after GC invocations=16 (full 0):
 garbage-first heap   total 95232K, used 43907K [0x0000000083200000, 0x0000000100000000)
  region size 1024K, 1 young (1024K), 1 survivors (1024K)
 Metaspace       used 34604K, committed 34880K, reserved 1081344K
  class space    used 4410K, committed 4544K, reserved 1048576K
}
Event: 12.167 GC heap before
{Heap before GC invocations=16 (full 0):
 garbage-first heap   total 95232K, used 68483K [0x0000000083200000, 0x0000000100000000)
  region size 1024K, 26 young (26624K), 1 survivors (1024K)
 Metaspace       used 35924K, committed 36224K, reserved 1081344K
  class space    used 4661K, committed 4800K, reserved 1048576K
}
Event: 12.173 GC heap after
{Heap after GC invocations=17 (full 0):
 garbage-first heap   total 95232K, used 48259K [0x0000000083200000, 0x0000000100000000)
  region size 1024K, 4 young (4096K), 4 survivors (4096K)
 Metaspace       used 35924K, committed 36224K, reserved 1081344K
  class space    used 4661K, committed 4800K, reserved 1048576K
}
Event: 12.406 GC heap before
{Heap before GC invocations=18 (full 0):
 garbage-first heap   total 95232K, used 72835K [0x0000000083200000, 0x0000000100000000)
  region size 1024K, 27 young (27648K), 4 survivors (4096K)
 Metaspace       used 36672K, committed 36992K, reserved 1081344K
  class space    used 4748K, committed 4864K, reserved 1048576K
}
Event: 12.418 GC heap after
{Heap after GC invocations=19 (full 0):
 garbage-first heap   total 95232K, used 60510K [0x0000000083200000, 0x0000000100000000)
  region size 1024K, 4 young (4096K), 4 survivors (4096K)
 Metaspace       used 36672K, committed 36992K, reserved 1081344K
  class space    used 4748K, committed 4864K, reserved 1048576K
}
Event: 12.428 GC heap before
{Heap before GC invocations=19 (full 0):
 garbage-first heap   total 95232K, used 61534K [0x0000000083200000, 0x0000000100000000)
  region size 1024K, 5 young (5120K), 4 survivors (4096K)
 Metaspace       used 36747K, committed 37120K, reserved 1081344K
  class space    used 4753K, committed 4928K, reserved 1048576K
}
Event: 12.433 GC heap after
{Heap after GC invocations=20 (full 0):
 garbage-first heap   total 95232K, used 61998K [0x0000000083200000, 0x0000000100000000)
  region size 1024K, 1 young (1024K), 1 survivors (1024K)
 Metaspace       used 36747K, committed 37120K, reserved 1081344K
  class space    used 4753K, committed 4928K, reserved 1048576K
}
Event: 12.465 GC heap before
{Heap before GC invocations=20 (full 0):
 garbage-first heap   total 95232K, used 73262K [0x0000000083200000, 0x0000000100000000)
  region size 1024K, 13 young (13312K), 1 survivors (1024K)
 Metaspace       used 36941K, committed 37312K, reserved 1081344K
  class space    used 4771K, committed 4928K, reserved 1048576K
}
Event: 12.487 GC heap after
{Heap after GC invocations=21 (full 0):
 garbage-first heap   total 275456K, used 64919K [0x0000000083200000, 0x0000000100000000)
  region size 1024K, 2 young (2048K), 2 survivors (2048K)
 Metaspace       used 36941K, committed 37312K, reserved 1081344K
  class space    used 4771K, committed 4928K, reserved 1048576K
}
Event: 12.563 GC heap before
{Heap before GC invocations=21 (full 0):
 garbage-first heap   total 275456K, used 145815K [0x0000000083200000, 0x0000000100000000)
  region size 1024K, 82 young (83968K), 2 survivors (2048K)
 Metaspace       used 36999K, committed 37312K, reserved 1081344K
  class space    used 4779K, committed 4928K, reserved 1048576K
}
Event: 12.574 GC heap after
{Heap after GC invocations=22 (full 0):
 garbage-first heap   total 275456K, used 68406K [0x0000000083200000, 0x0000000100000000)
  region size 1024K, 6 young (6144K), 6 survivors (6144K)
 Metaspace       used 36999K, committed 37312K, reserved 1081344K
  class space    used 4779K, committed 4928K, reserved 1048576K
}
Event: 12.646 GC heap before
{Heap before GC invocations=23 (full 0):
 garbage-first heap   total 232448K, used 196406K [0x0000000083200000, 0x0000000100000000)
  region size 1024K, 133 young (136192K), 6 survivors (6144K)
 Metaspace       used 37147K, committed 37440K, reserved 1089536K
  class space    used 4788K, committed 4928K, reserved 1048576K
}
Event: 12.655 GC heap after
{Heap after GC invocations=24 (full 0):
 garbage-first heap   total 232448K, used 72407K [0x0000000083200000, 0x0000000100000000)
  region size 1024K, 11 young (11264K), 11 survivors (11264K)
 Metaspace       used 37147K, committed 37440K, reserved 1089536K
  class space    used 4788K, committed 4928K, reserved 1048576K
}
Event: 12.657 GC heap before
{Heap before GC invocations=24 (full 0):
 garbage-first heap   total 232448K, used 73431K [0x0000000083200000, 0x0000000100000000)
  region size 1024K, 13 young (13312K), 11 survivors (11264K)
 Metaspace       used 37147K, committed 37440K, reserved 1089536K
  class space    used 4788K, committed 4928K, reserved 1048576K
}
Event: 12.667 GC heap after
{Heap after GC invocations=25 (full 0):
 garbage-first heap   total 232448K, used 72611K [0x0000000083200000, 0x0000000100000000)
  region size 1024K, 2 young (2048K), 2 survivors (2048K)
 Metaspace       used 37147K, committed 37440K, reserved 1089536K
  class space    used 4788K, committed 4928K, reserved 1048576K
}
Event: 12.697 GC heap before
{Heap before GC invocations=25 (full 0):
 garbage-first heap   total 232448K, used 170915K [0x0000000083200000, 0x0000000100000000)
  region size 1024K, 99 young (101376K), 2 survivors (2048K)
 Metaspace       used 37147K, committed 37440K, reserved 1089536K
  class space    used 4788K, committed 4928K, reserved 1048576K
}
Event: 12.700 GC heap after
{Heap after GC invocations=26 (full 0):
 garbage-first heap   total 232448K, used 74865K [0x0000000083200000, 0x0000000100000000)
  region size 1024K, 4 young (4096K), 4 survivors (4096K)
 Metaspace       used 37147K, committed 37440K, reserved 1089536K
  class space    used 4788K, committed 4928K, reserved 1048576K
}
Event: 12.738 GC heap before
{Heap before GC invocations=26 (full 0):
 garbage-first heap   total 232448K, used 177265K [0x0000000083200000, 0x0000000100000000)
  region size 1024K, 105 young (107520K), 4 survivors (4096K)
 Metaspace       used 37147K, committed 37440K, reserved 1089536K
  class space    used 4788K, committed 4928K, reserved 1048576K
}

