# JRE version: OpenJDK Runtime Environment Temurin-17.0.4.1+1 (17.0.4.1+1) (build 17.0.4.1+1)
# Java VM: OpenJDK 64-Bit Server VM Temurin-17.0.4.1+1 (17.0.4.1+1, mixed mode, emulated-client, tiered, compressed oops, compressed class ptrs, g1 gc, windows-amd64)
GC Precious Log:
 CPUs: 8 total, 8 available
 Memory: 7987M
 Large Page Support: Disabled
 NUMA Support: Disabled
 Compressed Oops: Enabled (32-bit)
 Heap Region Size: 1M
 Heap Min Capacity: 8M
 Heap Initial Capacity: 126M
 Heap Max Capacity: 1998M
 Pre-touch: Disabled
 Parallel Workers: 8
 Concurrent Workers: 2
 Concurrent Refinement Workers: 8
 Periodic GC: Disabled
Heap:
 garbage-first heap   total 288768K, used 82818K [0x0000000083200000, 0x0000000100000000)
  region size 1024K, 11 young (11264K), 11 survivors (11264K)
 Metaspace       used 35586K, committed 35840K, reserved 1081344K
  class space    used 4617K, committed 4736K, reserved 1048576K
GC Heap History (20 events):
Event: 3.992 GC heap after
{Heap after GC invocations=11 (full 0):
 garbage-first heap   total 58368K, used 29490K [0x0000000083200000, 0x0000000100000000)
  region size 1024K, 3 young (3072K), 3 survivors (3072K)
 Metaspace       used 35435K, committed 35776K, reserved 1081344K
  class space    used 4593K, committed 4736K, reserved 1048576K
}
Event: 4.029 GC heap before
{Heap before GC invocations=11 (full 0):
 garbage-first heap   total 58368K, used 41778K [0x0000000083200000, 0x0000000100000000)
  region size 1024K, 16 young (16384K), 3 survivors (3072K)
 Metaspace       used 35435K, committed 35776K, reserved 1081344K
  class space    used 4593K, committed 4736K, reserved 1048576K
}
Event: 4.032 GC heap after
{Heap after GC invocations=12 (full 0):
 garbage-first heap   total 58368K, used 32044K [0x0000000083200000, 0x0000000100000000)
  region size 1024K, 2 young (2048K), 2 survivors (2048K)
 Metaspace       used 35435K, committed 35776K, reserved 1081344K
  class space    used 4593K, committed 4736K, reserved 1048576K
}
Event: 4.073 GC heap before
{Heap before GC invocations=13 (full 0):
 garbage-first heap   total 68608K, used 43308K [0x0000000083200000, 0x0000000100000000)
  region size 1024K, 13 young (13312K), 2 survivors (2048K)
 Metaspace       used 35435K, committed 35776K, reserved 1081344K
  class space    used 4593K, committed 4736K, reserved 1048576K
}
Event: 4.077 GC heap after
{Heap after GC invocations=14 (full 0):
 garbage-first heap   total 102400K, used 34338K [0x0000000083200000, 0x0000000100000000)
  region size 1024K, 2 young (2048K), 2 survivors (2048K)
 Metaspace       used 35435K, committed 35776K, reserved 1081344K
  class space    used 4593K, committed 4736K, reserved 1048576K
}
Event: 4.085 GC heap before
{Heap before GC invocations=14 (full 0):
 garbage-first heap   total 102400K, used 37410K [0x0000000083200000, 0x0000000100000000)
  region size 1024K, 5 young (5120K), 2 survivors (2048K)
 Metaspace       used 35435K, committed 35776K, reserved 1081344K
  class space    used 4593K, committed 4736K, reserved 1048576K
}
Event: 4.088 GC heap after
{Heap after GC invocations=15 (full 0):
 garbage-first heap   total 102400K, used 35029K [0x0000000083200000, 0x0000000100000000)
  region size 1024K, 1 young (1024K), 1 survivors (1024K)
 Metaspace       used 35435K, committed 35776K, reserved 1081344K
  class space    used 4593K, committed 4736K, reserved 1048576K
}
Event: 4.209 GC heap before
{Heap before GC invocations=15 (full 0):
 garbage-first heap   total 102400K, used 74965K [0x0000000083200000, 0x0000000100000000)
  region size 1024K, 40 young (40960K), 1 survivors (1024K)
 Metaspace       used 35435K, committed 35776K, reserved 1081344K
  class space    used 4593K, committed 4736K, reserved 1048576K
}
Event: 4.218 GC heap after
{Heap after GC invocations=16 (full 0):
 garbage-first heap   total 102400K, used 45149K [0x0000000083200000, 0x0000000100000000)
  region size 1024K, 5 young (5120K), 5 survivors (5120K)
 Metaspace       used 35435K, committed 35776K, reserved 1081344K
  class space    used 4593K, committed 4736K, reserved 1048576K
}
Event: 4.478 GC heap before
{Heap before GC invocations=16 (full 0):
 garbage-first heap   total 102400K, used 71773K [0x0000000083200000, 0x0000000100000000)
  region size 1024K, 31 young (31744K), 5 survivors (5120K)
 Metaspace       used 35435K, committed 35776K, reserved 1081344K
  class space    used 4593K, committed 4736K, reserved 1048576K
}
Event: 4.489 GC heap after
{Heap after GC invocations=17 (full 0):
 garbage-first heap   total 102400K, used 56320K [0x0000000083200000, 0x0000000100000000)
  region size 1024K, 4 young (4096K), 4 survivors (4096K)
 Metaspace       used 35435K, committed 35776K, reserved 1081344K
  class space    used 4593K, committed 4736K, reserved 1048576K
}
Event: 4.510 GC heap before
{Heap before GC invocations=17 (full 0):
 garbage-first heap   total 102400K, used 59392K [0x0000000083200000, 0x0000000100000000)
  region size 1024K, 8 young (8192K), 4 survivors (4096K)
 Metaspace       used 35435K, committed 35776K, reserved 1081344K
  class space    used 4593K, committed 4736K, reserved 1048576K
}
Event: 4.520 GC heap after
{Heap after GC invocations=18 (full 0):
 garbage-first heap   total 288768K, used 59345K [0x0000000083200000, 0x0000000100000000)
  region size 1024K, 3 young (3072K), 3 survivors (3072K)
 Metaspace       used 35435K, committed 35776K, reserved 1081344K
  class space    used 4593K, committed 4736K, reserved 1048576K
}
Event: 4.637 GC heap before
{Heap before GC invocations=18 (full 0):
 garbage-first heap   total 288768K, used 151505K [0x0000000083200000, 0x0000000100000000)
  region size 1024K, 93 young (95232K), 3 survivors (3072K)
 Metaspace       used 35512K, committed 35776K, reserved 1081344K
  class space    used 4611K, committed 4736K, reserved 1048576K
}
Event: 4.664 GC heap after
{Heap after GC invocations=19 (full 0):
 garbage-first heap   total 288768K, used 67819K [0x0000000083200000, 0x0000000100000000)
  region size 1024K, 10 young (10240K), 10 survivors (10240K)
 Metaspace       used 35512K, committed 35776K, reserved 1081344K
  class space    used 4611K, committed 4736K, reserved 1048576K
}
Event: 4.720 GC heap before
{Heap before GC invocations=19 (full 0):
 garbage-first heap   total 288768K, used 171243K [0x0000000083200000, 0x0000000100000000)
  region size 1024K, 112 young (114688K), 10 survivors (10240K)
 Metaspace       used 35585K, committed 35840K, reserved 1081344K
  class space    used 4617K, committed 4736K, reserved 1048576K
}
Event: 4.742 GC heap after
{Heap after GC invocations=20 (full 0):
 garbage-first heap   total 288768K, used 72101K [0x0000000083200000, 0x0000000100000000)
  region size 1024K, 5 young (5120K), 5 survivors (5120K)
 Metaspace       used 35585K, committed 35840K, reserved 1081344K
  class space    used 4617K, committed 4736K, reserved 1048576K
}
Event: 4.823 GC heap before
{Heap before GC invocations=20 (full 0):
 garbage-first heap   total 288768K, used 204197K [0x0000000083200000, 0x0000000100000000)
  region size 1024K, 135 young (138240K), 5 survivors (5120K)
 Metaspace       used 35585K, committed 35840K, reserved 1081344K
  class space    used 4617K, committed 4736K, reserved 1048576K
}
Event: 4.834 GC heap after
{Heap after GC invocations=21 (full 0):
 garbage-first heap   total 288768K, used 77267K [0x0000000083200000, 0x0000000100000000)
  region size 1024K, 10 young (10240K), 10 survivors (10240K)
 Metaspace       used 35585K, committed 35840K, reserved 1081344K
  class space    used 4617K, committed 4736K, reserved 1048576K
}
Event: 4.949 GC heap before
{Heap before GC invocations=21 (full 0):
 garbage-first heap   total 288768K, used 213459K [0x0000000083200000, 0x0000000100000000)
  region size 1024K, 144 young (147456K), 10 survivors (10240K)
 Metaspace       used 35586K, committed 35840K, reserved 1081344K
  class space    used 4617K, committed 4736K, reserved 1048576K
}

