# JRE version: OpenJDK Runtime Environment Temurin-17.0.4.1+1 (17.0.4.1+1) (build 17.0.4.1+1)
# Java VM: OpenJDK 64-Bit Server VM Temurin-17.0.4.1+1 (17.0.4.1+1, mixed mode, tiered, compressed oops, compressed class ptrs, parallel gc, windows-amd64)
GC Precious Log:
 CPUs: 8 total, 8 available
 Memory: 7987M
 Large Page Support: Disabled
 NUMA Support: Disabled
 Compressed Oops: Enabled (32-bit)
 Alignments: Space 512K, Generation 512K, Heap 2M
 Heap Min Capacity: 100M
 Heap Initial Capacity: 100M
 Heap Max Capacity: 1G
 Pre-touch: Disabled
 Parallel Workers: 8
Heap:
 PSYoungGen      total 12800K, used 6060K [0x00000000eab00000, 0x00000000ebb00000, 0x0000000100000000)
  eden space 11776K, 44% used [0x00000000eab00000,0x00000000eb023068,0x00000000eb680000)
  from space 1024K, 78% used [0x00000000eb680000,0x00000000eb748000,0x00000000eb780000)
  to   space 2048K, 0% used [0x00000000eb900000,0x00000000eb900000,0x00000000ebb00000)
 ParOldGen       total 68608K, used 65928K [0x00000000c0000000, 0x00000000c4300000, 0x00000000eab00000)
  object space 68608K, 96% used [0x00000000c0000000,0x00000000c40622f0,0x00000000c4300000)
 Metaspace       used 63152K, committed 64192K, reserved 1114112K
  class space    used 6491K, committed 6976K, reserved 1048576K
GC Heap History (20 events):
Event: 22.421 GC heap before
{Heap before GC invocations=47 (full 3):
 PSYoungGen      total 16896K, used 16576K [0x00000000eab00000, 0x00000000ebe00000, 0x0000000100000000)
  eden space 15872K, 100% used [0x00000000eab00000,0x00000000eba80000,0x00000000eba80000)
  from space 1024K, 68% used [0x00000000eba80000,0x00000000ebb30020,0x00000000ebb80000)
  to   space 1536K, 0% used [0x00000000ebc80000,0x00000000ebc80000,0x00000000ebe00000)
 ParOldGen       total 68608K, used 52704K [0x00000000c0000000, 0x00000000c4300000, 0x00000000eab00000)
  object space 68608K, 76% used [0x00000000c0000000,0x00000000c3378310,0x00000000c4300000)
 Metaspace       used 60360K, committed 61440K, reserved 1105920K
  class space    used 6289K, committed 6784K, reserved 1048576K
}
Event: 22.425 GC heap after
{Heap after GC invocations=47 (full 3):
 PSYoungGen      total 17408K, used 1312K [0x00000000eab00000, 0x00000000ebe00000, 0x0000000100000000)
  eden space 15872K, 0% used [0x00000000eab00000,0x00000000eab00000,0x00000000eba80000)
  from space 1536K, 85% used [0x00000000ebc80000,0x00000000ebdc8020,0x00000000ebe00000)
  to   space 1536K, 0% used [0x00000000ebb00000,0x00000000ebb00000,0x00000000ebc80000)
 ParOldGen       total 68608K, used 53272K [0x00000000c0000000, 0x00000000c4300000, 0x00000000eab00000)
  object space 68608K, 77% used [0x00000000c0000000,0x00000000c3406390,0x00000000c4300000)
 Metaspace       used 60360K, committed 61440K, reserved 1105920K
  class space    used 6289K, committed 6784K, reserved 1048576K
}
Event: 22.636 GC heap before
{Heap before GC invocations=48 (full 3):
 PSYoungGen      total 17408K, used 17184K [0x00000000eab00000, 0x00000000ebe00000, 0x0000000100000000)
  eden space 15872K, 100% used [0x00000000eab00000,0x00000000eba80000,0x00000000eba80000)
  from space 1536K, 85% used [0x00000000ebc80000,0x00000000ebdc8020,0x00000000ebe00000)
  to   space 1536K, 0% used [0x00000000ebb00000,0x00000000ebb00000,0x00000000ebc80000)
 ParOldGen       total 68608K, used 53272K [0x00000000c0000000, 0x00000000c4300000, 0x00000000eab00000)
  object space 68608K, 77% used [0x00000000c0000000,0x00000000c3406390,0x00000000c4300000)
 Metaspace       used 60517K, committed 61568K, reserved 1105920K
  class space    used 6302K, committed 6784K, reserved 1048576K
}
Event: 22.638 GC heap after
{Heap after GC invocations=48 (full 3):
 PSYoungGen      total 16384K, used 320K [0x00000000eab00000, 0x00000000ebd00000, 0x0000000100000000)
  eden space 15872K, 0% used [0x00000000eab00000,0x00000000eab00000,0x00000000eba80000)
  from space 512K, 62% used [0x00000000ebb00000,0x00000000ebb50000,0x00000000ebb80000)
  to   space 1024K, 0% used [0x00000000ebc00000,0x00000000ebc00000,0x00000000ebd00000)
 ParOldGen       total 68608K, used 54450K [0x00000000c0000000, 0x00000000c4300000, 0x00000000eab00000)
  object space 68608K, 79% used [0x00000000c0000000,0x00000000c352ca40,0x00000000c4300000)
 Metaspace       used 60517K, committed 61568K, reserved 1105920K
  class space    used 6302K, committed 6784K, reserved 1048576K
}
Event: 23.504 GC heap before
{Heap before GC invocations=49 (full 3):
 PSYoungGen      total 16384K, used 16192K [0x00000000eab00000, 0x00000000ebd00000, 0x0000000100000000)
  eden space 15872K, 100% used [0x00000000eab00000,0x00000000eba80000,0x00000000eba80000)
  from space 512K, 62% used [0x00000000ebb00000,0x00000000ebb50000,0x00000000ebb80000)
  to   space 1024K, 0% used [0x00000000ebc00000,0x00000000ebc00000,0x00000000ebd00000)
 ParOldGen       total 68608K, used 54450K [0x00000000c0000000, 0x00000000c4300000, 0x00000000eab00000)
  object space 68608K, 79% used [0x00000000c0000000,0x00000000c352ca40,0x00000000c4300000)
 Metaspace       used 60973K, committed 62016K, reserved 1105920K
  class space    used 6348K, committed 6848K, reserved 1048576K
}
Event: 23.507 GC heap after
{Heap after GC invocations=49 (full 3):
 PSYoungGen      total 14848K, used 1018K [0x00000000eab00000, 0x00000000ec180000, 0x0000000100000000)
  eden space 13824K, 0% used [0x00000000eab00000,0x00000000eab00000,0x00000000eb880000)
  from space 1024K, 99% used [0x00000000ebc00000,0x00000000ebcfe910,0x00000000ebd00000)
  to   space 3584K, 0% used [0x00000000eb880000,0x00000000eb880000,0x00000000ebc00000)
 ParOldGen       total 68608K, used 56259K [0x00000000c0000000, 0x00000000c4300000, 0x00000000eab00000)
  object space 68608K, 82% used [0x00000000c0000000,0x00000000c36f0c98,0x00000000c4300000)
 Metaspace       used 60973K, committed 62016K, reserved 1105920K
  class space    used 6348K, committed 6848K, reserved 1048576K
}
Event: 23.625 GC heap before
{Heap before GC invocations=50 (full 3):
 PSYoungGen      total 14848K, used 14842K [0x00000000eab00000, 0x00000000ec180000, 0x0000000100000000)
  eden space 13824K, 100% used [0x00000000eab00000,0x00000000eb880000,0x00000000eb880000)
  from space 1024K, 99% used [0x00000000ebc00000,0x00000000ebcfe910,0x00000000ebd00000)
  to   space 3584K, 0% used [0x00000000eb880000,0x00000000eb880000,0x00000000ebc00000)
 ParOldGen       total 68608K, used 56259K [0x00000000c0000000, 0x00000000c4300000, 0x00000000eab00000)
  object space 68608K, 82% used [0x00000000c0000000,0x00000000c36f0c98,0x00000000c4300000)
 Metaspace       used 61020K, committed 62080K, reserved 1105920K
  class space    used 6351K, committed 6848K, reserved 1048576K
}
Event: 23.627 GC heap after
{Heap after GC invocations=50 (full 3):
 PSYoungGen      total 16896K, used 2910K [0x00000000eab00000, 0x00000000ebe80000, 0x0000000100000000)
  eden space 13824K, 0% used [0x00000000eab00000,0x00000000eab00000,0x00000000eb880000)
  from space 3072K, 94% used [0x00000000eb880000,0x00000000ebb57820,0x00000000ebb80000)
  to   space 3072K, 0% used [0x00000000ebb80000,0x00000000ebb80000,0x00000000ebe80000)
 ParOldGen       total 68608K, used 57232K [0x00000000c0000000, 0x00000000c4300000, 0x00000000eab00000)
  object space 68608K, 83% used [0x00000000c0000000,0x00000000c37e4088,0x00000000c4300000)
 Metaspace       used 61020K, committed 62080K, reserved 1105920K
  class space    used 6351K, committed 6848K, reserved 1048576K
}
Event: 23.688 GC heap before
{Heap before GC invocations=51 (full 3):
 PSYoungGen      total 16896K, used 16734K [0x00000000eab00000, 0x00000000ebe80000, 0x0000000100000000)
  eden space 13824K, 100% used [0x00000000eab00000,0x00000000eb880000,0x00000000eb880000)
  from space 3072K, 94% used [0x00000000eb880000,0x00000000ebb57820,0x00000000ebb80000)
  to   space 3072K, 0% used [0x00000000ebb80000,0x00000000ebb80000,0x00000000ebe80000)
 ParOldGen       total 68608K, used 57232K [0x00000000c0000000, 0x00000000c4300000, 0x00000000eab00000)
  object space 68608K, 83% used [0x00000000c0000000,0x00000000c37e4088,0x00000000c4300000)
 Metaspace       used 61029K, committed 62080K, reserved 1105920K
  class space    used 6351K, committed 6848K, reserved 1048576K
}
Event: 23.690 GC heap after
{Heap after GC invocations=51 (full 3):
 PSYoungGen      total 14848K, used 576K [0x00000000eab00000, 0x00000000ebc80000, 0x0000000100000000)
  eden space 13824K, 0% used [0x00000000eab00000,0x00000000eab00000,0x00000000eb880000)
  from space 1024K, 56% used [0x00000000ebb80000,0x00000000ebc10000,0x00000000ebc80000)
  to   space 1536K, 0% used [0x00000000eb980000,0x00000000eb980000,0x00000000ebb00000)
 ParOldGen       total 68608K, used 60002K [0x00000000c0000000, 0x00000000c4300000, 0x00000000eab00000)
  object space 68608K, 87% used [0x00000000c0000000,0x00000000c3a98a28,0x00000000c4300000)
 Metaspace       used 61029K, committed 62080K, reserved 1105920K
  class space    used 6351K, committed 6848K, reserved 1048576K
}
Event: 23.771 GC heap before
{Heap before GC invocations=52 (full 3):
 PSYoungGen      total 14848K, used 14400K [0x00000000eab00000, 0x00000000ebc80000, 0x0000000100000000)
  eden space 13824K, 100% used [0x00000000eab00000,0x00000000eb880000,0x00000000eb880000)
  from space 1024K, 56% used [0x00000000ebb80000,0x00000000ebc10000,0x00000000ebc80000)
  to   space 1536K, 0% used [0x00000000eb980000,0x00000000eb980000,0x00000000ebb00000)
 ParOldGen       total 68608K, used 60002K [0x00000000c0000000, 0x00000000c4300000, 0x00000000eab00000)
  object space 68608K, 87% used [0x00000000c0000000,0x00000000c3a98a28,0x00000000c4300000)
 Metaspace       used 61051K, committed 62080K, reserved 1105920K
  class space    used 6351K, committed 6848K, reserved 1048576K
}
Event: 23.772 GC heap after
{Heap after GC invocations=52 (full 3):
 PSYoungGen      total 15360K, used 864K [0x00000000eab00000, 0x00000000ebc00000, 0x0000000100000000)
  eden space 13824K, 0% used [0x00000000eab00000,0x00000000eab00000,0x00000000eb880000)
  from space 1536K, 56% used [0x00000000eb980000,0x00000000eba58000,0x00000000ebb00000)
  to   space 1024K, 0% used [0x00000000ebb00000,0x00000000ebb00000,0x00000000ebc00000)
 ParOldGen       total 68608K, used 60470K [0x00000000c0000000, 0x00000000c4300000, 0x00000000eab00000)
  object space 68608K, 88% used [0x00000000c0000000,0x00000000c3b0da10,0x00000000c4300000)
 Metaspace       used 61051K, committed 62080K, reserved 1105920K
  class space    used 6351K, committed 6848K, reserved 1048576K
}
Event: 24.044 GC heap before
{Heap before GC invocations=53 (full 3):
 PSYoungGen      total 15360K, used 14688K [0x00000000eab00000, 0x00000000ebc00000, 0x0000000100000000)
  eden space 13824K, 100% used [0x00000000eab00000,0x00000000eb880000,0x00000000eb880000)
  from space 1536K, 56% used [0x00000000eb980000,0x00000000eba58000,0x00000000ebb00000)
  to   space 1024K, 0% used [0x00000000ebb00000,0x00000000ebb00000,0x00000000ebc00000)
 ParOldGen       total 68608K, used 60470K [0x00000000c0000000, 0x00000000c4300000, 0x00000000eab00000)
  object space 68608K, 88% used [0x00000000c0000000,0x00000000c3b0da10,0x00000000c4300000)
 Metaspace       used 61325K, committed 62400K, reserved 1105920K
  class space    used 6366K, committed 6848K, reserved 1048576K
}
Event: 24.047 GC heap after
{Heap after GC invocations=53 (full 3):
 PSYoungGen      total 14848K, used 1024K [0x00000000eab00000, 0x00000000ebd80000, 0x0000000100000000)
  eden space 13824K, 0% used [0x00000000eab00000,0x00000000eab00000,0x00000000eb880000)
  from space 1024K, 100% used [0x00000000ebb00000,0x00000000ebc00000,0x00000000ebc00000)
  to   space 2560K, 0% used [0x00000000eb880000,0x00000000eb880000,0x00000000ebb00000)
 ParOldGen       total 68608K, used 61466K [0x00000000c0000000, 0x00000000c4300000, 0x00000000eab00000)
  object space 68608K, 89% used [0x00000000c0000000,0x00000000c3c06928,0x00000000c4300000)
 Metaspace       used 61325K, committed 62400K, reserved 1105920K
  class space    used 6366K, committed 6848K, reserved 1048576K
}
Event: 24.563 GC heap before
{Heap before GC invocations=54 (full 3):
 PSYoungGen      total 14848K, used 14848K [0x00000000eab00000, 0x00000000ebd80000, 0x0000000100000000)
  eden space 13824K, 100% used [0x00000000eab00000,0x00000000eb880000,0x00000000eb880000)
  from space 1024K, 100% used [0x00000000ebb00000,0x00000000ebc00000,0x00000000ebc00000)
  to   space 2560K, 0% used [0x00000000eb880000,0x00000000eb880000,0x00000000ebb00000)
 ParOldGen       total 68608K, used 61466K [0x00000000c0000000, 0x00000000c4300000, 0x00000000eab00000)
  object space 68608K, 89% used [0x00000000c0000000,0x00000000c3c06928,0x00000000c4300000)
 Metaspace       used 61862K, committed 62912K, reserved 1105920K
  class space    used 6400K, committed 6912K, reserved 1048576K
}
Event: 24.567 GC heap after
{Heap after GC invocations=54 (full 3):
 PSYoungGen      total 15360K, used 1458K [0x00000000eab00000, 0x00000000ebc80000, 0x0000000100000000)
  eden space 13824K, 0% used [0x00000000eab00000,0x00000000eab00000,0x00000000eb880000)
  from space 1536K, 94% used [0x00000000eb880000,0x00000000eb9ec930,0x00000000eba00000)
  to   space 2048K, 0% used [0x00000000eba80000,0x00000000eba80000,0x00000000ebc80000)
 ParOldGen       total 68608K, used 62506K [0x00000000c0000000, 0x00000000c4300000, 0x00000000eab00000)
  object space 68608K, 91% used [0x00000000c0000000,0x00000000c3d0a938,0x00000000c4300000)
 Metaspace       used 61862K, committed 62912K, reserved 1105920K
  class space    used 6400K, committed 6912K, reserved 1048576K
}
Event: 25.075 GC heap before
{Heap before GC invocations=55 (full 3):
 PSYoungGen      total 15360K, used 15282K [0x00000000eab00000, 0x00000000ebc80000, 0x0000000100000000)
  eden space 13824K, 100% used [0x00000000eab00000,0x00000000eb880000,0x00000000eb880000)
  from space 1536K, 94% used [0x00000000eb880000,0x00000000eb9ec930,0x00000000eba00000)
  to   space 2048K, 0% used [0x00000000eba80000,0x00000000eba80000,0x00000000ebc80000)
 ParOldGen       total 68608K, used 62506K [0x00000000c0000000, 0x00000000c4300000, 0x00000000eab00000)
  object space 68608K, 91% used [0x00000000c0000000,0x00000000c3d0a938,0x00000000c4300000)
 Metaspace       used 62371K, committed 63424K, reserved 1105920K
  class space    used 6421K, committed 6912K, reserved 1048576K
}
Event: 25.079 GC heap after
{Heap after GC invocations=55 (full 3):
 PSYoungGen      total 13824K, used 2018K [0x00000000eab00000, 0x00000000ec080000, 0x0000000100000000)
  eden space 11776K, 0% used [0x00000000eab00000,0x00000000eab00000,0x00000000eb680000)
  from space 2048K, 98% used [0x00000000eba80000,0x00000000ebc78828,0x00000000ebc80000)
  to   space 4096K, 0% used [0x00000000eb680000,0x00000000eb680000,0x00000000eba80000)
 ParOldGen       total 68608K, used 63986K [0x00000000c0000000, 0x00000000c4300000, 0x00000000eab00000)
  object space 68608K, 93% used [0x00000000c0000000,0x00000000c3e7cad8,0x00000000c4300000)
 Metaspace       used 62371K, committed 63424K, reserved 1105920K
  class space    used 6421K, committed 6912K, reserved 1048576K
}
Event: 25.359 GC heap before
{Heap before GC invocations=56 (full 3):
 PSYoungGen      total 13824K, used 13794K [0x00000000eab00000, 0x00000000ec080000, 0x0000000100000000)
  eden space 11776K, 100% used [0x00000000eab00000,0x00000000eb680000,0x00000000eb680000)
  from space 2048K, 98% used [0x00000000eba80000,0x00000000ebc78828,0x00000000ebc80000)
  to   space 4096K, 0% used [0x00000000eb680000,0x00000000eb680000,0x00000000eba80000)
 ParOldGen       total 68608K, used 63986K [0x00000000c0000000, 0x00000000c4300000, 0x00000000eab00000)
  object space 68608K, 93% used [0x00000000c0000000,0x00000000c3e7cad8,0x00000000c4300000)
 Metaspace       used 62537K, committed 63616K, reserved 1105920K
  class space    used 6430K, committed 6912K, reserved 1048576K
}
Event: 25.363 GC heap after
{Heap after GC invocations=56 (full 3):
 PSYoungGen      total 12800K, used 800K [0x00000000eab00000, 0x00000000ebb00000, 0x0000000100000000)
  eden space 11776K, 0% used [0x00000000eab00000,0x00000000eab00000,0x00000000eb680000)
  from space 1024K, 78% used [0x00000000eb680000,0x00000000eb748000,0x00000000eb780000)
  to   space 2048K, 0% used [0x00000000eb900000,0x00000000eb900000,0x00000000ebb00000)
 ParOldGen       total 68608K, used 65928K [0x00000000c0000000, 0x00000000c4300000, 0x00000000eab00000)
  object space 68608K, 96% used [0x00000000c0000000,0x00000000c40622f0,0x00000000c4300000)
 Metaspace       used 62537K, committed 63616K, reserved 1105920K
  class space    used 6430K, committed 6912K, reserved 1048576K
}

