# JRE version: OpenJDK Runtime Environment Temurin-17.0.4.1+1 (17.0.4.1+1) (build 17.0.4.1+1)
# Java VM: OpenJDK 64-Bit Server VM Temurin-17.0.4.1+1 (17.0.4.1+1, mixed mode, emulated-client, tiered, compressed oops, compressed class ptrs, g1 gc, windows-amd64)
GC Precious Log:
 CPUs: 8 total, 8 available
 Memory: 7987M
 Large Page Support: Disabled
 NUMA Support: Disabled
 Compressed Oops: Enabled (32-bit)
 Heap Region Size: 1M
 Heap Min Capacity: 8M
 Heap Initial Capacity: 126M
 Heap Max Capacity: 1998M
 Pre-touch: Disabled
 Parallel Workers: 8
 Concurrent Workers: 2
 Concurrent Refinement Workers: 8
 Periodic GC: Disabled
Heap:
 garbage-first heap   total 58368K, used 32778K [0x0000000083200000, 0x0000000100000000)
  region size 1024K, 2 young (2048K), 2 survivors (2048K)
 Metaspace       used 36413K, committed 36800K, reserved 1081344K
  class space    used 4680K, committed 4864K, reserved 1048576K
GC Heap History (20 events):
Event: 7.438 GC heap after
{Heap after GC invocations=2 (full 0):
 garbage-first heap   total 129024K, used 10745K [0x0000000083200000, 0x0000000100000000)
  region size 1024K, 3 young (3072K), 3 survivors (3072K)
 Metaspace       used 16298K, committed 16448K, reserved 1064960K
  class space    used 1973K, committed 2048K, reserved 1048576K
}
Event: 8.216 GC heap before
{Heap before GC invocations=2 (full 0):
 garbage-first heap   total 129024K, used 30201K [0x0000000083200000, 0x0000000100000000)
  region size 1024K, 24 young (24576K), 3 survivors (3072K)
 Metaspace       used 21325K, committed 21504K, reserved 1073152K
  class space    used 2598K, committed 2688K, reserved 1048576K
}
Event: 8.221 GC heap after
{Heap after GC invocations=3 (full 0):
 garbage-first heap   total 129024K, used 11793K [0x0000000083200000, 0x0000000100000000)
  region size 1024K, 4 young (4096K), 4 survivors (4096K)
 Metaspace       used 21325K, committed 21504K, reserved 1073152K
  class space    used 2598K, committed 2688K, reserved 1048576K
}
Event: 9.242 GC heap before
{Heap before GC invocations=4 (full 0):
 garbage-first heap   total 48128K, used 34321K [0x0000000083200000, 0x0000000100000000)
  region size 1024K, 27 young (27648K), 4 survivors (4096K)
 Metaspace       used 24809K, committed 25024K, reserved 1073152K
  class space    used 3035K, committed 3136K, reserved 1048576K
}
Event: 9.254 GC heap after
{Heap after GC invocations=5 (full 0):
 garbage-first heap   total 48128K, used 13004K [0x0000000083200000, 0x0000000100000000)
  region size 1024K, 5 young (5120K), 5 survivors (5120K)
 Metaspace       used 24809K, committed 25024K, reserved 1073152K
  class space    used 3035K, committed 3136K, reserved 1048576K
}
Event: 11.016 GC heap before
{Heap before GC invocations=5 (full 0):
 garbage-first heap   total 48128K, used 30412K [0x0000000083200000, 0x0000000100000000)
  region size 1024K, 23 young (23552K), 5 survivors (5120K)
 Metaspace       used 28088K, committed 28352K, reserved 1081344K
  class space    used 3509K, committed 3648K, reserved 1048576K
}
Event: 11.035 GC heap after
{Heap after GC invocations=6 (full 0):
 garbage-first heap   total 48128K, used 15473K [0x0000000083200000, 0x0000000100000000)
  region size 1024K, 3 young (3072K), 3 survivors (3072K)
 Metaspace       used 28088K, committed 28352K, reserved 1081344K
  class space    used 3509K, committed 3648K, reserved 1048576K
}
Event: 11.907 GC heap before
{Heap before GC invocations=6 (full 0):
 garbage-first heap   total 48128K, used 31857K [0x0000000083200000, 0x0000000100000000)
  region size 1024K, 20 young (20480K), 3 survivors (3072K)
 Metaspace       used 31026K, committed 31360K, reserved 1081344K
  class space    used 3903K, committed 4032K, reserved 1048576K
}
Event: 11.918 GC heap after
{Heap after GC invocations=7 (full 0):
 garbage-first heap   total 48128K, used 16623K [0x0000000083200000, 0x0000000100000000)
  region size 1024K, 2 young (2048K), 2 survivors (2048K)
 Metaspace       used 31026K, committed 31360K, reserved 1081344K
  class space    used 3903K, committed 4032K, reserved 1048576K
}
Event: 12.977 GC heap before
{Heap before GC invocations=7 (full 0):
 garbage-first heap   total 48128K, used 31983K [0x0000000083200000, 0x0000000100000000)
  region size 1024K, 18 young (18432K), 2 survivors (2048K)
 Metaspace       used 33993K, committed 34304K, reserved 1081344K
  class space    used 4345K, committed 4480K, reserved 1048576K
}
Event: 12.984 GC heap after
{Heap after GC invocations=8 (full 0):
 garbage-first heap   total 58368K, used 18383K [0x0000000083200000, 0x0000000100000000)
  region size 1024K, 2 young (2048K), 2 survivors (2048K)
 Metaspace       used 33993K, committed 34304K, reserved 1081344K
  class space    used 4345K, committed 4480K, reserved 1048576K
}
Event: 13.273 GC heap before
{Heap before GC invocations=8 (full 0):
 garbage-first heap   total 58368K, used 38863K [0x0000000083200000, 0x0000000100000000)
  region size 1024K, 23 young (23552K), 2 survivors (2048K)
 Metaspace       used 35382K, committed 35712K, reserved 1081344K
  class space    used 4586K, committed 4736K, reserved 1048576K
}
Event: 13.283 GC heap after
{Heap after GC invocations=9 (full 0):
 garbage-first heap   total 58368K, used 21478K [0x0000000083200000, 0x0000000100000000)
  region size 1024K, 3 young (3072K), 3 survivors (3072K)
 Metaspace       used 35382K, committed 35712K, reserved 1081344K
  class space    used 4586K, committed 4736K, reserved 1048576K
}
Event: 13.391 GC heap before
{Heap before GC invocations=9 (full 0):
 garbage-first heap   total 58368K, used 39910K [0x0000000083200000, 0x0000000100000000)
  region size 1024K, 22 young (22528K), 3 survivors (3072K)
 Metaspace       used 35641K, committed 35968K, reserved 1081344K
  class space    used 4622K, committed 4800K, reserved 1048576K
}
Event: 13.396 GC heap after
{Heap after GC invocations=10 (full 0):
 garbage-first heap   total 58368K, used 25463K [0x0000000083200000, 0x0000000100000000)
  region size 1024K, 3 young (3072K), 3 survivors (3072K)
 Metaspace       used 35641K, committed 35968K, reserved 1081344K
  class space    used 4622K, committed 4800K, reserved 1048576K
}
Event: 13.465 GC heap before
{Heap before GC invocations=10 (full 0):
 garbage-first heap   total 58368K, used 36727K [0x0000000083200000, 0x0000000100000000)
  region size 1024K, 15 young (15360K), 3 survivors (3072K)
 Metaspace       used 35847K, committed 36160K, reserved 1081344K
  class space    used 4634K, committed 4800K, reserved 1048576K
}
Event: 13.469 GC heap after
{Heap after GC invocations=11 (full 0):
 garbage-first heap   total 58368K, used 28179K [0x0000000083200000, 0x0000000100000000)
  region size 1024K, 3 young (3072K), 3 survivors (3072K)
 Metaspace       used 35847K, committed 36160K, reserved 1081344K
  class space    used 4634K, committed 4800K, reserved 1048576K
}
Event: 13.567 GC heap before
{Heap before GC invocations=12 (full 0):
 garbage-first heap   total 58368K, used 41491K [0x0000000083200000, 0x0000000100000000)
  region size 1024K, 17 young (17408K), 3 survivors (3072K)
 Metaspace       used 36255K, committed 36608K, reserved 1081344K
  class space    used 4666K, committed 4800K, reserved 1048576K
}
Event: 13.573 GC heap after
{Heap after GC invocations=13 (full 0):
 garbage-first heap   total 58368K, used 30648K [0x0000000083200000, 0x0000000100000000)
  region size 1024K, 3 young (3072K), 3 survivors (3072K)
 Metaspace       used 36255K, committed 36608K, reserved 1081344K
  class space    used 4666K, committed 4800K, reserved 1048576K
}
Event: 13.619 GC heap before
{Heap before GC invocations=13 (full 0):
 garbage-first heap   total 58368K, used 41912K [0x0000000083200000, 0x0000000100000000)
  region size 1024K, 15 young (15360K), 3 survivors (3072K)
 Metaspace       used 36413K, committed 36800K, reserved 1081344K
  class space    used 4680K, committed 4864K, reserved 1048576K
}

