# JRE version: OpenJDK Runtime Environment Temurin-17.0.4.1+1 (17.0.4.1+1) (build 17.0.4.1+1)
# Java VM: OpenJDK 64-Bit Server VM Temurin-17.0.4.1+1 (17.0.4.1+1, mixed mode, emulated-client, tiered, compressed oops, compressed class ptrs, g1 gc, windows-amd64)
GC Precious Log:
 CPUs: 8 total, 8 available
 Memory: 7987M
 Large Page Support: Disabled
 NUMA Support: Disabled
 Compressed Oops: Enabled (32-bit)
 Heap Region Size: 1M
 Heap Min Capacity: 8M
 Heap Initial Capacity: 126M
 Heap Max Capacity: 1998M
 Pre-touch: Disabled
 Parallel Workers: 8
 Concurrent Workers: 2
 Concurrent Refinement Workers: 8
 Periodic GC: Disabled
Heap:
 garbage-first heap   total 397312K, used 125139K [0x0000000083200000, 0x0000000100000000)
  region size 1024K, 23 young (23552K), 23 survivors (23552K)
 Metaspace       used 37710K, committed 38016K, reserved 1089536K
  class space    used 4852K, committed 4992K, reserved 1048576K
GC Heap History (20 events):
Event: 19.749 GC heap after
{Heap after GC invocations=17 (full 0):
 garbage-first heap   total 188416K, used 64237K [0x0000000083200000, 0x0000000100000000)
  region size 1024K, 2 young (2048K), 2 survivors (2048K)
 Metaspace       used 35606K, committed 35968K, reserved 1081344K
  class space    used 4578K, committed 4736K, reserved 1048576K
}
Event: 19.850 GC heap before
{Heap before GC invocations=18 (full 0):
 garbage-first heap   total 188416K, used 120557K [0x0000000083200000, 0x0000000100000000)
  region size 1024K, 58 young (59392K), 2 survivors (2048K)
 Metaspace       used 35745K, committed 36096K, reserved 1081344K
  class space    used 4606K, committed 4800K, reserved 1048576K
}
Event: 19.856 GC heap after
{Heap after GC invocations=19 (full 0):
 garbage-first heap   total 188416K, used 66678K [0x0000000083200000, 0x0000000100000000)
  region size 1024K, 5 young (5120K), 5 survivors (5120K)
 Metaspace       used 35745K, committed 36096K, reserved 1081344K
  class space    used 4606K, committed 4800K, reserved 1048576K
}
Event: 19.863 GC heap before
{Heap before GC invocations=19 (full 0):
 garbage-first heap   total 188416K, used 69750K [0x0000000083200000, 0x0000000100000000)
  region size 1024K, 9 young (9216K), 5 survivors (5120K)
 Metaspace       used 35778K, committed 36160K, reserved 1081344K
  class space    used 4608K, committed 4800K, reserved 1048576K
}
Event: 19.867 GC heap after
{Heap after GC invocations=20 (full 0):
 garbage-first heap   total 188416K, used 67000K [0x0000000083200000, 0x0000000100000000)
  region size 1024K, 1 young (1024K), 1 survivors (1024K)
 Metaspace       used 35778K, committed 36160K, reserved 1081344K
  class space    used 4608K, committed 4800K, reserved 1048576K
}
Event: 19.922 GC heap before
{Heap before GC invocations=20 (full 0):
 garbage-first heap   total 188416K, used 137656K [0x0000000083200000, 0x0000000100000000)
  region size 1024K, 71 young (72704K), 1 survivors (1024K)
 Metaspace       used 35865K, committed 36224K, reserved 1081344K
  class space    used 4627K, committed 4800K, reserved 1048576K
}
Event: 19.926 GC heap after
{Heap after GC invocations=21 (full 0):
 garbage-first heap   total 188416K, used 69500K [0x0000000083200000, 0x0000000100000000)
  region size 1024K, 4 young (4096K), 4 survivors (4096K)
 Metaspace       used 35865K, committed 36224K, reserved 1081344K
  class space    used 4627K, committed 4800K, reserved 1048576K
}
Event: 19.987 GC heap before
{Heap before GC invocations=21 (full 0):
 garbage-first heap   total 188416K, used 141180K [0x0000000083200000, 0x0000000100000000)
  region size 1024K, 75 young (76800K), 4 survivors (4096K)
 Metaspace       used 35967K, committed 36288K, reserved 1081344K
  class space    used 4654K, committed 4800K, reserved 1048576K
}
Event: 19.992 GC heap after
{Heap after GC invocations=22 (full 0):
 garbage-first heap   total 188416K, used 72402K [0x0000000083200000, 0x0000000100000000)
  region size 1024K, 6 young (6144K), 6 survivors (6144K)
 Metaspace       used 35967K, committed 36288K, reserved 1081344K
  class space    used 4654K, committed 4800K, reserved 1048576K
}
Event: 20.054 GC heap before
{Heap before GC invocations=22 (full 0):
 garbage-first heap   total 188416K, used 146130K [0x0000000083200000, 0x0000000100000000)
  region size 1024K, 79 young (80896K), 6 survivors (6144K)
 Metaspace       used 36086K, committed 36480K, reserved 1081344K
  class space    used 4680K, committed 4864K, reserved 1048576K
}
Event: 20.064 GC heap after
{Heap after GC invocations=23 (full 0):
 garbage-first heap   total 397312K, used 75068K [0x0000000083200000, 0x0000000100000000)
  region size 1024K, 6 young (6144K), 6 survivors (6144K)
 Metaspace       used 36086K, committed 36480K, reserved 1081344K
  class space    used 4680K, committed 4864K, reserved 1048576K
}
Event: 20.378 GC heap before
{Heap before GC invocations=23 (full 0):
 garbage-first heap   total 397312K, used 301372K [0x0000000083200000, 0x0000000100000000)
  region size 1024K, 228 young (233472K), 6 survivors (6144K)
 Metaspace       used 36320K, committed 36672K, reserved 1081344K
  class space    used 4722K, committed 4864K, reserved 1048576K
}
Event: 20.388 GC heap after
{Heap after GC invocations=24 (full 0):
 garbage-first heap   total 397312K, used 84058K [0x0000000083200000, 0x0000000100000000)
  region size 1024K, 15 young (15360K), 15 survivors (15360K)
 Metaspace       used 36320K, committed 36672K, reserved 1081344K
  class space    used 4722K, committed 4864K, reserved 1048576K
}
Event: 20.566 GC heap before
{Heap before GC invocations=24 (full 0):
 garbage-first heap   total 397312K, used 305242K [0x0000000083200000, 0x0000000100000000)
  region size 1024K, 232 young (237568K), 15 survivors (15360K)
 Metaspace       used 36320K, committed 36672K, reserved 1081344K
  class space    used 4722K, committed 4864K, reserved 1048576K
}
Event: 20.579 GC heap after
{Heap after GC invocations=25 (full 0):
 garbage-first heap   total 397312K, used 93777K [0x0000000083200000, 0x0000000100000000)
  region size 1024K, 24 young (24576K), 24 survivors (24576K)
 Metaspace       used 36320K, committed 36672K, reserved 1081344K
  class space    used 4722K, committed 4864K, reserved 1048576K
}
Event: 20.796 GC heap before
{Heap before GC invocations=25 (full 0):
 garbage-first heap   total 397312K, used 305745K [0x0000000083200000, 0x0000000100000000)
  region size 1024K, 232 young (237568K), 24 survivors (24576K)
 Metaspace       used 36518K, committed 36864K, reserved 1081344K
  class space    used 4753K, committed 4928K, reserved 1048576K
}
Event: 20.814 GC heap after
{Heap after GC invocations=26 (full 0):
 garbage-first heap   total 397312K, used 102046K [0x0000000083200000, 0x0000000100000000)
  region size 1024K, 18 young (18432K), 18 survivors (18432K)
 Metaspace       used 36518K, committed 36864K, reserved 1081344K
  class space    used 4753K, committed 4928K, reserved 1048576K
}
Event: 20.974 GC heap before
{Heap before GC invocations=26 (full 0):
 garbage-first heap   total 397312K, used 320158K [0x0000000083200000, 0x0000000100000000)
  region size 1024K, 232 young (237568K), 18 survivors (18432K)
 Metaspace       used 37065K, committed 37376K, reserved 1081344K
  class space    used 4791K, committed 4928K, reserved 1048576K
}
Event: 20.994 GC heap after
{Heap after GC invocations=27 (full 0):
 garbage-first heap   total 397312K, used 111478K [0x0000000083200000, 0x0000000100000000)
  region size 1024K, 18 young (18432K), 18 survivors (18432K)
 Metaspace       used 37065K, committed 37376K, reserved 1081344K
  class space    used 4791K, committed 4928K, reserved 1048576K
}
Event: 21.125 GC heap before
{Heap before GC invocations=27 (full 0):
 garbage-first heap   total 397312K, used 328566K [0x0000000083200000, 0x0000000100000000)
  region size 1024K, 231 young (236544K), 18 survivors (18432K)
 Metaspace       used 37710K, committed 38016K, reserved 1089536K
  class space    used 4852K, committed 4992K, reserved 1048576K
}

