# JRE version: OpenJDK Runtime Environment Temurin-17.0.4.1+1 (17.0.4.1+1) (build 17.0.4.1+1)
# Java VM: OpenJDK 64-Bit Server VM Temurin-17.0.4.1+1 (17.0.4.1+1, mixed mode, emulated-client, tiered, compressed oops, compressed class ptrs, g1 gc, windows-amd64)
GC Precious Log:
 CPUs: 8 total, 8 available
 Memory: 7987M
 Large Page Support: Disabled
 NUMA Support: Disabled
 Compressed Oops: Enabled (32-bit)
 Heap Region Size: 1M
 Heap Min Capacity: 8M
 Heap Initial Capacity: 126M
 Heap Max Capacity: 1998M
 Pre-touch: Disabled
 Parallel Workers: 8
 Concurrent Workers: 2
 Concurrent Refinement Workers: 8
 Periodic GC: Disabled
Heap:
 garbage-first heap   total 122880K, used 36015K [0x0000000083200000, 0x0000000100000000)
  region size 1024K, 1 young (1024K), 0 survivors (0K)
 Metaspace       used 53770K, committed 54336K, reserved 1097728K
  class space    used 7117K, committed 7360K, reserved 1048576K
GC Heap History (20 events):
Event: 611.975 GC heap before
{Heap before GC invocations=68 (full 39):
 garbage-first heap   total 122880K, used 36015K [0x0000000083200000, 0x0000000100000000)
  region size 1024K, 1 young (1024K), 0 survivors (0K)
 Metaspace       used 53770K, committed 54336K, reserved 1097728K
  class space    used 7117K, committed 7360K, reserved 1048576K
}
Event: 612.023 GC heap after
{Heap after GC invocations=69 (full 40):
 garbage-first heap   total 122880K, used 36015K [0x0000000083200000, 0x0000000100000000)
  region size 1024K, 0 young (0K), 0 survivors (0K)
 Metaspace       used 53770K, committed 54336K, reserved 1097728K
  class space    used 7117K, committed 7360K, reserved 1048576K
}
Event: 622.320 GC heap before
{Heap before GC invocations=69 (full 40):
 garbage-first heap   total 122880K, used 36015K [0x0000000083200000, 0x0000000100000000)
  region size 1024K, 1 young (1024K), 0 survivors (0K)
 Metaspace       used 53770K, committed 54336K, reserved 1097728K
  class space    used 7117K, committed 7360K, reserved 1048576K
}
Event: 622.360 GC heap after
{Heap after GC invocations=70 (full 41):
 garbage-first heap   total 122880K, used 36015K [0x0000000083200000, 0x0000000100000000)
  region size 1024K, 0 young (0K), 0 survivors (0K)
 Metaspace       used 53770K, committed 54336K, reserved 1097728K
  class space    used 7117K, committed 7360K, reserved 1048576K
}
Event: 632.750 GC heap before
{Heap before GC invocations=70 (full 41):
 garbage-first heap   total 122880K, used 36015K [0x0000000083200000, 0x0000000100000000)
  region size 1024K, 1 young (1024K), 0 survivors (0K)
 Metaspace       used 53770K, committed 54336K, reserved 1097728K
  class space    used 7117K, committed 7360K, reserved 1048576K
}
Event: 632.788 GC heap after
{Heap after GC invocations=71 (full 42):
 garbage-first heap   total 122880K, used 36015K [0x0000000083200000, 0x0000000100000000)
  region size 1024K, 0 young (0K), 0 survivors (0K)
 Metaspace       used 53770K, committed 54336K, reserved 1097728K
  class space    used 7117K, committed 7360K, reserved 1048576K
}
Event: 643.128 GC heap before
{Heap before GC invocations=71 (full 42):
 garbage-first heap   total 122880K, used 36015K [0x0000000083200000, 0x0000000100000000)
  region size 1024K, 1 young (1024K), 0 survivors (0K)
 Metaspace       used 53770K, committed 54336K, reserved 1097728K
  class space    used 7117K, committed 7360K, reserved 1048576K
}
Event: 643.168 GC heap after
{Heap after GC invocations=72 (full 43):
 garbage-first heap   total 122880K, used 36015K [0x0000000083200000, 0x0000000100000000)
  region size 1024K, 0 young (0K), 0 survivors (0K)
 Metaspace       used 53770K, committed 54336K, reserved 1097728K
  class space    used 7117K, committed 7360K, reserved 1048576K
}
Event: 653.499 GC heap before
{Heap before GC invocations=72 (full 43):
 garbage-first heap   total 122880K, used 36015K [0x0000000083200000, 0x0000000100000000)
  region size 1024K, 1 young (1024K), 0 survivors (0K)
 Metaspace       used 53770K, committed 54336K, reserved 1097728K
  class space    used 7117K, committed 7360K, reserved 1048576K
}
Event: 653.543 GC heap after
{Heap after GC invocations=73 (full 44):
 garbage-first heap   total 122880K, used 36015K [0x0000000083200000, 0x0000000100000000)
  region size 1024K, 0 young (0K), 0 survivors (0K)
 Metaspace       used 53770K, committed 54336K, reserved 1097728K
  class space    used 7117K, committed 7360K, reserved 1048576K
}
Event: 663.867 GC heap before
{Heap before GC invocations=73 (full 44):
 garbage-first heap   total 122880K, used 36015K [0x0000000083200000, 0x0000000100000000)
  region size 1024K, 1 young (1024K), 0 survivors (0K)
 Metaspace       used 53770K, committed 54336K, reserved 1097728K
  class space    used 7117K, committed 7360K, reserved 1048576K
}
Event: 663.908 GC heap after
{Heap after GC invocations=74 (full 45):
 garbage-first heap   total 122880K, used 36015K [0x0000000083200000, 0x0000000100000000)
  region size 1024K, 0 young (0K), 0 survivors (0K)
 Metaspace       used 53770K, committed 54336K, reserved 1097728K
  class space    used 7117K, committed 7360K, reserved 1048576K
}
Event: 674.236 GC heap before
{Heap before GC invocations=74 (full 45):
 garbage-first heap   total 122880K, used 36015K [0x0000000083200000, 0x0000000100000000)
  region size 1024K, 1 young (1024K), 0 survivors (0K)
 Metaspace       used 53770K, committed 54336K, reserved 1097728K
  class space    used 7117K, committed 7360K, reserved 1048576K
}
Event: 674.276 GC heap after
{Heap after GC invocations=75 (full 46):
 garbage-first heap   total 122880K, used 36015K [0x0000000083200000, 0x0000000100000000)
  region size 1024K, 0 young (0K), 0 survivors (0K)
 Metaspace       used 53770K, committed 54336K, reserved 1097728K
  class space    used 7117K, committed 7360K, reserved 1048576K
}
Event: 684.626 GC heap before
{Heap before GC invocations=75 (full 46):
 garbage-first heap   total 122880K, used 36015K [0x0000000083200000, 0x0000000100000000)
  region size 1024K, 1 young (1024K), 0 survivors (0K)
 Metaspace       used 53770K, committed 54336K, reserved 1097728K
  class space    used 7117K, committed 7360K, reserved 1048576K
}
Event: 684.713 GC heap after
{Heap after GC invocations=76 (full 47):
 garbage-first heap   total 122880K, used 36015K [0x0000000083200000, 0x0000000100000000)
  region size 1024K, 0 young (0K), 0 survivors (0K)
 Metaspace       used 53770K, committed 54336K, reserved 1097728K
  class space    used 7117K, committed 7360K, reserved 1048576K
}
Event: 695.042 GC heap before
{Heap before GC invocations=76 (full 47):
 garbage-first heap   total 122880K, used 36015K [0x0000000083200000, 0x0000000100000000)
  region size 1024K, 1 young (1024K), 0 survivors (0K)
 Metaspace       used 53770K, committed 54336K, reserved 1097728K
  class space    used 7117K, committed 7360K, reserved 1048576K
}
Event: 695.089 GC heap after
{Heap after GC invocations=77 (full 48):
 garbage-first heap   total 122880K, used 36015K [0x0000000083200000, 0x0000000100000000)
  region size 1024K, 0 young (0K), 0 survivors (0K)
 Metaspace       used 53770K, committed 54336K, reserved 1097728K
  class space    used 7117K, committed 7360K, reserved 1048576K
}
Event: 705.464 GC heap before
{Heap before GC invocations=77 (full 48):
 garbage-first heap   total 122880K, used 36015K [0x0000000083200000, 0x0000000100000000)
  region size 1024K, 1 young (1024K), 0 survivors (0K)
 Metaspace       used 53770K, committed 54336K, reserved 1097728K
  class space    used 7117K, committed 7360K, reserved 1048576K
}
Event: 705.529 GC heap after
{Heap after GC invocations=78 (full 49):
 garbage-first heap   total 122880K, used 36015K [0x0000000083200000, 0x0000000100000000)
  region size 1024K, 0 young (0K), 0 survivors (0K)
 Metaspace       used 53770K, committed 54336K, reserved 1097728K
  class space    used 7117K, committed 7360K, reserved 1048576K
}

