# JRE version: OpenJDK Runtime Environment Temurin-17.0.5+8 (17.0.5+8) (build 17.0.5+8)
# Java VM: OpenJDK 64-Bit Server VM Temurin-17.0.5+8 (17.0.5+8, mixed mode, emulated-client, sharing, tiered, compressed oops, compressed class ptrs, g1 gc, windows-amd64)
GC Precious Log:
 CPUs: 8 total, 8 available
 Memory: 7987M
 Large Page Support: Disabled
 NUMA Support: Disabled
 Compressed Oops: Enabled (32-bit)
 Heap Region Size: 1M
 Heap Min Capacity: 8M
 Heap Initial Capacity: 126M
 Heap Max Capacity: 1998M
 Pre-touch: Disabled
 Parallel Workers: 8
 Concurrent Workers: 2
 Concurrent Refinement Workers: 8
 Periodic GC: Disabled
Heap:
 garbage-first heap   total 110592K, used 61164K [0x0000000083200000, 0x0000000100000000)
  region size 1024K, 1 young (1024K), 1 survivors (1024K)
 Metaspace       used 28014K, committed 28352K, reserved 1081344K
  class space    used 3787K, committed 3968K, reserved 1048576K
GC Heap History (20 events):
Event: 8.411 GC heap after
{Heap after GC invocations=4 (full 0):
 garbage-first heap   total 129024K, used 16066K [0x0000000083200000, 0x0000000100000000)
  region size 1024K, 8 young (8192K), 8 survivors (8192K)
 Metaspace       used 21235K, committed 21504K, reserved 1073152K
  class space    used 2791K, committed 2944K, reserved 1048576K
}
Event: 10.553 GC heap before
{Heap before GC invocations=5 (full 0):
 garbage-first heap   total 61440K, used 44738K [0x0000000083200000, 0x0000000100000000)
  region size 1024K, 36 young (36864K), 8 survivors (8192K)
 Metaspace       used 26740K, committed 27136K, reserved 1073152K
  class space    used 3576K, committed 3776K, reserved 1048576K
}
Event: 10.558 GC heap after
{Heap after GC invocations=6 (full 0):
 garbage-first heap   total 61440K, used 17919K [0x0000000083200000, 0x0000000100000000)
  region size 1024K, 5 young (5120K), 5 survivors (5120K)
 Metaspace       used 26740K, committed 27136K, reserved 1073152K
  class space    used 3576K, committed 3776K, reserved 1048576K
}
Event: 10.711 GC heap before
{Heap before GC invocations=6 (full 0):
 garbage-first heap   total 61440K, used 41471K [0x0000000083200000, 0x0000000100000000)
  region size 1024K, 28 young (28672K), 5 survivors (5120K)
 Metaspace       used 27882K, committed 28224K, reserved 1081344K
  class space    used 3767K, committed 3904K, reserved 1048576K
}
Event: 10.716 GC heap after
{Heap after GC invocations=7 (full 0):
 garbage-first heap   total 61440K, used 21578K [0x0000000083200000, 0x0000000100000000)
  region size 1024K, 4 young (4096K), 4 survivors (4096K)
 Metaspace       used 27882K, committed 28224K, reserved 1081344K
  class space    used 3767K, committed 3904K, reserved 1048576K
}
Event: 10.806 GC heap before
{Heap before GC invocations=7 (full 0):
 garbage-first heap   total 61440K, used 42058K [0x0000000083200000, 0x0000000100000000)
  region size 1024K, 25 young (25600K), 4 survivors (4096K)
 Metaspace       used 27897K, committed 28288K, reserved 1081344K
  class space    used 3772K, committed 3968K, reserved 1048576K
}
Event: 10.809 GC heap after
{Heap after GC invocations=8 (full 0):
 garbage-first heap   total 61440K, used 26147K [0x0000000083200000, 0x0000000100000000)
  region size 1024K, 4 young (4096K), 4 survivors (4096K)
 Metaspace       used 27897K, committed 28288K, reserved 1081344K
  class space    used 3772K, committed 3968K, reserved 1048576K
}
Event: 10.877 GC heap before
{Heap before GC invocations=8 (full 0):
 garbage-first heap   total 61440K, used 43555K [0x0000000083200000, 0x0000000100000000)
  region size 1024K, 21 young (21504K), 4 survivors (4096K)
 Metaspace       used 28008K, committed 28352K, reserved 1081344K
  class space    used 3786K, committed 3968K, reserved 1048576K
}
Event: 10.881 GC heap after
{Heap after GC invocations=9 (full 0):
 garbage-first heap   total 61440K, used 29435K [0x0000000083200000, 0x0000000100000000)
  region size 1024K, 3 young (3072K), 3 survivors (3072K)
 Metaspace       used 28008K, committed 28352K, reserved 1081344K
  class space    used 3786K, committed 3968K, reserved 1048576K
}
Event: 10.912 GC heap before
{Heap before GC invocations=9 (full 0):
 garbage-first heap   total 61440K, used 44795K [0x0000000083200000, 0x0000000100000000)
  region size 1024K, 18 young (18432K), 3 survivors (3072K)
 Metaspace       used 28008K, committed 28352K, reserved 1081344K
  class space    used 3786K, committed 3968K, reserved 1048576K
}
Event: 10.916 GC heap after
{Heap after GC invocations=10 (full 0):
 garbage-first heap   total 87040K, used 32572K [0x0000000083200000, 0x0000000100000000)
  region size 1024K, 3 young (3072K), 3 survivors (3072K)
 Metaspace       used 28008K, committed 28352K, reserved 1081344K
  class space    used 3786K, committed 3968K, reserved 1048576K
}
Event: 10.972 GC heap before
{Heap before GC invocations=10 (full 0):
 garbage-first heap   total 87040K, used 61244K [0x0000000083200000, 0x0000000100000000)
  region size 1024K, 32 young (32768K), 3 survivors (3072K)
 Metaspace       used 28012K, committed 28352K, reserved 1081344K
  class space    used 3786K, committed 3968K, reserved 1048576K
}
Event: 10.978 GC heap after
{Heap after GC invocations=11 (full 0):
 garbage-first heap   total 87040K, used 40925K [0x0000000083200000, 0x0000000100000000)
  region size 1024K, 4 young (4096K), 4 survivors (4096K)
 Metaspace       used 28012K, committed 28352K, reserved 1081344K
  class space    used 3786K, committed 3968K, reserved 1048576K
}
Event: 11.033 GC heap before
{Heap before GC invocations=11 (full 0):
 garbage-first heap   total 87040K, used 61405K [0x0000000083200000, 0x0000000100000000)
  region size 1024K, 25 young (25600K), 4 survivors (4096K)
 Metaspace       used 28012K, committed 28352K, reserved 1081344K
  class space    used 3786K, committed 3968K, reserved 1048576K
}
Event: 11.037 GC heap after
{Heap after GC invocations=12 (full 0):
 garbage-first heap   total 87040K, used 46521K [0x0000000083200000, 0x0000000100000000)
  region size 1024K, 4 young (4096K), 4 survivors (4096K)
 Metaspace       used 28012K, committed 28352K, reserved 1081344K
  class space    used 3786K, committed 3968K, reserved 1048576K
}
Event: 11.259 GC heap before
{Heap before GC invocations=12 (full 0):
 garbage-first heap   total 87040K, used 55737K [0x0000000083200000, 0x0000000100000000)
  region size 1024K, 15 young (15360K), 4 survivors (4096K)
 Metaspace       used 28012K, committed 28352K, reserved 1081344K
  class space    used 3786K, committed 3968K, reserved 1048576K
}
Event: 11.263 GC heap after
{Heap after GC invocations=13 (full 0):
 garbage-first heap   total 87040K, used 49573K [0x0000000083200000, 0x0000000100000000)
  region size 1024K, 3 young (3072K), 3 survivors (3072K)
 Metaspace       used 28012K, committed 28352K, reserved 1081344K
  class space    used 3786K, committed 3968K, reserved 1048576K
}
Event: 11.329 GC heap before
{Heap before GC invocations=14 (full 0):
 garbage-first heap   total 104448K, used 68005K [0x0000000083200000, 0x0000000100000000)
  region size 1024K, 19 young (19456K), 3 survivors (3072K)
 Metaspace       used 28014K, committed 28352K, reserved 1081344K
  class space    used 3787K, committed 3968K, reserved 1048576K
}
Event: 11.336 GC heap after
{Heap after GC invocations=15 (full 0):
 garbage-first heap   total 104448K, used 59473K [0x0000000083200000, 0x0000000100000000)
  region size 1024K, 3 young (3072K), 3 survivors (3072K)
 Metaspace       used 28014K, committed 28352K, reserved 1081344K
  class space    used 3787K, committed 3968K, reserved 1048576K
}
Event: 11.344 GC heap before
{Heap before GC invocations=15 (full 0):
 garbage-first heap   total 104448K, used 61521K [0x0000000083200000, 0x0000000100000000)
  region size 1024K, 5 young (5120K), 3 survivors (3072K)
 Metaspace       used 28014K, committed 28352K, reserved 1081344K
  class space    used 3787K, committed 3968K, reserved 1048576K
}

