# JRE version: OpenJDK Runtime Environment Temurin-17.0.5+8 (17.0.5+8) (build 17.0.5+8)
# Java VM: OpenJDK 64-Bit Server VM Temurin-17.0.5+8 (17.0.5+8, mixed mode, emulated-client, sharing, tiered, compressed oops, compressed class ptrs, g1 gc, windows-amd64)
GC Precious Log:
 CPUs: 8 total, 8 available
 Memory: 7987M
 Large Page Support: Disabled
 NUMA Support: Disabled
 Compressed Oops: Enabled (32-bit)
 Heap Region Size: 1M
 Heap Min Capacity: 8M
 Heap Initial Capacity: 126M
 Heap Max Capacity: 1998M
 Pre-touch: Disabled
 Parallel Workers: 8
 Concurrent Workers: 2
 Concurrent Refinement Workers: 8
 Periodic GC: Disabled
Heap:
 garbage-first heap   total 157696K, used 79618K [0x0000000083200000, 0x0000000100000000)
  region size 1024K, 6 young (6144K), 6 survivors (6144K)
 Metaspace       used 31626K, committed 32064K, reserved 1081344K
  class space    used 4123K, committed 4352K, reserved 1048576K
GC Heap History (20 events):
Event: 4.164 GC heap after
{Heap after GC invocations=7 (full 0):
 garbage-first heap   total 58368K, used 20462K [0x0000000083200000, 0x0000000100000000)
  region size 1024K, 3 young (3072K), 3 survivors (3072K)
 Metaspace       used 27861K, committed 28160K, reserved 1081344K
  class space    used 3767K, committed 3904K, reserved 1048576K
}
Event: 4.272 GC heap before
{Heap before GC invocations=7 (full 0):
 garbage-first heap   total 58368K, used 38894K [0x0000000083200000, 0x0000000100000000)
  region size 1024K, 22 young (22528K), 3 survivors (3072K)
 Metaspace       used 28257K, committed 28544K, reserved 1081344K
  class space    used 3815K, committed 3968K, reserved 1048576K
}
Event: 4.277 GC heap after
{Heap after GC invocations=8 (full 0):
 garbage-first heap   total 58368K, used 24437K [0x0000000083200000, 0x0000000100000000)
  region size 1024K, 3 young (3072K), 3 survivors (3072K)
 Metaspace       used 28257K, committed 28544K, reserved 1081344K
  class space    used 3815K, committed 3968K, reserved 1048576K
}
Event: 4.384 GC heap before
{Heap before GC invocations=8 (full 0):
 garbage-first heap   total 58368K, used 40821K [0x0000000083200000, 0x0000000100000000)
  region size 1024K, 20 young (20480K), 3 survivors (3072K)
 Metaspace       used 28695K, committed 29056K, reserved 1081344K
  class space    used 3845K, committed 4032K, reserved 1048576K
}
Event: 4.391 GC heap after
{Heap after GC invocations=9 (full 0):
 garbage-first heap   total 96256K, used 27637K [0x0000000083200000, 0x0000000100000000)
  region size 1024K, 3 young (3072K), 3 survivors (3072K)
 Metaspace       used 28695K, committed 29056K, reserved 1081344K
  class space    used 3845K, committed 4032K, reserved 1048576K
}
Event: 4.592 GC heap before
{Heap before GC invocations=9 (full 0):
 garbage-first heap   total 96256K, used 67573K [0x0000000083200000, 0x0000000100000000)
  region size 1024K, 42 young (43008K), 3 survivors (3072K)
 Metaspace       used 29641K, committed 30016K, reserved 1081344K
  class space    used 3932K, committed 4096K, reserved 1048576K
}
Event: 4.600 GC heap after
{Heap after GC invocations=10 (full 0):
 garbage-first heap   total 96256K, used 33792K [0x0000000083200000, 0x0000000100000000)
  region size 1024K, 6 young (6144K), 6 survivors (6144K)
 Metaspace       used 29641K, committed 30016K, reserved 1081344K
  class space    used 3932K, committed 4096K, reserved 1048576K
}
Event: 4.711 GC heap before
{Heap before GC invocations=10 (full 0):
 garbage-first heap   total 96256K, used 68608K [0x0000000083200000, 0x0000000100000000)
  region size 1024K, 41 young (41984K), 6 survivors (6144K)
 Metaspace       used 30136K, committed 30464K, reserved 1081344K
  class space    used 3948K, committed 4096K, reserved 1048576K
}
Event: 4.724 GC heap after
{Heap after GC invocations=11 (full 0):
 garbage-first heap   total 96256K, used 43152K [0x0000000083200000, 0x0000000100000000)
  region size 1024K, 6 young (6144K), 6 survivors (6144K)
 Metaspace       used 30136K, committed 30464K, reserved 1081344K
  class space    used 3948K, committed 4096K, reserved 1048576K
}
Event: 5.003 GC heap before
{Heap before GC invocations=11 (full 0):
 garbage-first heap   total 96256K, used 67728K [0x0000000083200000, 0x0000000100000000)
  region size 1024K, 31 young (31744K), 6 survivors (6144K)
 Metaspace       used 31088K, committed 31488K, reserved 1081344K
  class space    used 4040K, committed 4224K, reserved 1048576K
}
Event: 5.013 GC heap after
{Heap after GC invocations=12 (full 0):
 garbage-first heap   total 96256K, used 48680K [0x0000000083200000, 0x0000000100000000)
  region size 1024K, 4 young (4096K), 4 survivors (4096K)
 Metaspace       used 31088K, committed 31488K, reserved 1081344K
  class space    used 4040K, committed 4224K, reserved 1048576K
}
Event: 5.174 GC heap before
{Heap before GC invocations=12 (full 0):
 garbage-first heap   total 96256K, used 58920K [0x0000000083200000, 0x0000000100000000)
  region size 1024K, 15 young (15360K), 4 survivors (4096K)
 Metaspace       used 31412K, committed 31808K, reserved 1081344K
  class space    used 4097K, committed 4288K, reserved 1048576K
}
Event: 5.182 GC heap after
{Heap after GC invocations=13 (full 0):
 garbage-first heap   total 157696K, used 51937K [0x0000000083200000, 0x0000000100000000)
  region size 1024K, 3 young (3072K), 3 survivors (3072K)
 Metaspace       used 31412K, committed 31808K, reserved 1081344K
  class space    used 4097K, committed 4288K, reserved 1048576K
}
Event: 5.338 GC heap before
{Heap before GC invocations=13 (full 0):
 garbage-first heap   total 157696K, used 115425K [0x0000000083200000, 0x0000000100000000)
  region size 1024K, 64 young (65536K), 3 survivors (3072K)
 Metaspace       used 31520K, committed 31936K, reserved 1081344K
  class space    used 4107K, committed 4288K, reserved 1048576K
}
Event: 5.370 GC heap after
{Heap after GC invocations=14 (full 0):
 garbage-first heap   total 157696K, used 70186K [0x0000000083200000, 0x0000000100000000)
  region size 1024K, 8 young (8192K), 8 survivors (8192K)
 Metaspace       used 31520K, committed 31936K, reserved 1081344K
  class space    used 4107K, committed 4288K, reserved 1048576K
}
Event: 5.405 GC heap before
{Heap before GC invocations=14 (full 0):
 garbage-first heap   total 157696K, used 115242K [0x0000000083200000, 0x0000000100000000)
  region size 1024K, 53 young (54272K), 8 survivors (8192K)
 Metaspace       used 31535K, committed 31936K, reserved 1081344K
  class space    used 4110K, committed 4288K, reserved 1048576K
}
Event: 5.412 GC heap after
{Heap after GC invocations=15 (full 0):
 garbage-first heap   total 157696K, used 74295K [0x0000000083200000, 0x0000000100000000)
  region size 1024K, 4 young (4096K), 4 survivors (4096K)
 Metaspace       used 31535K, committed 31936K, reserved 1081344K
  class space    used 4110K, committed 4288K, reserved 1048576K
}
Event: 5.435 GC heap before
{Heap before GC invocations=15 (full 0):
 garbage-first heap   total 157696K, used 118327K [0x0000000083200000, 0x0000000100000000)
  region size 1024K, 48 young (49152K), 4 survivors (4096K)
 Metaspace       used 31578K, committed 31936K, reserved 1081344K
  class space    used 4117K, committed 4288K, reserved 1048576K
}
Event: 5.440 GC heap after
{Heap after GC invocations=16 (full 0):
 garbage-first heap   total 157696K, used 76452K [0x0000000083200000, 0x0000000100000000)
  region size 1024K, 6 young (6144K), 6 survivors (6144K)
 Metaspace       used 31578K, committed 31936K, reserved 1081344K
  class space    used 4117K, committed 4288K, reserved 1048576K
}
Event: 5.470 GC heap before
{Heap before GC invocations=16 (full 0):
 garbage-first heap   total 157696K, used 121508K [0x0000000083200000, 0x0000000100000000)
  region size 1024K, 51 young (52224K), 6 survivors (6144K)
 Metaspace       used 31626K, committed 32064K, reserved 1081344K
  class space    used 4123K, committed 4352K, reserved 1048576K
}

