# JRE version: OpenJDK Runtime Environment Temurin-17.0.4.1+1 (17.0.4.1+1) (build 17.0.4.1+1)
# Java VM: OpenJDK 64-Bit Server VM Temurin-17.0.4.1+1 (17.0.4.1+1, mixed mode, emulated-client, tiered, compressed oops, compressed class ptrs, g1 gc, windows-amd64)
GC Precious Log:
 CPUs: 8 total, 8 available
 Memory: 7987M
 Large Page Support: Disabled
 NUMA Support: Disabled
 Compressed Oops: Enabled (32-bit)
 Heap Region Size: 1M
 Heap Min Capacity: 8M
 Heap Initial Capacity: 126M
 Heap Max Capacity: 1998M
 Pre-touch: Disabled
 Parallel Workers: 8
 Concurrent Workers: 2
 Concurrent Refinement Workers: 8
 Periodic GC: Disabled
Heap:
 garbage-first heap   total 178176K, used 68088K [0x0000000083200000, 0x0000000100000000)
  region size 1024K, 6 young (6144K), 6 survivors (6144K)
 Metaspace       used 36376K, committed 36736K, reserved 1081344K
  class space    used 4742K, committed 4928K, reserved 1048576K
GC Heap History (20 events):
Event: 3.125 GC heap after
{Heap after GC invocations=7 (full 0):
 garbage-first heap   total 48128K, used 14796K [0x0000000083200000, 0x0000000100000000)
  region size 1024K, 2 young (2048K), 2 survivors (2048K)
 Metaspace       used 27905K, committed 28160K, reserved 1081344K
  class space    used 3507K, committed 3648K, reserved 1048576K
}
Event: 3.615 GC heap before
{Heap before GC invocations=7 (full 0):
 garbage-first heap   total 48128K, used 32204K [0x0000000083200000, 0x0000000100000000)
  region size 1024K, 20 young (20480K), 2 survivors (2048K)
 Metaspace       used 31917K, committed 32256K, reserved 1081344K
  class space    used 4037K, committed 4160K, reserved 1048576K
}
Event: 3.621 GC heap after
{Heap after GC invocations=8 (full 0):
 garbage-first heap   total 48128K, used 16465K [0x0000000083200000, 0x0000000100000000)
  region size 1024K, 2 young (2048K), 2 survivors (2048K)
 Metaspace       used 31917K, committed 32256K, reserved 1081344K
  class space    used 4037K, committed 4160K, reserved 1048576K
}
Event: 3.776 GC heap before
{Heap before GC invocations=8 (full 0):
 garbage-first heap   total 48128K, used 32849K [0x0000000083200000, 0x0000000100000000)
  region size 1024K, 19 young (19456K), 2 survivors (2048K)
 Metaspace       used 33124K, committed 33472K, reserved 1081344K
  class space    used 4200K, committed 4352K, reserved 1048576K
}
Event: 3.786 GC heap after
{Heap after GC invocations=9 (full 0):
 garbage-first heap   total 89088K, used 19770K [0x0000000083200000, 0x0000000100000000)
  region size 1024K, 3 young (3072K), 3 survivors (3072K)
 Metaspace       used 33124K, committed 33472K, reserved 1081344K
  class space    used 4200K, committed 4352K, reserved 1048576K
}
Event: 3.998 GC heap before
{Heap before GC invocations=9 (full 0):
 garbage-first heap   total 89088K, used 64826K [0x0000000083200000, 0x0000000100000000)
  region size 1024K, 48 young (49152K), 3 survivors (3072K)
 Metaspace       used 33704K, committed 34048K, reserved 1081344K
  class space    used 4293K, committed 4480K, reserved 1048576K
}
Event: 4.007 GC heap after
{Heap after GC invocations=10 (full 0):
 garbage-first heap   total 89088K, used 27816K [0x0000000083200000, 0x0000000100000000)
  region size 1024K, 6 young (6144K), 6 survivors (6144K)
 Metaspace       used 33704K, committed 34048K, reserved 1081344K
  class space    used 4293K, committed 4480K, reserved 1048576K
}
Event: 4.097 GC heap before
{Heap before GC invocations=10 (full 0):
 garbage-first heap   total 89088K, used 59560K [0x0000000083200000, 0x0000000100000000)
  region size 1024K, 37 young (37888K), 6 survivors (6144K)
 Metaspace       used 33970K, committed 34304K, reserved 1081344K
  class space    used 4331K, committed 4480K, reserved 1048576K
}
Event: 4.105 GC heap after
{Heap after GC invocations=11 (full 0):
 garbage-first heap   total 89088K, used 34193K [0x0000000083200000, 0x0000000100000000)
  region size 1024K, 5 young (5120K), 5 survivors (5120K)
 Metaspace       used 33970K, committed 34304K, reserved 1081344K
  class space    used 4331K, committed 4480K, reserved 1048576K
}
Event: 4.175 GC heap before
{Heap before GC invocations=11 (full 0):
 garbage-first heap   total 89088K, used 62865K [0x0000000083200000, 0x0000000100000000)
  region size 1024K, 33 young (33792K), 5 survivors (5120K)
 Metaspace       used 34185K, committed 34496K, reserved 1081344K
  class space    used 4359K, committed 4544K, reserved 1048576K
}
Event: 4.189 GC heap after
{Heap after GC invocations=12 (full 0):
 garbage-first heap   total 89088K, used 41883K [0x0000000083200000, 0x0000000100000000)
  region size 1024K, 5 young (5120K), 5 survivors (5120K)
 Metaspace       used 34185K, committed 34496K, reserved 1081344K
  class space    used 4359K, committed 4544K, reserved 1048576K
}
Event: 4.558 GC heap before
{Heap before GC invocations=12 (full 0):
 garbage-first heap   total 89088K, used 64411K [0x0000000083200000, 0x0000000100000000)
  region size 1024K, 28 young (28672K), 5 survivors (5120K)
 Metaspace       used 35411K, committed 35776K, reserved 1081344K
  class space    used 4556K, committed 4736K, reserved 1048576K
}
Event: 4.567 GC heap after
{Heap after GC invocations=13 (full 0):
 garbage-first heap   total 178176K, used 46926K [0x0000000083200000, 0x0000000100000000)
  region size 1024K, 4 young (4096K), 4 survivors (4096K)
 Metaspace       used 35411K, committed 35776K, reserved 1081344K
  class space    used 4556K, committed 4736K, reserved 1048576K
}
Event: 4.668 GC heap before
{Heap before GC invocations=13 (full 0):
 garbage-first heap   total 178176K, used 67406K [0x0000000083200000, 0x0000000100000000)
  region size 1024K, 24 young (24576K), 4 survivors (4096K)
 Metaspace       used 35871K, committed 36160K, reserved 1081344K
  class space    used 4655K, committed 4800K, reserved 1048576K
}
Event: 4.678 GC heap after
{Heap after GC invocations=14 (full 0):
 garbage-first heap   total 178176K, used 54978K [0x0000000083200000, 0x0000000100000000)
  region size 1024K, 10 young (10240K), 10 survivors (10240K)
 Metaspace       used 35871K, committed 36160K, reserved 1081344K
  class space    used 4655K, committed 4800K, reserved 1048576K
}
Event: 4.804 GC heap before
{Heap before GC invocations=15 (full 0):
 garbage-first heap   total 178176K, used 123586K [0x0000000083200000, 0x0000000100000000)
  region size 1024K, 78 young (79872K), 10 survivors (10240K)
 Metaspace       used 36310K, committed 36672K, reserved 1081344K
  class space    used 4728K, committed 4928K, reserved 1048576K
}
Event: 4.835 GC heap after
{Heap after GC invocations=16 (full 0):
 garbage-first heap   total 178176K, used 63002K [0x0000000083200000, 0x0000000100000000)
  region size 1024K, 10 young (10240K), 10 survivors (10240K)
 Metaspace       used 36310K, committed 36672K, reserved 1081344K
  class space    used 4728K, committed 4928K, reserved 1048576K
}
Event: 4.877 GC heap before
{Heap before GC invocations=16 (full 0):
 garbage-first heap   total 178176K, used 123418K [0x0000000083200000, 0x0000000100000000)
  region size 1024K, 71 young (72704K), 10 survivors (10240K)
 Metaspace       used 36323K, committed 36672K, reserved 1081344K
  class space    used 4732K, committed 4928K, reserved 1048576K
}
Event: 4.897 GC heap after
{Heap after GC invocations=17 (full 0):
 garbage-first heap   total 178176K, used 66291K [0x0000000083200000, 0x0000000100000000)
  region size 1024K, 4 young (4096K), 4 survivors (4096K)
 Metaspace       used 36323K, committed 36672K, reserved 1081344K
  class space    used 4732K, committed 4928K, reserved 1048576K
}
Event: 4.918 GC heap before
{Heap before GC invocations=17 (full 0):
 garbage-first heap   total 178176K, used 127731K [0x0000000083200000, 0x0000000100000000)
  region size 1024K, 65 young (66560K), 4 survivors (4096K)
 Metaspace       used 36376K, committed 36736K, reserved 1081344K
  class space    used 4742K, committed 4928K, reserved 1048576K
}

