# JRE version: OpenJDK Runtime Environment Temurin-17.0.5+8 (17.0.5+8) (build 17.0.5+8)
# Java VM: OpenJDK 64-Bit Server VM Temurin-17.0.5+8 (17.0.5+8, mixed mode, emulated-client, sharing, tiered, compressed oops, compressed class ptrs, g1 gc, windows-amd64)
GC Precious Log:
 CPUs: 8 total, 8 available
 Memory: 7987M
 Large Page Support: Disabled
 NUMA Support: Disabled
 Compressed Oops: Enabled (32-bit)
 Heap Region Size: 1M
 Heap Min Capacity: 8M
 Heap Initial Capacity: 126M
 Heap Max Capacity: 1998M
 Pre-touch: Disabled
 Parallel Workers: 8
 Concurrent Workers: 2
 Concurrent Refinement Workers: 8
 Periodic GC: Disabled
Heap:
 garbage-first heap   total 119808K, used 36893K [0x0000000083200000, 0x0000000100000000)
  region size 1024K, 1 young (1024K), 0 survivors (0K)
 Metaspace       used 47704K, committed 48128K, reserved 1097728K
  class space    used 6503K, committed 6720K, reserved 1048576K
GC Heap History (20 events):
Event: 2095.597 GC heap before
{Heap before GC invocations=251 (full 102):
 garbage-first heap   total 119808K, used 36879K [0x0000000083200000, 0x0000000100000000)
  region size 1024K, 1 young (1024K), 0 survivors (0K)
 Metaspace       used 47681K, committed 48128K, reserved 1097728K
  class space    used 6499K, committed 6720K, reserved 1048576K
}
Event: 2095.634 GC heap after
{Heap after GC invocations=252 (full 103):
 garbage-first heap   total 119808K, used 36879K [0x0000000083200000, 0x0000000100000000)
  region size 1024K, 0 young (0K), 0 survivors (0K)
 Metaspace       used 47681K, committed 48128K, reserved 1097728K
  class space    used 6499K, committed 6720K, reserved 1048576K
}
Event: 2105.908 GC heap before
{Heap before GC invocations=252 (full 103):
 garbage-first heap   total 119808K, used 36879K [0x0000000083200000, 0x0000000100000000)
  region size 1024K, 1 young (1024K), 0 survivors (0K)
 Metaspace       used 47681K, committed 48128K, reserved 1097728K
  class space    used 6499K, committed 6720K, reserved 1048576K
}
Event: 2105.950 GC heap after
{Heap after GC invocations=253 (full 104):
 garbage-first heap   total 119808K, used 36879K [0x0000000083200000, 0x0000000100000000)
  region size 1024K, 0 young (0K), 0 survivors (0K)
 Metaspace       used 47681K, committed 48128K, reserved 1097728K
  class space    used 6499K, committed 6720K, reserved 1048576K
}
Event: 2116.145 GC heap before
{Heap before GC invocations=253 (full 104):
 garbage-first heap   total 119808K, used 36879K [0x0000000083200000, 0x0000000100000000)
  region size 1024K, 1 young (1024K), 0 survivors (0K)
 Metaspace       used 47681K, committed 48128K, reserved 1097728K
  class space    used 6499K, committed 6720K, reserved 1048576K
}
Event: 2116.183 GC heap after
{Heap after GC invocations=254 (full 105):
 garbage-first heap   total 119808K, used 36879K [0x0000000083200000, 0x0000000100000000)
  region size 1024K, 0 young (0K), 0 survivors (0K)
 Metaspace       used 47681K, committed 48128K, reserved 1097728K
  class space    used 6499K, committed 6720K, reserved 1048576K
}
Event: 2126.388 GC heap before
{Heap before GC invocations=254 (full 105):
 garbage-first heap   total 119808K, used 36879K [0x0000000083200000, 0x0000000100000000)
  region size 1024K, 1 young (1024K), 0 survivors (0K)
 Metaspace       used 47681K, committed 48128K, reserved 1097728K
  class space    used 6499K, committed 6720K, reserved 1048576K
}
Event: 2126.445 GC heap after
{Heap after GC invocations=255 (full 106):
 garbage-first heap   total 119808K, used 36879K [0x0000000083200000, 0x0000000100000000)
  region size 1024K, 0 young (0K), 0 survivors (0K)
 Metaspace       used 47681K, committed 48128K, reserved 1097728K
  class space    used 6499K, committed 6720K, reserved 1048576K
}
Event: 2136.650 GC heap before
{Heap before GC invocations=255 (full 106):
 garbage-first heap   total 119808K, used 36879K [0x0000000083200000, 0x0000000100000000)
  region size 1024K, 1 young (1024K), 0 survivors (0K)
 Metaspace       used 47681K, committed 48128K, reserved 1097728K
  class space    used 6499K, committed 6720K, reserved 1048576K
}
Event: 2136.690 GC heap after
{Heap after GC invocations=256 (full 107):
 garbage-first heap   total 119808K, used 36879K [0x0000000083200000, 0x0000000100000000)
  region size 1024K, 0 young (0K), 0 survivors (0K)
 Metaspace       used 47681K, committed 48128K, reserved 1097728K
  class space    used 6499K, committed 6720K, reserved 1048576K
}
Event: 2146.893 GC heap before
{Heap before GC invocations=256 (full 107):
 garbage-first heap   total 119808K, used 36879K [0x0000000083200000, 0x0000000100000000)
  region size 1024K, 1 young (1024K), 0 survivors (0K)
 Metaspace       used 47681K, committed 48128K, reserved 1097728K
  class space    used 6499K, committed 6720K, reserved 1048576K
}
Event: 2146.933 GC heap after
{Heap after GC invocations=257 (full 108):
 garbage-first heap   total 119808K, used 36879K [0x0000000083200000, 0x0000000100000000)
  region size 1024K, 0 young (0K), 0 survivors (0K)
 Metaspace       used 47681K, committed 48128K, reserved 1097728K
  class space    used 6499K, committed 6720K, reserved 1048576K
}
Event: 2157.176 GC heap before
{Heap before GC invocations=257 (full 108):
 garbage-first heap   total 119808K, used 36879K [0x0000000083200000, 0x0000000100000000)
  region size 1024K, 1 young (1024K), 0 survivors (0K)
 Metaspace       used 47681K, committed 48128K, reserved 1097728K
  class space    used 6499K, committed 6720K, reserved 1048576K
}
Event: 2157.230 GC heap after
{Heap after GC invocations=258 (full 109):
 garbage-first heap   total 119808K, used 36879K [0x0000000083200000, 0x0000000100000000)
  region size 1024K, 0 young (0K), 0 survivors (0K)
 Metaspace       used 47681K, committed 48128K, reserved 1097728K
  class space    used 6499K, committed 6720K, reserved 1048576K
}
Event: 2167.445 GC heap before
{Heap before GC invocations=258 (full 109):
 garbage-first heap   total 119808K, used 36879K [0x0000000083200000, 0x0000000100000000)
  region size 1024K, 1 young (1024K), 0 survivors (0K)
 Metaspace       used 47681K, committed 48128K, reserved 1097728K
  class space    used 6499K, committed 6720K, reserved 1048576K
}
Event: 2167.479 GC heap after
{Heap after GC invocations=259 (full 110):
 garbage-first heap   total 119808K, used 36879K [0x0000000083200000, 0x0000000100000000)
  region size 1024K, 0 young (0K), 0 survivors (0K)
 Metaspace       used 47681K, committed 48128K, reserved 1097728K
  class space    used 6499K, committed 6720K, reserved 1048576K
}
Event: 2177.703 GC heap before
{Heap before GC invocations=259 (full 110):
 garbage-first heap   total 119808K, used 36879K [0x0000000083200000, 0x0000000100000000)
  region size 1024K, 1 young (1024K), 0 survivors (0K)
 Metaspace       used 47681K, committed 48128K, reserved 1097728K
  class space    used 6499K, committed 6720K, reserved 1048576K
}
Event: 2177.740 GC heap after
{Heap after GC invocations=260 (full 111):
 garbage-first heap   total 119808K, used 36879K [0x0000000083200000, 0x0000000100000000)
  region size 1024K, 0 young (0K), 0 survivors (0K)
 Metaspace       used 47681K, committed 48128K, reserved 1097728K
  class space    used 6499K, committed 6720K, reserved 1048576K
}
Event: 2211.033 GC heap before
{Heap before GC invocations=260 (full 111):
 garbage-first heap   total 119808K, used 36879K [0x0000000083200000, 0x0000000100000000)
  region size 1024K, 1 young (1024K), 0 survivors (0K)
 Metaspace       used 47704K, committed 48128K, reserved 1097728K
  class space    used 6503K, committed 6720K, reserved 1048576K
}
Event: 2211.071 GC heap after
{Heap after GC invocations=261 (full 112):
 garbage-first heap   total 119808K, used 36893K [0x0000000083200000, 0x0000000100000000)
  region size 1024K, 0 young (0K), 0 survivors (0K)
 Metaspace       used 47704K, committed 48128K, reserved 1097728K
  class space    used 6503K, committed 6720K, reserved 1048576K
}

