# JRE version: OpenJDK Runtime Environment Temurin-17.0.4.1+1 (17.0.4.1+1) (build 17.0.4.1+1)
# Java VM: OpenJDK 64-Bit Server VM Temurin-17.0.4.1+1 (17.0.4.1+1, mixed mode, emulated-client, tiered, compressed oops, compressed class ptrs, g1 gc, windows-amd64)
GC Precious Log:
 CPUs: 8 total, 8 available
 Memory: 7987M
 Large Page Support: Disabled
 NUMA Support: Disabled
 Compressed Oops: Enabled (32-bit)
 Heap Region Size: 1M
 Heap Min Capacity: 8M
 Heap Initial Capacity: 126M
 Heap Max Capacity: 1998M
 Pre-touch: Disabled
 Parallel Workers: 8
 Concurrent Workers: 2
 Concurrent Refinement Workers: 8
 Periodic GC: Disabled
Heap:
 garbage-first heap   total 228352K, used 75738K [0x0000000083200000, 0x0000000100000000)
  region size 1024K, 5 young (5120K), 5 survivors (5120K)
 Metaspace       used 36027K, committed 36352K, reserved 1081344K
  class space    used 4686K, committed 4864K, reserved 1048576K
GC Heap History (20 events):
Event: 3.929 GC heap after
{Heap after GC invocations=11 (full 0):
 garbage-first heap   total 54272K, used 27627K [0x0000000083200000, 0x0000000100000000)
  region size 1024K, 3 young (3072K), 3 survivors (3072K)
 Metaspace       used 33608K, committed 33984K, reserved 1081344K
  class space    used 4277K, committed 4480K, reserved 1048576K
}
Event: 3.958 GC heap before
{Heap before GC invocations=11 (full 0):
 garbage-first heap   total 54272K, used 39915K [0x0000000083200000, 0x0000000100000000)
  region size 1024K, 15 young (15360K), 3 survivors (3072K)
 Metaspace       used 33683K, committed 34048K, reserved 1081344K
  class space    used 4290K, committed 4480K, reserved 1048576K
}
Event: 3.962 GC heap after
{Heap after GC invocations=12 (full 0):
 garbage-first heap   total 54272K, used 29814K [0x0000000083200000, 0x0000000100000000)
  region size 1024K, 2 young (2048K), 2 survivors (2048K)
 Metaspace       used 33683K, committed 34048K, reserved 1081344K
  class space    used 4290K, committed 4480K, reserved 1048576K
}
Event: 3.995 GC heap before
{Heap before GC invocations=13 (full 0):
 garbage-first heap   total 63488K, used 41078K [0x0000000083200000, 0x0000000100000000)
  region size 1024K, 13 young (13312K), 2 survivors (2048K)
 Metaspace       used 33760K, committed 34112K, reserved 1081344K
  class space    used 4305K, committed 4480K, reserved 1048576K
}
Event: 3.998 GC heap after
{Heap after GC invocations=14 (full 0):
 garbage-first heap   total 103424K, used 32050K [0x0000000083200000, 0x0000000100000000)
  region size 1024K, 2 young (2048K), 2 survivors (2048K)
 Metaspace       used 33760K, committed 34112K, reserved 1081344K
  class space    used 4305K, committed 4480K, reserved 1048576K
}
Event: 4.097 GC heap before
{Heap before GC invocations=14 (full 0):
 garbage-first heap   total 103424K, used 71986K [0x0000000083200000, 0x0000000100000000)
  region size 1024K, 41 young (41984K), 2 survivors (2048K)
 Metaspace       used 34061K, committed 34432K, reserved 1081344K
  class space    used 4347K, committed 4544K, reserved 1048576K
}
Event: 4.107 GC heap after
{Heap after GC invocations=15 (full 0):
 garbage-first heap   total 103424K, used 41969K [0x0000000083200000, 0x0000000100000000)
  region size 1024K, 6 young (6144K), 6 survivors (6144K)
 Metaspace       used 34061K, committed 34432K, reserved 1081344K
  class space    used 4347K, committed 4544K, reserved 1048576K
}
Event: 4.380 GC heap before
{Heap before GC invocations=15 (full 0):
 garbage-first heap   total 103424K, used 70641K [0x0000000083200000, 0x0000000100000000)
  region size 1024K, 35 young (35840K), 6 survivors (6144K)
 Metaspace       used 35366K, committed 35712K, reserved 1081344K
  class space    used 4555K, committed 4736K, reserved 1048576K
}
Event: 4.389 GC heap after
{Heap after GC invocations=16 (full 0):
 garbage-first heap   total 103424K, used 47861K [0x0000000083200000, 0x0000000100000000)
  region size 1024K, 5 young (5120K), 5 survivors (5120K)
 Metaspace       used 35366K, committed 35712K, reserved 1081344K
  class space    used 4555K, committed 4736K, reserved 1048576K
}
Event: 4.525 GC heap before
{Heap before GC invocations=16 (full 0):
 garbage-first heap   total 103424K, used 75509K [0x0000000083200000, 0x0000000100000000)
  region size 1024K, 31 young (31744K), 5 survivors (5120K)
 Metaspace       used 35798K, committed 36160K, reserved 1081344K
  class space    used 4646K, committed 4800K, reserved 1048576K
}
Event: 4.557 GC heap after
{Heap after GC invocations=17 (full 0):
 garbage-first heap   total 103424K, used 63420K [0x0000000083200000, 0x0000000100000000)
  region size 1024K, 4 young (4096K), 4 survivors (4096K)
 Metaspace       used 35798K, committed 36160K, reserved 1081344K
  class space    used 4646K, committed 4800K, reserved 1048576K
}
Event: 4.587 GC heap before
{Heap before GC invocations=17 (full 0):
 garbage-first heap   total 103424K, used 76732K [0x0000000083200000, 0x0000000100000000)
  region size 1024K, 18 young (18432K), 4 survivors (4096K)
 Metaspace       used 35861K, committed 36160K, reserved 1081344K
  class space    used 4661K, committed 4800K, reserved 1048576K
}
Event: 4.594 GC heap after
{Heap after GC invocations=18 (full 0):
 garbage-first heap   total 228352K, used 64876K [0x0000000083200000, 0x0000000100000000)
  region size 1024K, 1 young (1024K), 1 survivors (1024K)
 Metaspace       used 35861K, committed 36160K, reserved 1081344K
  class space    used 4661K, committed 4800K, reserved 1048576K
}
Event: 4.739 GC heap before
{Heap before GC invocations=18 (full 0):
 garbage-first heap   total 228352K, used 161132K [0x0000000083200000, 0x0000000100000000)
  region size 1024K, 97 young (99328K), 1 survivors (1024K)
 Metaspace       used 35881K, committed 36224K, reserved 1081344K
  class space    used 4664K, committed 4800K, reserved 1048576K
}
Event: 4.744 GC heap after
{Heap after GC invocations=19 (full 0):
 garbage-first heap   total 228352K, used 68033K [0x0000000083200000, 0x0000000100000000)
  region size 1024K, 5 young (5120K), 5 survivors (5120K)
 Metaspace       used 35881K, committed 36224K, reserved 1081344K
  class space    used 4664K, committed 4800K, reserved 1048576K
}
Event: 4.805 GC heap before
{Heap before GC invocations=20 (full 0):
 garbage-first heap   total 228352K, used 172481K [0x0000000083200000, 0x0000000100000000)
  region size 1024K, 108 young (110592K), 5 survivors (5120K)
 Metaspace       used 35991K, committed 36352K, reserved 1081344K
  class space    used 4682K, committed 4864K, reserved 1048576K
}
Event: 4.814 GC heap after
{Heap after GC invocations=21 (full 0):
 garbage-first heap   total 228352K, used 71778K [0x0000000083200000, 0x0000000100000000)
  region size 1024K, 9 young (9216K), 9 survivors (9216K)
 Metaspace       used 35991K, committed 36352K, reserved 1081344K
  class space    used 4682K, committed 4864K, reserved 1048576K
}
Event: 4.816 GC heap before
{Heap before GC invocations=21 (full 0):
 garbage-first heap   total 228352K, used 72802K [0x0000000083200000, 0x0000000100000000)
  region size 1024K, 11 young (11264K), 9 survivors (9216K)
 Metaspace       used 35991K, committed 36352K, reserved 1081344K
  class space    used 4682K, committed 4864K, reserved 1048576K
}
Event: 4.824 GC heap after
{Heap after GC invocations=22 (full 0):
 garbage-first heap   total 228352K, used 72320K [0x0000000083200000, 0x0000000100000000)
  region size 1024K, 2 young (2048K), 2 survivors (2048K)
 Metaspace       used 35991K, committed 36352K, reserved 1081344K
  class space    used 4682K, committed 4864K, reserved 1048576K
}
Event: 4.868 GC heap before
{Heap before GC invocations=22 (full 0):
 garbage-first heap   total 228352K, used 176768K [0x0000000083200000, 0x0000000100000000)
  region size 1024K, 105 young (107520K), 2 survivors (2048K)
 Metaspace       used 36027K, committed 36352K, reserved 1081344K
  class space    used 4686K, committed 4864K, reserved 1048576K
}

