# JRE version: OpenJDK Runtime Environment Temurin-17.0.4.1+1 (17.0.4.1+1) (build 17.0.4.1+1)
# Java VM: OpenJDK 64-Bit Server VM Temurin-17.0.4.1+1 (17.0.4.1+1, mixed mode, emulated-client, tiered, compressed oops, compressed class ptrs, g1 gc, windows-amd64)
GC Precious Log:
 CPUs: 8 total, 8 available
 Memory: 7987M
 Large Page Support: Disabled
 NUMA Support: Disabled
 Compressed Oops: Enabled (32-bit)
 Heap Region Size: 1M
 Heap Min Capacity: 8M
 Heap Initial Capacity: 126M
 Heap Max Capacity: 1998M
 Pre-touch: Disabled
 Parallel Workers: 8
 Concurrent Workers: 2
 Concurrent Refinement Workers: 8
 Periodic GC: Disabled
Heap:
 garbage-first heap   total 637952K, used 261120K [0x0000000083200000, 0x0000000100000000)
  region size 1024K, 39 young (39936K), 39 survivors (39936K)
 Metaspace       used 48984K, committed 49280K, reserved 1097728K
  class space    used 6249K, committed 6400K, reserved 1048576K
GC Heap History (20 events):
Event: 18.872 GC heap after
{Heap after GC invocations=24 (full 0):
 garbage-first heap   total 438272K, used 130183K [0x0000000083200000, 0x0000000100000000)
  region size 1024K, 28 young (28672K), 28 survivors (28672K)
 Metaspace       used 37654K, committed 38016K, reserved 1089536K
  class space    used 4847K, committed 4992K, reserved 1048576K
}
Event: 19.692 GC heap before
{Heap before GC invocations=24 (full 0):
 garbage-first heap   total 438272K, used 356487K [0x0000000083200000, 0x0000000100000000)
  region size 1024K, 250 young (256000K), 28 survivors (28672K)
 Metaspace       used 39718K, committed 40128K, reserved 1089536K
  class space    used 5031K, committed 5248K, reserved 1048576K
}
Event: 19.707 GC heap after
{Heap after GC invocations=25 (full 0):
 garbage-first heap   total 438272K, used 146041K [0x0000000083200000, 0x0000000100000000)
  region size 1024K, 32 young (32768K), 32 survivors (32768K)
 Metaspace       used 39718K, committed 40128K, reserved 1089536K
  class space    used 5031K, committed 5248K, reserved 1048576K
}
Event: 20.087 GC heap before
{Heap before GC invocations=25 (full 0):
 garbage-first heap   total 438272K, used 360057K [0x0000000083200000, 0x0000000100000000)
  region size 1024K, 240 young (245760K), 32 survivors (32768K)
 Metaspace       used 42068K, committed 42432K, reserved 1089536K
  class space    used 5207K, committed 5376K, reserved 1048576K
}
Event: 20.102 GC heap after
{Heap after GC invocations=26 (full 0):
 garbage-first heap   total 438272K, used 162126K [0x0000000083200000, 0x0000000100000000)
  region size 1024K, 30 young (30720K), 30 survivors (30720K)
 Metaspace       used 42068K, committed 42432K, reserved 1089536K
  class space    used 5207K, committed 5376K, reserved 1048576K
}
Event: 20.417 GC heap before
{Heap before GC invocations=26 (full 0):
 garbage-first heap   total 438272K, used 358734K [0x0000000083200000, 0x0000000100000000)
  region size 1024K, 223 young (228352K), 30 survivors (30720K)
 Metaspace       used 43634K, committed 43968K, reserved 1089536K
  class space    used 5421K, committed 5568K, reserved 1048576K
}
Event: 20.437 GC heap after
{Heap after GC invocations=27 (full 0):
 garbage-first heap   total 637952K, used 172877K [0x0000000083200000, 0x0000000100000000)
  region size 1024K, 25 young (25600K), 25 survivors (25600K)
 Metaspace       used 43634K, committed 43968K, reserved 1089536K
  class space    used 5421K, committed 5568K, reserved 1048576K
}
Event: 20.589 GC heap before
{Heap before GC invocations=27 (full 0):
 garbage-first heap   total 637952K, used 228173K [0x0000000083200000, 0x0000000100000000)
  region size 1024K, 81 young (82944K), 25 survivors (25600K)
 Metaspace       used 44205K, committed 44480K, reserved 1089536K
  class space    used 5494K, committed 5632K, reserved 1048576K
}
Event: 20.613 GC heap after
{Heap after GC invocations=28 (full 0):
 garbage-first heap   total 637952K, used 176461K [0x0000000083200000, 0x0000000100000000)
  region size 1024K, 28 young (28672K), 28 survivors (28672K)
 Metaspace       used 44205K, committed 44480K, reserved 1089536K
  class space    used 5494K, committed 5632K, reserved 1048576K
}
Event: 21.900 GC heap before
{Heap before GC invocations=29 (full 0):
 garbage-first heap   total 637952K, used 513357K [0x0000000083200000, 0x0000000100000000)
  region size 1024K, 359 young (367616K), 28 survivors (28672K)
 Metaspace       used 46638K, committed 46976K, reserved 1097728K
  class space    used 5749K, committed 5888K, reserved 1048576K
}
Event: 21.954 GC heap after
{Heap after GC invocations=30 (full 0):
 garbage-first heap   total 637952K, used 189345K [0x0000000083200000, 0x0000000100000000)
  region size 1024K, 28 young (28672K), 28 survivors (28672K)
 Metaspace       used 46638K, committed 46976K, reserved 1097728K
  class space    used 5749K, committed 5888K, reserved 1048576K
}
Event: 21.963 GC heap before
{Heap before GC invocations=30 (full 0):
 garbage-first heap   total 637952K, used 191393K [0x0000000083200000, 0x0000000100000000)
  region size 1024K, 31 young (31744K), 28 survivors (28672K)
 Metaspace       used 46649K, committed 46976K, reserved 1097728K
  class space    used 5753K, committed 5888K, reserved 1048576K
}
Event: 21.995 GC heap after
{Heap after GC invocations=31 (full 0):
 garbage-first heap   total 637952K, used 189035K [0x0000000083200000, 0x0000000100000000)
  region size 1024K, 4 young (4096K), 4 survivors (4096K)
 Metaspace       used 46649K, committed 46976K, reserved 1097728K
  class space    used 5753K, committed 5888K, reserved 1048576K
}
Event: 22.758 GC heap before
{Heap before GC invocations=31 (full 0):
 garbage-first heap   total 637952K, used 514667K [0x0000000083200000, 0x0000000100000000)
  region size 1024K, 323 young (330752K), 4 survivors (4096K)
 Metaspace       used 46726K, committed 47040K, reserved 1097728K
  class space    used 5768K, committed 5888K, reserved 1048576K
}
Event: 22.769 GC heap after
{Heap after GC invocations=32 (full 0):
 garbage-first heap   total 637952K, used 201986K [0x0000000083200000, 0x0000000100000000)
  region size 1024K, 17 young (17408K), 17 survivors (17408K)
 Metaspace       used 46726K, committed 47040K, reserved 1097728K
  class space    used 5768K, committed 5888K, reserved 1048576K
}
Event: 23.597 GC heap before
{Heap before GC invocations=33 (full 0):
 garbage-first heap   total 637952K, used 520450K [0x0000000083200000, 0x0000000100000000)
  region size 1024K, 329 young (336896K), 17 survivors (17408K)
 Metaspace       used 46726K, committed 47040K, reserved 1097728K
  class space    used 5768K, committed 5888K, reserved 1048576K
}
Event: 23.655 GC heap after
{Heap after GC invocations=34 (full 0):
 garbage-first heap   total 637952K, used 218050K [0x0000000083200000, 0x0000000100000000)
  region size 1024K, 33 young (33792K), 33 survivors (33792K)
 Metaspace       used 46726K, committed 47040K, reserved 1097728K
  class space    used 5768K, committed 5888K, reserved 1048576K
}
Event: 23.658 GC heap before
{Heap before GC invocations=34 (full 0):
 garbage-first heap   total 637952K, used 218050K [0x0000000083200000, 0x0000000100000000)
  region size 1024K, 34 young (34816K), 33 survivors (33792K)
 Metaspace       used 46726K, committed 47040K, reserved 1097728K
  class space    used 5768K, committed 5888K, reserved 1048576K
}
Event: 23.803 GC heap after
{Heap after GC invocations=35 (full 0):
 garbage-first heap   total 637952K, used 218730K [0x0000000083200000, 0x0000000100000000)
  region size 1024K, 4 young (4096K), 4 survivors (4096K)
 Metaspace       used 46726K, committed 47040K, reserved 1097728K
  class space    used 5768K, committed 5888K, reserved 1048576K
}
Event: 25.092 GC heap before
{Heap before GC invocations=35 (full 0):
 garbage-first heap   total 637952K, used 530026K [0x0000000083200000, 0x0000000100000000)
  region size 1024K, 306 young (313344K), 4 survivors (4096K)
 Metaspace       used 48984K, committed 49280K, reserved 1097728K
  class space    used 6249K, committed 6400K, reserved 1048576K
}

