# JRE version: OpenJDK Runtime Environment Temurin-17.0.4.1+1 (17.0.4.1+1) (build 17.0.4.1+1)
# Java VM: OpenJDK 64-Bit Server VM Temurin-17.0.4.1+1 (17.0.4.1+1, mixed mode, tiered, compressed oops, compressed class ptrs, parallel gc, windows-amd64)
GC Precious Log:
 CPUs: 8 total, 8 available
 Memory: 7987M
 Large Page Support: Disabled
 NUMA Support: Disabled
 Compressed Oops: Enabled (32-bit)
 Alignments: Space 512K, Generation 512K, Heap 2M
 Heap Min Capacity: 100M
 Heap Initial Capacity: 100M
 Heap Max Capacity: 1G
 Pre-touch: Disabled
 Parallel Workers: 8
Heap:
 PSYoungGen      total 8704K, used 6135K [0x00000000eab00000, 0x00000000eb580000, 0x0000000100000000)
  eden space 7680K, 70% used [0x00000000eab00000,0x00000000eb050be0,0x00000000eb280000)
  from space 1024K, 67% used [0x00000000eb380000,0x00000000eb42d410,0x00000000eb480000)
  to   space 1024K, 0% used [0x00000000eb480000,0x00000000eb480000,0x00000000eb580000)
 ParOldGen       total 185344K, used 139611K [0x00000000c0000000, 0x00000000cb500000, 0x00000000eab00000)
  object space 185344K, 75% used [0x00000000c0000000,0x00000000c8856d18,0x00000000cb500000)
 Metaspace       used 75591K, committed 76800K, reserved 1122304K
  class space    used 7617K, committed 8128K, reserved 1048576K
GC Heap History (20 events):
Event: 74.063 GC heap before
{Heap before GC invocations=202 (full 9):
 PSYoungGen      total 6656K, used 6650K [0x00000000eab00000, 0x00000000eb600000, 0x0000000100000000)
  eden space 5632K, 100% used [0x00000000eab00000,0x00000000eb080000,0x00000000eb080000)
  from space 1024K, 99% used [0x00000000eb400000,0x00000000eb4fe900,0x00000000eb500000)
  to   space 1024K, 0% used [0x00000000eb500000,0x00000000eb500000,0x00000000eb600000)
 ParOldGen       total 174592K, used 165737K [0x00000000c0000000, 0x00000000caa80000, 0x00000000eab00000)
  object space 174592K, 94% used [0x00000000c0000000,0x00000000ca1da550,0x00000000caa80000)
 Metaspace       used 74608K, committed 75776K, reserved 1122304K
  class space    used 7517K, committed 8064K, reserved 1048576K
}
Event: 74.064 GC heap after
{Heap after GC invocations=202 (full 9):
 PSYoungGen      total 7168K, used 208K [0x00000000eab00000, 0x00000000eb580000, 0x0000000100000000)
  eden space 6656K, 0% used [0x00000000eab00000,0x00000000eab00000,0x00000000eb180000)
  from space 512K, 40% used [0x00000000eb500000,0x00000000eb534010,0x00000000eb580000)
  to   space 512K, 0% used [0x00000000eb480000,0x00000000eb480000,0x00000000eb500000)
 ParOldGen       total 174592K, used 166665K [0x00000000c0000000, 0x00000000caa80000, 0x00000000eab00000)
  object space 174592K, 95% used [0x00000000c0000000,0x00000000ca2c2420,0x00000000caa80000)
 Metaspace       used 74608K, committed 75776K, reserved 1122304K
  class space    used 7517K, committed 8064K, reserved 1048576K
}
Event: 74.082 GC heap before
{Heap before GC invocations=203 (full 9):
 PSYoungGen      total 7168K, used 6864K [0x00000000eab00000, 0x00000000eb580000, 0x0000000100000000)
  eden space 6656K, 100% used [0x00000000eab00000,0x00000000eb180000,0x00000000eb180000)
  from space 512K, 40% used [0x00000000eb500000,0x00000000eb534010,0x00000000eb580000)
  to   space 512K, 0% used [0x00000000eb480000,0x00000000eb480000,0x00000000eb500000)
 ParOldGen       total 174592K, used 166665K [0x00000000c0000000, 0x00000000caa80000, 0x00000000eab00000)
  object space 174592K, 95% used [0x00000000c0000000,0x00000000ca2c2420,0x00000000caa80000)
 Metaspace       used 74610K, committed 75776K, reserved 1122304K
  class space    used 7517K, committed 8064K, reserved 1048576K
}
Event: 74.086 GC heap after
{Heap after GC invocations=203 (full 9):
 PSYoungGen      total 8192K, used 495K [0x00000000eab00000, 0x00000000ebe80000, 0x0000000100000000)
  eden space 7680K, 0% used [0x00000000eab00000,0x00000000eab00000,0x00000000eb280000)
  from space 512K, 96% used [0x00000000eb480000,0x00000000eb4fbfa0,0x00000000eb500000)
  to   space 6144K, 0% used [0x00000000eb880000,0x00000000eb880000,0x00000000ebe80000)
 ParOldGen       total 174592K, used 171020K [0x00000000c0000000, 0x00000000caa80000, 0x00000000eab00000)
  object space 174592K, 97% used [0x00000000c0000000,0x00000000ca703048,0x00000000caa80000)
 Metaspace       used 74610K, committed 75776K, reserved 1122304K
  class space    used 7517K, committed 8064K, reserved 1048576K
}
Event: 74.086 GC heap before
{Heap before GC invocations=204 (full 10):
 PSYoungGen      total 8192K, used 495K [0x00000000eab00000, 0x00000000ebe80000, 0x0000000100000000)
  eden space 7680K, 0% used [0x00000000eab00000,0x00000000eab00000,0x00000000eb280000)
  from space 512K, 96% used [0x00000000eb480000,0x00000000eb4fbfa0,0x00000000eb500000)
  to   space 6144K, 0% used [0x00000000eb880000,0x00000000eb880000,0x00000000ebe80000)
 ParOldGen       total 174592K, used 171020K [0x00000000c0000000, 0x00000000caa80000, 0x00000000eab00000)
  object space 174592K, 97% used [0x00000000c0000000,0x00000000ca703048,0x00000000caa80000)
 Metaspace       used 74610K, committed 75776K, reserved 1122304K
  class space    used 7517K, committed 8064K, reserved 1048576K
}
Event: 74.160 GC heap after
{Heap after GC invocations=204 (full 10):
 PSYoungGen      total 13824K, used 0K [0x00000000eab00000, 0x00000000ebe80000, 0x0000000100000000)
  eden space 7680K, 0% used [0x00000000eab00000,0x00000000eab00000,0x00000000eb280000)
  from space 6144K, 0% used [0x00000000eb880000,0x00000000eb880000,0x00000000ebe80000)
  to   space 6144K, 0% used [0x00000000eb280000,0x00000000eb280000,0x00000000eb880000)
 ParOldGen       total 185344K, used 135697K [0x00000000c0000000, 0x00000000cb500000, 0x00000000eab00000)
  object space 185344K, 73% used [0x00000000c0000000,0x00000000c8484448,0x00000000cb500000)
 Metaspace       used 74610K, committed 75776K, reserved 1122304K
  class space    used 7517K, committed 8064K, reserved 1048576K
}
Event: 74.170 GC heap before
{Heap before GC invocations=205 (full 10):
 PSYoungGen      total 13824K, used 7680K [0x00000000eab00000, 0x00000000ebe80000, 0x0000000100000000)
  eden space 7680K, 100% used [0x00000000eab00000,0x00000000eb280000,0x00000000eb280000)
  from space 6144K, 0% used [0x00000000eb880000,0x00000000eb880000,0x00000000ebe80000)
  to   space 6144K, 0% used [0x00000000eb280000,0x00000000eb280000,0x00000000eb880000)
 ParOldGen       total 185344K, used 135697K [0x00000000c0000000, 0x00000000cb500000, 0x00000000eab00000)
  object space 185344K, 73% used [0x00000000c0000000,0x00000000c8484448,0x00000000cb500000)
 Metaspace       used 74616K, committed 75776K, reserved 1122304K
  class space    used 7518K, committed 8064K, reserved 1048576K
}
Event: 74.171 GC heap after
{Heap after GC invocations=205 (full 10):
 PSYoungGen      total 9216K, used 1108K [0x00000000eab00000, 0x00000000eb900000, 0x0000000100000000)
  eden space 7680K, 0% used [0x00000000eab00000,0x00000000eab00000,0x00000000eb280000)
  from space 1536K, 72% used [0x00000000eb280000,0x00000000eb395200,0x00000000eb400000)
  to   space 2560K, 0% used [0x00000000eb680000,0x00000000eb680000,0x00000000eb900000)
 ParOldGen       total 185344K, used 135697K [0x00000000c0000000, 0x00000000cb500000, 0x00000000eab00000)
  object space 185344K, 73% used [0x00000000c0000000,0x00000000c8484448,0x00000000cb500000)
 Metaspace       used 74616K, committed 75776K, reserved 1122304K
  class space    used 7518K, committed 8064K, reserved 1048576K
}
Event: 74.182 GC heap before
{Heap before GC invocations=206 (full 10):
 PSYoungGen      total 9216K, used 8788K [0x00000000eab00000, 0x00000000eb900000, 0x0000000100000000)
  eden space 7680K, 100% used [0x00000000eab00000,0x00000000eb280000,0x00000000eb280000)
  from space 1536K, 72% used [0x00000000eb280000,0x00000000eb395200,0x00000000eb400000)
  to   space 2560K, 0% used [0x00000000eb680000,0x00000000eb680000,0x00000000eb900000)
 ParOldGen       total 185344K, used 135697K [0x00000000c0000000, 0x00000000cb500000, 0x00000000eab00000)
  object space 185344K, 73% used [0x00000000c0000000,0x00000000c8484448,0x00000000cb500000)
 Metaspace       used 74619K, committed 75776K, reserved 1122304K
  class space    used 7519K, committed 8064K, reserved 1048576K
}
Event: 74.184 GC heap after
{Heap after GC invocations=206 (full 10):
 PSYoungGen      total 9728K, used 1940K [0x00000000eab00000, 0x00000000eb880000, 0x0000000100000000)
  eden space 7680K, 0% used [0x00000000eab00000,0x00000000eab00000,0x00000000eb280000)
  from space 2048K, 94% used [0x00000000eb680000,0x00000000eb865140,0x00000000eb880000)
  to   space 2560K, 0% used [0x00000000eb380000,0x00000000eb380000,0x00000000eb600000)
 ParOldGen       total 185344K, used 136688K [0x00000000c0000000, 0x00000000cb500000, 0x00000000eab00000)
  object space 185344K, 73% used [0x00000000c0000000,0x00000000c857c318,0x00000000cb500000)
 Metaspace       used 74619K, committed 75776K, reserved 1122304K
  class space    used 7519K, committed 8064K, reserved 1048576K
}
Event: 74.405 GC heap before
{Heap before GC invocations=207 (full 10):
 PSYoungGen      total 9728K, used 9620K [0x00000000eab00000, 0x00000000eb880000, 0x0000000100000000)
  eden space 7680K, 100% used [0x00000000eab00000,0x00000000eb280000,0x00000000eb280000)
  from space 2048K, 94% used [0x00000000eb680000,0x00000000eb865140,0x00000000eb880000)
  to   space 2560K, 0% used [0x00000000eb380000,0x00000000eb380000,0x00000000eb600000)
 ParOldGen       total 185344K, used 136688K [0x00000000c0000000, 0x00000000cb500000, 0x00000000eab00000)
  object space 185344K, 73% used [0x00000000c0000000,0x00000000c857c318,0x00000000cb500000)
 Metaspace       used 74719K, committed 75904K, reserved 1122304K
  class space    used 7531K, committed 8064K, reserved 1048576K
}
Event: 74.407 GC heap after
{Heap after GC invocations=207 (full 10):
 PSYoungGen      total 8704K, used 704K [0x00000000eab00000, 0x00000000eb700000, 0x0000000100000000)
  eden space 7680K, 0% used [0x00000000eab00000,0x00000000eab00000,0x00000000eb280000)
  from space 1024K, 68% used [0x00000000eb380000,0x00000000eb4303f8,0x00000000eb480000)
  to   space 1536K, 0% used [0x00000000eb580000,0x00000000eb580000,0x00000000eb700000)
 ParOldGen       total 185344K, used 137720K [0x00000000c0000000, 0x00000000cb500000, 0x00000000eab00000)
  object space 185344K, 74% used [0x00000000c0000000,0x00000000c867e1a0,0x00000000cb500000)
 Metaspace       used 74719K, committed 75904K, reserved 1122304K
  class space    used 7531K, committed 8064K, reserved 1048576K
}
Event: 74.420 GC heap before
{Heap before GC invocations=208 (full 10):
 PSYoungGen      total 8704K, used 8384K [0x00000000eab00000, 0x00000000eb700000, 0x0000000100000000)
  eden space 7680K, 100% used [0x00000000eab00000,0x00000000eb280000,0x00000000eb280000)
  from space 1024K, 68% used [0x00000000eb380000,0x00000000eb4303f8,0x00000000eb480000)
  to   space 1536K, 0% used [0x00000000eb580000,0x00000000eb580000,0x00000000eb700000)
 ParOldGen       total 185344K, used 137720K [0x00000000c0000000, 0x00000000cb500000, 0x00000000eab00000)
  object space 185344K, 74% used [0x00000000c0000000,0x00000000c867e1a0,0x00000000cb500000)
 Metaspace       used 74721K, committed 75904K, reserved 1122304K
  class space    used 7531K, committed 8064K, reserved 1048576K
}
Event: 74.422 GC heap after
{Heap after GC invocations=208 (full 10):
 PSYoungGen      total 8704K, used 928K [0x00000000eab00000, 0x00000000eb680000, 0x0000000100000000)
  eden space 7680K, 0% used [0x00000000eab00000,0x00000000eab00000,0x00000000eb280000)
  from space 1024K, 90% used [0x00000000eb580000,0x00000000eb668000,0x00000000eb680000)
  to   space 1024K, 0% used [0x00000000eb380000,0x00000000eb380000,0x00000000eb480000)
 ParOldGen       total 185344K, used 138289K [0x00000000c0000000, 0x00000000cb500000, 0x00000000eab00000)
  object space 185344K, 74% used [0x00000000c0000000,0x00000000c870c7c0,0x00000000cb500000)
 Metaspace       used 74721K, committed 75904K, reserved 1122304K
  class space    used 7531K, committed 8064K, reserved 1048576K
}
Event: 74.474 GC heap before
{Heap before GC invocations=209 (full 10):
 PSYoungGen      total 8704K, used 8608K [0x00000000eab00000, 0x00000000eb680000, 0x0000000100000000)
  eden space 7680K, 100% used [0x00000000eab00000,0x00000000eb280000,0x00000000eb280000)
  from space 1024K, 90% used [0x00000000eb580000,0x00000000eb668000,0x00000000eb680000)
  to   space 1024K, 0% used [0x00000000eb380000,0x00000000eb380000,0x00000000eb480000)
 ParOldGen       total 185344K, used 138289K [0x00000000c0000000, 0x00000000cb500000, 0x00000000eab00000)
  object space 185344K, 74% used [0x00000000c0000000,0x00000000c870c7c0,0x00000000cb500000)
 Metaspace       used 74919K, committed 76096K, reserved 1122304K
  class space    used 7546K, committed 8064K, reserved 1048576K
}
Event: 74.475 GC heap after
{Heap after GC invocations=209 (full 10):
 PSYoungGen      total 8704K, used 384K [0x00000000eab00000, 0x00000000eb600000, 0x0000000100000000)
  eden space 7680K, 0% used [0x00000000eab00000,0x00000000eab00000,0x00000000eb280000)
  from space 1024K, 37% used [0x00000000eb380000,0x00000000eb3e0000,0x00000000eb480000)
  to   space 1024K, 0% used [0x00000000eb500000,0x00000000eb500000,0x00000000eb600000)
 ParOldGen       total 185344K, used 139112K [0x00000000c0000000, 0x00000000cb500000, 0x00000000eab00000)
  object space 185344K, 75% used [0x00000000c0000000,0x00000000c87da0b0,0x00000000cb500000)
 Metaspace       used 74919K, committed 76096K, reserved 1122304K
  class space    used 7546K, committed 8064K, reserved 1048576K
}
Event: 74.674 GC heap before
{Heap before GC invocations=210 (full 10):
 PSYoungGen      total 8704K, used 8064K [0x00000000eab00000, 0x00000000eb600000, 0x0000000100000000)
  eden space 7680K, 100% used [0x00000000eab00000,0x00000000eb280000,0x00000000eb280000)
  from space 1024K, 37% used [0x00000000eb380000,0x00000000eb3e0000,0x00000000eb480000)
  to   space 1024K, 0% used [0x00000000eb500000,0x00000000eb500000,0x00000000eb600000)
 ParOldGen       total 185344K, used 139112K [0x00000000c0000000, 0x00000000cb500000, 0x00000000eab00000)
  object space 185344K, 75% used [0x00000000c0000000,0x00000000c87da0b0,0x00000000cb500000)
 Metaspace       used 75406K, committed 76608K, reserved 1122304K
  class space    used 7608K, committed 8128K, reserved 1048576K
}
Event: 74.676 GC heap after
{Heap after GC invocations=210 (full 10):
 PSYoungGen      total 8704K, used 756K [0x00000000eab00000, 0x00000000eb600000, 0x0000000100000000)
  eden space 7680K, 0% used [0x00000000eab00000,0x00000000eab00000,0x00000000eb280000)
  from space 1024K, 73% used [0x00000000eb500000,0x00000000eb5bd200,0x00000000eb600000)
  to   space 1024K, 0% used [0x00000000eb380000,0x00000000eb380000,0x00000000eb480000)
 ParOldGen       total 185344K, used 139387K [0x00000000c0000000, 0x00000000cb500000, 0x00000000eab00000)
  object space 185344K, 75% used [0x00000000c0000000,0x00000000c881ed18,0x00000000cb500000)
 Metaspace       used 75406K, committed 76608K, reserved 1122304K
  class space    used 7608K, committed 8128K, reserved 1048576K
}
Event: 74.750 GC heap before
{Heap before GC invocations=211 (full 10):
 PSYoungGen      total 8704K, used 8436K [0x00000000eab00000, 0x00000000eb600000, 0x0000000100000000)
  eden space 7680K, 100% used [0x00000000eab00000,0x00000000eb280000,0x00000000eb280000)
  from space 1024K, 73% used [0x00000000eb500000,0x00000000eb5bd200,0x00000000eb600000)
  to   space 1024K, 0% used [0x00000000eb380000,0x00000000eb380000,0x00000000eb480000)
 ParOldGen       total 185344K, used 139387K [0x00000000c0000000, 0x00000000cb500000, 0x00000000eab00000)
  object space 185344K, 75% used [0x00000000c0000000,0x00000000c881ed18,0x00000000cb500000)
 Metaspace       used 75420K, committed 76672K, reserved 1122304K
  class space    used 7608K, committed 8128K, reserved 1048576K
}
Event: 74.751 GC heap after
{Heap after GC invocations=211 (full 10):
 PSYoungGen      total 8704K, used 693K [0x00000000eab00000, 0x00000000eb580000, 0x0000000100000000)
  eden space 7680K, 0% used [0x00000000eab00000,0x00000000eab00000,0x00000000eb280000)
  from space 1024K, 67% used [0x00000000eb380000,0x00000000eb42d410,0x00000000eb480000)
  to   space 1024K, 0% used [0x00000000eb480000,0x00000000eb480000,0x00000000eb580000)
 ParOldGen       total 185344K, used 139611K [0x00000000c0000000, 0x00000000cb500000, 0x00000000eab00000)
  object space 185344K, 75% used [0x00000000c0000000,0x00000000c8856d18,0x00000000cb500000)
 Metaspace       used 75420K, committed 76672K, reserved 1122304K
  class space    used 7608K, committed 8128K, reserved 1048576K
}

