# JRE version: OpenJDK Runtime Environment Temurin-17.0.4.1+1 (17.0.4.1+1) (build 17.0.4.1+1)
# Java VM: OpenJDK 64-Bit Server VM Temurin-17.0.4.1+1 (17.0.4.1+1, mixed mode, emulated-client, tiered, compressed oops, compressed class ptrs, g1 gc, windows-amd64)
GC Precious Log:
 CPUs: 8 total, 8 available
 Memory: 7987M
 Large Page Support: Disabled
 NUMA Support: Disabled
 Compressed Oops: Enabled (32-bit)
 Heap Region Size: 1M
 Heap Min Capacity: 8M
 Heap Initial Capacity: 126M
 Heap Max Capacity: 1998M
 Pre-touch: Disabled
 Parallel Workers: 8
 Concurrent Workers: 2
 Concurrent Refinement Workers: 8
 Periodic GC: Disabled
Heap:
 garbage-first heap   total 418816K, used 74258K [0x0000000083200000, 0x0000000100000000)
  region size 1024K, 3 young (3072K), 3 survivors (3072K)
 Metaspace       used 36784K, committed 37120K, reserved 1081344K
  class space    used 4762K, committed 4928K, reserved 1048576K
GC Heap History (20 events):
Event: 3.606 GC heap after
{Heap after GC invocations=14 (full 0):
 garbage-first heap   total 76800K, used 43757K [0x0000000083200000, 0x0000000100000000)
  region size 1024K, 3 young (3072K), 3 survivors (3072K)
 Metaspace       used 34588K, committed 35008K, reserved 1081344K
  class space    used 4419K, committed 4608K, reserved 1048576K
}
Event: 3.729 GC heap before
{Heap before GC invocations=15 (full 0):
 garbage-first heap   total 89088K, used 57069K [0x0000000083200000, 0x0000000100000000)
  region size 1024K, 17 young (17408K), 3 survivors (3072K)
 Metaspace       used 35051K, committed 35392K, reserved 1081344K
  class space    used 4502K, committed 4672K, reserved 1048576K
}
Event: 3.735 GC heap after
{Heap after GC invocations=16 (full 0):
 garbage-first heap   total 89088K, used 47313K [0x0000000083200000, 0x0000000100000000)
  region size 1024K, 3 young (3072K), 3 survivors (3072K)
 Metaspace       used 35051K, committed 35392K, reserved 1081344K
  class space    used 4502K, committed 4672K, reserved 1048576K
}
Event: 3.750 GC heap before
{Heap before GC invocations=16 (full 0):
 garbage-first heap   total 89088K, used 48337K [0x0000000083200000, 0x0000000100000000)
  region size 1024K, 4 young (4096K), 3 survivors (3072K)
 Metaspace       used 35173K, committed 35520K, reserved 1081344K
  class space    used 4520K, committed 4672K, reserved 1048576K
}
Event: 3.755 GC heap after
{Heap after GC invocations=17 (full 0):
 garbage-first heap   total 172032K, used 47355K [0x0000000083200000, 0x0000000100000000)
  region size 1024K, 1 young (1024K), 1 survivors (1024K)
 Metaspace       used 35173K, committed 35520K, reserved 1081344K
  class space    used 4520K, committed 4672K, reserved 1048576K
}
Event: 4.062 GC heap before
{Heap before GC invocations=17 (full 0):
 garbage-first heap   total 172032K, used 112891K [0x0000000083200000, 0x0000000100000000)
  region size 1024K, 64 young (65536K), 1 survivors (1024K)
 Metaspace       used 36702K, committed 37056K, reserved 1081344K
  class space    used 4748K, committed 4928K, reserved 1048576K
}
Event: 4.097 GC heap after
{Heap after GC invocations=18 (full 0):
 garbage-first heap   total 172032K, used 64543K [0x0000000083200000, 0x0000000100000000)
  region size 1024K, 8 young (8192K), 8 survivors (8192K)
 Metaspace       used 36702K, committed 37056K, reserved 1081344K
  class space    used 4748K, committed 4928K, reserved 1048576K
}
Event: 4.114 GC heap before
{Heap before GC invocations=18 (full 0):
 garbage-first heap   total 172032K, used 107551K [0x0000000083200000, 0x0000000100000000)
  region size 1024K, 51 young (52224K), 8 survivors (8192K)
 Metaspace       used 36706K, committed 37056K, reserved 1081344K
  class space    used 4748K, committed 4928K, reserved 1048576K
}
Event: 4.121 GC heap after
{Heap after GC invocations=19 (full 0):
 garbage-first heap   total 172032K, used 67751K [0x0000000083200000, 0x0000000100000000)
  region size 1024K, 3 young (3072K), 3 survivors (3072K)
 Metaspace       used 36706K, committed 37056K, reserved 1081344K
  class space    used 4748K, committed 4928K, reserved 1048576K
}
Event: 4.138 GC heap before
{Heap before GC invocations=19 (full 0):
 garbage-first heap   total 172032K, used 113831K [0x0000000083200000, 0x0000000100000000)
  region size 1024K, 49 young (50176K), 3 survivors (3072K)
 Metaspace       used 36724K, committed 37056K, reserved 1081344K
  class space    used 4751K, committed 4928K, reserved 1048576K
}
Event: 4.141 GC heap after
{Heap after GC invocations=20 (full 0):
 garbage-first heap   total 172032K, used 69145K [0x0000000083200000, 0x0000000100000000)
  region size 1024K, 4 young (4096K), 4 survivors (4096K)
 Metaspace       used 36724K, committed 37056K, reserved 1081344K
  class space    used 4751K, committed 4928K, reserved 1048576K
}
Event: 4.159 GC heap before
{Heap before GC invocations=20 (full 0):
 garbage-first heap   total 172032K, used 120345K [0x0000000083200000, 0x0000000100000000)
  region size 1024K, 55 young (56320K), 4 survivors (4096K)
 Metaspace       used 36732K, committed 37056K, reserved 1081344K
  class space    used 4752K, committed 4928K, reserved 1048576K
}
Event: 6.003 GC heap after
{Heap after GC invocations=21 (full 0):
 garbage-first heap   total 418816K, used 71588K [0x0000000083200000, 0x0000000100000000)
  region size 1024K, 5 young (5120K), 5 survivors (5120K)
 Metaspace       used 36732K, committed 37056K, reserved 1081344K
  class space    used 4752K, committed 4928K, reserved 1048576K
}
Event: 6.007 GC heap before
{Heap before GC invocations=21 (full 0):
 garbage-first heap   total 418816K, used 85924K [0x0000000083200000, 0x0000000100000000)
  region size 1024K, 20 young (20480K), 5 survivors (5120K)
 Metaspace       used 36732K, committed 37056K, reserved 1081344K
  class space    used 4752K, committed 4928K, reserved 1048576K
}
Event: 6.010 GC heap after
{Heap after GC invocations=22 (full 0):
 garbage-first heap   total 418816K, used 71970K [0x0000000083200000, 0x0000000100000000)
  region size 1024K, 1 young (1024K), 1 survivors (1024K)
 Metaspace       used 36732K, committed 37056K, reserved 1081344K
  class space    used 4752K, committed 4928K, reserved 1048576K
}
Event: 6.015 GC heap before
{Heap before GC invocations=22 (full 0):
 garbage-first heap   total 418816K, used 90402K [0x0000000083200000, 0x0000000100000000)
  region size 1024K, 20 young (20480K), 1 survivors (1024K)
 Metaspace       used 36735K, committed 37056K, reserved 1081344K
  class space    used 4752K, committed 4928K, reserved 1048576K
}
Event: 6.017 GC heap after
{Heap after GC invocations=23 (full 0):
 garbage-first heap   total 418816K, used 72724K [0x0000000083200000, 0x0000000100000000)
  region size 1024K, 2 young (2048K), 2 survivors (2048K)
 Metaspace       used 36735K, committed 37056K, reserved 1081344K
  class space    used 4752K, committed 4928K, reserved 1048576K
}
Event: 6.021 GC heap before
{Heap before GC invocations=23 (full 0):
 garbage-first heap   total 418816K, used 90132K [0x0000000083200000, 0x0000000100000000)
  region size 1024K, 20 young (20480K), 2 survivors (2048K)
 Metaspace       used 36735K, committed 37056K, reserved 1081344K
  class space    used 4752K, committed 4928K, reserved 1048576K
}
Event: 6.022 GC heap after
{Heap after GC invocations=24 (full 0):
 garbage-first heap   total 418816K, used 73421K [0x0000000083200000, 0x0000000100000000)
  region size 1024K, 3 young (3072K), 3 survivors (3072K)
 Metaspace       used 36735K, committed 37056K, reserved 1081344K
  class space    used 4752K, committed 4928K, reserved 1048576K
}
Event: 6.026 GC heap before
{Heap before GC invocations=24 (full 0):
 garbage-first heap   total 418816K, used 89805K [0x0000000083200000, 0x0000000100000000)
  region size 1024K, 20 young (20480K), 3 survivors (3072K)
 Metaspace       used 36784K, committed 37120K, reserved 1081344K
  class space    used 4762K, committed 4928K, reserved 1048576K
}

