# JRE version: OpenJDK Runtime Environment Temurin-17.0.5+8 (17.0.5+8) (build 17.0.5+8)
# Java VM: OpenJDK 64-Bit Server VM Temurin-17.0.5+8 (17.0.5+8, mixed mode, emulated-client, sharing, tiered, compressed oops, compressed class ptrs, g1 gc, windows-amd64)
GC Precious Log:
 CPUs: 8 total, 8 available
 Memory: 7987M
 Large Page Support: Disabled
 NUMA Support: Disabled
 Compressed Oops: Enabled (32-bit)
 Heap Region Size: 1M
 Heap Min Capacity: 8M
 Heap Initial Capacity: 126M
 Heap Max Capacity: 1998M
 Pre-touch: Disabled
 Parallel Workers: 8
 Concurrent Workers: 2
 Concurrent Refinement Workers: 8
 Periodic GC: Disabled
Heap:
 garbage-first heap   total 165888K, used 82584K [0x0000000083200000, 0x0000000100000000)
  region size 1024K, 7 young (7168K), 7 survivors (7168K)
 Metaspace       used 31562K, committed 31936K, reserved 1081344K
  class space    used 4116K, committed 4288K, reserved 1048576K
GC Heap History (20 events):
Event: 6.320 GC heap after
{Heap after GC invocations=9 (full 0):
 garbage-first heap   total 61440K, used 29088K [0x0000000083200000, 0x0000000100000000)
  region size 1024K, 3 young (3072K), 3 survivors (3072K)
 Metaspace       used 28699K, committed 28992K, reserved 1081344K
  class space    used 3842K, committed 3968K, reserved 1048576K
}
Event: 6.384 GC heap before
{Heap before GC invocations=9 (full 0):
 garbage-first heap   total 61440K, used 45472K [0x0000000083200000, 0x0000000100000000)
  region size 1024K, 19 young (19456K), 3 survivors (3072K)
 Metaspace       used 28910K, committed 29248K, reserved 1081344K
  class space    used 3860K, committed 4032K, reserved 1048576K
}
Event: 6.390 GC heap after
{Heap after GC invocations=10 (full 0):
 garbage-first heap   total 84992K, used 32296K [0x0000000083200000, 0x0000000100000000)
  region size 1024K, 3 young (3072K), 3 survivors (3072K)
 Metaspace       used 28910K, committed 29248K, reserved 1081344K
  class space    used 3860K, committed 4032K, reserved 1048576K
}
Event: 6.495 GC heap before
{Heap before GC invocations=10 (full 0):
 garbage-first heap   total 84992K, used 59944K [0x0000000083200000, 0x0000000100000000)
  region size 1024K, 31 young (31744K), 3 survivors (3072K)
 Metaspace       used 29489K, committed 29888K, reserved 1081344K
  class space    used 3917K, committed 4096K, reserved 1048576K
}
Event: 6.502 GC heap after
{Heap after GC invocations=11 (full 0):
 garbage-first heap   total 84992K, used 37232K [0x0000000083200000, 0x0000000100000000)
  region size 1024K, 4 young (4096K), 4 survivors (4096K)
 Metaspace       used 29489K, committed 29888K, reserved 1081344K
  class space    used 3917K, committed 4096K, reserved 1048576K
}
Event: 6.592 GC heap before
{Heap before GC invocations=11 (full 0):
 garbage-first heap   total 84992K, used 60784K [0x0000000083200000, 0x0000000100000000)
  region size 1024K, 28 young (28672K), 4 survivors (4096K)
 Metaspace       used 29882K, committed 30272K, reserved 1081344K
  class space    used 3932K, committed 4096K, reserved 1048576K
}
Event: 6.601 GC heap after
{Heap after GC invocations=12 (full 0):
 garbage-first heap   total 84992K, used 44333K [0x0000000083200000, 0x0000000100000000)
  region size 1024K, 4 young (4096K), 4 survivors (4096K)
 Metaspace       used 29882K, committed 30272K, reserved 1081344K
  class space    used 3932K, committed 4096K, reserved 1048576K
}
Event: 6.719 GC heap before
{Heap before GC invocations=12 (full 0):
 garbage-first heap   total 84992K, used 61741K [0x0000000083200000, 0x0000000100000000)
  region size 1024K, 22 young (22528K), 4 survivors (4096K)
 Metaspace       used 30390K, committed 30656K, reserved 1081344K
  class space    used 3963K, committed 4096K, reserved 1048576K
}
Event: 6.727 GC heap after
{Heap after GC invocations=13 (full 0):
 garbage-first heap   total 84992K, used 50975K [0x0000000083200000, 0x0000000100000000)
  region size 1024K, 3 young (3072K), 3 survivors (3072K)
 Metaspace       used 30390K, committed 30656K, reserved 1081344K
  class space    used 3963K, committed 4096K, reserved 1048576K
}
Event: 6.948 GC heap before
{Heap before GC invocations=14 (full 0):
 garbage-first heap   total 92160K, used 63263K [0x0000000083200000, 0x0000000100000000)
  region size 1024K, 16 young (16384K), 3 survivors (3072K)
 Metaspace       used 31137K, committed 31488K, reserved 1081344K
  class space    used 4054K, committed 4224K, reserved 1048576K
}
Event: 6.954 GC heap after
{Heap after GC invocations=15 (full 0):
 garbage-first heap   total 92160K, used 53212K [0x0000000083200000, 0x0000000100000000)
  region size 1024K, 2 young (2048K), 2 survivors (2048K)
 Metaspace       used 31137K, committed 31488K, reserved 1081344K
  class space    used 4054K, committed 4224K, reserved 1048576K
}
Event: 6.959 GC heap before
{Heap before GC invocations=15 (full 0):
 garbage-first heap   total 92160K, used 55260K [0x0000000083200000, 0x0000000100000000)
  region size 1024K, 4 young (4096K), 2 survivors (2048K)
 Metaspace       used 31140K, committed 31488K, reserved 1081344K
  class space    used 4056K, committed 4224K, reserved 1048576K
}
Event: 6.964 GC heap after
{Heap after GC invocations=16 (full 0):
 garbage-first heap   total 165888K, used 53817K [0x0000000083200000, 0x0000000100000000)
  region size 1024K, 1 young (1024K), 1 survivors (1024K)
 Metaspace       used 31140K, committed 31488K, reserved 1081344K
  class space    used 4056K, committed 4224K, reserved 1048576K
}
Event: 7.220 GC heap before
{Heap before GC invocations=16 (full 0):
 garbage-first heap   total 165888K, used 116281K [0x0000000083200000, 0x0000000100000000)
  region size 1024K, 61 young (62464K), 1 survivors (1024K)
 Metaspace       used 31531K, committed 31936K, reserved 1081344K
  class space    used 4112K, committed 4288K, reserved 1048576K
}
Event: 7.255 GC heap after
{Heap after GC invocations=17 (full 0):
 garbage-first heap   total 165888K, used 72700K [0x0000000083200000, 0x0000000100000000)
  region size 1024K, 8 young (8192K), 8 survivors (8192K)
 Metaspace       used 31531K, committed 31936K, reserved 1081344K
  class space    used 4112K, committed 4288K, reserved 1048576K
}
Event: 7.295 GC heap before
{Heap before GC invocations=17 (full 0):
 garbage-first heap   total 165888K, used 117756K [0x0000000083200000, 0x0000000100000000)
  region size 1024K, 53 young (54272K), 8 survivors (8192K)
 Metaspace       used 31562K, committed 31936K, reserved 1081344K
  class space    used 4116K, committed 4288K, reserved 1048576K
}
Event: 7.302 GC heap after
{Heap after GC invocations=18 (full 0):
 garbage-first heap   total 165888K, used 76670K [0x0000000083200000, 0x0000000100000000)
  region size 1024K, 4 young (4096K), 4 survivors (4096K)
 Metaspace       used 31562K, committed 31936K, reserved 1081344K
  class space    used 4116K, committed 4288K, reserved 1048576K
}
Event: 7.336 GC heap before
{Heap before GC invocations=18 (full 0):
 garbage-first heap   total 165888K, used 121726K [0x0000000083200000, 0x0000000100000000)
  region size 1024K, 49 young (50176K), 4 survivors (4096K)
 Metaspace       used 31562K, committed 31936K, reserved 1081344K
  class space    used 4116K, committed 4288K, reserved 1048576K
}
Event: 7.341 GC heap after
{Heap after GC invocations=19 (full 0):
 garbage-first heap   total 165888K, used 79321K [0x0000000083200000, 0x0000000100000000)
  region size 1024K, 6 young (6144K), 6 survivors (6144K)
 Metaspace       used 31562K, committed 31936K, reserved 1081344K
  class space    used 4116K, committed 4288K, reserved 1048576K
}
Event: 7.377 GC heap before
{Heap before GC invocations=19 (full 0):
 garbage-first heap   total 165888K, used 125401K [0x0000000083200000, 0x0000000100000000)
  region size 1024K, 52 young (53248K), 6 survivors (6144K)
 Metaspace       used 31562K, committed 31936K, reserved 1081344K
  class space    used 4116K, committed 4288K, reserved 1048576K
}

