# JRE version: OpenJDK Runtime Environment Temurin-17.0.4.1+1 (17.0.4.1+1) (build 17.0.4.1+1)
# Java VM: OpenJDK 64-Bit Server VM Temurin-17.0.4.1+1 (17.0.4.1+1, mixed mode, tiered, compressed oops, compressed class ptrs, parallel gc, windows-amd64)
GC Precious Log:
 CPUs: 8 total, 8 available
 Memory: 7987M
 Large Page Support: Disabled
 NUMA Support: Disabled
 Compressed Oops: Enabled (32-bit)
 Alignments: Space 512K, Generation 512K, Heap 2M
 Heap Min Capacity: 100M
 Heap Initial Capacity: 100M
 Heap Max Capacity: 1G
 Pre-touch: Disabled
 Parallel Workers: 8
Heap:
 PSYoungGen      total 7680K, used 4226K [0x00000000eab00000, 0x00000000eb500000, 0x0000000100000000)
  eden space 6144K, 51% used [0x00000000eab00000,0x00000000eae18aa0,0x00000000eb100000)
  from space 1536K, 68% used [0x00000000eb380000,0x00000000eb487f40,0x00000000eb500000)
  to   space 1536K, 0% used [0x00000000eb200000,0x00000000eb200000,0x00000000eb380000)
 ParOldGen       total 168448K, used 132851K [0x00000000c0000000, 0x00000000ca480000, 0x00000000eab00000)
  object space 168448K, 78% used [0x00000000c0000000,0x00000000c81bcc40,0x00000000ca480000)
 Metaspace       used 77974K, committed 79296K, reserved 1122304K
  class space    used 7994K, committed 8576K, reserved 1048576K
GC Heap History (20 events):
Event: 105.933 GC heap after
{Heap after GC invocations=492 (full 10):
 PSYoungGen      total 5120K, used 715K [0x00000000eab00000, 0x00000000eb280000, 0x0000000100000000)
  eden space 3584K, 0% used [0x00000000eab00000,0x00000000eab00000,0x00000000eae80000)
  from space 1536K, 46% used [0x00000000eb000000,0x00000000eb0b2e70,0x00000000eb180000)
  to   space 1024K, 0% used [0x00000000eb180000,0x00000000eb180000,0x00000000eb280000)
 ParOldGen       total 168448K, used 154323K [0x00000000c0000000, 0x00000000ca480000, 0x00000000eab00000)
  object space 168448K, 91% used [0x00000000c0000000,0x00000000c96b4e00,0x00000000ca480000)
 Metaspace       used 76776K, committed 78080K, reserved 1122304K
  class space    used 7842K, committed 8448K, reserved 1048576K
}
Event: 106.031 GC heap before
{Heap before GC invocations=493 (full 10):
 PSYoungGen      total 5120K, used 4205K [0x00000000eab00000, 0x00000000eb280000, 0x0000000100000000)
  eden space 3584K, 97% used [0x00000000eab00000,0x00000000eae68708,0x00000000eae80000)
  from space 1536K, 46% used [0x00000000eb000000,0x00000000eb0b2e70,0x00000000eb180000)
  to   space 1024K, 0% used [0x00000000eb180000,0x00000000eb180000,0x00000000eb280000)
 ParOldGen       total 168448K, used 158887K [0x00000000c0000000, 0x00000000ca480000, 0x00000000eab00000)
  object space 168448K, 94% used [0x00000000c0000000,0x00000000c9b29c20,0x00000000ca480000)
 Metaspace       used 76782K, committed 78080K, reserved 1122304K
  class space    used 7842K, committed 8448K, reserved 1048576K
}
Event: 106.033 GC heap after
{Heap after GC invocations=493 (full 10):
 PSYoungGen      total 4608K, used 1008K [0x00000000eab00000, 0x00000000eb280000, 0x0000000100000000)
  eden space 3584K, 0% used [0x00000000eab00000,0x00000000eab00000,0x00000000eae80000)
  from space 1024K, 98% used [0x00000000eb180000,0x00000000eb27c3d8,0x00000000eb280000)
  to   space 1536K, 0% used [0x00000000eaf80000,0x00000000eaf80000,0x00000000eb100000)
 ParOldGen       total 168448K, used 159175K [0x00000000c0000000, 0x00000000ca480000, 0x00000000eab00000)
  object space 168448K, 94% used [0x00000000c0000000,0x00000000c9b71c90,0x00000000ca480000)
 Metaspace       used 76782K, committed 78080K, reserved 1122304K
  class space    used 7842K, committed 8448K, reserved 1048576K
}
Event: 106.054 GC heap before
{Heap before GC invocations=494 (full 10):
 PSYoungGen      total 4608K, used 4512K [0x00000000eab00000, 0x00000000eb280000, 0x0000000100000000)
  eden space 3584K, 97% used [0x00000000eab00000,0x00000000eae6bd98,0x00000000eae80000)
  from space 1024K, 98% used [0x00000000eb180000,0x00000000eb27c3d8,0x00000000eb280000)
  to   space 1536K, 0% used [0x00000000eaf80000,0x00000000eaf80000,0x00000000eb100000)
 ParOldGen       total 168448K, used 159175K [0x00000000c0000000, 0x00000000ca480000, 0x00000000eab00000)
  object space 168448K, 94% used [0x00000000c0000000,0x00000000c9b71c90,0x00000000ca480000)
 Metaspace       used 76782K, committed 78080K, reserved 1122304K
  class space    used 7842K, committed 8448K, reserved 1048576K
}
Event: 106.056 GC heap after
{Heap after GC invocations=494 (full 10):
 PSYoungGen      total 5120K, used 570K [0x00000000eab00000, 0x00000000eb200000, 0x0000000100000000)
  eden space 3584K, 0% used [0x00000000eab00000,0x00000000eab00000,0x00000000eae80000)
  from space 1536K, 37% used [0x00000000eaf80000,0x00000000eb00e988,0x00000000eb100000)
  to   space 1024K, 0% used [0x00000000eb100000,0x00000000eb100000,0x00000000eb200000)
 ParOldGen       total 168448K, used 162135K [0x00000000c0000000, 0x00000000ca480000, 0x00000000eab00000)
  object space 168448K, 96% used [0x00000000c0000000,0x00000000c9e55c38,0x00000000ca480000)
 Metaspace       used 76782K, committed 78080K, reserved 1122304K
  class space    used 7842K, committed 8448K, reserved 1048576K
}
Event: 106.113 GC heap before
{Heap before GC invocations=495 (full 11):
 PSYoungGen      total 5120K, used 4118K [0x00000000eab00000, 0x00000000eb200000, 0x0000000100000000)
  eden space 3584K, 98% used [0x00000000eab00000,0x00000000eae76f08,0x00000000eae80000)
  from space 1536K, 37% used [0x00000000eaf80000,0x00000000eb00e988,0x00000000eb100000)
  to   space 1024K, 0% used [0x00000000eb100000,0x00000000eb100000,0x00000000eb200000)
 ParOldGen       total 168448K, used 166698K [0x00000000c0000000, 0x00000000ca480000, 0x00000000eab00000)
  object space 168448K, 98% used [0x00000000c0000000,0x00000000ca2caa58,0x00000000ca480000)
 Metaspace       used 76809K, committed 78080K, reserved 1122304K
  class space    used 7842K, committed 8448K, reserved 1048576K
}
Event: 106.253 GC heap after
{Heap after GC invocations=495 (full 11):
 PSYoungGen      total 4096K, used 0K [0x00000000eab00000, 0x00000000eb180000, 0x0000000100000000)
  eden space 3584K, 0% used [0x00000000eab00000,0x00000000eab00000,0x00000000eae80000)
  from space 512K, 0% used [0x00000000eb100000,0x00000000eb100000,0x00000000eb180000)
  to   space 1024K, 0% used [0x00000000eaf80000,0x00000000eaf80000,0x00000000eb080000)
 ParOldGen       total 168448K, used 123955K [0x00000000c0000000, 0x00000000ca480000, 0x00000000eab00000)
  object space 168448K, 73% used [0x00000000c0000000,0x00000000c790ce08,0x00000000ca480000)
 Metaspace       used 76809K, committed 78080K, reserved 1122304K
  class space    used 7842K, committed 8448K, reserved 1048576K
}
Event: 106.270 GC heap before
{Heap before GC invocations=496 (full 11):
 PSYoungGen      total 4096K, used 3503K [0x00000000eab00000, 0x00000000eb180000, 0x0000000100000000)
  eden space 3584K, 97% used [0x00000000eab00000,0x00000000eae6bd78,0x00000000eae80000)
  from space 512K, 0% used [0x00000000eb100000,0x00000000eb100000,0x00000000eb180000)
  to   space 1024K, 0% used [0x00000000eaf80000,0x00000000eaf80000,0x00000000eb080000)
 ParOldGen       total 168448K, used 123955K [0x00000000c0000000, 0x00000000ca480000, 0x00000000eab00000)
  object space 168448K, 73% used [0x00000000c0000000,0x00000000c790ce08,0x00000000ca480000)
 Metaspace       used 76809K, committed 78080K, reserved 1122304K
  class space    used 7842K, committed 8448K, reserved 1048576K
}
Event: 106.272 GC heap after
{Heap after GC invocations=496 (full 11):
 PSYoungGen      total 4608K, used 892K [0x00000000eab00000, 0x00000000eb180000, 0x0000000100000000)
  eden space 3584K, 0% used [0x00000000eab00000,0x00000000eab00000,0x00000000eae80000)
  from space 1024K, 87% used [0x00000000eaf80000,0x00000000eb05f358,0x00000000eb080000)
  to   space 1024K, 0% used [0x00000000eb080000,0x00000000eb080000,0x00000000eb180000)
 ParOldGen       total 168448K, used 126237K [0x00000000c0000000, 0x00000000ca480000, 0x00000000eab00000)
  object space 168448K, 74% used [0x00000000c0000000,0x00000000c7b47518,0x00000000ca480000)
 Metaspace       used 76809K, committed 78080K, reserved 1122304K
  class space    used 7842K, committed 8448K, reserved 1048576K
}
Event: 106.363 GC heap before
{Heap before GC invocations=497 (full 11):
 PSYoungGen      total 4608K, used 4476K [0x00000000eab00000, 0x00000000eb180000, 0x0000000100000000)
  eden space 3584K, 100% used [0x00000000eab00000,0x00000000eae80000,0x00000000eae80000)
  from space 1024K, 87% used [0x00000000eaf80000,0x00000000eb05f358,0x00000000eb080000)
  to   space 1024K, 0% used [0x00000000eb080000,0x00000000eb080000,0x00000000eb180000)
 ParOldGen       total 168448K, used 128519K [0x00000000c0000000, 0x00000000ca480000, 0x00000000eab00000)
  object space 168448K, 76% used [0x00000000c0000000,0x00000000c7d81c28,0x00000000ca480000)
 Metaspace       used 76900K, committed 78144K, reserved 1122304K
  class space    used 7852K, committed 8448K, reserved 1048576K
}
Event: 106.364 GC heap after
{Heap after GC invocations=497 (full 11):
 PSYoungGen      total 4608K, used 901K [0x00000000eab00000, 0x00000000eb180000, 0x0000000100000000)
  eden space 3584K, 0% used [0x00000000eab00000,0x00000000eab00000,0x00000000eae80000)
  from space 1024K, 87% used [0x00000000eb080000,0x00000000eb161430,0x00000000eb180000)
  to   space 1024K, 0% used [0x00000000eaf80000,0x00000000eaf80000,0x00000000eb080000)
 ParOldGen       total 168448K, used 128519K [0x00000000c0000000, 0x00000000ca480000, 0x00000000eab00000)
  object space 168448K, 76% used [0x00000000c0000000,0x00000000c7d81c28,0x00000000ca480000)
 Metaspace       used 76900K, committed 78144K, reserved 1122304K
  class space    used 7852K, committed 8448K, reserved 1048576K
}
Event: 106.483 GC heap before
{Heap before GC invocations=498 (full 11):
 PSYoungGen      total 4608K, used 4485K [0x00000000eab00000, 0x00000000eb180000, 0x0000000100000000)
  eden space 3584K, 100% used [0x00000000eab00000,0x00000000eae80000,0x00000000eae80000)
  from space 1024K, 87% used [0x00000000eb080000,0x00000000eb161430,0x00000000eb180000)
  to   space 1024K, 0% used [0x00000000eaf80000,0x00000000eaf80000,0x00000000eb080000)
 ParOldGen       total 168448K, used 128519K [0x00000000c0000000, 0x00000000ca480000, 0x00000000eab00000)
  object space 168448K, 76% used [0x00000000c0000000,0x00000000c7d81c28,0x00000000ca480000)
 Metaspace       used 77498K, committed 78720K, reserved 1122304K
  class space    used 7927K, committed 8512K, reserved 1048576K
}
Event: 106.485 GC heap after
{Heap after GC invocations=498 (full 11):
 PSYoungGen      total 4608K, used 996K [0x00000000eab00000, 0x00000000eb180000, 0x0000000100000000)
  eden space 3584K, 0% used [0x00000000eab00000,0x00000000eab00000,0x00000000eae80000)
  from space 1024K, 97% used [0x00000000eaf80000,0x00000000eb079088,0x00000000eb080000)
  to   space 1024K, 0% used [0x00000000eb080000,0x00000000eb080000,0x00000000eb180000)
 ParOldGen       total 168448K, used 128647K [0x00000000c0000000, 0x00000000ca480000, 0x00000000eab00000)
  object space 168448K, 76% used [0x00000000c0000000,0x00000000c7da1c28,0x00000000ca480000)
 Metaspace       used 77498K, committed 78720K, reserved 1122304K
  class space    used 7927K, committed 8512K, reserved 1048576K
}
Event: 139.376 GC heap before
{Heap before GC invocations=499 (full 11):
 PSYoungGen      total 4608K, used 4580K [0x00000000eab00000, 0x00000000eb180000, 0x0000000100000000)
  eden space 3584K, 100% used [0x00000000eab00000,0x00000000eae80000,0x00000000eae80000)
  from space 1024K, 97% used [0x00000000eaf80000,0x00000000eb079088,0x00000000eb080000)
  to   space 1024K, 0% used [0x00000000eb080000,0x00000000eb080000,0x00000000eb180000)
 ParOldGen       total 168448K, used 128647K [0x00000000c0000000, 0x00000000ca480000, 0x00000000eab00000)
  object space 168448K, 76% used [0x00000000c0000000,0x00000000c7da1c28,0x00000000ca480000)
 Metaspace       used 77965K, committed 79296K, reserved 1122304K
  class space    used 7992K, committed 8576K, reserved 1048576K
}
Event: 139.378 GC heap after
{Heap after GC invocations=499 (full 11):
 PSYoungGen      total 4096K, used 415K [0x00000000eab00000, 0x00000000eb100000, 0x0000000100000000)
  eden space 3584K, 0% used [0x00000000eab00000,0x00000000eab00000,0x00000000eae80000)
  from space 512K, 81% used [0x00000000eb080000,0x00000000eb0e7c48,0x00000000eb100000)
  to   space 1024K, 0% used [0x00000000eaf00000,0x00000000eaf00000,0x00000000eb000000)
 ParOldGen       total 168448K, used 129369K [0x00000000c0000000, 0x00000000ca480000, 0x00000000eab00000)
  object space 168448K, 76% used [0x00000000c0000000,0x00000000c7e56728,0x00000000ca480000)
 Metaspace       used 77965K, committed 79296K, reserved 1122304K
  class space    used 7992K, committed 8576K, reserved 1048576K
}
Event: 139.695 GC heap before
{Heap before GC invocations=500 (full 11):
 PSYoungGen      total 4096K, used 3999K [0x00000000eab00000, 0x00000000eb100000, 0x0000000100000000)
  eden space 3584K, 100% used [0x00000000eab00000,0x00000000eae80000,0x00000000eae80000)
  from space 512K, 81% used [0x00000000eb080000,0x00000000eb0e7c48,0x00000000eb100000)
  to   space 1024K, 0% used [0x00000000eaf00000,0x00000000eaf00000,0x00000000eb000000)
 ParOldGen       total 168448K, used 129369K [0x00000000c0000000, 0x00000000ca480000, 0x00000000eab00000)
  object space 168448K, 76% used [0x00000000c0000000,0x00000000c7e56728,0x00000000ca480000)
 Metaspace       used 77966K, committed 79296K, reserved 1122304K
  class space    used 7992K, committed 8576K, reserved 1048576K
}
Event: 140.702 GC heap after
{Heap after GC invocations=500 (full 11):
 PSYoungGen      total 5120K, used 995K [0x00000000eab00000, 0x00000000eb680000, 0x0000000100000000)
  eden space 4096K, 0% used [0x00000000eab00000,0x00000000eab00000,0x00000000eaf00000)
  from space 1024K, 97% used [0x00000000eaf00000,0x00000000eaff8de8,0x00000000eb000000)
  to   space 3584K, 0% used [0x00000000eb300000,0x00000000eb300000,0x00000000eb680000)
 ParOldGen       total 168448K, used 131177K [0x00000000c0000000, 0x00000000ca480000, 0x00000000eab00000)
  object space 168448K, 77% used [0x00000000c0000000,0x00000000c801a6c8,0x00000000ca480000)
 Metaspace       used 77966K, committed 79296K, reserved 1122304K
  class space    used 7992K, committed 8576K, reserved 1048576K
}
Event: 140.724 GC heap before
{Heap before GC invocations=501 (full 11):
 PSYoungGen      total 5120K, used 5091K [0x00000000eab00000, 0x00000000eb680000, 0x0000000100000000)
  eden space 4096K, 100% used [0x00000000eab00000,0x00000000eaf00000,0x00000000eaf00000)
  from space 1024K, 97% used [0x00000000eaf00000,0x00000000eaff8de8,0x00000000eb000000)
  to   space 3584K, 0% used [0x00000000eb300000,0x00000000eb300000,0x00000000eb680000)
 ParOldGen       total 168448K, used 131177K [0x00000000c0000000, 0x00000000ca480000, 0x00000000eab00000)
  object space 168448K, 77% used [0x00000000c0000000,0x00000000c801a6c8,0x00000000ca480000)
 Metaspace       used 77966K, committed 79296K, reserved 1122304K
  class space    used 7992K, committed 8576K, reserved 1048576K
}
Event: 140.727 GC heap after
{Heap after GC invocations=501 (full 11):
 PSYoungGen      total 8192K, used 2452K [0x00000000eab00000, 0x00000000eb600000, 0x0000000100000000)
  eden space 5120K, 0% used [0x00000000eab00000,0x00000000eab00000,0x00000000eb000000)
  from space 3072K, 79% used [0x00000000eb300000,0x00000000eb565140,0x00000000eb600000)
  to   space 3072K, 0% used [0x00000000eb000000,0x00000000eb000000,0x00000000eb300000)
 ParOldGen       total 168448K, used 131530K [0x00000000c0000000, 0x00000000ca480000, 0x00000000eab00000)
  object space 168448K, 78% used [0x00000000c0000000,0x00000000c8072840,0x00000000ca480000)
 Metaspace       used 77966K, committed 79296K, reserved 1122304K
  class space    used 7992K, committed 8576K, reserved 1048576K
}
Event: 141.088 GC heap before
{Heap before GC invocations=502 (full 11):
 PSYoungGen      total 8192K, used 7572K [0x00000000eab00000, 0x00000000eb600000, 0x0000000100000000)
  eden space 5120K, 100% used [0x00000000eab00000,0x00000000eb000000,0x00000000eb000000)
  from space 3072K, 79% used [0x00000000eb300000,0x00000000eb565140,0x00000000eb600000)
  to   space 3072K, 0% used [0x00000000eb000000,0x00000000eb000000,0x00000000eb300000)
 ParOldGen       total 168448K, used 131530K [0x00000000c0000000, 0x00000000ca480000, 0x00000000eab00000)
  object space 168448K, 78% used [0x00000000c0000000,0x00000000c8072840,0x00000000ca480000)
 Metaspace       used 77971K, committed 79296K, reserved 1122304K
  class space    used 7993K, committed 8576K, reserved 1048576K
}

