# JRE version: Java(TM) SE Runtime Environment (15.0.2+7) (build 15.0.2+7-27)
# Java VM: Java HotSpot(TM) 64-Bit Server VM (15.0.2+7-27, mixed mode, sharing, tiered, compressed oops, g1 gc, windows-amd64)
GC Precious Log:
 CPUs: 8 total, 8 available
 Memory: 7987M
 Large Page Support: Disabled
 NUMA Support: Disabled
 Compressed Oops: Enabled (32-bit)
 Heap Region Size: 1M
 Heap Min Capacity: 8M
 Heap Initial Capacity: 126M
 Heap Max Capacity: 1998M
 Pre-touch: Disabled
 Parallel Workers: 8
 Concurrent Workers: 2
 Concurrent Refinement Workers: 8
 Periodic GC: Disabled
Heap:
 garbage-first heap   total 155648K, used 108213K [0x0000000083200000, 0x0000000100000000)
  region size 1024K, 49 young (50176K), 6 survivors (6144K)
 Metaspace       used 111728K, capacity 115318K, committed 115504K, reserved 1153024K
  class space    used 11981K, capacity 12845K, committed 12928K, reserved 1048576K
GC Heap History (20 events):
Event: 1845.250 GC heap before
{Heap before GC invocations=202 (full 20):
 garbage-first heap   total 155648K, used 126361K [0x0000000083200000, 0x0000000100000000)
  region size 1024K, 74 young (75776K), 6 survivors (6144K)
 Metaspace       used 109272K, capacity 112717K, committed 112944K, reserved 1148928K
  class space    used 11821K, capacity 12640K, committed 12672K, reserved 1048576K
}
Event: 1845.260 GC heap after
{Heap after GC invocations=203 (full 20):
 garbage-first heap   total 155648K, used 59483K [0x0000000083200000, 0x0000000100000000)
  region size 1024K, 6 young (6144K), 6 survivors (6144K)
 Metaspace       used 109272K, capacity 112717K, committed 112944K, reserved 1148928K
  class space    used 11821K, capacity 12640K, committed 12672K, reserved 1048576K
}
Event: 1846.795 GC heap before
{Heap before GC invocations=204 (full 20):
 garbage-first heap   total 155648K, used 68699K [0x0000000083200000, 0x0000000100000000)
  region size 1024K, 16 young (16384K), 6 survivors (6144K)
 Metaspace       used 109331K, capacity 112796K, committed 112944K, reserved 1148928K
  class space    used 11823K, capacity 12644K, committed 12672K, reserved 1048576K
}
Event: 1846.892 GC heap after
{Heap after GC invocations=205 (full 21):
 garbage-first heap   total 155648K, used 53235K [0x0000000083200000, 0x0000000100000000)
  region size 1024K, 0 young (0K), 0 survivors (0K)
 Metaspace       used 109320K, capacity 112778K, committed 112944K, reserved 1148928K
  class space    used 11821K, capacity 12640K, committed 12672K, reserved 1048576K
}
Event: 1847.763 GC heap before
{Heap before GC invocations=205 (full 21):
 garbage-first heap   total 155648K, used 126963K [0x0000000083200000, 0x0000000100000000)
  region size 1024K, 73 young (74752K), 0 survivors (0K)
 Metaspace       used 109682K, capacity 113218K, committed 113584K, reserved 1150976K
  class space    used 11852K, capacity 12680K, committed 12800K, reserved 1048576K
}
Event: 1847.773 GC heap after
{Heap after GC invocations=206 (full 21):
 garbage-first heap   total 155648K, used 56667K [0x0000000083200000, 0x0000000100000000)
  region size 1024K, 4 young (4096K), 4 survivors (4096K)
 Metaspace       used 109682K, capacity 113218K, committed 113584K, reserved 1150976K
  class space    used 11852K, capacity 12680K, committed 12800K, reserved 1048576K
}
Event: 1854.579 GC heap before
{Heap before GC invocations=207 (full 21):
 garbage-first heap   total 155648K, used 127323K [0x0000000083200000, 0x0000000100000000)
  region size 1024K, 74 young (75776K), 4 survivors (4096K)
 Metaspace       used 110029K, capacity 113576K, committed 113840K, reserved 1150976K
  class space    used 11870K, capacity 12713K, committed 12800K, reserved 1048576K
}
Event: 1854.590 GC heap after
{Heap after GC invocations=208 (full 21):
 garbage-first heap   total 155648K, used 58940K [0x0000000083200000, 0x0000000100000000)
  region size 1024K, 6 young (6144K), 6 survivors (6144K)
 Metaspace       used 110029K, capacity 113576K, committed 113840K, reserved 1150976K
  class space    used 11870K, capacity 12713K, committed 12800K, reserved 1048576K
}
Event: 1855.438 GC heap before
{Heap before GC invocations=208 (full 21):
 garbage-first heap   total 155648K, used 129596K [0x0000000083200000, 0x0000000100000000)
  region size 1024K, 75 young (76800K), 6 survivors (6144K)
 Metaspace       used 110410K, capacity 113914K, committed 114096K, reserved 1150976K
  class space    used 11890K, capacity 12716K, committed 12800K, reserved 1048576K
}
Event: 1855.456 GC heap after
{Heap after GC invocations=209 (full 21):
 garbage-first heap   total 155648K, used 61810K [0x0000000083200000, 0x0000000100000000)
  region size 1024K, 6 young (6144K), 6 survivors (6144K)
 Metaspace       used 110410K, capacity 113914K, committed 114096K, reserved 1150976K
  class space    used 11890K, capacity 12716K, committed 12800K, reserved 1048576K
}
Event: 1891.254 GC heap before
{Heap before GC invocations=210 (full 21):
 garbage-first heap   total 155648K, used 85362K [0x0000000083200000, 0x0000000100000000)
  region size 1024K, 30 young (30720K), 6 survivors (6144K)
 Metaspace       used 110712K, capacity 114301K, committed 114352K, reserved 1150976K
  class space    used 11911K, capacity 12768K, committed 12800K, reserved 1048576K
}
Event: 1891.338 GC heap after
{Heap after GC invocations=211 (full 22):
 garbage-first heap   total 155648K, used 54888K [0x0000000083200000, 0x0000000100000000)
  region size 1024K, 0 young (0K), 0 survivors (0K)
 Metaspace       used 110701K, capacity 114283K, committed 114352K, reserved 1150976K
  class space    used 11909K, capacity 12764K, committed 12800K, reserved 1048576K
}
Event: 1891.860 GC heap before
{Heap before GC invocations=211 (full 22):
 garbage-first heap   total 155648K, used 125544K [0x0000000083200000, 0x0000000100000000)
  region size 1024K, 70 young (71680K), 0 survivors (0K)
 Metaspace       used 111040K, capacity 114660K, committed 114992K, reserved 1150976K
  class space    used 11940K, capacity 12804K, committed 12928K, reserved 1048576K
}
Event: 1891.863 GC heap after
{Heap after GC invocations=212 (full 22):
 garbage-first heap   total 155648K, used 58138K [0x0000000083200000, 0x0000000100000000)
  region size 1024K, 4 young (4096K), 4 survivors (4096K)
 Metaspace       used 111040K, capacity 114660K, committed 114992K, reserved 1150976K
  class space    used 11940K, capacity 12804K, committed 12928K, reserved 1048576K
}
Event: 1898.250 GC heap before
{Heap before GC invocations=213 (full 22):
 garbage-first heap   total 155648K, used 125722K [0x0000000083200000, 0x0000000100000000)
  region size 1024K, 71 young (72704K), 4 survivors (4096K)
 Metaspace       used 111269K, capacity 114884K, committed 114992K, reserved 1150976K
  class space    used 11953K, capacity 12836K, committed 12928K, reserved 1048576K
}
Event: 1898.265 GC heap after
{Heap after GC invocations=214 (full 22):
 garbage-first heap   total 155648K, used 60241K [0x0000000083200000, 0x0000000100000000)
  region size 1024K, 6 young (6144K), 6 survivors (6144K)
 Metaspace       used 111269K, capacity 114884K, committed 114992K, reserved 1150976K
  class space    used 11953K, capacity 12836K, committed 12928K, reserved 1048576K
}
Event: 1898.990 GC heap before
{Heap before GC invocations=214 (full 22):
 garbage-first heap   total 155648K, used 126801K [0x0000000083200000, 0x0000000100000000)
  region size 1024K, 71 young (72704K), 6 survivors (6144K)
 Metaspace       used 111695K, capacity 115292K, committed 115504K, reserved 1153024K
  class space    used 11978K, capacity 12840K, committed 12928K, reserved 1048576K
}
Event: 1899.007 GC heap after
{Heap after GC invocations=215 (full 22):
 garbage-first heap   total 155648K, used 63121K [0x0000000083200000, 0x0000000100000000)
  region size 1024K, 6 young (6144K), 6 survivors (6144K)
 Metaspace       used 111695K, capacity 115292K, committed 115504K, reserved 1153024K
  class space    used 11978K, capacity 12840K, committed 12928K, reserved 1048576K
}
Event: 2102.297 GC heap before
{Heap before GC invocations=216 (full 22):
 garbage-first heap   total 155648K, used 126609K [0x0000000083200000, 0x0000000100000000)
  region size 1024K, 68 young (69632K), 6 survivors (6144K)
 Metaspace       used 111725K, capacity 115312K, committed 115504K, reserved 1153024K
  class space    used 11980K, capacity 12843K, committed 12928K, reserved 1048576K
}
Event: 2102.313 GC heap after
{Heap after GC invocations=217 (full 22):
 garbage-first heap   total 155648K, used 65205K [0x0000000083200000, 0x0000000100000000)
  region size 1024K, 6 young (6144K), 6 survivors (6144K)
 Metaspace       used 111725K, capacity 115312K, committed 115504K, reserved 1153024K
  class space    used 11980K, capacity 12843K, committed 12928K, reserved 1048576K
}

