# JRE version: Java(TM) SE Runtime Environment (15.0.2+7) (build 15.0.2+7-27)
# Java VM: Java HotSpot(TM) 64-Bit Server VM (15.0.2+7-27, mixed mode, sharing, tiered, compressed oops, g1 gc, windows-amd64)
GC Precious Log:
 CPUs: 8 total, 8 available
 Memory: 7987M
 Large Page Support: Disabled
 NUMA Support: Disabled
 Compressed Oops: Enabled (32-bit)
 Heap Region Size: 1M
 Heap Min Capacity: 8M
 Heap Initial Capacity: 126M
 Heap Max Capacity: 1998M
 Pre-touch: Disabled
 Parallel Workers: 8
 Concurrent Workers: 2
 Concurrent Refinement Workers: 8
 Periodic GC: Disabled
Heap:
 garbage-first heap   total 61440K, used 20574K [0x0000000083200000, 0x0000000100000000)
  region size 1024K, 10 young (10240K), 4 survivors (4096K)
 Metaspace       used 27714K, capacity 28121K, committed 28336K, reserved 1075200K
  class space    used 3416K, capacity 3566K, committed 3584K, reserved 1048576K
GC Heap History (14 events):
Event: 0.762 GC heap before
{Heap before GC invocations=0 (full 0):
 garbage-first heap   total 129024K, used 24576K [0x0000000083200000, 0x0000000100000000)
  region size 1024K, 23 young (23552K), 0 survivors (0K)
 Metaspace       used 4515K, capacity 6501K, committed 6528K, reserved 1056768K
  class space    used 476K, capacity 635K, committed 640K, reserved 1048576K
}
Event: 0.768 GC heap after
{Heap after GC invocations=1 (full 0):
 garbage-first heap   total 129024K, used 7366K [0x0000000083200000, 0x0000000100000000)
  region size 1024K, 3 young (3072K), 3 survivors (3072K)
 Metaspace       used 4515K, capacity 6501K, committed 6528K, reserved 1056768K
  class space    used 476K, capacity 635K, committed 640K, reserved 1048576K
}
Event: 0.778 GC heap before
{Heap before GC invocations=1 (full 0):
 garbage-first heap   total 129024K, used 32966K [0x0000000083200000, 0x0000000100000000)
  region size 1024K, 29 young (29696K), 3 survivors (3072K)
 Metaspace       used 4515K, capacity 6501K, committed 6528K, reserved 1056768K
  class space    used 476K, capacity 635K, committed 640K, reserved 1048576K
}
Event: 0.782 GC heap after
{Heap after GC invocations=2 (full 0):
 garbage-first heap   total 129024K, used 7438K [0x0000000083200000, 0x0000000100000000)
  region size 1024K, 1 young (1024K), 1 survivors (1024K)
 Metaspace       used 4515K, capacity 6501K, committed 6528K, reserved 1056768K
  class space    used 476K, capacity 635K, committed 640K, reserved 1048576K
}
Event: 2.092 GC heap before
{Heap before GC invocations=2 (full 0):
 garbage-first heap   total 129024K, used 82190K [0x0000000083200000, 0x0000000100000000)
  region size 1024K, 75 young (76800K), 1 survivors (1024K)
 Metaspace       used 20287K, capacity 20477K, committed 20608K, reserved 1067008K
  class space    used 2506K, capacity 2579K, committed 2688K, reserved 1048576K
}
Event: 2.100 GC heap after
{Heap after GC invocations=3 (full 0):
 garbage-first heap   total 129024K, used 12439K [0x0000000083200000, 0x0000000100000000)
  region size 1024K, 5 young (5120K), 5 survivors (5120K)
 Metaspace       used 20287K, capacity 20477K, committed 20608K, reserved 1067008K
  class space    used 2506K, capacity 2579K, committed 2688K, reserved 1048576K
}
Event: 2.169 GC heap before
{Heap before GC invocations=3 (full 0):
 garbage-first heap   total 129024K, used 15511K [0x0000000083200000, 0x0000000100000000)
  region size 1024K, 9 young (9216K), 5 survivors (5120K)
 Metaspace       used 21034K, capacity 21237K, committed 21296K, reserved 1069056K
  class space    used 2606K, capacity 2682K, committed 2688K, reserved 1048576K
}
Event: 2.175 GC heap after
{Heap after GC invocations=4 (full 0):
 garbage-first heap   total 129024K, used 12805K [0x0000000083200000, 0x0000000100000000)
  region size 1024K, 6 young (6144K), 6 survivors (6144K)
 Metaspace       used 21034K, capacity 21237K, committed 21296K, reserved 1069056K
  class space    used 2606K, capacity 2682K, committed 2688K, reserved 1048576K
}
Event: 2.444 GC heap before
{Heap before GC invocations=5 (full 0):
 garbage-first heap   total 51200K, used 36357K [0x0000000083200000, 0x0000000100000000)
  region size 1024K, 30 young (30720K), 6 survivors (6144K)
 Metaspace       used 21537K, capacity 21771K, committed 21936K, reserved 1069056K
  class space    used 2671K, capacity 2751K, committed 2816K, reserved 1048576K
}
Event: 2.451 GC heap after
{Heap after GC invocations=6 (full 0):
 garbage-first heap   total 61440K, used 13651K [0x0000000083200000, 0x0000000100000000)
  region size 1024K, 2 young (2048K), 2 survivors (2048K)
 Metaspace       used 21537K, capacity 21771K, committed 21936K, reserved 1069056K
  class space    used 2671K, capacity 2751K, committed 2816K, reserved 1048576K
}
Event: 2.953 GC heap before
{Heap before GC invocations=6 (full 0):
 garbage-first heap   total 61440K, used 42323K [0x0000000083200000, 0x0000000100000000)
  region size 1024K, 31 young (31744K), 2 survivors (2048K)
 Metaspace       used 22747K, capacity 23025K, committed 23344K, reserved 1069056K
  class space    used 2789K, capacity 2892K, committed 2944K, reserved 1048576K
}
Event: 2.956 GC heap after
{Heap after GC invocations=7 (full 0):
 garbage-first heap   total 61440K, used 14036K [0x0000000083200000, 0x0000000100000000)
  region size 1024K, 2 young (2048K), 2 survivors (2048K)
 Metaspace       used 22747K, capacity 23025K, committed 23344K, reserved 1069056K
  class space    used 2789K, capacity 2892K, committed 2944K, reserved 1048576K
}
Event: 11.304 GC heap before
{Heap before GC invocations=7 (full 0):
 garbage-first heap   total 61440K, used 45780K [0x0000000083200000, 0x0000000100000000)
  region size 1024K, 33 young (33792K), 2 survivors (2048K)
 Metaspace       used 26840K, capacity 27196K, committed 27568K, reserved 1073152K
  class space    used 3303K, capacity 3459K, committed 3584K, reserved 1048576K
}
Event: 11.311 GC heap after
{Heap after GC invocations=8 (full 0):
 garbage-first heap   total 61440K, used 15454K [0x0000000083200000, 0x0000000100000000)
  region size 1024K, 4 young (4096K), 4 survivors (4096K)
 Metaspace       used 26840K, capacity 27196K, committed 27568K, reserved 1073152K
  class space    used 3303K, capacity 3459K, committed 3584K, reserved 1048576K
}

