# JRE version: OpenJDK Runtime Environment Temurin-17.0.4.1+1 (17.0.4.1+1) (build 17.0.4.1+1)
# Java VM: OpenJDK 64-Bit Server VM Temurin-17.0.4.1+1 (17.0.4.1+1, mixed mode, emulated-client, tiered, compressed oops, compressed class ptrs, g1 gc, windows-amd64)
GC Precious Log:
 CPUs: 8 total, 8 available
 Memory: 7987M
 Large Page Support: Disabled
 NUMA Support: Disabled
 Compressed Oops: Enabled (32-bit)
 Heap Region Size: 1M
 Heap Min Capacity: 8M
 Heap Initial Capacity: 126M
 Heap Max Capacity: 1998M
 Pre-touch: Disabled
 Parallel Workers: 8
 Concurrent Workers: 2
 Concurrent Refinement Workers: 8
 Periodic GC: Disabled
Heap:
 garbage-first heap   total 119808K, used 37567K [0x0000000083200000, 0x0000000100000000)
  region size 1024K, 1 young (1024K), 0 survivors (0K)
 Metaspace       used 55444K, committed 55872K, reserved 1097728K
  class space    used 7367K, committed 7552K, reserved 1048576K
GC Heap History (20 events):
Event: 10339.410 GC heap before
{Heap before GC invocations=854 (full 393):
 garbage-first heap   total 119808K, used 97850K [0x0000000083200000, 0x0000000100000000)
  region size 1024K, 60 young (61440K), 3 survivors (3072K)
 Metaspace       used 55465K, committed 55872K, reserved 1097728K
  class space    used 7370K, committed 7552K, reserved 1048576K
}
Event: 10339.413 GC heap after
{Heap after GC invocations=855 (full 393):
 garbage-first heap   total 119808K, used 39170K [0x0000000083200000, 0x0000000100000000)
  region size 1024K, 3 young (3072K), 3 survivors (3072K)
 Metaspace       used 55465K, committed 55872K, reserved 1097728K
  class space    used 7370K, committed 7552K, reserved 1048576K
}
Event: 10351.533 GC heap before
{Heap before GC invocations=855 (full 393):
 garbage-first heap   total 119808K, used 97538K [0x0000000083200000, 0x0000000100000000)
  region size 1024K, 60 young (61440K), 3 survivors (3072K)
 Metaspace       used 55465K, committed 55872K, reserved 1097728K
  class space    used 7370K, committed 7552K, reserved 1048576K
}
Event: 10351.536 GC heap after
{Heap after GC invocations=856 (full 393):
 garbage-first heap   total 119808K, used 40195K [0x0000000083200000, 0x0000000100000000)
  region size 1024K, 4 young (4096K), 4 survivors (4096K)
 Metaspace       used 55465K, committed 55872K, reserved 1097728K
  class space    used 7370K, committed 7552K, reserved 1048576K
}
Event: 10384.969 GC heap before
{Heap before GC invocations=856 (full 393):
 garbage-first heap   total 119808K, used 55555K [0x0000000083200000, 0x0000000100000000)
  region size 1024K, 20 young (20480K), 4 survivors (4096K)
 Metaspace       used 55465K, committed 55872K, reserved 1097728K
  class space    used 7370K, committed 7552K, reserved 1048576K
}
Event: 10385.012 GC heap after
{Heap after GC invocations=857 (full 394):
 garbage-first heap   total 119808K, used 37782K [0x0000000083200000, 0x0000000100000000)
  region size 1024K, 0 young (0K), 0 survivors (0K)
 Metaspace       used 55465K, committed 55872K, reserved 1097728K
  class space    used 7370K, committed 7552K, reserved 1048576K
}
Event: 10395.199 GC heap before
{Heap before GC invocations=857 (full 394):
 garbage-first heap   total 119808K, used 37782K [0x0000000083200000, 0x0000000100000000)
  region size 1024K, 1 young (1024K), 0 survivors (0K)
 Metaspace       used 55465K, committed 55872K, reserved 1097728K
  class space    used 7370K, committed 7552K, reserved 1048576K
}
Event: 10395.233 GC heap after
{Heap after GC invocations=858 (full 395):
 garbage-first heap   total 119808K, used 37603K [0x0000000083200000, 0x0000000100000000)
  region size 1024K, 0 young (0K), 0 survivors (0K)
 Metaspace       used 55465K, committed 55872K, reserved 1097728K
  class space    used 7370K, committed 7552K, reserved 1048576K
}
Event: 10405.557 GC heap before
{Heap before GC invocations=858 (full 395):
 garbage-first heap   total 119808K, used 37603K [0x0000000083200000, 0x0000000100000000)
  region size 1024K, 1 young (1024K), 0 survivors (0K)
 Metaspace       used 55465K, committed 55872K, reserved 1097728K
  class space    used 7370K, committed 7552K, reserved 1048576K
}
Event: 10405.595 GC heap after
{Heap after GC invocations=859 (full 396):
 garbage-first heap   total 119808K, used 37603K [0x0000000083200000, 0x0000000100000000)
  region size 1024K, 0 young (0K), 0 survivors (0K)
 Metaspace       used 55465K, committed 55872K, reserved 1097728K
  class space    used 7370K, committed 7552K, reserved 1048576K
}
Event: 10415.994 GC heap before
{Heap before GC invocations=859 (full 396):
 garbage-first heap   total 119808K, used 37603K [0x0000000083200000, 0x0000000100000000)
  region size 1024K, 1 young (1024K), 0 survivors (0K)
 Metaspace       used 55465K, committed 55872K, reserved 1097728K
  class space    used 7370K, committed 7552K, reserved 1048576K
}
Event: 10416.049 GC heap after
{Heap after GC invocations=860 (full 397):
 garbage-first heap   total 119808K, used 37591K [0x0000000083200000, 0x0000000100000000)
  region size 1024K, 0 young (0K), 0 survivors (0K)
 Metaspace       used 55465K, committed 55872K, reserved 1097728K
  class space    used 7370K, committed 7552K, reserved 1048576K
}
Event: 10426.255 GC heap before
{Heap before GC invocations=860 (full 397):
 garbage-first heap   total 119808K, used 37591K [0x0000000083200000, 0x0000000100000000)
  region size 1024K, 1 young (1024K), 0 survivors (0K)
 Metaspace       used 55465K, committed 55872K, reserved 1097728K
  class space    used 7370K, committed 7552K, reserved 1048576K
}
Event: 10426.309 GC heap after
{Heap after GC invocations=861 (full 398):
 garbage-first heap   total 119808K, used 37591K [0x0000000083200000, 0x0000000100000000)
  region size 1024K, 0 young (0K), 0 survivors (0K)
 Metaspace       used 55465K, committed 55872K, reserved 1097728K
  class space    used 7370K, committed 7552K, reserved 1048576K
}
Event: 10436.529 GC heap before
{Heap before GC invocations=861 (full 398):
 garbage-first heap   total 119808K, used 37591K [0x0000000083200000, 0x0000000100000000)
  region size 1024K, 1 young (1024K), 0 survivors (0K)
 Metaspace       used 55465K, committed 55872K, reserved 1097728K
  class space    used 7370K, committed 7552K, reserved 1048576K
}
Event: 10436.663 GC heap after
{Heap after GC invocations=862 (full 399):
 garbage-first heap   total 119808K, used 37576K [0x0000000083200000, 0x0000000100000000)
  region size 1024K, 0 young (0K), 0 survivors (0K)
 Metaspace       used 55444K, committed 55872K, reserved 1097728K
  class space    used 7367K, committed 7552K, reserved 1048576K
}
Event: 10446.867 GC heap before
{Heap before GC invocations=862 (full 399):
 garbage-first heap   total 119808K, used 37576K [0x0000000083200000, 0x0000000100000000)
  region size 1024K, 1 young (1024K), 0 survivors (0K)
 Metaspace       used 55444K, committed 55872K, reserved 1097728K
  class space    used 7367K, committed 7552K, reserved 1048576K
}
Event: 10446.928 GC heap after
{Heap after GC invocations=863 (full 400):
 garbage-first heap   total 119808K, used 37567K [0x0000000083200000, 0x0000000100000000)
  region size 1024K, 0 young (0K), 0 survivors (0K)
 Metaspace       used 55444K, committed 55872K, reserved 1097728K
  class space    used 7367K, committed 7552K, reserved 1048576K
}
Event: 10457.164 GC heap before
{Heap before GC invocations=863 (full 400):
 garbage-first heap   total 119808K, used 37567K [0x0000000083200000, 0x0000000100000000)
  region size 1024K, 1 young (1024K), 0 survivors (0K)
 Metaspace       used 55444K, committed 55872K, reserved 1097728K
  class space    used 7367K, committed 7552K, reserved 1048576K
}
Event: 10457.222 GC heap after
{Heap after GC invocations=864 (full 401):
 garbage-first heap   total 119808K, used 37567K [0x0000000083200000, 0x0000000100000000)
  region size 1024K, 0 young (0K), 0 survivors (0K)
 Metaspace       used 55444K, committed 55872K, reserved 1097728K
  class space    used 7367K, committed 7552K, reserved 1048576K
}

