# JRE version: Java(TM) SE Runtime Environment (15.0.2+7) (build 15.0.2+7-27)
# Java VM: Java HotSpot(TM) 64-Bit Server VM (15.0.2+7-27, mixed mode, sharing, tiered, compressed oops, g1 gc, windows-amd64)
GC Precious Log:
 CPUs: 8 total, 8 available
 Memory: 7987M
 Large Page Support: Disabled
 NUMA Support: Disabled
 Compressed Oops: Enabled (32-bit)
 Heap Region Size: 1M
 Heap Min Capacity: 8M
 Heap Initial Capacity: 126M
 Heap Max Capacity: 1998M
 Pre-touch: Disabled
 Parallel Workers: 8
 Concurrent Workers: 2
 Concurrent Refinement Workers: 8
 Periodic GC: Disabled
Heap:
 garbage-first heap   total 91136K, used 65711K [0x0000000083200000, 0x0000000100000000)
  region size 1024K, 36 young (36864K), 6 survivors (6144K)
 Metaspace       used 76677K, capacity 77537K, committed 77828K, reserved 1118208K
  class space    used 9469K, capacity 9799K, committed 9836K, reserved 1048576K
GC Heap History (20 events):
Event: 3.548 GC heap before
{Heap before GC invocations=8 (full 0):
 garbage-first heap   total 69632K, used 51602K [0x0000000083200000, 0x0000000100000000)
  region size 1024K, 39 young (39936K), 5 survivors (5120K)
 Metaspace       used 32397K, capacity 32778K, committed 33072K, reserved 1079296K
  class space    used 3994K, capacity 4157K, committed 4224K, reserved 1048576K
}
Event: 3.553 GC heap after
{Heap after GC invocations=9 (full 0):
 garbage-first heap   total 69632K, used 19207K [0x0000000083200000, 0x0000000100000000)
  region size 1024K, 2 young (2048K), 2 survivors (2048K)
 Metaspace       used 32397K, capacity 32778K, committed 33072K, reserved 1079296K
  class space    used 3994K, capacity 4157K, committed 4224K, reserved 1048576K
}
Event: 3.814 GC heap before
{Heap before GC invocations=9 (full 0):
 garbage-first heap   total 69632K, used 51975K [0x0000000083200000, 0x0000000100000000)
  region size 1024K, 35 young (35840K), 2 survivors (2048K)
 Metaspace       used 34359K, capacity 34730K, committed 34992K, reserved 1079296K
  class space    used 4170K, capacity 4317K, committed 4352K, reserved 1048576K
}
Event: 3.816 GC heap after
{Heap after GC invocations=10 (full 0):
 garbage-first heap   total 83968K, used 19788K [0x0000000083200000, 0x0000000100000000)
  region size 1024K, 2 young (2048K), 2 survivors (2048K)
 Metaspace       used 34359K, capacity 34730K, committed 34992K, reserved 1079296K
  class space    used 4170K, capacity 4317K, committed 4352K, reserved 1048576K
}
Event: 4.155 GC heap before
{Heap before GC invocations=10 (full 0):
 garbage-first heap   total 83968K, used 61772K [0x0000000083200000, 0x0000000100000000)
  region size 1024K, 45 young (46080K), 2 survivors (2048K)
 Metaspace       used 35454K, capacity 35863K, committed 35888K, reserved 1081344K
  class space    used 4310K, capacity 4480K, committed 4480K, reserved 1048576K
}
Event: 4.159 GC heap after
{Heap after GC invocations=11 (full 0):
 garbage-first heap   total 83968K, used 20529K [0x0000000083200000, 0x0000000100000000)
  region size 1024K, 3 young (3072K), 3 survivors (3072K)
 Metaspace       used 35454K, capacity 35863K, committed 35888K, reserved 1081344K
  class space    used 4310K, capacity 4480K, committed 4480K, reserved 1048576K
}
Event: 5.173 GC heap before
{Heap before GC invocations=12 (full 0):
 garbage-first heap   total 75776K, used 62513K [0x0000000083200000, 0x0000000100000000)
  region size 1024K, 44 young (45056K), 3 survivors (3072K)
 Metaspace       used 47375K, capacity 47855K, committed 48028K, reserved 1091584K
  class space    used 5867K, capacity 6022K, committed 6124K, reserved 1048576K
}
Event: 5.179 GC heap after
{Heap after GC invocations=13 (full 0):
 garbage-first heap   total 75776K, used 22712K [0x0000000083200000, 0x0000000100000000)
  region size 1024K, 5 young (5120K), 5 survivors (5120K)
 Metaspace       used 47375K, capacity 47855K, committed 48028K, reserved 1091584K
  class space    used 5867K, capacity 6022K, committed 6124K, reserved 1048576K
}
Event: 5.785 GC heap before
{Heap before GC invocations=13 (full 0):
 garbage-first heap   total 75776K, used 60600K [0x0000000083200000, 0x0000000100000000)
  region size 1024K, 42 young (43008K), 5 survivors (5120K)
 Metaspace       used 52269K, capacity 52848K, committed 53020K, reserved 1095680K
  class space    used 6533K, capacity 6700K, committed 6764K, reserved 1048576K
}
Event: 5.791 GC heap after
{Heap after GC invocations=14 (full 0):
 garbage-first heap   total 75776K, used 24322K [0x0000000083200000, 0x0000000100000000)
  region size 1024K, 5 young (5120K), 5 survivors (5120K)
 Metaspace       used 52269K, capacity 52848K, committed 53020K, reserved 1095680K
  class space    used 6533K, capacity 6700K, committed 6764K, reserved 1048576K
}
Event: 7.297 GC heap before
{Heap before GC invocations=14 (full 0):
 garbage-first heap   total 75776K, used 60162K [0x0000000083200000, 0x0000000100000000)
  region size 1024K, 40 young (40960K), 5 survivors (5120K)
 Metaspace       used 58957K, capacity 59524K, committed 59804K, reserved 1101824K
  class space    used 7434K, capacity 7615K, committed 7660K, reserved 1048576K
}
Event: 7.304 GC heap after
{Heap after GC invocations=15 (full 0):
 garbage-first heap   total 75776K, used 26286K [0x0000000083200000, 0x0000000100000000)
  region size 1024K, 4 young (4096K), 4 survivors (4096K)
 Metaspace       used 58957K, capacity 59524K, committed 59804K, reserved 1101824K
  class space    used 7434K, capacity 7615K, committed 7660K, reserved 1048576K
}
Event: 7.481 GC heap before
{Heap before GC invocations=15 (full 0):
 garbage-first heap   total 75776K, used 38574K [0x0000000083200000, 0x0000000100000000)
  region size 1024K, 17 young (17408K), 4 survivors (4096K)
 Metaspace       used 59734K, capacity 60272K, committed 60420K, reserved 1101824K
  class space    used 7535K, capacity 7715K, committed 7788K, reserved 1048576K
}
Event: 7.486 GC heap after
{Heap after GC invocations=16 (full 0):
 garbage-first heap   total 75776K, used 27048K [0x0000000083200000, 0x0000000100000000)
  region size 1024K, 3 young (3072K), 3 survivors (3072K)
 Metaspace       used 59734K, capacity 60272K, committed 60420K, reserved 1101824K
  class space    used 7535K, capacity 7715K, committed 7788K, reserved 1048576K
}
Event: 8.650 GC heap before
{Heap before GC invocations=17 (full 0):
 garbage-first heap   total 75776K, used 59816K [0x0000000083200000, 0x0000000100000000)
  region size 1024K, 36 young (36864K), 3 survivors (3072K)
 Metaspace       used 65023K, capacity 65586K, committed 65668K, reserved 1105920K
  class space    used 8170K, capacity 8384K, committed 8428K, reserved 1048576K
}
Event: 8.661 GC heap after
{Heap after GC invocations=18 (full 0):
 garbage-first heap   total 75776K, used 30891K [0x0000000083200000, 0x0000000100000000)
  region size 1024K, 5 young (5120K), 5 survivors (5120K)
 Metaspace       used 65023K, capacity 65586K, committed 65668K, reserved 1105920K
  class space    used 8170K, capacity 8384K, committed 8428K, reserved 1048576K
}
Event: 18.620 GC heap before
{Heap before GC invocations=18 (full 0):
 garbage-first heap   total 75776K, used 59563K [0x0000000083200000, 0x0000000100000000)
  region size 1024K, 33 young (33792K), 5 survivors (5120K)
 Metaspace       used 66303K, capacity 66844K, committed 67076K, reserved 1107968K
  class space    used 8328K, capacity 8523K, committed 8556K, reserved 1048576K
}
Event: 18.632 GC heap after
{Heap after GC invocations=19 (full 0):
 garbage-first heap   total 91136K, used 32087K [0x0000000083200000, 0x0000000100000000)
  region size 1024K, 3 young (3072K), 3 survivors (3072K)
 Metaspace       used 66303K, capacity 66844K, committed 67076K, reserved 1107968K
  class space    used 8328K, capacity 8523K, committed 8556K, reserved 1048576K
}
Event: 21.423 GC heap before
{Heap before GC invocations=19 (full 0):
 garbage-first heap   total 91136K, used 74071K [0x0000000083200000, 0x0000000100000000)
  region size 1024K, 42 young (43008K), 3 survivors (3072K)
 Metaspace       used 73251K, capacity 73979K, committed 74116K, reserved 1114112K
  class space    used 9112K, capacity 9396K, committed 9452K, reserved 1048576K
}
Event: 21.434 GC heap after
{Heap after GC invocations=20 (full 0):
 garbage-first heap   total 91136K, used 37039K [0x0000000083200000, 0x0000000100000000)
  region size 1024K, 6 young (6144K), 6 survivors (6144K)
 Metaspace       used 73251K, capacity 73979K, committed 74116K, reserved 1114112K
  class space    used 9112K, capacity 9396K, committed 9452K, reserved 1048576K
}

