# JRE version: OpenJDK Runtime Environment Temurin-17.0.4.1+1 (17.0.4.1+1) (build 17.0.4.1+1)
# Java VM: OpenJDK 64-Bit Server VM Temurin-17.0.4.1+1 (17.0.4.1+1, mixed mode, emulated-client, tiered, compressed oops, compressed class ptrs, g1 gc, windows-amd64)
GC Precious Log:
 CPUs: 8 total, 8 available
 Memory: 7987M
 Large Page Support: Disabled
 NUMA Support: Disabled
 Compressed Oops: Enabled (32-bit)
 Heap Region Size: 1M
 Heap Min Capacity: 8M
 Heap Initial Capacity: 126M
 Heap Max Capacity: 1998M
 Pre-touch: Disabled
 Parallel Workers: 8
 Concurrent Workers: 2
 Concurrent Refinement Workers: 8
 Periodic GC: Disabled
Heap:
 garbage-first heap   total 122880K, used 41023K [0x0000000083200000, 0x0000000100000000)
  region size 1024K, 1 young (1024K), 0 survivors (0K)
 Metaspace       used 55246K, committed 55680K, reserved 1097728K
  class space    used 7341K, committed 7552K, reserved 1048576K
GC Heap History (20 events):
Event: 2461.872 GC heap before
{Heap before GC invocations=298 (full 51):
 garbage-first heap   total 122880K, used 100339K [0x0000000083200000, 0x0000000100000000)
  region size 1024K, 54 young (55296K), 4 survivors (4096K)
 Metaspace       used 55246K, committed 55680K, reserved 1097728K
  class space    used 7341K, committed 7552K, reserved 1048576K
}
Event: 2461.875 GC heap after
{Heap after GC invocations=299 (full 51):
 garbage-first heap   total 122880K, used 48371K [0x0000000083200000, 0x0000000100000000)
  region size 1024K, 3 young (3072K), 3 survivors (3072K)
 Metaspace       used 55246K, committed 55680K, reserved 1097728K
  class space    used 7341K, committed 7552K, reserved 1048576K
}
Event: 2463.263 GC heap before
{Heap before GC invocations=299 (full 51):
 garbage-first heap   total 122880K, used 101619K [0x0000000083200000, 0x0000000100000000)
  region size 1024K, 55 young (56320K), 3 survivors (3072K)
 Metaspace       used 55246K, committed 55680K, reserved 1097728K
  class space    used 7341K, committed 7552K, reserved 1048576K
}
Event: 2463.266 GC heap after
{Heap after GC invocations=300 (full 51):
 garbage-first heap   total 122880K, used 50782K [0x0000000083200000, 0x0000000100000000)
  region size 1024K, 5 young (5120K), 5 survivors (5120K)
 Metaspace       used 55246K, committed 55680K, reserved 1097728K
  class space    used 7341K, committed 7552K, reserved 1048576K
}
Event: 2467.707 GC heap before
{Heap before GC invocations=300 (full 51):
 garbage-first heap   total 122880K, used 100958K [0x0000000083200000, 0x0000000100000000)
  region size 1024K, 54 young (55296K), 5 survivors (5120K)
 Metaspace       used 55246K, committed 55680K, reserved 1097728K
  class space    used 7341K, committed 7552K, reserved 1048576K
}
Event: 2467.712 GC heap after
{Heap after GC invocations=301 (full 51):
 garbage-first heap   total 122880K, used 50455K [0x0000000083200000, 0x0000000100000000)
  region size 1024K, 4 young (4096K), 4 survivors (4096K)
 Metaspace       used 55246K, committed 55680K, reserved 1097728K
  class space    used 7341K, committed 7552K, reserved 1048576K
}
Event: 2471.354 GC heap before
{Heap before GC invocations=301 (full 51):
 garbage-first heap   total 122880K, used 99607K [0x0000000083200000, 0x0000000100000000)
  region size 1024K, 52 young (53248K), 4 survivors (4096K)
 Metaspace       used 55246K, committed 55680K, reserved 1097728K
  class space    used 7341K, committed 7552K, reserved 1048576K
}
Event: 2471.357 GC heap after
{Heap after GC invocations=302 (full 51):
 garbage-first heap   total 122880K, used 49313K [0x0000000083200000, 0x0000000100000000)
  region size 1024K, 2 young (2048K), 2 survivors (2048K)
 Metaspace       used 55246K, committed 55680K, reserved 1097728K
  class space    used 7341K, committed 7552K, reserved 1048576K
}
Event: 2472.289 GC heap before
{Heap before GC invocations=302 (full 51):
 garbage-first heap   total 122880K, used 100513K [0x0000000083200000, 0x0000000100000000)
  region size 1024K, 52 young (53248K), 2 survivors (2048K)
 Metaspace       used 55246K, committed 55680K, reserved 1097728K
  class space    used 7341K, committed 7552K, reserved 1048576K
}
Event: 2472.292 GC heap after
{Heap after GC invocations=303 (full 51):
 garbage-first heap   total 122880K, used 49207K [0x0000000083200000, 0x0000000100000000)
  region size 1024K, 2 young (2048K), 2 survivors (2048K)
 Metaspace       used 55246K, committed 55680K, reserved 1097728K
  class space    used 7341K, committed 7552K, reserved 1048576K
}
Event: 2480.943 GC heap before
{Heap before GC invocations=303 (full 51):
 garbage-first heap   total 122880K, used 101431K [0x0000000083200000, 0x0000000100000000)
  region size 1024K, 53 young (54272K), 2 survivors (2048K)
 Metaspace       used 55246K, committed 55680K, reserved 1097728K
  class space    used 7341K, committed 7552K, reserved 1048576K
}
Event: 2480.944 GC heap after
{Heap after GC invocations=304 (full 51):
 garbage-first heap   total 122880K, used 49078K [0x0000000083200000, 0x0000000100000000)
  region size 1024K, 2 young (2048K), 2 survivors (2048K)
 Metaspace       used 55246K, committed 55680K, reserved 1097728K
  class space    used 7341K, committed 7552K, reserved 1048576K
}
Event: 2487.564 GC heap before
{Heap before GC invocations=304 (full 51):
 garbage-first heap   total 122880K, used 101302K [0x0000000083200000, 0x0000000100000000)
  region size 1024K, 53 young (54272K), 2 survivors (2048K)
 Metaspace       used 55246K, committed 55680K, reserved 1097728K
  class space    used 7341K, committed 7552K, reserved 1048576K
}
Event: 2487.566 GC heap after
{Heap after GC invocations=305 (full 51):
 garbage-first heap   total 122880K, used 48224K [0x0000000083200000, 0x0000000100000000)
  region size 1024K, 1 young (1024K), 1 survivors (1024K)
 Metaspace       used 55246K, committed 55680K, reserved 1097728K
  class space    used 7341K, committed 7552K, reserved 1048576K
}
Event: 2488.843 GC heap before
{Heap before GC invocations=305 (full 51):
 garbage-first heap   total 122880K, used 102496K [0x0000000083200000, 0x0000000100000000)
  region size 1024K, 54 young (55296K), 1 survivors (1024K)
 Metaspace       used 55246K, committed 55680K, reserved 1097728K
  class space    used 7341K, committed 7552K, reserved 1048576K
}
Event: 2488.845 GC heap after
{Heap after GC invocations=306 (full 51):
 garbage-first heap   total 122880K, used 48917K [0x0000000083200000, 0x0000000100000000)
  region size 1024K, 2 young (2048K), 2 survivors (2048K)
 Metaspace       used 55246K, committed 55680K, reserved 1097728K
  class space    used 7341K, committed 7552K, reserved 1048576K
}
Event: 2498.941 GC heap before
{Heap before GC invocations=306 (full 51):
 garbage-first heap   total 122880K, used 102165K [0x0000000083200000, 0x0000000100000000)
  region size 1024K, 54 young (55296K), 2 survivors (2048K)
 Metaspace       used 55246K, committed 55680K, reserved 1097728K
  class space    used 7341K, committed 7552K, reserved 1048576K
}
Event: 2498.943 GC heap after
{Heap after GC invocations=307 (full 51):
 garbage-first heap   total 122880K, used 50454K [0x0000000083200000, 0x0000000100000000)
  region size 1024K, 4 young (4096K), 4 survivors (4096K)
 Metaspace       used 55246K, committed 55680K, reserved 1097728K
  class space    used 7341K, committed 7552K, reserved 1048576K
}
Event: 2538.109 GC heap before
{Heap before GC invocations=307 (full 51):
 garbage-first heap   total 122880K, used 66838K [0x0000000083200000, 0x0000000100000000)
  region size 1024K, 21 young (21504K), 4 survivors (4096K)
 Metaspace       used 55246K, committed 55680K, reserved 1097728K
  class space    used 7341K, committed 7552K, reserved 1048576K
}
Event: 2538.161 GC heap after
{Heap after GC invocations=308 (full 52):
 garbage-first heap   total 122880K, used 41023K [0x0000000083200000, 0x0000000100000000)
  region size 1024K, 0 young (0K), 0 survivors (0K)
 Metaspace       used 55246K, committed 55680K, reserved 1097728K
  class space    used 7341K, committed 7552K, reserved 1048576K
}

