# JRE version: OpenJDK Runtime Environment Temurin-17.0.4.1+1 (17.0.4.1+1) (build 17.0.4.1+1)
# Java VM: OpenJDK 64-Bit Server VM Temurin-17.0.4.1+1 (17.0.4.1+1, mixed mode, emulated-client, tiered, compressed oops, compressed class ptrs, g1 gc, windows-amd64)
GC Precious Log:
 CPUs: 8 total, 8 available
 Memory: 7987M
 Large Page Support: Disabled
 NUMA Support: Disabled
 Compressed Oops: Enabled (32-bit)
 Heap Region Size: 1M
 Heap Min Capacity: 8M
 Heap Initial Capacity: 126M
 Heap Max Capacity: 1998M
 Pre-touch: Disabled
 Parallel Workers: 8
 Concurrent Workers: 2
 Concurrent Refinement Workers: 8
 Periodic GC: Disabled
Heap:
 garbage-first heap   total 430080K, used 114260K [0x0000000083200000, 0x0000000100000000)
  region size 1024K, 21 young (21504K), 21 survivors (21504K)
 Metaspace       used 40376K, committed 40768K, reserved 1089536K
  class space    used 5055K, committed 5248K, reserved 1048576K
GC Heap History (20 events):
Event: 4.090 GC heap after
{Heap after GC invocations=16 (full 0):
 garbage-first heap   total 143360K, used 45371K [0x0000000083200000, 0x0000000100000000)
  region size 1024K, 2 young (2048K), 2 survivors (2048K)
 Metaspace       used 36810K, committed 37120K, reserved 1081344K
  class space    used 4728K, committed 4864K, reserved 1048576K
}
Event: 4.274 GC heap before
{Heap before GC invocations=17 (full 0):
 garbage-first heap   total 143360K, used 100667K [0x0000000083200000, 0x0000000100000000)
  region size 1024K, 56 young (57344K), 2 survivors (2048K)
 Metaspace       used 38441K, committed 38784K, reserved 1089536K
  class space    used 4854K, committed 5056K, reserved 1048576K
}
Event: 4.283 GC heap after
{Heap after GC invocations=18 (full 0):
 garbage-first heap   total 143360K, used 61898K [0x0000000083200000, 0x0000000100000000)
  region size 1024K, 7 young (7168K), 7 survivors (7168K)
 Metaspace       used 38441K, committed 38784K, reserved 1089536K
  class space    used 4854K, committed 5056K, reserved 1048576K
}
Event: 4.286 GC heap before
{Heap before GC invocations=18 (full 0):
 garbage-first heap   total 143360K, used 63946K [0x0000000083200000, 0x0000000100000000)
  region size 1024K, 8 young (8192K), 7 survivors (7168K)
 Metaspace       used 38441K, committed 38784K, reserved 1089536K
  class space    used 4854K, committed 5056K, reserved 1048576K
}
Event: 4.290 GC heap after
{Heap after GC invocations=19 (full 0):
 garbage-first heap   total 143360K, used 64372K [0x0000000083200000, 0x0000000100000000)
  region size 1024K, 1 young (1024K), 1 survivors (1024K)
 Metaspace       used 38441K, committed 38784K, reserved 1089536K
  class space    used 4854K, committed 5056K, reserved 1048576K
}
Event: 4.332 GC heap before
{Heap before GC invocations=19 (full 0):
 garbage-first heap   total 143360K, used 101236K [0x0000000083200000, 0x0000000100000000)
  region size 1024K, 38 young (38912K), 1 survivors (1024K)
 Metaspace       used 38646K, committed 38976K, reserved 1089536K
  class space    used 4886K, committed 5056K, reserved 1048576K
}
Event: 4.345 GC heap after
{Heap after GC invocations=20 (full 0):
 garbage-first heap   total 143360K, used 70152K [0x0000000083200000, 0x0000000100000000)
  region size 1024K, 5 young (5120K), 5 survivors (5120K)
 Metaspace       used 38646K, committed 38976K, reserved 1089536K
  class space    used 4886K, committed 5056K, reserved 1048576K
}
Event: 4.355 GC heap before
{Heap before GC invocations=20 (full 0):
 garbage-first heap   total 143360K, used 102920K [0x0000000083200000, 0x0000000100000000)
  region size 1024K, 38 young (38912K), 5 survivors (5120K)
 Metaspace       used 38674K, committed 38976K, reserved 1089536K
  class space    used 4889K, committed 5056K, reserved 1048576K
}
Event: 4.362 GC heap after
{Heap after GC invocations=21 (full 0):
 garbage-first heap   total 143360K, used 72097K [0x0000000083200000, 0x0000000100000000)
  region size 1024K, 2 young (2048K), 2 survivors (2048K)
 Metaspace       used 38674K, committed 38976K, reserved 1089536K
  class space    used 4889K, committed 5056K, reserved 1048576K
}
Event: 4.374 GC heap before
{Heap before GC invocations=21 (full 0):
 garbage-first heap   total 143360K, used 106913K [0x0000000083200000, 0x0000000100000000)
  region size 1024K, 37 young (37888K), 2 survivors (2048K)
 Metaspace       used 38731K, committed 39040K, reserved 1089536K
  class space    used 4899K, committed 5056K, reserved 1048576K
}
Event: 4.377 GC heap after
{Heap after GC invocations=22 (full 0):
 garbage-first heap   total 430080K, used 73389K [0x0000000083200000, 0x0000000100000000)
  region size 1024K, 4 young (4096K), 4 survivors (4096K)
 Metaspace       used 38731K, committed 39040K, reserved 1089536K
  class space    used 4899K, committed 5056K, reserved 1048576K
}
Event: 4.477 GC heap before
{Heap before GC invocations=23 (full 0):
 garbage-first heap   total 430080K, used 263853K [0x0000000083200000, 0x0000000100000000)
  region size 1024K, 192 young (196608K), 4 survivors (4096K)
 Metaspace       used 38958K, committed 39360K, reserved 1089536K
  class space    used 4935K, committed 5120K, reserved 1048576K
}
Event: 4.483 GC heap after
{Heap after GC invocations=24 (full 0):
 garbage-first heap   total 430080K, used 79748K [0x0000000083200000, 0x0000000100000000)
  region size 1024K, 11 young (11264K), 11 survivors (11264K)
 Metaspace       used 38958K, committed 39360K, reserved 1089536K
  class space    used 4935K, committed 5120K, reserved 1048576K
}
Event: 4.487 GC heap before
{Heap before GC invocations=24 (full 0):
 garbage-first heap   total 430080K, used 88964K [0x0000000083200000, 0x0000000100000000)
  region size 1024K, 21 young (21504K), 11 survivors (11264K)
 Metaspace       used 38958K, committed 39360K, reserved 1089536K
  class space    used 4935K, committed 5120K, reserved 1048576K
}
Event: 4.495 GC heap after
{Heap after GC invocations=25 (full 0):
 garbage-first heap   total 430080K, used 79539K [0x0000000083200000, 0x0000000100000000)
  region size 1024K, 2 young (2048K), 2 survivors (2048K)
 Metaspace       used 38958K, committed 39360K, reserved 1089536K
  class space    used 4935K, committed 5120K, reserved 1048576K
}
Event: 4.578 GC heap before
{Heap before GC invocations=25 (full 0):
 garbage-first heap   total 430080K, used 327347K [0x0000000083200000, 0x0000000100000000)
  region size 1024K, 244 young (249856K), 2 survivors (2048K)
 Metaspace       used 38969K, committed 39360K, reserved 1089536K
  class space    used 4937K, committed 5120K, reserved 1048576K
}
Event: 4.585 GC heap after
{Heap after GC invocations=26 (full 0):
 garbage-first heap   total 430080K, used 93183K [0x0000000083200000, 0x0000000100000000)
  region size 1024K, 14 young (14336K), 14 survivors (14336K)
 Metaspace       used 38969K, committed 39360K, reserved 1089536K
  class space    used 4937K, committed 5120K, reserved 1048576K
}
Event: 4.675 GC heap before
{Heap before GC invocations=26 (full 0):
 garbage-first heap   total 430080K, used 331775K [0x0000000083200000, 0x0000000100000000)
  region size 1024K, 248 young (253952K), 14 survivors (14336K)
 Metaspace       used 39240K, committed 39680K, reserved 1089536K
  class space    used 4976K, committed 5184K, reserved 1048576K
}
Event: 4.684 GC heap after
{Heap after GC invocations=27 (full 0):
 garbage-first heap   total 430080K, used 104954K [0x0000000083200000, 0x0000000100000000)
  region size 1024K, 26 young (26624K), 26 survivors (26624K)
 Metaspace       used 39240K, committed 39680K, reserved 1089536K
  class space    used 4976K, committed 5184K, reserved 1048576K
}
Event: 4.765 GC heap before
{Heap before GC invocations=27 (full 0):
 garbage-first heap   total 430080K, used 335354K [0x0000000083200000, 0x0000000100000000)
  region size 1024K, 252 young (258048K), 26 survivors (26624K)
 Metaspace       used 40376K, committed 40768K, reserved 1089536K
  class space    used 5055K, committed 5248K, reserved 1048576K
}

