# JRE version: Java(TM) SE Runtime Environment (15.0.2+7) (build 15.0.2+7-27)
# Java VM: Java HotSpot(TM) 64-Bit Server VM (15.0.2+7-27, mixed mode, sharing, tiered, compressed oops, g1 gc, windows-amd64)
GC Precious Log:
 CPUs: 8 total, 8 available
 Memory: 7987M
 Large Page Support: Disabled
 NUMA Support: Disabled
 Compressed Oops: Enabled (32-bit)
 Heap Region Size: 1M
 Heap Min Capacity: 8M
 Heap Initial Capacity: 126M
 Heap Max Capacity: 1998M
 Pre-touch: Disabled
 Parallel Workers: 8
 Concurrent Workers: 2
 Concurrent Refinement Workers: 8
 Periodic GC: Disabled
Heap:
 garbage-first heap   total 81920K, used 38784K [0x0000000083200000, 0x0000000100000000)
  region size 1024K, 8 young (8192K), 0 survivors (0K)
 Metaspace       used 73901K, capacity 74551K, committed 74632K, reserved 1114112K
  class space    used 9318K, capacity 9537K, committed 9600K, reserved 1048576K
GC Heap History (20 events):
Event: 4.259 GC heap before
{Heap before GC invocations=11 (full 0):
 garbage-first heap   total 84992K, used 24264K [0x0000000083200000, 0x0000000100000000)
  region size 1024K, 7 young (7168K), 3 survivors (3072K)
 Metaspace       used 35383K, capacity 35786K, committed 35920K, reserved 1081344K
  class space    used 4352K, capacity 4517K, committed 4608K, reserved 1048576K
}
Event: 4.262 GC heap after
{Heap after GC invocations=12 (full 0):
 garbage-first heap   total 84992K, used 21556K [0x0000000083200000, 0x0000000100000000)
  region size 1024K, 4 young (4096K), 4 survivors (4096K)
 Metaspace       used 35383K, capacity 35786K, committed 35920K, reserved 1081344K
  class space    used 4352K, capacity 4517K, committed 4608K, reserved 1048576K
}
Event: 5.735 GC heap before
{Heap before GC invocations=13 (full 0):
 garbage-first heap   total 81920K, used 65588K [0x0000000083200000, 0x0000000100000000)
  region size 1024K, 47 young (48128K), 4 survivors (4096K)
 Metaspace       used 46780K, capacity 47304K, committed 47440K, reserved 1091584K
  class space    used 5856K, capacity 6028K, committed 6144K, reserved 1048576K
}
Event: 5.739 GC heap after
{Heap after GC invocations=14 (full 0):
 garbage-first heap   total 81920K, used 24030K [0x0000000083200000, 0x0000000100000000)
  region size 1024K, 5 young (5120K), 5 survivors (5120K)
 Metaspace       used 46780K, capacity 47304K, committed 47440K, reserved 1091584K
  class space    used 5856K, capacity 6028K, committed 6144K, reserved 1048576K
}
Event: 6.186 GC heap before
{Heap before GC invocations=14 (full 0):
 garbage-first heap   total 81920K, used 61918K [0x0000000083200000, 0x0000000100000000)
  region size 1024K, 43 young (44032K), 5 survivors (5120K)
 Metaspace       used 51052K, capacity 51527K, committed 51792K, reserved 1095680K
  class space    used 6406K, capacity 6551K, committed 6656K, reserved 1048576K
}
Event: 6.190 GC heap after
{Heap after GC invocations=15 (full 0):
 garbage-first heap   total 81920K, used 25782K [0x0000000083200000, 0x0000000100000000)
  region size 1024K, 5 young (5120K), 5 survivors (5120K)
 Metaspace       used 51052K, capacity 51527K, committed 51792K, reserved 1095680K
  class space    used 6406K, capacity 6551K, committed 6656K, reserved 1048576K
}
Event: 8.806 GC heap before
{Heap before GC invocations=15 (full 0):
 garbage-first heap   total 81920K, used 64694K [0x0000000083200000, 0x0000000100000000)
  region size 1024K, 43 young (44032K), 5 survivors (5120K)
 Metaspace       used 58765K, capacity 59277K, committed 59472K, reserved 1101824K
  class space    used 7428K, capacity 7591K, committed 7680K, reserved 1048576K
}
Event: 8.811 GC heap after
{Heap after GC invocations=16 (full 0):
 garbage-first heap   total 81920K, used 27776K [0x0000000083200000, 0x0000000100000000)
  region size 1024K, 4 young (4096K), 4 survivors (4096K)
 Metaspace       used 58765K, capacity 59277K, committed 59472K, reserved 1101824K
  class space    used 7428K, capacity 7591K, committed 7680K, reserved 1048576K
}
Event: 9.022 GC heap before
{Heap before GC invocations=16 (full 0):
 garbage-first heap   total 81920K, used 41088K [0x0000000083200000, 0x0000000100000000)
  region size 1024K, 18 young (18432K), 4 survivors (4096K)
 Metaspace       used 59614K, capacity 60127K, committed 60296K, reserved 1101824K
  class space    used 7568K, capacity 7724K, committed 7808K, reserved 1048576K
}
Event: 9.027 GC heap after
{Heap after GC invocations=17 (full 0):
 garbage-first heap   total 81920K, used 28448K [0x0000000083200000, 0x0000000100000000)
  region size 1024K, 3 young (3072K), 3 survivors (3072K)
 Metaspace       used 59614K, capacity 60127K, committed 60296K, reserved 1101824K
  class space    used 7568K, capacity 7724K, committed 7808K, reserved 1048576K
}
Event: 9.539 GC heap before
{Heap before GC invocations=18 (full 0):
 garbage-first heap   total 81920K, used 64288K [0x0000000083200000, 0x0000000100000000)
  region size 1024K, 38 young (38912K), 3 survivors (3072K)
 Metaspace       used 63035K, capacity 63703K, committed 63880K, reserved 1105920K
  class space    used 7994K, capacity 8198K, committed 8320K, reserved 1048576K
}
Event: 9.542 GC heap after
{Heap after GC invocations=19 (full 0):
 garbage-first heap   total 81920K, used 29948K [0x0000000083200000, 0x0000000100000000)
  region size 1024K, 5 young (5120K), 5 survivors (5120K)
 Metaspace       used 63035K, capacity 63703K, committed 63880K, reserved 1105920K
  class space    used 7994K, capacity 8198K, committed 8320K, reserved 1048576K
}
Event: 9.996 GC heap before
{Heap before GC invocations=19 (full 0):
 garbage-first heap   total 81920K, used 64764K [0x0000000083200000, 0x0000000100000000)
  region size 1024K, 39 young (39936K), 5 survivors (5120K)
 Metaspace       used 65883K, capacity 66517K, committed 66696K, reserved 1107968K
  class space    used 8371K, capacity 8551K, committed 8576K, reserved 1048576K
}
Event: 10.000 GC heap after
{Heap after GC invocations=20 (full 0):
 garbage-first heap   total 81920K, used 32173K [0x0000000083200000, 0x0000000100000000)
  region size 1024K, 5 young (5120K), 5 survivors (5120K)
 Metaspace       used 65883K, capacity 66517K, committed 66696K, reserved 1107968K
  class space    used 8371K, capacity 8551K, committed 8576K, reserved 1048576K
}
Event: 10.498 GC heap before
{Heap before GC invocations=20 (full 0):
 garbage-first heap   total 81920K, used 64941K [0x0000000083200000, 0x0000000100000000)
  region size 1024K, 38 young (38912K), 5 survivors (5120K)
 Metaspace       used 68679K, capacity 69323K, committed 69384K, reserved 1110016K
  class space    used 8695K, capacity 8908K, committed 8960K, reserved 1048576K
}
Event: 10.503 GC heap after
{Heap after GC invocations=21 (full 0):
 garbage-first heap   total 81920K, used 36105K [0x0000000083200000, 0x0000000100000000)
  region size 1024K, 5 young (5120K), 5 survivors (5120K)
 Metaspace       used 68679K, capacity 69323K, committed 69384K, reserved 1110016K
  class space    used 8695K, capacity 8908K, committed 8960K, reserved 1048576K
}
Event: 47.161 GC heap before
{Heap before GC invocations=21 (full 0):
 garbage-first heap   total 81920K, used 64777K [0x0000000083200000, 0x0000000100000000)
  region size 1024K, 33 young (33792K), 5 survivors (5120K)
 Metaspace       used 71085K, capacity 71733K, committed 71944K, reserved 1112064K
  class space    used 8978K, capacity 9175K, committed 9216K, reserved 1048576K
}
Event: 47.166 GC heap after
{Heap after GC invocations=22 (full 0):
 garbage-first heap   total 81920K, used 38489K [0x0000000083200000, 0x0000000100000000)
  region size 1024K, 3 young (3072K), 3 survivors (3072K)
 Metaspace       used 71085K, capacity 71733K, committed 71944K, reserved 1112064K
  class space    used 8978K, capacity 9175K, committed 9216K, reserved 1048576K
}
Event: 63.428 GC heap before
{Heap before GC invocations=22 (full 0):
 garbage-first heap   total 81920K, used 56921K [0x0000000083200000, 0x0000000100000000)
  region size 1024K, 22 young (22528K), 3 survivors (3072K)
 Metaspace       used 73845K, capacity 74474K, committed 74632K, reserved 1114112K
  class space    used 9314K, capacity 9532K, committed 9600K, reserved 1048576K
}
Event: 63.494 GC heap after
{Heap after GC invocations=23 (full 1):
 garbage-first heap   total 81920K, used 31616K [0x0000000083200000, 0x0000000100000000)
  region size 1024K, 0 young (0K), 0 survivors (0K)
 Metaspace       used 73838K, capacity 74462K, committed 74632K, reserved 1114112K
  class space    used 9313K, capacity 9530K, committed 9600K, reserved 1048576K
}

