# JRE version: Java(TM) SE Runtime Environment (15.0.2+7) (build 15.0.2+7-27)
# Java VM: Java HotSpot(TM) 64-Bit Server VM (15.0.2+7-27, mixed mode, sharing, tiered, compressed oops, g1 gc, windows-amd64)
GC Precious Log:
 CPUs: 8 total, 8 available
 Memory: 7987M
 Large Page Support: Disabled
 NUMA Support: Disabled
 Compressed Oops: Enabled (32-bit)
 Heap Region Size: 1M
 Heap Min Capacity: 8M
 Heap Initial Capacity: 126M
 Heap Max Capacity: 1998M
 Pre-touch: Disabled
 Parallel Workers: 8
 Concurrent Workers: 2
 Concurrent Refinement Workers: 8
 Periodic GC: Disabled
Heap:
 garbage-first heap   total 70656K, used 40392K [0x0000000083200000, 0x0000000100000000)
  region size 1024K, 22 young (22528K), 2 survivors (2048K)
 Metaspace       used 38283K, capacity 38742K, committed 38960K, reserved 1083392K
  class space    used 4746K, capacity 4904K, committed 4992K, reserved 1048576K
GC Heap History (20 events):
Event: 0.557 GC heap before
{Heap before GC invocations=1 (full 0):
 garbage-first heap   total 129024K, used 33083K [0x0000000083200000, 0x0000000100000000)
  region size 1024K, 29 young (29696K), 3 survivors (3072K)
 Metaspace       used 4525K, capacity 6501K, committed 6528K, reserved 1056768K
  class space    used 476K, capacity 635K, committed 640K, reserved 1048576K
}
Event: 0.559 GC heap after
{Heap after GC invocations=2 (full 0):
 garbage-first heap   total 129024K, used 7695K [0x0000000083200000, 0x0000000100000000)
  region size 1024K, 1 young (1024K), 1 survivors (1024K)
 Metaspace       used 4525K, capacity 6501K, committed 6528K, reserved 1056768K
  class space    used 476K, capacity 635K, committed 640K, reserved 1048576K
}
Event: 1.609 GC heap before
{Heap before GC invocations=2 (full 0):
 garbage-first heap   total 129024K, used 82447K [0x0000000083200000, 0x0000000100000000)
  region size 1024K, 75 young (76800K), 1 survivors (1024K)
 Metaspace       used 20348K, capacity 20553K, committed 20864K, reserved 1067008K
  class space    used 2501K, capacity 2579K, committed 2688K, reserved 1048576K
}
Event: 1.615 GC heap after
{Heap after GC invocations=3 (full 0):
 garbage-first heap   total 129024K, used 12685K [0x0000000083200000, 0x0000000100000000)
  region size 1024K, 5 young (5120K), 5 survivors (5120K)
 Metaspace       used 20348K, capacity 20553K, committed 20864K, reserved 1067008K
  class space    used 2501K, capacity 2579K, committed 2688K, reserved 1048576K
}
Event: 1.660 GC heap before
{Heap before GC invocations=3 (full 0):
 garbage-first heap   total 129024K, used 15757K [0x0000000083200000, 0x0000000100000000)
  region size 1024K, 9 young (9216K), 5 survivors (5120K)
 Metaspace       used 21053K, capacity 21246K, committed 21296K, reserved 1069056K
  class space    used 2601K, capacity 2681K, committed 2688K, reserved 1048576K
}
Event: 1.663 GC heap after
{Heap after GC invocations=4 (full 0):
 garbage-first heap   total 129024K, used 13121K [0x0000000083200000, 0x0000000100000000)
  region size 1024K, 6 young (6144K), 6 survivors (6144K)
 Metaspace       used 21053K, capacity 21246K, committed 21296K, reserved 1069056K
  class space    used 2601K, capacity 2681K, committed 2688K, reserved 1048576K
}
Event: 1.912 GC heap before
{Heap before GC invocations=5 (full 0):
 garbage-first heap   total 51200K, used 48961K [0x0000000083200000, 0x0000000100000000)
  region size 1024K, 42 young (43008K), 6 survivors (6144K)
 Metaspace       used 21722K, capacity 21982K, committed 22192K, reserved 1069056K
  class space    used 2685K, capacity 2753K, committed 2816K, reserved 1048576K
}
Event: 1.917 GC heap after
{Heap after GC invocations=6 (full 0):
 garbage-first heap   total 58368K, used 13895K [0x0000000083200000, 0x0000000100000000)
  region size 1024K, 7 young (7168K), 7 survivors (7168K)
 Metaspace       used 21722K, capacity 21982K, committed 22192K, reserved 1069056K
  class space    used 2685K, capacity 2753K, committed 2816K, reserved 1048576K
}
Event: 2.495 GC heap before
{Heap before GC invocations=6 (full 0):
 garbage-first heap   total 58368K, used 40519K [0x0000000083200000, 0x0000000100000000)
  region size 1024K, 34 young (34816K), 7 survivors (7168K)
 Metaspace       used 23547K, capacity 23871K, committed 23984K, reserved 1071104K
  class space    used 2874K, capacity 2992K, committed 3072K, reserved 1048576K
}
Event: 2.500 GC heap after
{Heap after GC invocations=7 (full 0):
 garbage-first heap   total 70656K, used 15349K [0x0000000083200000, 0x0000000100000000)
  region size 1024K, 3 young (3072K), 3 survivors (3072K)
 Metaspace       used 23547K, capacity 23871K, committed 23984K, reserved 1071104K
  class space    used 2874K, capacity 2992K, committed 3072K, reserved 1048576K
}
Event: 4.036 GC heap before
{Heap before GC invocations=7 (full 0):
 garbage-first heap   total 70656K, used 53237K [0x0000000083200000, 0x0000000100000000)
  region size 1024K, 40 young (40960K), 3 survivors (3072K)
 Metaspace       used 29034K, capacity 29362K, committed 29488K, reserved 1075200K
  class space    used 3595K, capacity 3697K, committed 3712K, reserved 1048576K
}
Event: 4.040 GC heap after
{Heap after GC invocations=8 (full 0):
 garbage-first heap   total 70656K, used 17610K [0x0000000083200000, 0x0000000100000000)
  region size 1024K, 5 young (5120K), 5 survivors (5120K)
 Metaspace       used 29034K, capacity 29362K, committed 29488K, reserved 1075200K
  class space    used 3595K, capacity 3697K, committed 3712K, reserved 1048576K
}
Event: 4.772 GC heap before
{Heap before GC invocations=8 (full 0):
 garbage-first heap   total 70656K, used 52426K [0x0000000083200000, 0x0000000100000000)
  region size 1024K, 40 young (40960K), 5 survivors (5120K)
 Metaspace       used 33017K, capacity 33441K, committed 33712K, reserved 1079296K
  class space    used 4115K, capacity 4291K, committed 4352K, reserved 1048576K
}
Event: 4.777 GC heap after
{Heap after GC invocations=9 (full 0):
 garbage-first heap   total 70656K, used 20190K [0x0000000083200000, 0x0000000100000000)
  region size 1024K, 3 young (3072K), 3 survivors (3072K)
 Metaspace       used 33017K, capacity 33441K, committed 33712K, reserved 1079296K
  class space    used 4115K, capacity 4291K, committed 4352K, reserved 1048576K
}
Event: 4.947 GC heap before
{Heap before GC invocations=9 (full 0):
 garbage-first heap   total 70656K, used 52958K [0x0000000083200000, 0x0000000100000000)
  region size 1024K, 36 young (36864K), 3 survivors (3072K)
 Metaspace       used 34760K, capacity 35169K, committed 35376K, reserved 1081344K
  class space    used 4270K, capacity 4419K, committed 4480K, reserved 1048576K
}
Event: 4.951 GC heap after
{Heap after GC invocations=10 (full 0):
 garbage-first heap   total 70656K, used 20549K [0x0000000083200000, 0x0000000100000000)
  region size 1024K, 4 young (4096K), 4 survivors (4096K)
 Metaspace       used 34760K, capacity 35169K, committed 35376K, reserved 1081344K
  class space    used 4270K, capacity 4419K, committed 4480K, reserved 1048576K
}
Event: 4.990 GC heap before
{Heap before GC invocations=10 (full 0):
 garbage-first heap   total 70656K, used 53317K [0x0000000083200000, 0x0000000100000000)
  region size 1024K, 37 young (37888K), 4 survivors (4096K)
 Metaspace       used 34831K, capacity 35169K, committed 35376K, reserved 1081344K
  class space    used 4274K, capacity 4419K, committed 4480K, reserved 1048576K
}
Event: 4.992 GC heap after
{Heap after GC invocations=11 (full 0):
 garbage-first heap   total 70656K, used 20856K [0x0000000083200000, 0x0000000100000000)
  region size 1024K, 2 young (2048K), 2 survivors (2048K)
 Metaspace       used 34831K, capacity 35169K, committed 35376K, reserved 1081344K
  class space    used 4274K, capacity 4419K, committed 4480K, reserved 1048576K
}
Event: 5.194 GC heap before
{Heap before GC invocations=11 (full 0):
 garbage-first heap   total 70656K, used 36216K [0x0000000083200000, 0x0000000100000000)
  region size 1024K, 19 young (19456K), 2 survivors (2048K)
 Metaspace       used 35281K, capacity 35658K, committed 35888K, reserved 1081344K
  class space    used 4334K, capacity 4453K, committed 4480K, reserved 1048576K
}
Event: 5.196 GC heap after
{Heap after GC invocations=12 (full 0):
 garbage-first heap   total 70656K, used 20936K [0x0000000083200000, 0x0000000100000000)
  region size 1024K, 2 young (2048K), 2 survivors (2048K)
 Metaspace       used 35281K, capacity 35658K, committed 35888K, reserved 1081344K
  class space    used 4334K, capacity 4453K, committed 4480K, reserved 1048576K
}

