# JRE version: OpenJDK Runtime Environment Temurin-17.0.4.1+1 (17.0.4.1+1) (build 17.0.4.1+1)
# Java VM: OpenJDK 64-Bit Server VM Temurin-17.0.4.1+1 (17.0.4.1+1, mixed mode, emulated-client, tiered, compressed oops, compressed class ptrs, g1 gc, windows-amd64)
GC Precious Log:
 CPUs: 8 total, 8 available
 Memory: 7987M
 Large Page Support: Disabled
 NUMA Support: Disabled
 Compressed Oops: Enabled (32-bit)
 Heap Region Size: 1M
 Heap Min Capacity: 8M
 Heap Initial Capacity: 126M
 Heap Max Capacity: 1998M
 Pre-touch: Disabled
 Parallel Workers: 8
 Concurrent Workers: 2
 Concurrent Refinement Workers: 8
 Periodic GC: Disabled
Heap:
 garbage-first heap   total 515072K, used 118618K [0x0000000083200000, 0x0000000100000000)
  region size 1024K, 24 young (24576K), 24 survivors (24576K)
 Metaspace       used 38460K, committed 38784K, reserved 1089536K
  class space    used 4876K, committed 5056K, reserved 1048576K
GC Heap History (20 events):
Event: 4.510 GC heap after
{Heap after GC invocations=12 (full 0):
 garbage-first heap   total 65536K, used 34759K [0x0000000083200000, 0x0000000100000000)
  region size 1024K, 3 young (3072K), 3 survivors (3072K)
 Metaspace       used 34207K, committed 34560K, reserved 1081344K
  class space    used 4363K, committed 4544K, reserved 1048576K
}
Event: 4.569 GC heap before
{Heap before GC invocations=13 (full 0):
 garbage-first heap   total 75776K, used 49095K [0x0000000083200000, 0x0000000100000000)
  region size 1024K, 17 young (17408K), 3 survivors (3072K)
 Metaspace       used 34356K, committed 34688K, reserved 1081344K
  class space    used 4390K, committed 4544K, reserved 1048576K
}
Event: 4.575 GC heap after
{Heap after GC invocations=14 (full 0):
 garbage-first heap   total 75776K, used 37792K [0x0000000083200000, 0x0000000100000000)
  region size 1024K, 3 young (3072K), 3 survivors (3072K)
 Metaspace       used 34356K, committed 34688K, reserved 1081344K
  class space    used 4390K, committed 4544K, reserved 1048576K
}
Event: 4.578 GC heap before
{Heap before GC invocations=14 (full 0):
 garbage-first heap   total 75776K, used 38816K [0x0000000083200000, 0x0000000100000000)
  region size 1024K, 4 young (4096K), 3 survivors (3072K)
 Metaspace       used 34359K, committed 34688K, reserved 1081344K
  class space    used 4391K, committed 4544K, reserved 1048576K
}
Event: 4.582 GC heap after
{Heap after GC invocations=15 (full 0):
 garbage-first heap   total 187392K, used 38465K [0x0000000083200000, 0x0000000100000000)
  region size 1024K, 1 young (1024K), 1 survivors (1024K)
 Metaspace       used 34359K, committed 34688K, reserved 1081344K
  class space    used 4391K, committed 4544K, reserved 1048576K
}
Event: 5.062 GC heap before
{Heap before GC invocations=15 (full 0):
 garbage-first heap   total 187392K, used 134721K [0x0000000083200000, 0x0000000100000000)
  region size 1024K, 94 young (96256K), 1 survivors (1024K)
 Metaspace       used 36219K, committed 36544K, reserved 1081344K
  class space    used 4721K, committed 4864K, reserved 1048576K
}
Event: 5.089 GC heap after
{Heap after GC invocations=16 (full 0):
 garbage-first heap   total 187392K, used 64260K [0x0000000083200000, 0x0000000100000000)
  region size 1024K, 12 young (12288K), 12 survivors (12288K)
 Metaspace       used 36219K, committed 36544K, reserved 1081344K
  class space    used 4721K, committed 4864K, reserved 1048576K
}
Event: 5.110 GC heap before
{Heap before GC invocations=16 (full 0):
 garbage-first heap   total 187392K, used 111364K [0x0000000083200000, 0x0000000100000000)
  region size 1024K, 59 young (60416K), 12 survivors (12288K)
 Metaspace       used 36223K, committed 36544K, reserved 1081344K
  class space    used 4722K, committed 4864K, reserved 1048576K
}
Event: 5.116 GC heap after
{Heap after GC invocations=17 (full 0):
 garbage-first heap   total 187392K, used 68297K [0x0000000083200000, 0x0000000100000000)
  region size 1024K, 4 young (4096K), 4 survivors (4096K)
 Metaspace       used 36223K, committed 36544K, reserved 1081344K
  class space    used 4722K, committed 4864K, reserved 1048576K
}
Event: 5.131 GC heap before
{Heap before GC invocations=17 (full 0):
 garbage-first heap   total 187392K, used 120521K [0x0000000083200000, 0x0000000100000000)
  region size 1024K, 56 young (57344K), 4 survivors (4096K)
 Metaspace       used 36247K, committed 36544K, reserved 1081344K
  class space    used 4723K, committed 4864K, reserved 1048576K
}
Event: 5.134 GC heap after
{Heap after GC invocations=18 (full 0):
 garbage-first heap   total 187392K, used 69672K [0x0000000083200000, 0x0000000100000000)
  region size 1024K, 5 young (5120K), 5 survivors (5120K)
 Metaspace       used 36247K, committed 36544K, reserved 1081344K
  class space    used 4723K, committed 4864K, reserved 1048576K
}
Event: 5.148 GC heap before
{Heap before GC invocations=18 (full 0):
 garbage-first heap   total 187392K, used 133160K [0x0000000083200000, 0x0000000100000000)
  region size 1024K, 68 young (69632K), 5 survivors (5120K)
 Metaspace       used 36247K, committed 36544K, reserved 1081344K
  class space    used 4723K, committed 4864K, reserved 1048576K
}
Event: 5.155 GC heap after
{Heap after GC invocations=19 (full 0):
 garbage-first heap   total 515072K, used 71965K [0x0000000083200000, 0x0000000100000000)
  region size 1024K, 7 young (7168K), 7 survivors (7168K)
 Metaspace       used 36247K, committed 36544K, reserved 1081344K
  class space    used 4723K, committed 4864K, reserved 1048576K
}
Event: 5.248 GC heap before
{Heap before GC invocations=19 (full 0):
 garbage-first heap   total 515072K, used 337181K [0x0000000083200000, 0x0000000100000000)
  region size 1024K, 267 young (273408K), 7 survivors (7168K)
 Metaspace       used 36557K, committed 36928K, reserved 1081344K
  class space    used 4750K, committed 4928K, reserved 1048576K
}
Event: 5.257 GC heap after
{Heap after GC invocations=20 (full 0):
 garbage-first heap   total 515072K, used 82406K [0x0000000083200000, 0x0000000100000000)
  region size 1024K, 17 young (17408K), 17 survivors (17408K)
 Metaspace       used 36557K, committed 36928K, reserved 1081344K
  class space    used 4750K, committed 4928K, reserved 1048576K
}
Event: 5.330 GC heap before
{Heap before GC invocations=20 (full 0):
 garbage-first heap   total 515072K, used 372198K [0x0000000083200000, 0x0000000100000000)
  region size 1024K, 301 young (308224K), 17 survivors (17408K)
 Metaspace       used 36820K, committed 37184K, reserved 1081344K
  class space    used 4761K, committed 4928K, reserved 1048576K
}
Event: 5.342 GC heap after
{Heap after GC invocations=21 (full 0):
 garbage-first heap   total 515072K, used 95393K [0x0000000083200000, 0x0000000100000000)
  region size 1024K, 30 young (30720K), 30 survivors (30720K)
 Metaspace       used 36820K, committed 37184K, reserved 1081344K
  class space    used 4761K, committed 4928K, reserved 1048576K
}
Event: 5.428 GC heap before
{Heap before GC invocations=21 (full 0):
 garbage-first heap   total 515072K, used 371873K [0x0000000083200000, 0x0000000100000000)
  region size 1024K, 301 young (308224K), 30 survivors (30720K)
 Metaspace       used 37335K, committed 37696K, reserved 1089536K
  class space    used 4814K, committed 4992K, reserved 1048576K
}
Event: 5.442 GC heap after
{Heap after GC invocations=22 (full 0):
 garbage-first heap   total 515072K, used 105474K [0x0000000083200000, 0x0000000100000000)
  region size 1024K, 23 young (23552K), 23 survivors (23552K)
 Metaspace       used 37335K, committed 37696K, reserved 1089536K
  class space    used 4814K, committed 4992K, reserved 1048576K
}
Event: 5.600 GC heap before
{Heap before GC invocations=22 (full 0):
 garbage-first heap   total 515072K, used 389122K [0x0000000083200000, 0x0000000100000000)
  region size 1024K, 301 young (308224K), 23 survivors (23552K)
 Metaspace       used 38460K, committed 38784K, reserved 1089536K
  class space    used 4876K, committed 5056K, reserved 1048576K
}

