# JRE version: OpenJDK Runtime Environment Temurin-17.0.5+8 (17.0.5+8) (build 17.0.5+8)
# Java VM: OpenJDK 64-Bit Server VM Temurin-17.0.5+8 (17.0.5+8, mixed mode, emulated-client, sharing, tiered, compressed oops, compressed class ptrs, g1 gc, windows-amd64)
GC Precious Log:
 CPUs: 8 total, 8 available
 Memory: 7987M
 Large Page Support: Disabled
 NUMA Support: Disabled
 Compressed Oops: Enabled (32-bit)
 Heap Region Size: 1M
 Heap Min Capacity: 8M
 Heap Initial Capacity: 126M
 Heap Max Capacity: 1998M
 Pre-touch: Disabled
 Parallel Workers: 8
 Concurrent Workers: 2
 Concurrent Refinement Workers: 8
 Periodic GC: Disabled
Heap:
 garbage-first heap   total 119808K, used 35439K [0x0000000083200000, 0x0000000100000000)
  region size 1024K, 1 young (1024K), 0 survivors (0K)
 Metaspace       used 46263K, committed 46656K, reserved 1097728K
  class space    used 6290K, committed 6464K, reserved 1048576K
GC Heap History (20 events):
Event: 950.797 GC heap before
{Heap before GC invocations=111 (full 84):
 garbage-first heap   total 119808K, used 35439K [0x0000000083200000, 0x0000000100000000)
  region size 1024K, 1 young (1024K), 0 survivors (0K)
 Metaspace       used 46263K, committed 46656K, reserved 1097728K
  class space    used 6290K, committed 6464K, reserved 1048576K
}
Event: 950.835 GC heap after
{Heap after GC invocations=112 (full 85):
 garbage-first heap   total 119808K, used 35439K [0x0000000083200000, 0x0000000100000000)
  region size 1024K, 0 young (0K), 0 survivors (0K)
 Metaspace       used 46263K, committed 46656K, reserved 1097728K
  class space    used 6290K, committed 6464K, reserved 1048576K
}
Event: 961.053 GC heap before
{Heap before GC invocations=112 (full 85):
 garbage-first heap   total 119808K, used 35439K [0x0000000083200000, 0x0000000100000000)
  region size 1024K, 1 young (1024K), 0 survivors (0K)
 Metaspace       used 46263K, committed 46656K, reserved 1097728K
  class space    used 6290K, committed 6464K, reserved 1048576K
}
Event: 961.093 GC heap after
{Heap after GC invocations=113 (full 86):
 garbage-first heap   total 119808K, used 35439K [0x0000000083200000, 0x0000000100000000)
  region size 1024K, 0 young (0K), 0 survivors (0K)
 Metaspace       used 46263K, committed 46656K, reserved 1097728K
  class space    used 6290K, committed 6464K, reserved 1048576K
}
Event: 971.322 GC heap before
{Heap before GC invocations=113 (full 86):
 garbage-first heap   total 119808K, used 35439K [0x0000000083200000, 0x0000000100000000)
  region size 1024K, 1 young (1024K), 0 survivors (0K)
 Metaspace       used 46263K, committed 46656K, reserved 1097728K
  class space    used 6290K, committed 6464K, reserved 1048576K
}
Event: 971.362 GC heap after
{Heap after GC invocations=114 (full 87):
 garbage-first heap   total 119808K, used 35439K [0x0000000083200000, 0x0000000100000000)
  region size 1024K, 0 young (0K), 0 survivors (0K)
 Metaspace       used 46263K, committed 46656K, reserved 1097728K
  class space    used 6290K, committed 6464K, reserved 1048576K
}
Event: 981.707 GC heap before
{Heap before GC invocations=114 (full 87):
 garbage-first heap   total 119808K, used 35439K [0x0000000083200000, 0x0000000100000000)
  region size 1024K, 1 young (1024K), 0 survivors (0K)
 Metaspace       used 46263K, committed 46656K, reserved 1097728K
  class space    used 6290K, committed 6464K, reserved 1048576K
}
Event: 981.749 GC heap after
{Heap after GC invocations=115 (full 88):
 garbage-first heap   total 119808K, used 35439K [0x0000000083200000, 0x0000000100000000)
  region size 1024K, 0 young (0K), 0 survivors (0K)
 Metaspace       used 46263K, committed 46656K, reserved 1097728K
  class space    used 6290K, committed 6464K, reserved 1048576K
}
Event: 991.996 GC heap before
{Heap before GC invocations=115 (full 88):
 garbage-first heap   total 119808K, used 35439K [0x0000000083200000, 0x0000000100000000)
  region size 1024K, 1 young (1024K), 0 survivors (0K)
 Metaspace       used 46263K, committed 46656K, reserved 1097728K
  class space    used 6290K, committed 6464K, reserved 1048576K
}
Event: 992.026 GC heap after
{Heap after GC invocations=116 (full 89):
 garbage-first heap   total 119808K, used 35439K [0x0000000083200000, 0x0000000100000000)
  region size 1024K, 0 young (0K), 0 survivors (0K)
 Metaspace       used 46263K, committed 46656K, reserved 1097728K
  class space    used 6290K, committed 6464K, reserved 1048576K
}
Event: 1002.257 GC heap before
{Heap before GC invocations=116 (full 89):
 garbage-first heap   total 119808K, used 35439K [0x0000000083200000, 0x0000000100000000)
  region size 1024K, 1 young (1024K), 0 survivors (0K)
 Metaspace       used 46263K, committed 46656K, reserved 1097728K
  class space    used 6290K, committed 6464K, reserved 1048576K
}
Event: 1002.288 GC heap after
{Heap after GC invocations=117 (full 90):
 garbage-first heap   total 119808K, used 35439K [0x0000000083200000, 0x0000000100000000)
  region size 1024K, 0 young (0K), 0 survivors (0K)
 Metaspace       used 46263K, committed 46656K, reserved 1097728K
  class space    used 6290K, committed 6464K, reserved 1048576K
}
Event: 1013.279 GC heap before
{Heap before GC invocations=117 (full 90):
 garbage-first heap   total 119808K, used 35439K [0x0000000083200000, 0x0000000100000000)
  region size 1024K, 1 young (1024K), 0 survivors (0K)
 Metaspace       used 46263K, committed 46656K, reserved 1097728K
  class space    used 6290K, committed 6464K, reserved 1048576K
}
Event: 1013.360 GC heap after
{Heap after GC invocations=118 (full 91):
 garbage-first heap   total 119808K, used 35439K [0x0000000083200000, 0x0000000100000000)
  region size 1024K, 0 young (0K), 0 survivors (0K)
 Metaspace       used 46263K, committed 46656K, reserved 1097728K
  class space    used 6290K, committed 6464K, reserved 1048576K
}
Event: 1023.878 GC heap before
{Heap before GC invocations=118 (full 91):
 garbage-first heap   total 119808K, used 35439K [0x0000000083200000, 0x0000000100000000)
  region size 1024K, 1 young (1024K), 0 survivors (0K)
 Metaspace       used 46263K, committed 46656K, reserved 1097728K
  class space    used 6290K, committed 6464K, reserved 1048576K
}
Event: 1023.957 GC heap after
{Heap after GC invocations=119 (full 92):
 garbage-first heap   total 119808K, used 35439K [0x0000000083200000, 0x0000000100000000)
  region size 1024K, 0 young (0K), 0 survivors (0K)
 Metaspace       used 46263K, committed 46656K, reserved 1097728K
  class space    used 6290K, committed 6464K, reserved 1048576K
}
Event: 1034.519 GC heap before
{Heap before GC invocations=119 (full 92):
 garbage-first heap   total 119808K, used 35439K [0x0000000083200000, 0x0000000100000000)
  region size 1024K, 1 young (1024K), 0 survivors (0K)
 Metaspace       used 46263K, committed 46656K, reserved 1097728K
  class space    used 6290K, committed 6464K, reserved 1048576K
}
Event: 1034.598 GC heap after
{Heap after GC invocations=120 (full 93):
 garbage-first heap   total 119808K, used 35439K [0x0000000083200000, 0x0000000100000000)
  region size 1024K, 0 young (0K), 0 survivors (0K)
 Metaspace       used 46263K, committed 46656K, reserved 1097728K
  class space    used 6290K, committed 6464K, reserved 1048576K
}
Event: 1044.969 GC heap before
{Heap before GC invocations=120 (full 93):
 garbage-first heap   total 119808K, used 35439K [0x0000000083200000, 0x0000000100000000)
  region size 1024K, 1 young (1024K), 0 survivors (0K)
 Metaspace       used 46263K, committed 46656K, reserved 1097728K
  class space    used 6290K, committed 6464K, reserved 1048576K
}
Event: 1045.023 GC heap after
{Heap after GC invocations=121 (full 94):
 garbage-first heap   total 119808K, used 35439K [0x0000000083200000, 0x0000000100000000)
  region size 1024K, 0 young (0K), 0 survivors (0K)
 Metaspace       used 46263K, committed 46656K, reserved 1097728K
  class space    used 6290K, committed 6464K, reserved 1048576K
}

