# JRE version: OpenJDK Runtime Environment Temurin-17.0.4.1+1 (17.0.4.1+1) (build 17.0.4.1+1)
# Java VM: OpenJDK 64-Bit Server VM Temurin-17.0.4.1+1 (17.0.4.1+1, mixed mode, emulated-client, tiered, compressed oops, compressed class ptrs, g1 gc, windows-amd64)
GC Precious Log:
 CPUs: 8 total, 8 available
 Memory: 7987M
 Large Page Support: Disabled
 NUMA Support: Disabled
 Compressed Oops: Enabled (32-bit)
 Heap Region Size: 1M
 Heap Min Capacity: 8M
 Heap Initial Capacity: 126M
 Heap Max Capacity: 1998M
 Pre-touch: Disabled
 Parallel Workers: 8
 Concurrent Workers: 2
 Concurrent Refinement Workers: 8
 Periodic GC: Disabled
Heap:
 garbage-first heap   total 258048K, used 82296K [0x0000000083200000, 0x0000000100000000)
  region size 1024K, 10 young (10240K), 10 survivors (10240K)
 Metaspace       used 36799K, committed 37120K, reserved 1081344K
  class space    used 4757K, committed 4928K, reserved 1048576K
GC Heap History (20 events):
Event: 7.273 GC heap after
{Heap after GC invocations=12 (full 0):
 garbage-first heap   total 101376K, used 32650K [0x0000000083200000, 0x0000000100000000)
  region size 1024K, 2 young (2048K), 2 survivors (2048K)
 Metaspace       used 33945K, committed 34240K, reserved 1081344K
  class space    used 4329K, committed 4480K, reserved 1048576K
}
Event: 7.346 GC heap before
{Heap before GC invocations=13 (full 0):
 garbage-first heap   total 101376K, used 71562K [0x0000000083200000, 0x0000000100000000)
  region size 1024K, 40 young (40960K), 2 survivors (2048K)
 Metaspace       used 34303K, committed 34624K, reserved 1081344K
  class space    used 4385K, committed 4544K, reserved 1048576K
}
Event: 7.352 GC heap after
{Heap after GC invocations=14 (full 0):
 garbage-first heap   total 101376K, used 42202K [0x0000000083200000, 0x0000000100000000)
  region size 1024K, 5 young (5120K), 5 survivors (5120K)
 Metaspace       used 34303K, committed 34624K, reserved 1081344K
  class space    used 4385K, committed 4544K, reserved 1048576K
}
Event: 7.355 GC heap before
{Heap before GC invocations=14 (full 0):
 garbage-first heap   total 101376K, used 43226K [0x0000000083200000, 0x0000000100000000)
  region size 1024K, 6 young (6144K), 5 survivors (5120K)
 Metaspace       used 34313K, committed 34624K, reserved 1081344K
  class space    used 4387K, committed 4544K, reserved 1048576K
}
Event: 7.358 GC heap after
{Heap after GC invocations=15 (full 0):
 garbage-first heap   total 101376K, used 43504K [0x0000000083200000, 0x0000000100000000)
  region size 1024K, 1 young (1024K), 1 survivors (1024K)
 Metaspace       used 34313K, committed 34624K, reserved 1081344K
  class space    used 4387K, committed 4544K, reserved 1048576K
}
Event: 7.490 GC heap before
{Heap before GC invocations=15 (full 0):
 garbage-first heap   total 101376K, used 72176K [0x0000000083200000, 0x0000000100000000)
  region size 1024K, 29 young (29696K), 1 survivors (1024K)
 Metaspace       used 35402K, committed 35776K, reserved 1081344K
  class space    used 4568K, committed 4736K, reserved 1048576K
}
Event: 7.498 GC heap after
{Heap after GC invocations=16 (full 0):
 garbage-first heap   total 101376K, used 48950K [0x0000000083200000, 0x0000000100000000)
  region size 1024K, 4 young (4096K), 4 survivors (4096K)
 Metaspace       used 35402K, committed 35776K, reserved 1081344K
  class space    used 4568K, committed 4736K, reserved 1048576K
}
Event: 7.584 GC heap before
{Heap before GC invocations=16 (full 0):
 garbage-first heap   total 101376K, used 69430K [0x0000000083200000, 0x0000000100000000)
  region size 1024K, 24 young (24576K), 4 survivors (4096K)
 Metaspace       used 35656K, committed 36032K, reserved 1081344K
  class space    used 4629K, committed 4800K, reserved 1048576K
}
Event: 7.599 GC heap after
{Heap after GC invocations=17 (full 0):
 garbage-first heap   total 101376K, used 59104K [0x0000000083200000, 0x0000000100000000)
  region size 1024K, 4 young (4096K), 4 survivors (4096K)
 Metaspace       used 35656K, committed 36032K, reserved 1081344K
  class space    used 4629K, committed 4800K, reserved 1048576K
}
Event: 7.654 GC heap before
{Heap before GC invocations=17 (full 0):
 garbage-first heap   total 101376K, used 75488K [0x0000000083200000, 0x0000000100000000)
  region size 1024K, 20 young (20480K), 4 survivors (4096K)
 Metaspace       used 35945K, committed 36352K, reserved 1081344K
  class space    used 4672K, committed 4864K, reserved 1048576K
}
Event: 7.673 GC heap after
{Heap after GC invocations=18 (full 0):
 garbage-first heap   total 258048K, used 64865K [0x0000000083200000, 0x0000000100000000)
  region size 1024K, 3 young (3072K), 3 survivors (3072K)
 Metaspace       used 35945K, committed 36352K, reserved 1081344K
  class space    used 4672K, committed 4864K, reserved 1048576K
}
Event: 7.738 GC heap before
{Heap before GC invocations=19 (full 0):
 garbage-first heap   total 242688K, used 169313K [0x0000000083200000, 0x0000000100000000)
  region size 1024K, 107 young (109568K), 3 survivors (3072K)
 Metaspace       used 36110K, committed 36480K, reserved 1081344K
  class space    used 4699K, committed 4864K, reserved 1048576K
}
Event: 7.743 GC heap after
{Heap after GC invocations=20 (full 0):
 garbage-first heap   total 242688K, used 68393K [0x0000000083200000, 0x0000000100000000)
  region size 1024K, 8 young (8192K), 8 survivors (8192K)
 Metaspace       used 36110K, committed 36480K, reserved 1081344K
  class space    used 4699K, committed 4864K, reserved 1048576K
}
Event: 7.745 GC heap before
{Heap before GC invocations=20 (full 0):
 garbage-first heap   total 242688K, used 70441K [0x0000000083200000, 0x0000000100000000)
  region size 1024K, 11 young (11264K), 8 survivors (8192K)
 Metaspace       used 36114K, committed 36480K, reserved 1081344K
  class space    used 4700K, committed 4864K, reserved 1048576K
}
Event: 7.750 GC heap after
{Heap after GC invocations=21 (full 0):
 garbage-first heap   total 242688K, used 68490K [0x0000000083200000, 0x0000000100000000)
  region size 1024K, 2 young (2048K), 2 survivors (2048K)
 Metaspace       used 36114K, committed 36480K, reserved 1081344K
  class space    used 4700K, committed 4864K, reserved 1048576K
}
Event: 7.789 GC heap before
{Heap before GC invocations=21 (full 0):
 garbage-first heap   total 242688K, used 182154K [0x0000000083200000, 0x0000000100000000)
  region size 1024K, 114 young (116736K), 2 survivors (2048K)
 Metaspace       used 36291K, committed 36608K, reserved 1081344K
  class space    used 4731K, committed 4864K, reserved 1048576K
}
Event: 7.792 GC heap after
{Heap after GC invocations=22 (full 0):
 garbage-first heap   total 242688K, used 72362K [0x0000000083200000, 0x0000000100000000)
  region size 1024K, 5 young (5120K), 5 survivors (5120K)
 Metaspace       used 36291K, committed 36608K, reserved 1081344K
  class space    used 4731K, committed 4864K, reserved 1048576K
}
Event: 7.825 GC heap before
{Heap before GC invocations=22 (full 0):
 garbage-first heap   total 242688K, used 186026K [0x0000000083200000, 0x0000000100000000)
  region size 1024K, 117 young (119808K), 5 survivors (5120K)
 Metaspace       used 36554K, committed 36928K, reserved 1081344K
  class space    used 4748K, committed 4928K, reserved 1048576K
}
Event: 7.829 GC heap after
{Heap after GC invocations=23 (full 0):
 garbage-first heap   total 242688K, used 77195K [0x0000000083200000, 0x0000000100000000)
  region size 1024K, 10 young (10240K), 10 survivors (10240K)
 Metaspace       used 36554K, committed 36928K, reserved 1081344K
  class space    used 4748K, committed 4928K, reserved 1048576K
}
Event: 7.872 GC heap before
{Heap before GC invocations=23 (full 0):
 garbage-first heap   total 242688K, used 190859K [0x0000000083200000, 0x0000000100000000)
  region size 1024K, 122 young (124928K), 10 survivors (10240K)
 Metaspace       used 36799K, committed 37120K, reserved 1081344K
  class space    used 4757K, committed 4928K, reserved 1048576K
}

