# JRE version: OpenJDK Runtime Environment Temurin-17.0.5+8 (17.0.5+8) (build 17.0.5+8)
# Java VM: OpenJDK 64-Bit Server VM Temurin-17.0.5+8 (17.0.5+8, mixed mode, sharing, tiered, compressed oops, compressed class ptrs, g1 gc, windows-amd64)
GC Precious Log:
 CPUs: 8 total, 8 available
 Memory: 7987M
 Large Page Support: Disabled
 NUMA Support: Disabled
 Compressed Oops: Enabled (32-bit)
 Heap Region Size: 1M
 Heap Min Capacity: 8M
 Heap Initial Capacity: 126M
 Heap Max Capacity: 1998M
 Pre-touch: Disabled
 Parallel Workers: 8
 Concurrent Workers: 2
 Concurrent Refinement Workers: 8
 Periodic GC: Disabled
Heap:
 garbage-first heap   total 235520K, used 122299K [0x0000000083200000, 0x0000000100000000)
  region size 1024K, 55 young (56320K), 10 survivors (10240K)
 Metaspace       used 128697K, committed 130560K, reserved 1171456K
  class space    used 13780K, committed 14720K, reserved 1048576K
GC Heap History (20 events):
Event: 1007.161 GC heap before
{Heap before GC invocations=160 (full 22):
 garbage-first heap   total 204800K, used 165429K [0x0000000083200000, 0x0000000100000000)
  region size 1024K, 100 young (102400K), 10 survivors (10240K)
 Metaspace       used 125232K, committed 127040K, reserved 1163264K
  class space    used 13539K, committed 14464K, reserved 1048576K
}
Event: 1007.167 GC heap after
{Heap after GC invocations=161 (full 22):
 garbage-first heap   total 204800K, used 76031K [0x0000000083200000, 0x0000000100000000)
  region size 1024K, 7 young (7168K), 7 survivors (7168K)
 Metaspace       used 125232K, committed 127040K, reserved 1163264K
  class space    used 13539K, committed 14464K, reserved 1048576K
}
Event: 1033.994 GC heap before
{Heap before GC invocations=161 (full 22):
 garbage-first heap   total 204800K, used 167167K [0x0000000083200000, 0x0000000100000000)
  region size 1024K, 96 young (98304K), 7 survivors (7168K)
 Metaspace       used 125232K, committed 127040K, reserved 1163264K
  class space    used 13539K, committed 14464K, reserved 1048576K
}
Event: 1034.000 GC heap after
{Heap after GC invocations=162 (full 22):
 garbage-first heap   total 204800K, used 75994K [0x0000000083200000, 0x0000000100000000)
  region size 1024K, 7 young (7168K), 7 survivors (7168K)
 Metaspace       used 125232K, committed 127040K, reserved 1163264K
  class space    used 13539K, committed 14464K, reserved 1048576K
}
Event: 1061.215 GC heap before
{Heap before GC invocations=162 (full 22):
 garbage-first heap   total 204800K, used 169178K [0x0000000083200000, 0x0000000100000000)
  region size 1024K, 98 young (100352K), 7 survivors (7168K)
 Metaspace       used 125236K, committed 127040K, reserved 1163264K
  class space    used 13539K, committed 14464K, reserved 1048576K
}
Event: 1061.219 GC heap after
{Heap after GC invocations=163 (full 22):
 garbage-first heap   total 204800K, used 75835K [0x0000000083200000, 0x0000000100000000)
  region size 1024K, 6 young (6144K), 6 survivors (6144K)
 Metaspace       used 125236K, committed 127040K, reserved 1163264K
  class space    used 13539K, committed 14464K, reserved 1048576K
}
Event: 1068.062 GC heap before
{Heap before GC invocations=163 (full 22):
 garbage-first heap   total 204800K, used 102459K [0x0000000083200000, 0x0000000100000000)
  region size 1024K, 33 young (33792K), 6 survivors (6144K)
 Metaspace       used 125246K, committed 127040K, reserved 1163264K
  class space    used 13540K, committed 14464K, reserved 1048576K
}
Event: 1068.180 GC heap after
{Heap after GC invocations=164 (full 23):
 garbage-first heap   total 204800K, used 67277K [0x0000000083200000, 0x0000000100000000)
  region size 1024K, 0 young (0K), 0 survivors (0K)
 Metaspace       used 125237K, committed 127040K, reserved 1163264K
  class space    used 13538K, committed 14464K, reserved 1048576K
}
Event: 1071.009 GC heap before
{Heap before GC invocations=164 (full 23):
 garbage-first heap   total 204800K, used 170701K [0x0000000083200000, 0x0000000100000000)
  region size 1024K, 101 young (103424K), 0 survivors (0K)
 Metaspace       used 126008K, committed 127808K, reserved 1163264K
  class space    used 13597K, committed 14528K, reserved 1048576K
}
Event: 1071.014 GC heap after
{Heap after GC invocations=165 (full 23):
 garbage-first heap   total 259072K, used 74127K [0x0000000083200000, 0x0000000100000000)
  region size 1024K, 7 young (7168K), 7 survivors (7168K)
 Metaspace       used 126008K, committed 127808K, reserved 1163264K
  class space    used 13597K, committed 14528K, reserved 1048576K
}
Event: 1083.348 GC heap before
{Heap before GC invocations=165 (full 23):
 garbage-first heap   total 259072K, used 198031K [0x0000000083200000, 0x0000000100000000)
  region size 1024K, 129 young (132096K), 7 survivors (7168K)
 Metaspace       used 126383K, committed 128256K, reserved 1163264K
  class space    used 13621K, committed 14592K, reserved 1048576K
}
Event: 1083.487 GC heap after
{Heap after GC invocations=166 (full 24):
 garbage-first heap   total 235520K, used 66950K [0x0000000083200000, 0x0000000100000000)
  region size 1024K, 0 young (0K), 0 survivors (0K)
 Metaspace       used 126374K, committed 128256K, reserved 1163264K
  class space    used 13619K, committed 14592K, reserved 1048576K
}
Event: 1088.580 GC heap before
{Heap before GC invocations=166 (full 24):
 garbage-first heap   total 235520K, used 190854K [0x0000000083200000, 0x0000000100000000)
  region size 1024K, 121 young (123904K), 0 survivors (0K)
 Metaspace       used 127209K, committed 129088K, reserved 1163264K
  class space    used 13681K, committed 14656K, reserved 1048576K
}
Event: 1088.587 GC heap after
{Heap after GC invocations=167 (full 24):
 garbage-first heap   total 235520K, used 74885K [0x0000000083200000, 0x0000000100000000)
  region size 1024K, 8 young (8192K), 8 survivors (8192K)
 Metaspace       used 127209K, committed 129088K, reserved 1163264K
  class space    used 13681K, committed 14656K, reserved 1048576K
}
Event: 1091.884 GC heap before
{Heap before GC invocations=167 (full 24):
 garbage-first heap   total 235520K, used 155781K [0x0000000083200000, 0x0000000100000000)
  region size 1024K, 88 young (90112K), 8 survivors (8192K)
 Metaspace       used 127551K, committed 129472K, reserved 1171456K
  class space    used 13701K, committed 14656K, reserved 1048576K
}
Event: 1092.033 GC heap after
{Heap after GC invocations=168 (full 25):
 garbage-first heap   total 235520K, used 67682K [0x0000000083200000, 0x0000000100000000)
  region size 1024K, 0 young (0K), 0 survivors (0K)
 Metaspace       used 127542K, committed 129472K, reserved 1171456K
  class space    used 13699K, committed 14656K, reserved 1048576K
}
Event: 1096.856 GC heap before
{Heap before GC invocations=168 (full 25):
 garbage-first heap   total 235520K, used 187490K [0x0000000083200000, 0x0000000100000000)
  region size 1024K, 118 young (120832K), 0 survivors (0K)
 Metaspace       used 128349K, committed 130240K, reserved 1171456K
  class space    used 13761K, committed 14720K, reserved 1048576K
}
Event: 1096.861 GC heap after
{Heap after GC invocations=169 (full 25):
 garbage-first heap   total 235520K, used 75383K [0x0000000083200000, 0x0000000100000000)
  region size 1024K, 8 young (8192K), 8 survivors (8192K)
 Metaspace       used 128349K, committed 130240K, reserved 1171456K
  class space    used 13761K, committed 14720K, reserved 1048576K
}
Event: 1110.353 GC heap before
{Heap before GC invocations=169 (full 25):
 garbage-first heap   total 235520K, used 190071K [0x0000000083200000, 0x0000000100000000)
  region size 1024K, 120 young (122880K), 8 survivors (8192K)
 Metaspace       used 128697K, committed 130560K, reserved 1171456K
  class space    used 13780K, committed 14720K, reserved 1048576K
}
Event: 1110.365 GC heap after
{Heap after GC invocations=170 (full 25):
 garbage-first heap   total 235520K, used 77243K [0x0000000083200000, 0x0000000100000000)
  region size 1024K, 10 young (10240K), 10 survivors (10240K)
 Metaspace       used 128697K, committed 130560K, reserved 1171456K
  class space    used 13780K, committed 14720K, reserved 1048576K
}

