# JRE version: OpenJDK Runtime Environment Temurin-17.0.5+8 (17.0.5+8) (build 17.0.5+8)
# Java VM: OpenJDK 64-Bit Server VM Temurin-17.0.5+8 (17.0.5+8, mixed mode, sharing, tiered, compressed oops, compressed class ptrs, g1 gc, windows-amd64)
GC Precious Log:
 CPUs: 8 total, 8 available
 Memory: 7987M
 Large Page Support: Disabled
 NUMA Support: Disabled
 Compressed Oops: Enabled (32-bit)
 Heap Region Size: 1M
 Heap Min Capacity: 8M
 Heap Initial Capacity: 126M
 Heap Max Capacity: 1998M
 Pre-touch: Disabled
 Parallel Workers: 8
 Concurrent Workers: 2
 Concurrent Refinement Workers: 8
 Periodic GC: Disabled
Heap:
 garbage-first heap   total 100352K, used 74562K [0x0000000083200000, 0x0000000100000000)
  region size 1024K, 26 young (26624K), 1 survivors (1024K)
 Metaspace       used 86045K, committed 86848K, reserved 1130496K
  class space    used 10678K, committed 11072K, reserved 1048576K
GC Heap History (20 events):
Event: 180.907 GC heap before
{Heap before GC invocations=47 (full 1):
 garbage-first heap   total 82944K, used 51060K [0x0000000083200000, 0x0000000100000000)
  region size 1024K, 6 young (6144K), 3 survivors (3072K)
 Metaspace       used 83119K, committed 83968K, reserved 1122304K
  class space    used 10544K, committed 10944K, reserved 1048576K
}
Event: 180.995 GC heap after
{Heap after GC invocations=48 (full 2):
 garbage-first heap   total 82944K, used 37404K [0x0000000083200000, 0x0000000100000000)
  region size 1024K, 0 young (0K), 0 survivors (0K)
 Metaspace       used 83113K, committed 83968K, reserved 1122304K
  class space    used 10543K, committed 10944K, reserved 1048576K
}
Event: 181.813 GC heap before
{Heap before GC invocations=48 (full 2):
 garbage-first heap   total 82944K, used 64028K [0x0000000083200000, 0x0000000100000000)
  region size 1024K, 26 young (26624K), 0 survivors (0K)
 Metaspace       used 83436K, committed 84224K, reserved 1122304K
  class space    used 10571K, committed 10944K, reserved 1048576K
}
Event: 181.817 GC heap after
{Heap after GC invocations=49 (full 2):
 garbage-first heap   total 82944K, used 39669K [0x0000000083200000, 0x0000000100000000)
  region size 1024K, 3 young (3072K), 3 survivors (3072K)
 Metaspace       used 83436K, committed 84224K, reserved 1122304K
  class space    used 10571K, committed 10944K, reserved 1048576K
}
Event: 182.353 GC heap before
{Heap before GC invocations=49 (full 2):
 garbage-first heap   total 82944K, used 63221K [0x0000000083200000, 0x0000000100000000)
  region size 1024K, 27 young (27648K), 3 survivors (3072K)
 Metaspace       used 83638K, committed 84416K, reserved 1122304K
  class space    used 10581K, committed 10944K, reserved 1048576K
}
Event: 182.359 GC heap after
{Heap after GC invocations=50 (full 2):
 garbage-first heap   total 82944K, used 41086K [0x0000000083200000, 0x0000000100000000)
  region size 1024K, 4 young (4096K), 4 survivors (4096K)
 Metaspace       used 83638K, committed 84416K, reserved 1122304K
  class space    used 10581K, committed 10944K, reserved 1048576K
}
Event: 187.933 GC heap before
{Heap before GC invocations=50 (full 2):
 garbage-first heap   total 82944K, used 64638K [0x0000000083200000, 0x0000000100000000)
  region size 1024K, 27 young (27648K), 4 survivors (4096K)
 Metaspace       used 84111K, committed 84928K, reserved 1130496K
  class space    used 10600K, committed 11008K, reserved 1048576K
}
Event: 187.940 GC heap after
{Heap after GC invocations=51 (full 2):
 garbage-first heap   total 82944K, used 42673K [0x0000000083200000, 0x0000000100000000)
  region size 1024K, 4 young (4096K), 4 survivors (4096K)
 Metaspace       used 84111K, committed 84928K, reserved 1130496K
  class space    used 10600K, committed 11008K, reserved 1048576K
}
Event: 188.309 GC heap before
{Heap before GC invocations=51 (full 2):
 garbage-first heap   total 82944K, used 64177K [0x0000000083200000, 0x0000000100000000)
  region size 1024K, 25 young (25600K), 4 survivors (4096K)
 Metaspace       used 84324K, committed 85184K, reserved 1130496K
  class space    used 10612K, committed 11008K, reserved 1048576K
}
Event: 188.314 GC heap after
{Heap after GC invocations=52 (full 2):
 garbage-first heap   total 82944K, used 43776K [0x0000000083200000, 0x0000000100000000)
  region size 1024K, 3 young (3072K), 3 survivors (3072K)
 Metaspace       used 84324K, committed 85184K, reserved 1130496K
  class space    used 10612K, committed 11008K, reserved 1048576K
}
Event: 188.533 GC heap before
{Heap before GC invocations=52 (full 2):
 garbage-first heap   total 82944K, used 65280K [0x0000000083200000, 0x0000000100000000)
  region size 1024K, 24 young (24576K), 3 survivors (3072K)
 Metaspace       used 84521K, committed 85376K, reserved 1130496K
  class space    used 10619K, committed 11008K, reserved 1048576K
}
Event: 188.538 GC heap after
{Heap after GC invocations=53 (full 2):
 garbage-first heap   total 100352K, used 44572K [0x0000000083200000, 0x0000000100000000)
  region size 1024K, 2 young (2048K), 2 survivors (2048K)
 Metaspace       used 84521K, committed 85376K, reserved 1130496K
  class space    used 10619K, committed 11008K, reserved 1048576K
}
Event: 188.928 GC heap before
{Heap before GC invocations=53 (full 2):
 garbage-first heap   total 100352K, used 79388K [0x0000000083200000, 0x0000000100000000)
  region size 1024K, 36 young (36864K), 2 survivors (2048K)
 Metaspace       used 84743K, committed 85568K, reserved 1130496K
  class space    used 10629K, committed 11008K, reserved 1048576K
}
Event: 188.936 GC heap after
{Heap after GC invocations=54 (full 2):
 garbage-first heap   total 100352K, used 46038K [0x0000000083200000, 0x0000000100000000)
  region size 1024K, 4 young (4096K), 4 survivors (4096K)
 Metaspace       used 84743K, committed 85568K, reserved 1130496K
  class space    used 10629K, committed 11008K, reserved 1048576K
}
Event: 195.155 GC heap before
{Heap before GC invocations=54 (full 2):
 garbage-first heap   total 100352K, used 79830K [0x0000000083200000, 0x0000000100000000)
  region size 1024K, 37 young (37888K), 4 survivors (4096K)
 Metaspace       used 85236K, committed 86080K, reserved 1130496K
  class space    used 10648K, committed 11072K, reserved 1048576K
}
Event: 195.159 GC heap after
{Heap after GC invocations=55 (full 2):
 garbage-first heap   total 100352K, used 49311K [0x0000000083200000, 0x0000000100000000)
  region size 1024K, 5 young (5120K), 5 survivors (5120K)
 Metaspace       used 85236K, committed 86080K, reserved 1130496K
  class space    used 10648K, committed 11072K, reserved 1048576K
}
Event: 255.330 GC heap before
{Heap before GC invocations=55 (full 2):
 garbage-first heap   total 100352K, used 77983K [0x0000000083200000, 0x0000000100000000)
  region size 1024K, 34 young (34816K), 5 survivors (5120K)
 Metaspace       used 85680K, committed 86528K, reserved 1130496K
  class space    used 10665K, committed 11072K, reserved 1048576K
}
Event: 255.340 GC heap after
{Heap after GC invocations=56 (full 2):
 garbage-first heap   total 100352K, used 50082K [0x0000000083200000, 0x0000000100000000)
  region size 1024K, 1 young (1024K), 1 survivors (1024K)
 Metaspace       used 85680K, committed 86528K, reserved 1130496K
  class space    used 10665K, committed 11072K, reserved 1048576K
}
Event: 340.143 GC heap before
{Heap before GC invocations=56 (full 2):
 garbage-first heap   total 100352K, used 78754K [0x0000000083200000, 0x0000000100000000)
  region size 1024K, 30 young (30720K), 1 survivors (1024K)
 Metaspace       used 86034K, committed 86848K, reserved 1130496K
  class space    used 10678K, committed 11072K, reserved 1048576K
}
Event: 340.146 GC heap after
{Heap after GC invocations=57 (full 2):
 garbage-first heap   total 100352K, used 49986K [0x0000000083200000, 0x0000000100000000)
  region size 1024K, 1 young (1024K), 1 survivors (1024K)
 Metaspace       used 86034K, committed 86848K, reserved 1130496K
  class space    used 10678K, committed 11072K, reserved 1048576K
}

