# JRE version: OpenJDK Runtime Environment Temurin-17.0.5+8 (17.0.5+8) (build 17.0.5+8)
# Java VM: OpenJDK 64-Bit Server VM Temurin-17.0.5+8 (17.0.5+8, mixed mode, emulated-client, sharing, tiered, compressed oops, compressed class ptrs, g1 gc, windows-amd64)
GC Precious Log:
 CPUs: 8 total, 8 available
 Memory: 7987M
 Large Page Support: Disabled
 NUMA Support: Disabled
 Compressed Oops: Enabled (32-bit)
 Heap Region Size: 1M
 Heap Min Capacity: 8M
 Heap Initial Capacity: 126M
 Heap Max Capacity: 1998M
 Pre-touch: Disabled
 Parallel Workers: 8
 Concurrent Workers: 2
 Concurrent Refinement Workers: 8
 Periodic GC: Disabled
Heap:
 garbage-first heap   total 61440K, used 31849K [0x0000000083200000, 0x0000000100000000)
  region size 1024K, 3 young (3072K), 3 survivors (3072K)
 Metaspace       used 28512K, committed 28800K, reserved 1081344K
  class space    used 3814K, committed 3968K, reserved 1048576K
GC Heap History (15 events):
Event: 1.581 GC heap before
{Heap before GC invocations=0 (full 0):
 garbage-first heap   total 129024K, used 22528K [0x0000000083200000, 0x0000000100000000)
  region size 1024K, 23 young (23552K), 0 survivors (0K)
 Metaspace       used 3658K, committed 3840K, reserved 1056768K
  class space    used 479K, committed 576K, reserved 1048576K
}
Event: 1.590 GC heap after
{Heap after GC invocations=1 (full 0):
 garbage-first heap   total 129024K, used 8299K [0x0000000083200000, 0x0000000100000000)
  region size 1024K, 3 young (3072K), 3 survivors (3072K)
 Metaspace       used 3658K, committed 3840K, reserved 1056768K
  class space    used 479K, committed 576K, reserved 1048576K
}
Event: 2.678 GC heap before
{Heap before GC invocations=1 (full 0):
 garbage-first heap   total 129024K, used 31851K [0x0000000083200000, 0x0000000100000000)
  region size 1024K, 27 young (27648K), 3 survivors (3072K)
 Metaspace       used 9733K, committed 9920K, reserved 1064960K
  class space    used 1331K, committed 1408K, reserved 1048576K
}
Event: 2.686 GC heap after
{Heap after GC invocations=2 (full 0):
 garbage-first heap   total 129024K, used 11187K [0x0000000083200000, 0x0000000100000000)
  region size 1024K, 3 young (3072K), 3 survivors (3072K)
 Metaspace       used 9733K, committed 9920K, reserved 1064960K
  class space    used 1331K, committed 1408K, reserved 1048576K
}
Event: 4.593 GC heap before
{Heap before GC invocations=2 (full 0):
 garbage-first heap   total 129024K, used 74675K [0x0000000083200000, 0x0000000100000000)
  region size 1024K, 67 young (68608K), 3 survivors (3072K)
 Metaspace       used 21236K, committed 21504K, reserved 1073152K
  class space    used 2792K, committed 2944K, reserved 1048576K
}
Event: 4.604 GC heap after
{Heap after GC invocations=3 (full 0):
 garbage-first heap   total 129024K, used 15990K [0x0000000083200000, 0x0000000100000000)
  region size 1024K, 8 young (8192K), 8 survivors (8192K)
 Metaspace       used 21236K, committed 21504K, reserved 1073152K
  class space    used 2792K, committed 2944K, reserved 1048576K
}
Event: 5.946 GC heap before
{Heap before GC invocations=4 (full 0):
 garbage-first heap   total 61440K, used 44662K [0x0000000083200000, 0x0000000100000000)
  region size 1024K, 36 young (36864K), 8 survivors (8192K)
 Metaspace       used 26695K, committed 27072K, reserved 1073152K
  class space    used 3574K, committed 3776K, reserved 1048576K
}
Event: 5.957 GC heap after
{Heap after GC invocations=5 (full 0):
 garbage-first heap   total 61440K, used 17820K [0x0000000083200000, 0x0000000100000000)
  region size 1024K, 3 young (3072K), 3 survivors (3072K)
 Metaspace       used 26695K, committed 27072K, reserved 1073152K
  class space    used 3574K, committed 3776K, reserved 1048576K
}
Event: 6.189 GC heap before
{Heap before GC invocations=5 (full 0):
 garbage-first heap   total 61440K, used 38300K [0x0000000083200000, 0x0000000100000000)
  region size 1024K, 24 young (24576K), 3 survivors (3072K)
 Metaspace       used 27593K, committed 27968K, reserved 1073152K
  class space    used 3725K, committed 3904K, reserved 1048576K
}
Event: 6.198 GC heap after
{Heap after GC invocations=6 (full 0):
 garbage-first heap   total 61440K, used 22264K [0x0000000083200000, 0x0000000100000000)
  region size 1024K, 3 young (3072K), 3 survivors (3072K)
 Metaspace       used 27593K, committed 27968K, reserved 1073152K
  class space    used 3725K, committed 3904K, reserved 1048576K
}
Event: 6.318 GC heap before
{Heap before GC invocations=6 (full 0):
 garbage-first heap   total 61440K, used 40696K [0x0000000083200000, 0x0000000100000000)
  region size 1024K, 22 young (22528K), 3 survivors (3072K)
 Metaspace       used 27860K, committed 28160K, reserved 1081344K
  class space    used 3767K, committed 3904K, reserved 1048576K
}
Event: 6.325 GC heap after
{Heap after GC invocations=7 (full 0):
 garbage-first heap   total 61440K, used 25642K [0x0000000083200000, 0x0000000100000000)
  region size 1024K, 3 young (3072K), 3 survivors (3072K)
 Metaspace       used 27860K, committed 28160K, reserved 1081344K
  class space    used 3767K, committed 3904K, reserved 1048576K
}
Event: 6.440 GC heap before
{Heap before GC invocations=7 (full 0):
 garbage-first heap   total 61440K, used 43050K [0x0000000083200000, 0x0000000100000000)
  region size 1024K, 20 young (20480K), 3 survivors (3072K)
 Metaspace       used 28269K, committed 28608K, reserved 1081344K
  class space    used 3797K, committed 3968K, reserved 1048576K
}
Event: 6.447 GC heap after
{Heap after GC invocations=8 (full 0):
 garbage-first heap   total 61440K, used 28920K [0x0000000083200000, 0x0000000100000000)
  region size 1024K, 3 young (3072K), 3 survivors (3072K)
 Metaspace       used 28269K, committed 28608K, reserved 1081344K
  class space    used 3797K, committed 3968K, reserved 1048576K
}
Event: 6.508 GC heap before
{Heap before GC invocations=8 (full 0):
 garbage-first heap   total 61440K, used 44280K [0x0000000083200000, 0x0000000100000000)
  region size 1024K, 18 young (18432K), 3 survivors (3072K)
 Metaspace       used 28512K, committed 28800K, reserved 1081344K
  class space    used 3814K, committed 3968K, reserved 1048576K
}

