# JRE version: OpenJDK Runtime Environment Temurin-17.0.4.1+1 (17.0.4.1+1) (build 17.0.4.1+1)
# Java VM: OpenJDK 64-Bit Server VM Temurin-17.0.4.1+1 (17.0.4.1+1, mixed mode, emulated-client, tiered, compressed oops, compressed class ptrs, g1 gc, windows-amd64)
GC Precious Log:
 CPUs: 8 total, 8 available
 Memory: 7987M
 Large Page Support: Disabled
 NUMA Support: Disabled
 Compressed Oops: Enabled (32-bit)
 Heap Region Size: 1M
 Heap Min Capacity: 8M
 Heap Initial Capacity: 126M
 Heap Max Capacity: 1998M
 Pre-touch: Disabled
 Parallel Workers: 8
 Concurrent Workers: 2
 Concurrent Refinement Workers: 8
 Periodic GC: Disabled
Heap:
 garbage-first heap   total 256000K, used 82863K [0x0000000083200000, 0x0000000100000000)
  region size 1024K, 10 young (10240K), 10 survivors (10240K)
 Metaspace       used 36620K, committed 36928K, reserved 1081344K
  class space    used 4762K, committed 4928K, reserved 1048576K
GC Heap History (20 events):
Event: 3.219 GC heap after
{Heap after GC invocations=12 (full 0):
 garbage-first heap   total 114688K, used 34272K [0x0000000083200000, 0x0000000100000000)
  region size 1024K, 3 young (3072K), 3 survivors (3072K)
 Metaspace       used 33965K, committed 34240K, reserved 1081344K
  class space    used 4331K, committed 4480K, reserved 1048576K
}
Event: 3.360 GC heap before
{Heap before GC invocations=13 (full 0):
 garbage-first heap   total 114688K, used 82400K [0x0000000083200000, 0x0000000100000000)
  region size 1024K, 50 young (51200K), 3 survivors (3072K)
 Metaspace       used 34615K, committed 34944K, reserved 1081344K
  class space    used 4431K, committed 4608K, reserved 1048576K
}
Event: 3.368 GC heap after
{Heap after GC invocations=14 (full 0):
 garbage-first heap   total 114688K, used 45983K [0x0000000083200000, 0x0000000100000000)
  region size 1024K, 7 young (7168K), 7 survivors (7168K)
 Metaspace       used 34615K, committed 34944K, reserved 1081344K
  class space    used 4431K, committed 4608K, reserved 1048576K
}
Event: 3.535 GC heap before
{Heap before GC invocations=14 (full 0):
 garbage-first heap   total 114688K, used 79775K [0x0000000083200000, 0x0000000100000000)
  region size 1024K, 39 young (39936K), 7 survivors (7168K)
 Metaspace       used 35710K, committed 36032K, reserved 1081344K
  class space    used 4639K, committed 4800K, reserved 1048576K
}
Event: 3.550 GC heap after
{Heap after GC invocations=15 (full 0):
 garbage-first heap   total 114688K, used 61454K [0x0000000083200000, 0x0000000100000000)
  region size 1024K, 5 young (5120K), 5 survivors (5120K)
 Metaspace       used 35710K, committed 36032K, reserved 1081344K
  class space    used 4639K, committed 4800K, reserved 1048576K
}
Event: 3.585 GC heap before
{Heap before GC invocations=15 (full 0):
 garbage-first heap   total 114688K, used 81934K [0x0000000083200000, 0x0000000100000000)
  region size 1024K, 26 young (26624K), 5 survivors (5120K)
 Metaspace       used 35869K, committed 36160K, reserved 1081344K
  class space    used 4665K, committed 4800K, reserved 1048576K
}
Event: 3.592 GC heap after
{Heap after GC invocations=16 (full 0):
 garbage-first heap   total 114688K, used 65550K [0x0000000083200000, 0x0000000100000000)
  region size 1024K, 3 young (3072K), 3 survivors (3072K)
 Metaspace       used 35869K, committed 36160K, reserved 1081344K
  class space    used 4665K, committed 4800K, reserved 1048576K
}
Event: 3.606 GC heap before
{Heap before GC invocations=16 (full 0):
 garbage-first heap   total 114688K, used 83982K [0x0000000083200000, 0x0000000100000000)
  region size 1024K, 22 young (22528K), 3 survivors (3072K)
 Metaspace       used 35896K, committed 36224K, reserved 1081344K
  class space    used 4669K, committed 4800K, reserved 1048576K
}
Event: 3.612 GC heap after
{Heap after GC invocations=17 (full 0):
 garbage-first heap   total 114688K, used 66849K [0x0000000083200000, 0x0000000100000000)
  region size 1024K, 2 young (2048K), 2 survivors (2048K)
 Metaspace       used 35896K, committed 36224K, reserved 1081344K
  class space    used 4669K, committed 4800K, reserved 1048576K
}
Event: 3.621 GC heap before
{Heap before GC invocations=17 (full 0):
 garbage-first heap   total 114688K, used 86305K [0x0000000083200000, 0x0000000100000000)
  region size 1024K, 22 young (22528K), 2 survivors (2048K)
 Metaspace       used 35907K, committed 36224K, reserved 1081344K
  class space    used 4675K, committed 4800K, reserved 1048576K
}
Event: 3.623 GC heap after
{Heap after GC invocations=18 (full 0):
 garbage-first heap   total 256000K, used 67477K [0x0000000083200000, 0x0000000100000000)
  region size 1024K, 2 young (2048K), 2 survivors (2048K)
 Metaspace       used 35907K, committed 36224K, reserved 1081344K
  class space    used 4675K, committed 4800K, reserved 1048576K
}
Event: 3.668 GC heap before
{Heap before GC invocations=18 (full 0):
 garbage-first heap   total 256000K, used 140181K [0x0000000083200000, 0x0000000100000000)
  region size 1024K, 75 young (76800K), 2 survivors (2048K)
 Metaspace       used 35998K, committed 36352K, reserved 1081344K
  class space    used 4684K, committed 4864K, reserved 1048576K
}
Event: 3.671 GC heap after
{Heap after GC invocations=19 (full 0):
 garbage-first heap   total 256000K, used 69513K [0x0000000083200000, 0x0000000100000000)
  region size 1024K, 5 young (5120K), 5 survivors (5120K)
 Metaspace       used 35998K, committed 36352K, reserved 1081344K
  class space    used 4684K, committed 4864K, reserved 1048576K
}
Event: 3.710 GC heap before
{Heap before GC invocations=20 (full 0):
 garbage-first heap   total 256000K, used 174985K [0x0000000083200000, 0x0000000100000000)
  region size 1024K, 109 young (111616K), 5 survivors (5120K)
 Metaspace       used 36170K, committed 36480K, reserved 1081344K
  class space    used 4712K, committed 4864K, reserved 1048576K
}
Event: 3.716 GC heap after
{Heap after GC invocations=21 (full 0):
 garbage-first heap   total 256000K, used 73527K [0x0000000083200000, 0x0000000100000000)
  region size 1024K, 9 young (9216K), 9 survivors (9216K)
 Metaspace       used 36170K, committed 36480K, reserved 1081344K
  class space    used 4712K, committed 4864K, reserved 1048576K
}
Event: 3.718 GC heap before
{Heap before GC invocations=21 (full 0):
 garbage-first heap   total 256000K, used 75575K [0x0000000083200000, 0x0000000100000000)
  region size 1024K, 12 young (12288K), 9 survivors (9216K)
 Metaspace       used 36172K, committed 36480K, reserved 1081344K
  class space    used 4713K, committed 4864K, reserved 1048576K
}
Event: 3.722 GC heap after
{Heap after GC invocations=22 (full 0):
 garbage-first heap   total 256000K, used 74556K [0x0000000083200000, 0x0000000100000000)
  region size 1024K, 2 young (2048K), 2 survivors (2048K)
 Metaspace       used 36172K, committed 36480K, reserved 1081344K
  class space    used 4713K, committed 4864K, reserved 1048576K
}
Event: 3.762 GC heap before
{Heap before GC invocations=22 (full 0):
 garbage-first heap   total 256000K, used 186172K [0x0000000083200000, 0x0000000100000000)
  region size 1024K, 112 young (114688K), 2 survivors (2048K)
 Metaspace       used 36338K, committed 36608K, reserved 1081344K
  class space    used 4741K, committed 4864K, reserved 1048576K
}
Event: 3.766 GC heap after
{Heap after GC invocations=23 (full 0):
 garbage-first heap   total 256000K, used 77980K [0x0000000083200000, 0x0000000100000000)
  region size 1024K, 5 young (5120K), 5 survivors (5120K)
 Metaspace       used 36338K, committed 36608K, reserved 1081344K
  class space    used 4741K, committed 4864K, reserved 1048576K
}
Event: 3.817 GC heap before
{Heap before GC invocations=23 (full 0):
 garbage-first heap   total 256000K, used 191644K [0x0000000083200000, 0x0000000100000000)
  region size 1024K, 117 young (119808K), 5 survivors (5120K)
 Metaspace       used 36620K, committed 36928K, reserved 1081344K
  class space    used 4762K, committed 4928K, reserved 1048576K
}

