# JRE version: OpenJDK Runtime Environment Temurin-17.0.4.1+1 (17.0.4.1+1) (build 17.0.4.1+1)
# Java VM: OpenJDK 64-Bit Server VM Temurin-17.0.4.1+1 (17.0.4.1+1, mixed mode, emulated-client, tiered, compressed oops, compressed class ptrs, g1 gc, windows-amd64)
GC Precious Log:
 CPUs: 8 total, 8 available
 Memory: 7987M
 Large Page Support: Disabled
 NUMA Support: Disabled
 Compressed Oops: Enabled (32-bit)
 Heap Region Size: 1M
 Heap Min Capacity: 8M
 Heap Initial Capacity: 126M
 Heap Max Capacity: 1998M
 Pre-touch: Disabled
 Parallel Workers: 8
 Concurrent Workers: 2
 Concurrent Refinement Workers: 8
 Periodic GC: Disabled
Heap:
 garbage-first heap   total 143360K, used 65659K [0x0000000083200000, 0x0000000100000000)
  region size 1024K, 2 young (2048K), 2 survivors (2048K)
 Metaspace       used 35991K, committed 36352K, reserved 1081344K
  class space    used 4673K, committed 4864K, reserved 1048576K
GC Heap History (20 events):
Event: 2.897 GC heap after
{Heap after GC invocations=7 (full 0):
 garbage-first heap   total 48128K, used 14462K [0x0000000083200000, 0x0000000100000000)
  region size 1024K, 3 young (3072K), 3 survivors (3072K)
 Metaspace       used 28450K, committed 28736K, reserved 1081344K
  class space    used 3579K, committed 3712K, reserved 1048576K
}
Event: 3.379 GC heap before
{Heap before GC invocations=7 (full 0):
 garbage-first heap   total 48128K, used 32894K [0x0000000083200000, 0x0000000100000000)
  region size 1024K, 21 young (21504K), 3 survivors (3072K)
 Metaspace       used 32372K, committed 32640K, reserved 1081344K
  class space    used 4103K, committed 4224K, reserved 1048576K
}
Event: 3.385 GC heap after
{Heap after GC invocations=8 (full 0):
 garbage-first heap   total 48128K, used 15969K [0x0000000083200000, 0x0000000100000000)
  region size 1024K, 2 young (2048K), 2 survivors (2048K)
 Metaspace       used 32372K, committed 32640K, reserved 1081344K
  class space    used 4103K, committed 4224K, reserved 1048576K
}
Event: 3.504 GC heap before
{Heap before GC invocations=8 (full 0):
 garbage-first heap   total 48128K, used 32353K [0x0000000083200000, 0x0000000100000000)
  region size 1024K, 19 young (19456K), 2 survivors (2048K)
 Metaspace       used 33134K, committed 33472K, reserved 1081344K
  class space    used 4201K, committed 4352K, reserved 1048576K
}
Event: 3.512 GC heap after
{Heap after GC invocations=9 (full 0):
 garbage-first heap   total 71680K, used 19272K [0x0000000083200000, 0x0000000100000000)
  region size 1024K, 3 young (3072K), 3 survivors (3072K)
 Metaspace       used 33134K, committed 33472K, reserved 1081344K
  class space    used 4201K, committed 4352K, reserved 1048576K
}
Event: 3.666 GC heap before
{Heap before GC invocations=9 (full 0):
 garbage-first heap   total 71680K, used 49992K [0x0000000083200000, 0x0000000100000000)
  region size 1024K, 34 young (34816K), 3 survivors (3072K)
 Metaspace       used 33568K, committed 33856K, reserved 1081344K
  class space    used 4269K, committed 4416K, reserved 1048576K
}
Event: 3.674 GC heap after
{Heap after GC invocations=10 (full 0):
 garbage-first heap   total 71680K, used 25642K [0x0000000083200000, 0x0000000100000000)
  region size 1024K, 5 young (5120K), 5 survivors (5120K)
 Metaspace       used 33568K, committed 33856K, reserved 1081344K
  class space    used 4269K, committed 4416K, reserved 1048576K
}
Event: 3.748 GC heap before
{Heap before GC invocations=10 (full 0):
 garbage-first heap   total 71680K, used 50218K [0x0000000083200000, 0x0000000100000000)
  region size 1024K, 29 young (29696K), 5 survivors (5120K)
 Metaspace       used 33761K, committed 34112K, reserved 1081344K
  class space    used 4302K, committed 4480K, reserved 1048576K
}
Event: 3.755 GC heap after
{Heap after GC invocations=11 (full 0):
 garbage-first heap   total 71680K, used 30158K [0x0000000083200000, 0x0000000100000000)
  region size 1024K, 4 young (4096K), 4 survivors (4096K)
 Metaspace       used 33761K, committed 34112K, reserved 1081344K
  class space    used 4302K, committed 4480K, reserved 1048576K
}
Event: 3.820 GC heap before
{Heap before GC invocations=11 (full 0):
 garbage-first heap   total 71680K, used 51662K [0x0000000083200000, 0x0000000100000000)
  region size 1024K, 26 young (26624K), 4 survivors (4096K)
 Metaspace       used 34005K, committed 34304K, reserved 1081344K
  class space    used 4334K, committed 4480K, reserved 1048576K
}
Event: 3.826 GC heap after
{Heap after GC invocations=12 (full 0):
 garbage-first heap   total 71680K, used 34369K [0x0000000083200000, 0x0000000100000000)
  region size 1024K, 4 young (4096K), 4 survivors (4096K)
 Metaspace       used 34005K, committed 34304K, reserved 1081344K
  class space    used 4334K, committed 4480K, reserved 1048576K
}
Event: 3.866 GC heap before
{Heap before GC invocations=12 (full 0):
 garbage-first heap   total 71680K, used 53825K [0x0000000083200000, 0x0000000100000000)
  region size 1024K, 23 young (23552K), 4 survivors (4096K)
 Metaspace       used 34082K, committed 34432K, reserved 1081344K
  class space    used 4345K, committed 4544K, reserved 1048576K
}
Event: 3.874 GC heap after
{Heap after GC invocations=13 (full 0):
 garbage-first heap   total 125952K, used 40960K [0x0000000083200000, 0x0000000100000000)
  region size 1024K, 3 young (3072K), 3 survivors (3072K)
 Metaspace       used 34082K, committed 34432K, reserved 1081344K
  class space    used 4345K, committed 4544K, reserved 1048576K
}
Event: 4.196 GC heap before
{Heap before GC invocations=13 (full 0):
 garbage-first heap   total 125952K, used 86016K [0x0000000083200000, 0x0000000100000000)
  region size 1024K, 47 young (48128K), 3 survivors (3072K)
 Metaspace       used 35629K, committed 35904K, reserved 1081344K
  class space    used 4604K, committed 4736K, reserved 1048576K
}
Event: 4.211 GC heap after
{Heap after GC invocations=14 (full 0):
 garbage-first heap   total 125952K, used 53248K [0x0000000083200000, 0x0000000100000000)
  region size 1024K, 6 young (6144K), 6 survivors (6144K)
 Metaspace       used 35629K, committed 35904K, reserved 1081344K
  class space    used 4604K, committed 4736K, reserved 1048576K
}
Event: 4.257 GC heap before
{Heap before GC invocations=14 (full 0):
 garbage-first heap   total 125952K, used 65536K [0x0000000083200000, 0x0000000100000000)
  region size 1024K, 18 young (18432K), 6 survivors (6144K)
 Metaspace       used 35809K, committed 36096K, reserved 1081344K
  class space    used 4647K, committed 4800K, reserved 1048576K
}
Event: 4.271 GC heap after
{Heap after GC invocations=15 (full 0):
 garbage-first heap   total 125952K, used 61618K [0x0000000083200000, 0x0000000100000000)
  region size 1024K, 5 young (5120K), 5 survivors (5120K)
 Metaspace       used 35809K, committed 36096K, reserved 1081344K
  class space    used 4647K, committed 4800K, reserved 1048576K
}
Event: 4.322 GC heap before
{Heap before GC invocations=15 (full 0):
 garbage-first heap   total 125952K, used 87218K [0x0000000083200000, 0x0000000100000000)
  region size 1024K, 31 young (31744K), 5 survivors (5120K)
 Metaspace       used 35982K, committed 36352K, reserved 1081344K
  class space    used 4671K, committed 4864K, reserved 1048576K
}
Event: 4.332 GC heap after
{Heap after GC invocations=16 (full 0):
 garbage-first heap   total 125952K, used 65150K [0x0000000083200000, 0x0000000100000000)
  region size 1024K, 3 young (3072K), 3 survivors (3072K)
 Metaspace       used 35982K, committed 36352K, reserved 1081344K
  class space    used 4671K, committed 4864K, reserved 1048576K
}
Event: 4.375 GC heap before
{Heap before GC invocations=16 (full 0):
 garbage-first heap   total 143360K, used 89726K [0x0000000083200000, 0x0000000100000000)
  region size 1024K, 29 young (29696K), 3 survivors (3072K)
 Metaspace       used 35991K, committed 36352K, reserved 1081344K
  class space    used 4673K, committed 4864K, reserved 1048576K
}

