# JRE version: OpenJDK Runtime Environment Temurin-17.0.5+8 (17.0.5+8) (build 17.0.5+8)
# Java VM: OpenJDK 64-Bit Server VM Temurin-17.0.5+8 (17.0.5+8, mixed mode, emulated-client, sharing, tiered, compressed oops, compressed class ptrs, g1 gc, windows-amd64)
GC Precious Log:
 CPUs: 8 total, 8 available
 Memory: 7987M
 Large Page Support: Disabled
 NUMA Support: Disabled
 Compressed Oops: Enabled (32-bit)
 Heap Region Size: 1M
 Heap Min Capacity: 8M
 Heap Initial Capacity: 126M
 Heap Max Capacity: 1998M
 Pre-touch: Disabled
 Parallel Workers: 8
 Concurrent Workers: 2
 Concurrent Refinement Workers: 8
 Periodic GC: Disabled
Heap:
 garbage-first heap   total 81920K, used 24118K [0x0000000083200000, 0x0000000100000000)
  region size 1024K, 1 young (1024K), 0 survivors (0K)
 Metaspace       used 36043K, committed 36480K, reserved 1081344K
  class space    used 5260K, committed 5440K, reserved 1048576K
GC Heap History (20 events):
Event: 3081.116 GC heap before
{Heap before GC invocations=317 (full 291):
 garbage-first heap   total 81920K, used 24118K [0x0000000083200000, 0x0000000100000000)
  region size 1024K, 1 young (1024K), 0 survivors (0K)
 Metaspace       used 36043K, committed 36480K, reserved 1081344K
  class space    used 5260K, committed 5440K, reserved 1048576K
}
Event: 3081.169 GC heap after
{Heap after GC invocations=318 (full 292):
 garbage-first heap   total 81920K, used 24118K [0x0000000083200000, 0x0000000100000000)
  region size 1024K, 0 young (0K), 0 survivors (0K)
 Metaspace       used 36043K, committed 36480K, reserved 1081344K
  class space    used 5260K, committed 5440K, reserved 1048576K
}
Event: 3091.354 GC heap before
{Heap before GC invocations=318 (full 292):
 garbage-first heap   total 81920K, used 24118K [0x0000000083200000, 0x0000000100000000)
  region size 1024K, 1 young (1024K), 0 survivors (0K)
 Metaspace       used 36043K, committed 36480K, reserved 1081344K
  class space    used 5260K, committed 5440K, reserved 1048576K
}
Event: 3091.387 GC heap after
{Heap after GC invocations=319 (full 293):
 garbage-first heap   total 81920K, used 24118K [0x0000000083200000, 0x0000000100000000)
  region size 1024K, 0 young (0K), 0 survivors (0K)
 Metaspace       used 36043K, committed 36480K, reserved 1081344K
  class space    used 5260K, committed 5440K, reserved 1048576K
}
Event: 3101.629 GC heap before
{Heap before GC invocations=319 (full 293):
 garbage-first heap   total 81920K, used 24118K [0x0000000083200000, 0x0000000100000000)
  region size 1024K, 1 young (1024K), 0 survivors (0K)
 Metaspace       used 36043K, committed 36480K, reserved 1081344K
  class space    used 5260K, committed 5440K, reserved 1048576K
}
Event: 3101.667 GC heap after
{Heap after GC invocations=320 (full 294):
 garbage-first heap   total 81920K, used 24118K [0x0000000083200000, 0x0000000100000000)
  region size 1024K, 0 young (0K), 0 survivors (0K)
 Metaspace       used 36043K, committed 36480K, reserved 1081344K
  class space    used 5260K, committed 5440K, reserved 1048576K
}
Event: 3111.876 GC heap before
{Heap before GC invocations=320 (full 294):
 garbage-first heap   total 81920K, used 24118K [0x0000000083200000, 0x0000000100000000)
  region size 1024K, 1 young (1024K), 0 survivors (0K)
 Metaspace       used 36043K, committed 36480K, reserved 1081344K
  class space    used 5260K, committed 5440K, reserved 1048576K
}
Event: 3111.903 GC heap after
{Heap after GC invocations=321 (full 295):
 garbage-first heap   total 81920K, used 24118K [0x0000000083200000, 0x0000000100000000)
  region size 1024K, 0 young (0K), 0 survivors (0K)
 Metaspace       used 36043K, committed 36480K, reserved 1081344K
  class space    used 5260K, committed 5440K, reserved 1048576K
}
Event: 3122.134 GC heap before
{Heap before GC invocations=321 (full 295):
 garbage-first heap   total 81920K, used 24118K [0x0000000083200000, 0x0000000100000000)
  region size 1024K, 1 young (1024K), 0 survivors (0K)
 Metaspace       used 36043K, committed 36480K, reserved 1081344K
  class space    used 5260K, committed 5440K, reserved 1048576K
}
Event: 3122.173 GC heap after
{Heap after GC invocations=322 (full 296):
 garbage-first heap   total 81920K, used 24118K [0x0000000083200000, 0x0000000100000000)
  region size 1024K, 0 young (0K), 0 survivors (0K)
 Metaspace       used 36043K, committed 36480K, reserved 1081344K
  class space    used 5260K, committed 5440K, reserved 1048576K
}
Event: 3132.384 GC heap before
{Heap before GC invocations=322 (full 296):
 garbage-first heap   total 81920K, used 24118K [0x0000000083200000, 0x0000000100000000)
  region size 1024K, 1 young (1024K), 0 survivors (0K)
 Metaspace       used 36043K, committed 36480K, reserved 1081344K
  class space    used 5260K, committed 5440K, reserved 1048576K
}
Event: 3132.415 GC heap after
{Heap after GC invocations=323 (full 297):
 garbage-first heap   total 81920K, used 24118K [0x0000000083200000, 0x0000000100000000)
  region size 1024K, 0 young (0K), 0 survivors (0K)
 Metaspace       used 36043K, committed 36480K, reserved 1081344K
  class space    used 5260K, committed 5440K, reserved 1048576K
}
Event: 3142.679 GC heap before
{Heap before GC invocations=323 (full 297):
 garbage-first heap   total 81920K, used 24118K [0x0000000083200000, 0x0000000100000000)
  region size 1024K, 1 young (1024K), 0 survivors (0K)
 Metaspace       used 36043K, committed 36480K, reserved 1081344K
  class space    used 5260K, committed 5440K, reserved 1048576K
}
Event: 3142.714 GC heap after
{Heap after GC invocations=324 (full 298):
 garbage-first heap   total 81920K, used 24118K [0x0000000083200000, 0x0000000100000000)
  region size 1024K, 0 young (0K), 0 survivors (0K)
 Metaspace       used 36043K, committed 36480K, reserved 1081344K
  class space    used 5260K, committed 5440K, reserved 1048576K
}
Event: 3153.041 GC heap before
{Heap before GC invocations=324 (full 298):
 garbage-first heap   total 81920K, used 24118K [0x0000000083200000, 0x0000000100000000)
  region size 1024K, 1 young (1024K), 0 survivors (0K)
 Metaspace       used 36043K, committed 36480K, reserved 1081344K
  class space    used 5260K, committed 5440K, reserved 1048576K
}
Event: 3153.078 GC heap after
{Heap after GC invocations=325 (full 299):
 garbage-first heap   total 81920K, used 24118K [0x0000000083200000, 0x0000000100000000)
  region size 1024K, 0 young (0K), 0 survivors (0K)
 Metaspace       used 36043K, committed 36480K, reserved 1081344K
  class space    used 5260K, committed 5440K, reserved 1048576K
}
Event: 3163.338 GC heap before
{Heap before GC invocations=325 (full 299):
 garbage-first heap   total 81920K, used 24118K [0x0000000083200000, 0x0000000100000000)
  region size 1024K, 1 young (1024K), 0 survivors (0K)
 Metaspace       used 36043K, committed 36480K, reserved 1081344K
  class space    used 5260K, committed 5440K, reserved 1048576K
}
Event: 3163.386 GC heap after
{Heap after GC invocations=326 (full 300):
 garbage-first heap   total 81920K, used 24118K [0x0000000083200000, 0x0000000100000000)
  region size 1024K, 0 young (0K), 0 survivors (0K)
 Metaspace       used 36043K, committed 36480K, reserved 1081344K
  class space    used 5260K, committed 5440K, reserved 1048576K
}
Event: 3173.815 GC heap before
{Heap before GC invocations=326 (full 300):
 garbage-first heap   total 81920K, used 24118K [0x0000000083200000, 0x0000000100000000)
  region size 1024K, 1 young (1024K), 0 survivors (0K)
 Metaspace       used 36043K, committed 36480K, reserved 1081344K
  class space    used 5260K, committed 5440K, reserved 1048576K
}
Event: 3173.866 GC heap after
{Heap after GC invocations=327 (full 301):
 garbage-first heap   total 81920K, used 24118K [0x0000000083200000, 0x0000000100000000)
  region size 1024K, 0 young (0K), 0 survivors (0K)
 Metaspace       used 36043K, committed 36480K, reserved 1081344K
  class space    used 5260K, committed 5440K, reserved 1048576K
}

