# JRE version: OpenJDK Runtime Environment Temurin-17.0.4.1+1 (17.0.4.1+1) (build 17.0.4.1+1)
# Java VM: OpenJDK 64-Bit Server VM Temurin-17.0.4.1+1 (17.0.4.1+1, mixed mode, emulated-client, tiered, compressed oops, compressed class ptrs, g1 gc, windows-amd64)
GC Precious Log:
 CPUs: 8 total, 8 available
 Memory: 7987M
 Large Page Support: Disabled
 NUMA Support: Disabled
 Compressed Oops: Enabled (32-bit)
 Heap Region Size: 1M
 Heap Min Capacity: 8M
 Heap Initial Capacity: 126M
 Heap Max Capacity: 1998M
 Pre-touch: Disabled
 Parallel Workers: 8
 Concurrent Workers: 2
 Concurrent Refinement Workers: 8
 Periodic GC: Disabled
Heap:
 garbage-first heap   total 45056K, used 18027K [0x0000000083200000, 0x0000000100000000)
  region size 1024K, 3 young (3072K), 3 survivors (3072K)
 Metaspace       used 33280K, committed 33536K, reserved 1081344K
  class space    used 4227K, committed 4352K, reserved 1048576K
GC Heap History (13 events):
Event: 1.344 GC heap before
{Heap before GC invocations=0 (full 0):
 garbage-first heap   total 129024K, used 22528K [0x0000000083200000, 0x0000000100000000)
  region size 1024K, 23 young (23552K), 0 survivors (0K)
 Metaspace       used 10203K, committed 10432K, reserved 1064960K
  class space    used 1168K, committed 1280K, reserved 1048576K
}
Event: 1.351 GC heap after
{Heap after GC invocations=1 (full 0):
 garbage-first heap   total 129024K, used 8001K [0x0000000083200000, 0x0000000100000000)
  region size 1024K, 3 young (3072K), 3 survivors (3072K)
 Metaspace       used 10203K, committed 10432K, reserved 1064960K
  class space    used 1168K, committed 1280K, reserved 1048576K
}
Event: 5.529 GC heap before
{Heap before GC invocations=1 (full 0):
 garbage-first heap   total 129024K, used 29505K [0x0000000083200000, 0x0000000100000000)
  region size 1024K, 25 young (25600K), 3 survivors (3072K)
 Metaspace       used 16676K, committed 16960K, reserved 1064960K
  class space    used 2049K, committed 2176K, reserved 1048576K
}
Event: 5.541 GC heap after
{Heap after GC invocations=2 (full 0):
 garbage-first heap   total 129024K, used 10660K [0x0000000083200000, 0x0000000100000000)
  region size 1024K, 3 young (3072K), 3 survivors (3072K)
 Metaspace       used 16676K, committed 16960K, reserved 1064960K
  class space    used 2049K, committed 2176K, reserved 1048576K
}
Event: 6.053 GC heap before
{Heap before GC invocations=2 (full 0):
 garbage-first heap   total 129024K, used 30116K [0x0000000083200000, 0x0000000100000000)
  region size 1024K, 23 young (23552K), 3 survivors (3072K)
 Metaspace       used 21276K, committed 21504K, reserved 1073152K
  class space    used 2596K, committed 2688K, reserved 1048576K
}
Event: 6.057 GC heap after
{Heap after GC invocations=3 (full 0):
 garbage-first heap   total 129024K, used 11453K [0x0000000083200000, 0x0000000100000000)
  region size 1024K, 4 young (4096K), 4 survivors (4096K)
 Metaspace       used 21276K, committed 21504K, reserved 1073152K
  class space    used 2596K, committed 2688K, reserved 1048576K
}
Event: 6.557 GC heap before
{Heap before GC invocations=4 (full 0):
 garbage-first heap   total 45056K, used 32957K [0x0000000083200000, 0x0000000100000000)
  region size 1024K, 26 young (26624K), 4 survivors (4096K)
 Metaspace       used 24633K, committed 24896K, reserved 1073152K
  class space    used 3032K, committed 3136K, reserved 1048576K
}
Event: 6.562 GC heap after
{Heap after GC invocations=5 (full 0):
 garbage-first heap   total 45056K, used 12831K [0x0000000083200000, 0x0000000100000000)
  region size 1024K, 5 young (5120K), 5 survivors (5120K)
 Metaspace       used 24633K, committed 24896K, reserved 1073152K
  class space    used 3032K, committed 3136K, reserved 1048576K
}
Event: 7.485 GC heap before
{Heap before GC invocations=5 (full 0):
 garbage-first heap   total 45056K, used 29215K [0x0000000083200000, 0x0000000100000000)
  region size 1024K, 22 young (22528K), 5 survivors (5120K)
 Metaspace       used 27902K, committed 28160K, reserved 1081344K
  class space    used 3505K, committed 3648K, reserved 1048576K
}
Event: 7.509 GC heap after
{Heap after GC invocations=6 (full 0):
 garbage-first heap   total 45056K, used 14481K [0x0000000083200000, 0x0000000100000000)
  region size 1024K, 3 young (3072K), 3 survivors (3072K)
 Metaspace       used 27902K, committed 28160K, reserved 1081344K
  class space    used 3505K, committed 3648K, reserved 1048576K
}
Event: 8.251 GC heap before
{Heap before GC invocations=6 (full 0):
 garbage-first heap   total 45056K, used 29841K [0x0000000083200000, 0x0000000100000000)
  region size 1024K, 19 young (19456K), 3 survivors (3072K)
 Metaspace       used 30387K, committed 30656K, reserved 1081344K
  class space    used 3851K, committed 3968K, reserved 1048576K
}
Event: 8.264 GC heap after
{Heap after GC invocations=7 (full 0):
 garbage-first heap   total 45056K, used 15857K [0x0000000083200000, 0x0000000100000000)
  region size 1024K, 2 young (2048K), 2 survivors (2048K)
 Metaspace       used 30387K, committed 30656K, reserved 1081344K
  class space    used 3851K, committed 3968K, reserved 1048576K
}
Event: 8.762 GC heap before
{Heap before GC invocations=7 (full 0):
 garbage-first heap   total 45056K, used 31217K [0x0000000083200000, 0x0000000100000000)
  region size 1024K, 18 young (18432K), 2 survivors (2048K)
 Metaspace       used 33280K, committed 33536K, reserved 1081344K
  class space    used 4227K, committed 4352K, reserved 1048576K
}

