# JRE version: OpenJDK Runtime Environment Temurin-17.0.4.1+1 (17.0.4.1+1) (build 17.0.4.1+1)
# Java VM: OpenJDK 64-Bit Server VM Temurin-17.0.4.1+1 (17.0.4.1+1, mixed mode, emulated-client, tiered, compressed oops, compressed class ptrs, g1 gc, windows-amd64)
GC Precious Log:
 CPUs: 8 total, 8 available
 Memory: 7987M
 Large Page Support: Disabled
 NUMA Support: Disabled
 Compressed Oops: Enabled (32-bit)
 Heap Region Size: 1M
 Heap Min Capacity: 8M
 Heap Initial Capacity: 126M
 Heap Max Capacity: 1998M
 Pre-touch: Disabled
 Parallel Workers: 8
 Concurrent Workers: 2
 Concurrent Refinement Workers: 8
 Periodic GC: Disabled
Heap:
 garbage-first heap   total 159744K, used 74457K [0x0000000083200000, 0x0000000100000000)
  region size 1024K, 4 young (4096K), 4 survivors (4096K)
 Metaspace       used 38763K, committed 39232K, reserved 1089536K
  class space    used 4903K, committed 5120K, reserved 1048576K
GC Heap History (20 events):
Event: 2.924 GC heap after
{Heap after GC invocations=9 (full 0):
 garbage-first heap   total 89088K, used 22216K [0x0000000083200000, 0x0000000100000000)
  region size 1024K, 6 young (6144K), 6 survivors (6144K)
 Metaspace       used 35364K, committed 35648K, reserved 1081344K
  class space    used 4582K, committed 4736K, reserved 1048576K
}
Event: 2.997 GC heap before
{Heap before GC invocations=9 (full 0):
 garbage-first heap   total 89088K, used 51912K [0x0000000083200000, 0x0000000100000000)
  region size 1024K, 36 young (36864K), 6 survivors (6144K)
 Metaspace       used 35823K, committed 36160K, reserved 1081344K
  class space    used 4634K, committed 4800K, reserved 1048576K
}
Event: 3.005 GC heap after
{Heap after GC invocations=10 (full 0):
 garbage-first heap   total 89088K, used 28000K [0x0000000083200000, 0x0000000100000000)
  region size 1024K, 6 young (6144K), 6 survivors (6144K)
 Metaspace       used 35823K, committed 36160K, reserved 1081344K
  class space    used 4634K, committed 4800K, reserved 1048576K
}
Event: 3.082 GC heap before
{Heap before GC invocations=11 (full 0):
 garbage-first heap   total 89088K, used 59744K [0x0000000083200000, 0x0000000100000000)
  region size 1024K, 38 young (38912K), 6 survivors (6144K)
 Metaspace       used 36246K, committed 36608K, reserved 1081344K
  class space    used 4665K, committed 4800K, reserved 1048576K
}
Event: 3.087 GC heap after
{Heap after GC invocations=12 (full 0):
 garbage-first heap   total 89088K, used 33426K [0x0000000083200000, 0x0000000100000000)
  region size 1024K, 5 young (5120K), 5 survivors (5120K)
 Metaspace       used 36246K, committed 36608K, reserved 1081344K
  class space    used 4665K, committed 4800K, reserved 1048576K
}
Event: 3.136 GC heap before
{Heap before GC invocations=12 (full 0):
 garbage-first heap   total 89088K, used 62098K [0x0000000083200000, 0x0000000100000000)
  region size 1024K, 34 young (34816K), 5 survivors (5120K)
 Metaspace       used 36569K, committed 36928K, reserved 1081344K
  class space    used 4705K, committed 4864K, reserved 1048576K
}
Event: 3.142 GC heap after
{Heap after GC invocations=13 (full 0):
 garbage-first heap   total 89088K, used 41783K [0x0000000083200000, 0x0000000100000000)
  region size 1024K, 5 young (5120K), 5 survivors (5120K)
 Metaspace       used 36569K, committed 36928K, reserved 1081344K
  class space    used 4705K, committed 4864K, reserved 1048576K
}
Event: 3.189 GC heap before
{Heap before GC invocations=13 (full 0):
 garbage-first heap   total 89088K, used 64311K [0x0000000083200000, 0x0000000100000000)
  region size 1024K, 27 young (27648K), 5 survivors (5120K)
 Metaspace       used 36901K, committed 37248K, reserved 1081344K
  class space    used 4733K, committed 4864K, reserved 1048576K
}
Event: 3.193 GC heap after
{Heap after GC invocations=14 (full 0):
 garbage-first heap   total 89088K, used 46626K [0x0000000083200000, 0x0000000100000000)
  region size 1024K, 4 young (4096K), 4 survivors (4096K)
 Metaspace       used 36901K, committed 37248K, reserved 1081344K
  class space    used 4733K, committed 4864K, reserved 1048576K
}
Event: 3.321 GC heap before
{Heap before GC invocations=14 (full 0):
 garbage-first heap   total 89088K, used 66082K [0x0000000083200000, 0x0000000100000000)
  region size 1024K, 24 young (24576K), 4 survivors (4096K)
 Metaspace       used 37956K, committed 38272K, reserved 1089536K
  class space    used 4793K, committed 4928K, reserved 1048576K
}
Event: 3.325 GC heap after
{Heap after GC invocations=15 (full 0):
 garbage-first heap   total 159744K, used 51008K [0x0000000083200000, 0x0000000100000000)
  region size 1024K, 3 young (3072K), 3 survivors (3072K)
 Metaspace       used 37956K, committed 38272K, reserved 1089536K
  class space    used 4793K, committed 4928K, reserved 1048576K
}
Event: 3.431 GC heap before
{Heap before GC invocations=16 (full 0):
 garbage-first heap   total 159744K, used 108352K [0x0000000083200000, 0x0000000100000000)
  region size 1024K, 58 young (59392K), 3 survivors (3072K)
 Metaspace       used 38705K, committed 39168K, reserved 1089536K
  class space    used 4893K, committed 5120K, reserved 1048576K
}
Event: 3.455 GC heap after
{Heap after GC invocations=17 (full 0):
 garbage-first heap   total 159744K, used 68355K [0x0000000083200000, 0x0000000100000000)
  region size 1024K, 8 young (8192K), 8 survivors (8192K)
 Metaspace       used 38705K, committed 39168K, reserved 1089536K
  class space    used 4893K, committed 5120K, reserved 1048576K
}
Event: 3.462 GC heap before
{Heap before GC invocations=17 (full 0):
 garbage-first heap   total 159744K, used 68355K [0x0000000083200000, 0x0000000100000000)
  region size 1024K, 9 young (9216K), 8 survivors (8192K)
 Metaspace       used 38705K, committed 39168K, reserved 1089536K
  class space    used 4893K, committed 5120K, reserved 1048576K
}
Event: 3.466 GC heap after
{Heap after GC invocations=18 (full 0):
 garbage-first heap   total 159744K, used 69398K [0x0000000083200000, 0x0000000100000000)
  region size 1024K, 1 young (1024K), 1 survivors (1024K)
 Metaspace       used 38705K, committed 39168K, reserved 1089536K
  class space    used 4893K, committed 5120K, reserved 1048576K
}
Event: 3.486 GC heap before
{Heap before GC invocations=18 (full 0):
 garbage-first heap   total 159744K, used 112406K [0x0000000083200000, 0x0000000100000000)
  region size 1024K, 44 young (45056K), 1 survivors (1024K)
 Metaspace       used 38710K, committed 39168K, reserved 1089536K
  class space    used 4893K, committed 5120K, reserved 1048576K
}
Event: 3.488 GC heap after
{Heap after GC invocations=19 (full 0):
 garbage-first heap   total 159744K, used 70748K [0x0000000083200000, 0x0000000100000000)
  region size 1024K, 3 young (3072K), 3 survivors (3072K)
 Metaspace       used 38710K, committed 39168K, reserved 1089536K
  class space    used 4893K, committed 5120K, reserved 1048576K
}
Event: 3.518 GC heap before
{Heap before GC invocations=19 (full 0):
 garbage-first heap   total 159744K, used 114780K [0x0000000083200000, 0x0000000100000000)
  region size 1024K, 47 young (48128K), 3 survivors (3072K)
 Metaspace       used 38719K, committed 39168K, reserved 1089536K
  class space    used 4894K, committed 5120K, reserved 1048576K
}
Event: 3.521 GC heap after
{Heap after GC invocations=20 (full 0):
 garbage-first heap   total 159744K, used 72583K [0x0000000083200000, 0x0000000100000000)
  region size 1024K, 5 young (5120K), 5 survivors (5120K)
 Metaspace       used 38719K, committed 39168K, reserved 1089536K
  class space    used 4894K, committed 5120K, reserved 1048576K
}
Event: 3.545 GC heap before
{Heap before GC invocations=20 (full 0):
 garbage-first heap   total 159744K, used 118663K [0x0000000083200000, 0x0000000100000000)
  region size 1024K, 51 young (52224K), 5 survivors (5120K)
 Metaspace       used 38763K, committed 39232K, reserved 1089536K
  class space    used 4903K, committed 5120K, reserved 1048576K
}

