# JRE version: OpenJDK Runtime Environment Temurin-17.0.4.1+1 (17.0.4.1+1) (build 17.0.4.1+1)
# Java VM: OpenJDK 64-Bit Server VM Temurin-17.0.4.1+1 (17.0.4.1+1, mixed mode, emulated-client, tiered, compressed oops, compressed class ptrs, g1 gc, windows-amd64)
GC Precious Log:
 CPUs: 8 total, 8 available
 Memory: 7987M
 Large Page Support: Disabled
 NUMA Support: Disabled
 Compressed Oops: Enabled (32-bit)
 Heap Region Size: 1M
 Heap Min Capacity: 8M
 Heap Initial Capacity: 126M
 Heap Max Capacity: 1998M
 Pre-touch: Disabled
 Parallel Workers: 8
 Concurrent Workers: 2
 Concurrent Refinement Workers: 8
 Periodic GC: Disabled
Heap:
 garbage-first heap   total 122880K, used 37882K [0x0000000083200000, 0x0000000100000000)
  region size 1024K, 1 young (1024K), 0 survivors (0K)
 Metaspace       used 53596K, committed 53952K, reserved 1097728K
  class space    used 7102K, committed 7296K, reserved 1048576K
GC Heap History (20 events):
Event: 2104.096 GC heap before
{Heap before GC invocations=151 (full 102):
 garbage-first heap   total 122880K, used 37882K [0x0000000083200000, 0x0000000100000000)
  region size 1024K, 1 young (1024K), 0 survivors (0K)
 Metaspace       used 53616K, committed 54016K, reserved 1097728K
  class space    used 7105K, committed 7296K, reserved 1048576K
}
Event: 2104.164 GC heap after
{Heap after GC invocations=152 (full 103):
 garbage-first heap   total 122880K, used 37882K [0x0000000083200000, 0x0000000100000000)
  region size 1024K, 0 young (0K), 0 survivors (0K)
 Metaspace       used 53596K, committed 53952K, reserved 1097728K
  class space    used 7102K, committed 7296K, reserved 1048576K
}
Event: 2114.458 GC heap before
{Heap before GC invocations=152 (full 103):
 garbage-first heap   total 122880K, used 37882K [0x0000000083200000, 0x0000000100000000)
  region size 1024K, 1 young (1024K), 0 survivors (0K)
 Metaspace       used 53596K, committed 53952K, reserved 1097728K
  class space    used 7102K, committed 7296K, reserved 1048576K
}
Event: 2114.516 GC heap after
{Heap after GC invocations=153 (full 104):
 garbage-first heap   total 122880K, used 37882K [0x0000000083200000, 0x0000000100000000)
  region size 1024K, 0 young (0K), 0 survivors (0K)
 Metaspace       used 53596K, committed 53952K, reserved 1097728K
  class space    used 7102K, committed 7296K, reserved 1048576K
}
Event: 2124.766 GC heap before
{Heap before GC invocations=153 (full 104):
 garbage-first heap   total 122880K, used 37882K [0x0000000083200000, 0x0000000100000000)
  region size 1024K, 1 young (1024K), 0 survivors (0K)
 Metaspace       used 53596K, committed 53952K, reserved 1097728K
  class space    used 7102K, committed 7296K, reserved 1048576K
}
Event: 2124.816 GC heap after
{Heap after GC invocations=154 (full 105):
 garbage-first heap   total 122880K, used 37882K [0x0000000083200000, 0x0000000100000000)
  region size 1024K, 0 young (0K), 0 survivors (0K)
 Metaspace       used 53596K, committed 53952K, reserved 1097728K
  class space    used 7102K, committed 7296K, reserved 1048576K
}
Event: 2135.074 GC heap before
{Heap before GC invocations=154 (full 105):
 garbage-first heap   total 122880K, used 37882K [0x0000000083200000, 0x0000000100000000)
  region size 1024K, 1 young (1024K), 0 survivors (0K)
 Metaspace       used 53596K, committed 53952K, reserved 1097728K
  class space    used 7102K, committed 7296K, reserved 1048576K
}
Event: 2135.122 GC heap after
{Heap after GC invocations=155 (full 106):
 garbage-first heap   total 122880K, used 37882K [0x0000000083200000, 0x0000000100000000)
  region size 1024K, 0 young (0K), 0 survivors (0K)
 Metaspace       used 53596K, committed 53952K, reserved 1097728K
  class space    used 7102K, committed 7296K, reserved 1048576K
}
Event: 2145.382 GC heap before
{Heap before GC invocations=155 (full 106):
 garbage-first heap   total 122880K, used 37882K [0x0000000083200000, 0x0000000100000000)
  region size 1024K, 1 young (1024K), 0 survivors (0K)
 Metaspace       used 53596K, committed 53952K, reserved 1097728K
  class space    used 7102K, committed 7296K, reserved 1048576K
}
Event: 2145.459 GC heap after
{Heap after GC invocations=156 (full 107):
 garbage-first heap   total 122880K, used 37882K [0x0000000083200000, 0x0000000100000000)
  region size 1024K, 0 young (0K), 0 survivors (0K)
 Metaspace       used 53596K, committed 53952K, reserved 1097728K
  class space    used 7102K, committed 7296K, reserved 1048576K
}
Event: 2155.752 GC heap before
{Heap before GC invocations=156 (full 107):
 garbage-first heap   total 122880K, used 37882K [0x0000000083200000, 0x0000000100000000)
  region size 1024K, 1 young (1024K), 0 survivors (0K)
 Metaspace       used 53596K, committed 53952K, reserved 1097728K
  class space    used 7102K, committed 7296K, reserved 1048576K
}
Event: 2155.804 GC heap after
{Heap after GC invocations=157 (full 108):
 garbage-first heap   total 122880K, used 37882K [0x0000000083200000, 0x0000000100000000)
  region size 1024K, 0 young (0K), 0 survivors (0K)
 Metaspace       used 53596K, committed 53952K, reserved 1097728K
  class space    used 7102K, committed 7296K, reserved 1048576K
}
Event: 2166.072 GC heap before
{Heap before GC invocations=157 (full 108):
 garbage-first heap   total 122880K, used 37882K [0x0000000083200000, 0x0000000100000000)
  region size 1024K, 1 young (1024K), 0 survivors (0K)
 Metaspace       used 53596K, committed 53952K, reserved 1097728K
  class space    used 7102K, committed 7296K, reserved 1048576K
}
Event: 2166.128 GC heap after
{Heap after GC invocations=158 (full 109):
 garbage-first heap   total 122880K, used 37882K [0x0000000083200000, 0x0000000100000000)
  region size 1024K, 0 young (0K), 0 survivors (0K)
 Metaspace       used 53596K, committed 53952K, reserved 1097728K
  class space    used 7102K, committed 7296K, reserved 1048576K
}
Event: 2176.407 GC heap before
{Heap before GC invocations=158 (full 109):
 garbage-first heap   total 122880K, used 37882K [0x0000000083200000, 0x0000000100000000)
  region size 1024K, 1 young (1024K), 0 survivors (0K)
 Metaspace       used 53596K, committed 53952K, reserved 1097728K
  class space    used 7102K, committed 7296K, reserved 1048576K
}
Event: 2176.458 GC heap after
{Heap after GC invocations=159 (full 110):
 garbage-first heap   total 122880K, used 37882K [0x0000000083200000, 0x0000000100000000)
  region size 1024K, 0 young (0K), 0 survivors (0K)
 Metaspace       used 53596K, committed 53952K, reserved 1097728K
  class space    used 7102K, committed 7296K, reserved 1048576K
}
Event: 2186.694 GC heap before
{Heap before GC invocations=159 (full 110):
 garbage-first heap   total 122880K, used 37882K [0x0000000083200000, 0x0000000100000000)
  region size 1024K, 1 young (1024K), 0 survivors (0K)
 Metaspace       used 53596K, committed 53952K, reserved 1097728K
  class space    used 7102K, committed 7296K, reserved 1048576K
}
Event: 2186.749 GC heap after
{Heap after GC invocations=160 (full 111):
 garbage-first heap   total 122880K, used 37882K [0x0000000083200000, 0x0000000100000000)
  region size 1024K, 0 young (0K), 0 survivors (0K)
 Metaspace       used 53596K, committed 53952K, reserved 1097728K
  class space    used 7102K, committed 7296K, reserved 1048576K
}
Event: 2197.006 GC heap before
{Heap before GC invocations=160 (full 111):
 garbage-first heap   total 122880K, used 37882K [0x0000000083200000, 0x0000000100000000)
  region size 1024K, 1 young (1024K), 0 survivors (0K)
 Metaspace       used 53596K, committed 53952K, reserved 1097728K
  class space    used 7102K, committed 7296K, reserved 1048576K
}
Event: 2197.064 GC heap after
{Heap after GC invocations=161 (full 112):
 garbage-first heap   total 122880K, used 37882K [0x0000000083200000, 0x0000000100000000)
  region size 1024K, 0 young (0K), 0 survivors (0K)
 Metaspace       used 53596K, committed 53952K, reserved 1097728K
  class space    used 7102K, committed 7296K, reserved 1048576K
}

