# JRE version: OpenJDK Runtime Environment Temurin-17.0.4.1+1 (17.0.4.1+1) (build 17.0.4.1+1)
# Java VM: OpenJDK 64-Bit Server VM Temurin-17.0.4.1+1 (17.0.4.1+1, mixed mode, emulated-client, tiered, compressed oops, compressed class ptrs, g1 gc, windows-amd64)
GC Precious Log:
 CPUs: 8 total, 8 available
 Memory: 7987M
 Large Page Support: Disabled
 NUMA Support: Disabled
 Compressed Oops: Enabled (32-bit)
 Heap Region Size: 1M
 Heap Min Capacity: 8M
 Heap Initial Capacity: 126M
 Heap Max Capacity: 1998M
 Pre-touch: Disabled
 Parallel Workers: 8
 Concurrent Workers: 2
 Concurrent Refinement Workers: 8
 Periodic GC: Disabled
Heap:
 garbage-first heap   total 206848K, used 77165K [0x0000000083200000, 0x0000000100000000)
  region size 1024K, 10 young (10240K), 10 survivors (10240K)
 Metaspace       used 37590K, committed 37888K, reserved 1089536K
  class space    used 4846K, committed 4992K, reserved 1048576K
GC Heap History (20 events):
Event: 5.700 GC heap after
{Heap after GC invocations=11 (full 0):
 garbage-first heap   total 58368K, used 29537K [0x0000000083200000, 0x0000000100000000)
  region size 1024K, 3 young (3072K), 3 survivors (3072K)
 Metaspace       used 33698K, committed 34048K, reserved 1081344K
  class space    used 4294K, committed 4480K, reserved 1048576K
}
Event: 5.768 GC heap before
{Heap before GC invocations=11 (full 0):
 garbage-first heap   total 58368K, used 41825K [0x0000000083200000, 0x0000000100000000)
  region size 1024K, 16 young (16384K), 3 survivors (3072K)
 Metaspace       used 33828K, committed 34176K, reserved 1081344K
  class space    used 4312K, committed 4480K, reserved 1048576K
}
Event: 5.773 GC heap after
{Heap after GC invocations=12 (full 0):
 garbage-first heap   total 95232K, used 31507K [0x0000000083200000, 0x0000000100000000)
  region size 1024K, 2 young (2048K), 2 survivors (2048K)
 Metaspace       used 33828K, committed 34176K, reserved 1081344K
  class space    used 4312K, committed 4480K, reserved 1048576K
}
Event: 5.936 GC heap before
{Heap before GC invocations=13 (full 0):
 garbage-first heap   total 95232K, used 65299K [0x0000000083200000, 0x0000000100000000)
  region size 1024K, 36 young (36864K), 2 survivors (2048K)
 Metaspace       used 34122K, committed 34496K, reserved 1081344K
  class space    used 4357K, committed 4544K, reserved 1048576K
}
Event: 5.948 GC heap after
{Heap after GC invocations=14 (full 0):
 garbage-first heap   total 95232K, used 40198K [0x0000000083200000, 0x0000000100000000)
  region size 1024K, 5 young (5120K), 5 survivors (5120K)
 Metaspace       used 34122K, committed 34496K, reserved 1081344K
  class space    used 4357K, committed 4544K, reserved 1048576K
}
Event: 6.147 GC heap before
{Heap before GC invocations=14 (full 0):
 garbage-first heap   total 95232K, used 64774K [0x0000000083200000, 0x0000000100000000)
  region size 1024K, 30 young (30720K), 5 survivors (5120K)
 Metaspace       used 34609K, committed 34944K, reserved 1081344K
  class space    used 4429K, committed 4608K, reserved 1048576K
}
Event: 6.161 GC heap after
{Heap after GC invocations=15 (full 0):
 garbage-first heap   total 95232K, used 46722K [0x0000000083200000, 0x0000000100000000)
  region size 1024K, 4 young (4096K), 4 survivors (4096K)
 Metaspace       used 34609K, committed 34944K, reserved 1081344K
  class space    used 4429K, committed 4608K, reserved 1048576K
}
Event: 7.329 GC heap before
{Heap before GC invocations=15 (full 0):
 garbage-first heap   total 95232K, used 65154K [0x0000000083200000, 0x0000000100000000)
  region size 1024K, 24 young (24576K), 4 survivors (4096K)
 Metaspace       used 36418K, committed 36736K, reserved 1081344K
  class space    used 4739K, committed 4864K, reserved 1048576K
}
Event: 7.339 GC heap after
{Heap after GC invocations=16 (full 0):
 garbage-first heap   total 95232K, used 50466K [0x0000000083200000, 0x0000000100000000)
  region size 1024K, 4 young (4096K), 4 survivors (4096K)
 Metaspace       used 36418K, committed 36736K, reserved 1081344K
  class space    used 4739K, committed 4864K, reserved 1048576K
}
Event: 7.512 GC heap before
{Heap before GC invocations=17 (full 0):
 garbage-first heap   total 106496K, used 71970K [0x0000000083200000, 0x0000000100000000)
  region size 1024K, 24 young (24576K), 4 survivors (4096K)
 Metaspace       used 36981K, committed 37312K, reserved 1089536K
  class space    used 4778K, committed 4928K, reserved 1048576K
}
Event: 7.524 GC heap after
{Heap after GC invocations=18 (full 0):
 garbage-first heap   total 106496K, used 61146K [0x0000000083200000, 0x0000000100000000)
  region size 1024K, 3 young (3072K), 3 survivors (3072K)
 Metaspace       used 36981K, committed 37312K, reserved 1089536K
  class space    used 4778K, committed 4928K, reserved 1048576K
}
Event: 7.551 GC heap before
{Heap before GC invocations=18 (full 0):
 garbage-first heap   total 106496K, used 63194K [0x0000000083200000, 0x0000000100000000)
  region size 1024K, 5 young (5120K), 3 survivors (3072K)
 Metaspace       used 37058K, committed 37376K, reserved 1089536K
  class space    used 4790K, committed 4928K, reserved 1048576K
}
Event: 7.564 GC heap after
{Heap after GC invocations=19 (full 0):
 garbage-first heap   total 206848K, used 63375K [0x0000000083200000, 0x0000000100000000)
  region size 1024K, 1 young (1024K), 1 survivors (1024K)
 Metaspace       used 37058K, committed 37376K, reserved 1089536K
  class space    used 4790K, committed 4928K, reserved 1048576K
}
Event: 7.750 GC heap before
{Heap before GC invocations=19 (full 0):
 garbage-first heap   total 206848K, used 129935K [0x0000000083200000, 0x0000000100000000)
  region size 1024K, 67 young (68608K), 1 survivors (1024K)
 Metaspace       used 37428K, committed 37760K, reserved 1089536K
  class space    used 4828K, committed 4992K, reserved 1048576K
}
Event: 7.774 GC heap after
{Heap after GC invocations=20 (full 0):
 garbage-first heap   total 206848K, used 67995K [0x0000000083200000, 0x0000000100000000)
  region size 1024K, 6 young (6144K), 6 survivors (6144K)
 Metaspace       used 37428K, committed 37760K, reserved 1089536K
  class space    used 4828K, committed 4992K, reserved 1048576K
}
Event: 7.875 GC heap before
{Heap before GC invocations=20 (full 0):
 garbage-first heap   total 206848K, used 138651K [0x0000000083200000, 0x0000000100000000)
  region size 1024K, 76 young (77824K), 6 survivors (6144K)
 Metaspace       used 37478K, committed 37760K, reserved 1089536K
  class space    used 4838K, committed 4992K, reserved 1048576K
}
Event: 7.894 GC heap after
{Heap after GC invocations=21 (full 0):
 garbage-first heap   total 206848K, used 71222K [0x0000000083200000, 0x0000000100000000)
  region size 1024K, 8 young (8192K), 8 survivors (8192K)
 Metaspace       used 37478K, committed 37760K, reserved 1089536K
  class space    used 4838K, committed 4992K, reserved 1048576K
}
Event: 7.970 GC heap before
{Heap before GC invocations=21 (full 0):
 garbage-first heap   total 206848K, used 153142K [0x0000000083200000, 0x0000000100000000)
  region size 1024K, 89 young (91136K), 8 survivors (8192K)
 Metaspace       used 37576K, committed 37888K, reserved 1089536K
  class space    used 4845K, committed 4992K, reserved 1048576K
}
Event: 7.987 GC heap after
{Heap after GC invocations=22 (full 0):
 garbage-first heap   total 206848K, used 74436K [0x0000000083200000, 0x0000000100000000)
  region size 1024K, 7 young (7168K), 7 survivors (7168K)
 Metaspace       used 37576K, committed 37888K, reserved 1089536K
  class space    used 4845K, committed 4992K, reserved 1048576K
}
Event: 8.038 GC heap before
{Heap before GC invocations=22 (full 0):
 garbage-first heap   total 206848K, used 157380K [0x0000000083200000, 0x0000000100000000)
  region size 1024K, 89 young (91136K), 7 survivors (7168K)
 Metaspace       used 37590K, committed 37888K, reserved 1089536K
  class space    used 4846K, committed 4992K, reserved 1048576K
}

