# JRE version: OpenJDK Runtime Environment Temurin-17.0.4.1+1 (17.0.4.1+1) (build 17.0.4.1+1)
# Java VM: OpenJDK 64-Bit Server VM Temurin-17.0.4.1+1 (17.0.4.1+1, mixed mode, tiered, compressed oops, compressed class ptrs, parallel gc, windows-amd64)
GC Precious Log:
 CPUs: 8 total, 8 available
 Memory: 7987M
 Large Page Support: Disabled
 NUMA Support: Disabled
 Compressed Oops: Enabled (32-bit)
 Alignments: Space 512K, Generation 512K, Heap 2M
 Heap Min Capacity: 100M
 Heap Initial Capacity: 100M
 Heap Max Capacity: 1G
 Pre-touch: Disabled
 Parallel Workers: 8
Heap:
 PSYoungGen      total 8192K, used 4719K [0x00000000eab00000, 0x00000000eba00000, 0x0000000100000000)
  eden space 4608K, 25% used [0x00000000eab00000,0x00000000eac27b28,0x00000000eaf80000)
  from space 3584K, 98% used [0x00000000eb680000,0x00000000eb9f42f0,0x00000000eba00000)
  to   space 4608K, 0% used [0x00000000eb100000,0x00000000eb100000,0x00000000eb580000)
 ParOldGen       total 148992K, used 119958K [0x00000000c0000000, 0x00000000c9180000, 0x00000000eab00000)
  object space 148992K, 80% used [0x00000000c0000000,0x00000000c7525b10,0x00000000c9180000)
 Metaspace       used 77367K, committed 78656K, reserved 1122304K
  class space    used 8041K, committed 8640K, reserved 1048576K
GC Heap History (20 events):
Event: 759.015 GC heap before
{Heap before GC invocations=316 (full 17):
 PSYoungGen      total 7168K, used 7091K [0x00000000eab00000, 0x00000000eb500000, 0x0000000100000000)
  eden space 6144K, 99% used [0x00000000eab00000,0x00000000eb0ffca0,0x00000000eb100000)
  from space 1024K, 92% used [0x00000000eb400000,0x00000000eb4ed200,0x00000000eb500000)
  to   space 1536K, 0% used [0x00000000eb200000,0x00000000eb200000,0x00000000eb380000)
 ParOldGen       total 151040K, used 146687K [0x00000000c0000000, 0x00000000c9380000, 0x00000000eab00000)
  object space 151040K, 97% used [0x00000000c0000000,0x00000000c8f3fdc8,0x00000000c9380000)
 Metaspace       used 76788K, committed 78080K, reserved 1122304K
  class space    used 7990K, committed 8576K, reserved 1048576K
}
Event: 759.017 GC heap after
{Heap after GC invocations=316 (full 17):
 PSYoungGen      total 7680K, used 964K [0x00000000eab00000, 0x00000000eb480000, 0x0000000100000000)
  eden space 6144K, 0% used [0x00000000eab00000,0x00000000eab00000,0x00000000eb100000)
  from space 1536K, 62% used [0x00000000eb200000,0x00000000eb2f1210,0x00000000eb380000)
  to   space 1024K, 0% used [0x00000000eb380000,0x00000000eb380000,0x00000000eb480000)
 ParOldGen       total 151040K, used 146695K [0x00000000c0000000, 0x00000000c9380000, 0x00000000eab00000)
  object space 151040K, 97% used [0x00000000c0000000,0x00000000c8f41dc8,0x00000000c9380000)
 Metaspace       used 76788K, committed 78080K, reserved 1122304K
  class space    used 7990K, committed 8576K, reserved 1048576K
}
Event: 759.301 GC heap before
{Heap before GC invocations=317 (full 17):
 PSYoungGen      total 7680K, used 7108K [0x00000000eab00000, 0x00000000eb480000, 0x0000000100000000)
  eden space 6144K, 99% used [0x00000000eab00000,0x00000000eb0fffe0,0x00000000eb100000)
  from space 1536K, 62% used [0x00000000eb200000,0x00000000eb2f1210,0x00000000eb380000)
  to   space 1024K, 0% used [0x00000000eb380000,0x00000000eb380000,0x00000000eb480000)
 ParOldGen       total 151040K, used 146695K [0x00000000c0000000, 0x00000000c9380000, 0x00000000eab00000)
  object space 151040K, 97% used [0x00000000c0000000,0x00000000c8f41dc8,0x00000000c9380000)
 Metaspace       used 76979K, committed 78272K, reserved 1122304K
  class space    used 8020K, committed 8640K, reserved 1048576K
}
Event: 760.304 GC heap after
{Heap after GC invocations=317 (full 17):
 PSYoungGen      total 4608K, used 1015K [0x00000000eab00000, 0x00000000ebb00000, 0x0000000100000000)
  eden space 3584K, 0% used [0x00000000eab00000,0x00000000eab00000,0x00000000eae80000)
  from space 1024K, 99% used [0x00000000eb380000,0x00000000eb47dd58,0x00000000eb480000)
  to   space 5120K, 0% used [0x00000000eae80000,0x00000000eae80000,0x00000000eb380000)
 ParOldGen       total 151040K, used 149789K [0x00000000c0000000, 0x00000000c9380000, 0x00000000eab00000)
  object space 151040K, 99% used [0x00000000c0000000,0x00000000c9247450,0x00000000c9380000)
 Metaspace       used 76979K, committed 78272K, reserved 1122304K
  class space    used 8020K, committed 8640K, reserved 1048576K
}
Event: 760.304 GC heap before
{Heap before GC invocations=318 (full 18):
 PSYoungGen      total 4608K, used 1015K [0x00000000eab00000, 0x00000000ebb00000, 0x0000000100000000)
  eden space 3584K, 0% used [0x00000000eab00000,0x00000000eab00000,0x00000000eae80000)
  from space 1024K, 99% used [0x00000000eb380000,0x00000000eb47dd58,0x00000000eb480000)
  to   space 5120K, 0% used [0x00000000eae80000,0x00000000eae80000,0x00000000eb380000)
 ParOldGen       total 151040K, used 149789K [0x00000000c0000000, 0x00000000c9380000, 0x00000000eab00000)
  object space 151040K, 99% used [0x00000000c0000000,0x00000000c9247450,0x00000000c9380000)
 Metaspace       used 76979K, committed 78272K, reserved 1122304K
  class space    used 8020K, committed 8640K, reserved 1048576K
}
Event: 760.376 GC heap after
{Heap after GC invocations=318 (full 18):
 PSYoungGen      total 8704K, used 0K [0x00000000eab00000, 0x00000000eb880000, 0x0000000100000000)
  eden space 3584K, 0% used [0x00000000eab00000,0x00000000eab00000,0x00000000eae80000)
  from space 5120K, 0% used [0x00000000eae80000,0x00000000eae80000,0x00000000eb380000)
  to   space 5120K, 0% used [0x00000000eb380000,0x00000000eb380000,0x00000000eb880000)
 ParOldGen       total 148992K, used 101971K [0x00000000c0000000, 0x00000000c9180000, 0x00000000eab00000)
  object space 148992K, 68% used [0x00000000c0000000,0x00000000c6394d88,0x00000000c9180000)
 Metaspace       used 76979K, committed 78272K, reserved 1122304K
  class space    used 8020K, committed 8640K, reserved 1048576K
}
Event: 760.395 GC heap before
{Heap before GC invocations=319 (full 18):
 PSYoungGen      total 8704K, used 3519K [0x00000000eab00000, 0x00000000eb880000, 0x0000000100000000)
  eden space 3584K, 98% used [0x00000000eab00000,0x00000000eae6fd08,0x00000000eae80000)
  from space 5120K, 0% used [0x00000000eae80000,0x00000000eae80000,0x00000000eb380000)
  to   space 5120K, 0% used [0x00000000eb380000,0x00000000eb380000,0x00000000eb880000)
 ParOldGen       total 148992K, used 101971K [0x00000000c0000000, 0x00000000c9180000, 0x00000000eab00000)
  object space 148992K, 68% used [0x00000000c0000000,0x00000000c6394d88,0x00000000c9180000)
 Metaspace       used 76979K, committed 78272K, reserved 1122304K
  class space    used 8020K, committed 8640K, reserved 1048576K
}
Event: 760.397 GC heap after
{Heap after GC invocations=319 (full 18):
 PSYoungGen      total 6656K, used 3014K [0x00000000eab00000, 0x00000000eb680000, 0x0000000100000000)
  eden space 3584K, 0% used [0x00000000eab00000,0x00000000eab00000,0x00000000eae80000)
  from space 3072K, 98% used [0x00000000eb380000,0x00000000eb6719d8,0x00000000eb680000)
  to   space 3584K, 0% used [0x00000000eaf80000,0x00000000eaf80000,0x00000000eb300000)
 ParOldGen       total 148992K, used 101971K [0x00000000c0000000, 0x00000000c9180000, 0x00000000eab00000)
  object space 148992K, 68% used [0x00000000c0000000,0x00000000c6394d88,0x00000000c9180000)
 Metaspace       used 76979K, committed 78272K, reserved 1122304K
  class space    used 8020K, committed 8640K, reserved 1048576K
}
Event: 760.403 GC heap before
{Heap before GC invocations=320 (full 18):
 PSYoungGen      total 6656K, used 6598K [0x00000000eab00000, 0x00000000eb680000, 0x0000000100000000)
  eden space 3584K, 100% used [0x00000000eab00000,0x00000000eae80000,0x00000000eae80000)
  from space 3072K, 98% used [0x00000000eb380000,0x00000000eb6719d8,0x00000000eb680000)
  to   space 3584K, 0% used [0x00000000eaf80000,0x00000000eaf80000,0x00000000eb300000)
 ParOldGen       total 148992K, used 101971K [0x00000000c0000000, 0x00000000c9180000, 0x00000000eab00000)
  object space 148992K, 68% used [0x00000000c0000000,0x00000000c6394d88,0x00000000c9180000)
 Metaspace       used 76979K, committed 78272K, reserved 1122304K
  class space    used 8020K, committed 8640K, reserved 1048576K
}
Event: 760.405 GC heap after
{Heap after GC invocations=320 (full 18):
 PSYoungGen      total 7168K, used 3559K [0x00000000eab00000, 0x00000000ebb80000, 0x0000000100000000)
  eden space 3584K, 0% used [0x00000000eab00000,0x00000000eab00000,0x00000000eae80000)
  from space 3584K, 99% used [0x00000000eaf80000,0x00000000eb2f9c98,0x00000000eb300000)
  to   space 6656K, 0% used [0x00000000eb500000,0x00000000eb500000,0x00000000ebb80000)
 ParOldGen       total 148992K, used 104518K [0x00000000c0000000, 0x00000000c9180000, 0x00000000eab00000)
  object space 148992K, 70% used [0x00000000c0000000,0x00000000c6611b60,0x00000000c9180000)
 Metaspace       used 76979K, committed 78272K, reserved 1122304K
  class space    used 8020K, committed 8640K, reserved 1048576K
}
Event: 760.413 GC heap before
{Heap before GC invocations=321 (full 18):
 PSYoungGen      total 7168K, used 7143K [0x00000000eab00000, 0x00000000ebb80000, 0x0000000100000000)
  eden space 3584K, 100% used [0x00000000eab00000,0x00000000eae80000,0x00000000eae80000)
  from space 3584K, 99% used [0x00000000eaf80000,0x00000000eb2f9c98,0x00000000eb300000)
  to   space 6656K, 0% used [0x00000000eb500000,0x00000000eb500000,0x00000000ebb80000)
 ParOldGen       total 148992K, used 104518K [0x00000000c0000000, 0x00000000c9180000, 0x00000000eab00000)
  object space 148992K, 70% used [0x00000000c0000000,0x00000000c6611b60,0x00000000c9180000)
 Metaspace       used 76979K, committed 78272K, reserved 1122304K
  class space    used 8020K, committed 8640K, reserved 1048576K
}
Event: 760.418 GC heap after
{Heap after GC invocations=321 (full 18):
 PSYoungGen      total 9216K, used 4465K [0x00000000eab00000, 0x00000000eb980000, 0x0000000100000000)
  eden space 4608K, 0% used [0x00000000eab00000,0x00000000eab00000,0x00000000eaf80000)
  from space 4608K, 96% used [0x00000000eb500000,0x00000000eb95c790,0x00000000eb980000)
  to   space 5120K, 0% used [0x00000000eaf80000,0x00000000eaf80000,0x00000000eb480000)
 ParOldGen       total 148992K, used 107229K [0x00000000c0000000, 0x00000000c9180000, 0x00000000eab00000)
  object space 148992K, 71% used [0x00000000c0000000,0x00000000c68b7718,0x00000000c9180000)
 Metaspace       used 76979K, committed 78272K, reserved 1122304K
  class space    used 8020K, committed 8640K, reserved 1048576K
}
Event: 760.475 GC heap before
{Heap before GC invocations=322 (full 18):
 PSYoungGen      total 9216K, used 8963K [0x00000000eab00000, 0x00000000eb980000, 0x0000000100000000)
  eden space 4608K, 97% used [0x00000000eab00000,0x00000000eaf64478,0x00000000eaf80000)
  from space 4608K, 96% used [0x00000000eb500000,0x00000000eb95c790,0x00000000eb980000)
  to   space 5120K, 0% used [0x00000000eaf80000,0x00000000eaf80000,0x00000000eb480000)
 ParOldGen       total 148992K, used 107229K [0x00000000c0000000, 0x00000000c9180000, 0x00000000eab00000)
  object space 148992K, 71% used [0x00000000c0000000,0x00000000c68b7718,0x00000000c9180000)
 Metaspace       used 76991K, committed 78272K, reserved 1122304K
  class space    used 8020K, committed 8640K, reserved 1048576K
}
Event: 760.479 GC heap after
{Heap after GC invocations=322 (full 18):
 PSYoungGen      total 7680K, used 2997K [0x00000000eab00000, 0x00000000eb780000, 0x0000000100000000)
  eden space 4608K, 0% used [0x00000000eab00000,0x00000000eab00000,0x00000000eaf80000)
  from space 3072K, 97% used [0x00000000eaf80000,0x00000000eb26d4e0,0x00000000eb280000)
  to   space 4096K, 0% used [0x00000000eb380000,0x00000000eb380000,0x00000000eb780000)
 ParOldGen       total 148992K, used 111607K [0x00000000c0000000, 0x00000000c9180000, 0x00000000eab00000)
  object space 148992K, 74% used [0x00000000c0000000,0x00000000c6cfdea8,0x00000000c9180000)
 Metaspace       used 76991K, committed 78272K, reserved 1122304K
  class space    used 8020K, committed 8640K, reserved 1048576K
}
Event: 760.531 GC heap before
{Heap before GC invocations=323 (full 18):
 PSYoungGen      total 7680K, used 7605K [0x00000000eab00000, 0x00000000eb780000, 0x0000000100000000)
  eden space 4608K, 100% used [0x00000000eab00000,0x00000000eaf80000,0x00000000eaf80000)
  from space 3072K, 97% used [0x00000000eaf80000,0x00000000eb26d4e0,0x00000000eb280000)
  to   space 4096K, 0% used [0x00000000eb380000,0x00000000eb380000,0x00000000eb780000)
 ParOldGen       total 148992K, used 111607K [0x00000000c0000000, 0x00000000c9180000, 0x00000000eab00000)
  object space 148992K, 74% used [0x00000000c0000000,0x00000000c6cfdea8,0x00000000c9180000)
 Metaspace       used 77007K, committed 78336K, reserved 1122304K
  class space    used 8023K, committed 8640K, reserved 1048576K
}
Event: 760.532 GC heap after
{Heap after GC invocations=323 (full 18):
 PSYoungGen      total 7680K, used 2824K [0x00000000eab00000, 0x00000000eb680000, 0x0000000100000000)
  eden space 4608K, 0% used [0x00000000eab00000,0x00000000eab00000,0x00000000eaf80000)
  from space 3072K, 91% used [0x00000000eb380000,0x00000000eb642270,0x00000000eb680000)
  to   space 3072K, 0% used [0x00000000eaf80000,0x00000000eaf80000,0x00000000eb280000)
 ParOldGen       total 148992K, used 114031K [0x00000000c0000000, 0x00000000c9180000, 0x00000000eab00000)
  object space 148992K, 76% used [0x00000000c0000000,0x00000000c6f5bdb0,0x00000000c9180000)
 Metaspace       used 77007K, committed 78336K, reserved 1122304K
  class space    used 8023K, committed 8640K, reserved 1048576K
}
Event: 760.552 GC heap before
{Heap before GC invocations=324 (full 18):
 PSYoungGen      total 7680K, used 7429K [0x00000000eab00000, 0x00000000eb680000, 0x0000000100000000)
  eden space 4608K, 99% used [0x00000000eab00000,0x00000000eaf7f2b0,0x00000000eaf80000)
  from space 3072K, 91% used [0x00000000eb380000,0x00000000eb642270,0x00000000eb680000)
  to   space 3072K, 0% used [0x00000000eaf80000,0x00000000eaf80000,0x00000000eb280000)
 ParOldGen       total 148992K, used 114031K [0x00000000c0000000, 0x00000000c9180000, 0x00000000eab00000)
  object space 148992K, 76% used [0x00000000c0000000,0x00000000c6f5bdb0,0x00000000c9180000)
 Metaspace       used 77009K, committed 78336K, reserved 1122304K
  class space    used 8023K, committed 8640K, reserved 1048576K
}
Event: 761.554 GC heap after
{Heap after GC invocations=324 (full 18):
 PSYoungGen      total 7680K, used 3058K [0x00000000eab00000, 0x00000000ebd80000, 0x0000000100000000)
  eden space 4608K, 0% used [0x00000000eab00000,0x00000000eab00000,0x00000000eaf80000)
  from space 3072K, 99% used [0x00000000eaf80000,0x00000000eb27cbb0,0x00000000eb280000)
  to   space 7168K, 0% used [0x00000000eb680000,0x00000000eb680000,0x00000000ebd80000)
 ParOldGen       total 148992K, used 117147K [0x00000000c0000000, 0x00000000c9180000, 0x00000000eab00000)
  object space 148992K, 78% used [0x00000000c0000000,0x00000000c7266f50,0x00000000c9180000)
 Metaspace       used 77009K, committed 78336K, reserved 1122304K
  class space    used 8023K, committed 8640K, reserved 1048576K
}
Event: 761.683 GC heap before
{Heap before GC invocations=325 (full 18):
 PSYoungGen      total 7680K, used 7666K [0x00000000eab00000, 0x00000000ebd80000, 0x0000000100000000)
  eden space 4608K, 100% used [0x00000000eab00000,0x00000000eaf80000,0x00000000eaf80000)
  from space 3072K, 99% used [0x00000000eaf80000,0x00000000eb27cbb0,0x00000000eb280000)
  to   space 7168K, 0% used [0x00000000eb680000,0x00000000eb680000,0x00000000ebd80000)
 ParOldGen       total 148992K, used 117147K [0x00000000c0000000, 0x00000000c9180000, 0x00000000eab00000)
  object space 148992K, 78% used [0x00000000c0000000,0x00000000c7266f50,0x00000000c9180000)
 Metaspace       used 77292K, committed 78592K, reserved 1122304K
  class space    used 8035K, committed 8640K, reserved 1048576K
}
Event: 762.687 GC heap after
{Heap after GC invocations=325 (full 18):
 PSYoungGen      total 8192K, used 3536K [0x00000000eab00000, 0x00000000eba00000, 0x0000000100000000)
  eden space 4608K, 0% used [0x00000000eab00000,0x00000000eab00000,0x00000000eaf80000)
  from space 3584K, 98% used [0x00000000eb680000,0x00000000eb9f42f0,0x00000000eba00000)
  to   space 4608K, 0% used [0x00000000eb100000,0x00000000eb100000,0x00000000eb580000)
 ParOldGen       total 148992K, used 119958K [0x00000000c0000000, 0x00000000c9180000, 0x00000000eab00000)
  object space 148992K, 80% used [0x00000000c0000000,0x00000000c7525b10,0x00000000c9180000)
 Metaspace       used 77292K, committed 78592K, reserved 1122304K
  class space    used 8035K, committed 8640K, reserved 1048576K
}

