# JRE version: OpenJDK Runtime Environment Temurin-17.0.4.1+1 (17.0.4.1+1) (build 17.0.4.1+1)
# Java VM: OpenJDK 64-Bit Server VM Temurin-17.0.4.1+1 (17.0.4.1+1, mixed mode, emulated-client, tiered, compressed oops, compressed class ptrs, g1 gc, windows-amd64)
GC Precious Log:
 CPUs: 8 total, 8 available
 Memory: 7987M
 Large Page Support: Disabled
 NUMA Support: Disabled
 Compressed Oops: Enabled (32-bit)
 Heap Region Size: 1M
 Heap Min Capacity: 8M
 Heap Initial Capacity: 126M
 Heap Max Capacity: 1998M
 Pre-touch: Disabled
 Parallel Workers: 8
 Concurrent Workers: 2
 Concurrent Refinement Workers: 8
 Periodic GC: Disabled
Heap:
 garbage-first heap   total 81920K, used 23971K [0x0000000083200000, 0x0000000100000000)
  region size 1024K, 1 young (1024K), 0 survivors (0K)
 Metaspace       used 43643K, committed 44096K, reserved 1089536K
  class space    used 6106K, committed 6272K, reserved 1048576K
GC Heap History (20 events):
Event: 3102.335 GC heap before
{Heap before GC invocations=288 (full 251):
 garbage-first heap   total 81920K, used 23971K [0x0000000083200000, 0x0000000100000000)
  region size 1024K, 1 young (1024K), 0 survivors (0K)
 Metaspace       used 43643K, committed 44096K, reserved 1089536K
  class space    used 6106K, committed 6272K, reserved 1048576K
}
Event: 3102.365 GC heap after
{Heap after GC invocations=289 (full 252):
 garbage-first heap   total 81920K, used 23971K [0x0000000083200000, 0x0000000100000000)
  region size 1024K, 0 young (0K), 0 survivors (0K)
 Metaspace       used 43643K, committed 44096K, reserved 1089536K
  class space    used 6106K, committed 6272K, reserved 1048576K
}
Event: 3112.640 GC heap before
{Heap before GC invocations=289 (full 252):
 garbage-first heap   total 81920K, used 23971K [0x0000000083200000, 0x0000000100000000)
  region size 1024K, 1 young (1024K), 0 survivors (0K)
 Metaspace       used 43643K, committed 44096K, reserved 1089536K
  class space    used 6106K, committed 6272K, reserved 1048576K
}
Event: 3112.667 GC heap after
{Heap after GC invocations=290 (full 253):
 garbage-first heap   total 81920K, used 23971K [0x0000000083200000, 0x0000000100000000)
  region size 1024K, 0 young (0K), 0 survivors (0K)
 Metaspace       used 43643K, committed 44096K, reserved 1089536K
  class space    used 6106K, committed 6272K, reserved 1048576K
}
Event: 3122.981 GC heap before
{Heap before GC invocations=290 (full 253):
 garbage-first heap   total 81920K, used 23971K [0x0000000083200000, 0x0000000100000000)
  region size 1024K, 1 young (1024K), 0 survivors (0K)
 Metaspace       used 43643K, committed 44096K, reserved 1089536K
  class space    used 6106K, committed 6272K, reserved 1048576K
}
Event: 3123.012 GC heap after
{Heap after GC invocations=291 (full 254):
 garbage-first heap   total 81920K, used 23971K [0x0000000083200000, 0x0000000100000000)
  region size 1024K, 0 young (0K), 0 survivors (0K)
 Metaspace       used 43643K, committed 44096K, reserved 1089536K
  class space    used 6106K, committed 6272K, reserved 1048576K
}
Event: 3133.261 GC heap before
{Heap before GC invocations=291 (full 254):
 garbage-first heap   total 81920K, used 23971K [0x0000000083200000, 0x0000000100000000)
  region size 1024K, 1 young (1024K), 0 survivors (0K)
 Metaspace       used 43643K, committed 44096K, reserved 1089536K
  class space    used 6106K, committed 6272K, reserved 1048576K
}
Event: 3133.292 GC heap after
{Heap after GC invocations=292 (full 255):
 garbage-first heap   total 81920K, used 23971K [0x0000000083200000, 0x0000000100000000)
  region size 1024K, 0 young (0K), 0 survivors (0K)
 Metaspace       used 43643K, committed 44096K, reserved 1089536K
  class space    used 6106K, committed 6272K, reserved 1048576K
}
Event: 3143.487 GC heap before
{Heap before GC invocations=292 (full 255):
 garbage-first heap   total 81920K, used 23971K [0x0000000083200000, 0x0000000100000000)
  region size 1024K, 1 young (1024K), 0 survivors (0K)
 Metaspace       used 43643K, committed 44096K, reserved 1089536K
  class space    used 6106K, committed 6272K, reserved 1048576K
}
Event: 3143.511 GC heap after
{Heap after GC invocations=293 (full 256):
 garbage-first heap   total 81920K, used 23971K [0x0000000083200000, 0x0000000100000000)
  region size 1024K, 0 young (0K), 0 survivors (0K)
 Metaspace       used 43643K, committed 44096K, reserved 1089536K
  class space    used 6106K, committed 6272K, reserved 1048576K
}
Event: 3153.765 GC heap before
{Heap before GC invocations=293 (full 256):
 garbage-first heap   total 81920K, used 23971K [0x0000000083200000, 0x0000000100000000)
  region size 1024K, 1 young (1024K), 0 survivors (0K)
 Metaspace       used 43643K, committed 44096K, reserved 1089536K
  class space    used 6106K, committed 6272K, reserved 1048576K
}
Event: 3153.793 GC heap after
{Heap after GC invocations=294 (full 257):
 garbage-first heap   total 81920K, used 23971K [0x0000000083200000, 0x0000000100000000)
  region size 1024K, 0 young (0K), 0 survivors (0K)
 Metaspace       used 43643K, committed 44096K, reserved 1089536K
  class space    used 6106K, committed 6272K, reserved 1048576K
}
Event: 3164.028 GC heap before
{Heap before GC invocations=294 (full 257):
 garbage-first heap   total 81920K, used 23971K [0x0000000083200000, 0x0000000100000000)
  region size 1024K, 1 young (1024K), 0 survivors (0K)
 Metaspace       used 43643K, committed 44096K, reserved 1089536K
  class space    used 6106K, committed 6272K, reserved 1048576K
}
Event: 3164.057 GC heap after
{Heap after GC invocations=295 (full 258):
 garbage-first heap   total 81920K, used 23971K [0x0000000083200000, 0x0000000100000000)
  region size 1024K, 0 young (0K), 0 survivors (0K)
 Metaspace       used 43643K, committed 44096K, reserved 1089536K
  class space    used 6106K, committed 6272K, reserved 1048576K
}
Event: 3174.284 GC heap before
{Heap before GC invocations=295 (full 258):
 garbage-first heap   total 81920K, used 23971K [0x0000000083200000, 0x0000000100000000)
  region size 1024K, 1 young (1024K), 0 survivors (0K)
 Metaspace       used 43643K, committed 44096K, reserved 1089536K
  class space    used 6106K, committed 6272K, reserved 1048576K
}
Event: 3174.309 GC heap after
{Heap after GC invocations=296 (full 259):
 garbage-first heap   total 81920K, used 23971K [0x0000000083200000, 0x0000000100000000)
  region size 1024K, 0 young (0K), 0 survivors (0K)
 Metaspace       used 43643K, committed 44096K, reserved 1089536K
  class space    used 6106K, committed 6272K, reserved 1048576K
}
Event: 3184.601 GC heap before
{Heap before GC invocations=296 (full 259):
 garbage-first heap   total 81920K, used 23971K [0x0000000083200000, 0x0000000100000000)
  region size 1024K, 1 young (1024K), 0 survivors (0K)
 Metaspace       used 43643K, committed 44096K, reserved 1089536K
  class space    used 6106K, committed 6272K, reserved 1048576K
}
Event: 3184.630 GC heap after
{Heap after GC invocations=297 (full 260):
 garbage-first heap   total 81920K, used 23971K [0x0000000083200000, 0x0000000100000000)
  region size 1024K, 0 young (0K), 0 survivors (0K)
 Metaspace       used 43643K, committed 44096K, reserved 1089536K
  class space    used 6106K, committed 6272K, reserved 1048576K
}
Event: 3194.830 GC heap before
{Heap before GC invocations=297 (full 260):
 garbage-first heap   total 81920K, used 23971K [0x0000000083200000, 0x0000000100000000)
  region size 1024K, 1 young (1024K), 0 survivors (0K)
 Metaspace       used 43643K, committed 44096K, reserved 1089536K
  class space    used 6106K, committed 6272K, reserved 1048576K
}
Event: 3194.853 GC heap after
{Heap after GC invocations=298 (full 261):
 garbage-first heap   total 81920K, used 23971K [0x0000000083200000, 0x0000000100000000)
  region size 1024K, 0 young (0K), 0 survivors (0K)
 Metaspace       used 43643K, committed 44096K, reserved 1089536K
  class space    used 6106K, committed 6272K, reserved 1048576K
}

