# JRE version: OpenJDK Runtime Environment Temurin-17.0.5+8 (17.0.5+8) (build 17.0.5+8)
# Java VM: OpenJDK 64-Bit Server VM Temurin-17.0.5+8 (17.0.5+8, mixed mode, sharing, tiered, compressed oops, compressed class ptrs, g1 gc, windows-amd64)
GC Precious Log:
 CPUs: 8 total, 8 available
 Memory: 7987M
 Large Page Support: Disabled
 NUMA Support: Disabled
 Compressed Oops: Enabled (32-bit)
 Heap Region Size: 1M
 Heap Min Capacity: 8M
 Heap Initial Capacity: 126M
 Heap Max Capacity: 1998M
 Pre-touch: Disabled
 Parallel Workers: 8
 Concurrent Workers: 2
 Concurrent Refinement Workers: 8
 Periodic GC: Disabled
Heap:
 garbage-first heap   total 130048K, used 56601K [0x0000000083200000, 0x0000000100000000)
  region size 1024K, 14 young (14336K), 1 survivors (1024K)
 Metaspace       used 91694K, committed 98560K, reserved 1146880K
  class space    used 10787K, committed 12288K, reserved 1048576K
GC Heap History (20 events):
Event: 6234.704 GC heap before
{Heap before GC invocations=150 (full 7):
 garbage-first heap   total 130048K, used 114055K [0x0000000083200000, 0x0000000100000000)
  region size 1024K, 69 young (70656K), 1 survivors (1024K)
 Metaspace       used 91647K, committed 98560K, reserved 1146880K
  class space    used 10786K, committed 12288K, reserved 1048576K
}
Event: 6234.708 GC heap after
{Heap after GC invocations=151 (full 7):
 garbage-first heap   total 130048K, used 44444K [0x0000000083200000, 0x0000000100000000)
  region size 1024K, 1 young (1024K), 1 survivors (1024K)
 Metaspace       used 91647K, committed 98560K, reserved 1146880K
  class space    used 10786K, committed 12288K, reserved 1048576K
}
Event: 6440.354 GC heap before
{Heap before GC invocations=152 (full 7):
 garbage-first heap   total 130048K, used 114076K [0x0000000083200000, 0x0000000100000000)
  region size 1024K, 69 young (70656K), 1 survivors (1024K)
 Metaspace       used 91675K, committed 98560K, reserved 1146880K
  class space    used 10786K, committed 12288K, reserved 1048576K
}
Event: 6440.357 GC heap after
{Heap after GC invocations=153 (full 7):
 garbage-first heap   total 130048K, used 45059K [0x0000000083200000, 0x0000000100000000)
  region size 1024K, 1 young (1024K), 1 survivors (1024K)
 Metaspace       used 91675K, committed 98560K, reserved 1146880K
  class space    used 10786K, committed 12288K, reserved 1048576K
}
Event: 6456.279 GC heap before
{Heap before GC invocations=153 (full 7):
 garbage-first heap   total 130048K, used 50179K [0x0000000083200000, 0x0000000100000000)
  region size 1024K, 6 young (6144K), 1 survivors (1024K)
 Metaspace       used 91675K, committed 98560K, reserved 1146880K
  class space    used 10786K, committed 12288K, reserved 1048576K
}
Event: 6456.287 GC heap after
{Heap after GC invocations=154 (full 7):
 garbage-first heap   total 130048K, used 44786K [0x0000000083200000, 0x0000000100000000)
  region size 1024K, 1 young (1024K), 1 survivors (1024K)
 Metaspace       used 91675K, committed 98560K, reserved 1146880K
  class space    used 10786K, committed 12288K, reserved 1048576K
}
Event: 6673.833 GC heap before
{Heap before GC invocations=154 (full 7):
 garbage-first heap   total 130048K, used 113394K [0x0000000083200000, 0x0000000100000000)
  region size 1024K, 68 young (69632K), 1 survivors (1024K)
 Metaspace       used 91675K, committed 98560K, reserved 1146880K
  class space    used 10786K, committed 12288K, reserved 1048576K
}
Event: 6673.837 GC heap after
{Heap after GC invocations=155 (full 7):
 garbage-first heap   total 130048K, used 44813K [0x0000000083200000, 0x0000000100000000)
  region size 1024K, 1 young (1024K), 1 survivors (1024K)
 Metaspace       used 91675K, committed 98560K, reserved 1146880K
  class space    used 10786K, committed 12288K, reserved 1048576K
}
Event: 6894.907 GC heap before
{Heap before GC invocations=156 (full 7):
 garbage-first heap   total 130048K, used 114445K [0x0000000083200000, 0x0000000100000000)
  region size 1024K, 69 young (70656K), 1 survivors (1024K)
 Metaspace       used 91676K, committed 98560K, reserved 1146880K
  class space    used 10786K, committed 12288K, reserved 1048576K
}
Event: 6894.911 GC heap after
{Heap after GC invocations=157 (full 7):
 garbage-first heap   total 130048K, used 44817K [0x0000000083200000, 0x0000000100000000)
  region size 1024K, 1 young (1024K), 1 survivors (1024K)
 Metaspace       used 91676K, committed 98560K, reserved 1146880K
  class space    used 10786K, committed 12288K, reserved 1048576K
}
Event: 6911.418 GC heap before
{Heap before GC invocations=157 (full 7):
 garbage-first heap   total 130048K, used 49937K [0x0000000083200000, 0x0000000100000000)
  region size 1024K, 6 young (6144K), 1 survivors (1024K)
 Metaspace       used 91676K, committed 98560K, reserved 1146880K
  class space    used 10786K, committed 12288K, reserved 1048576K
}
Event: 6911.421 GC heap after
{Heap after GC invocations=158 (full 7):
 garbage-first heap   total 130048K, used 44618K [0x0000000083200000, 0x0000000100000000)
  region size 1024K, 1 young (1024K), 1 survivors (1024K)
 Metaspace       used 91676K, committed 98560K, reserved 1146880K
  class space    used 10786K, committed 12288K, reserved 1048576K
}
Event: 7131.715 GC heap before
{Heap before GC invocations=158 (full 7):
 garbage-first heap   total 130048K, used 114250K [0x0000000083200000, 0x0000000100000000)
  region size 1024K, 69 young (70656K), 1 survivors (1024K)
 Metaspace       used 91679K, committed 98560K, reserved 1146880K
  class space    used 10786K, committed 12288K, reserved 1048576K
}
Event: 7131.718 GC heap after
{Heap after GC invocations=159 (full 7):
 garbage-first heap   total 130048K, used 44652K [0x0000000083200000, 0x0000000100000000)
  region size 1024K, 1 young (1024K), 1 survivors (1024K)
 Metaspace       used 91679K, committed 98560K, reserved 1146880K
  class space    used 10786K, committed 12288K, reserved 1048576K
}
Event: 7352.502 GC heap before
{Heap before GC invocations=160 (full 7):
 garbage-first heap   total 130048K, used 114284K [0x0000000083200000, 0x0000000100000000)
  region size 1024K, 69 young (70656K), 1 survivors (1024K)
 Metaspace       used 91679K, committed 98560K, reserved 1146880K
  class space    used 10786K, committed 12288K, reserved 1048576K
}
Event: 7352.504 GC heap after
{Heap after GC invocations=161 (full 7):
 garbage-first heap   total 130048K, used 44682K [0x0000000083200000, 0x0000000100000000)
  region size 1024K, 1 young (1024K), 1 survivors (1024K)
 Metaspace       used 91679K, committed 98560K, reserved 1146880K
  class space    used 10786K, committed 12288K, reserved 1048576K
}
Event: 7369.010 GC heap before
{Heap before GC invocations=161 (full 7):
 garbage-first heap   total 130048K, used 49802K [0x0000000083200000, 0x0000000100000000)
  region size 1024K, 6 young (6144K), 1 survivors (1024K)
 Metaspace       used 91679K, committed 98560K, reserved 1146880K
  class space    used 10786K, committed 12288K, reserved 1048576K
}
Event: 7369.017 GC heap after
{Heap after GC invocations=162 (full 7):
 garbage-first heap   total 130048K, used 44281K [0x0000000083200000, 0x0000000100000000)
  region size 1024K, 1 young (1024K), 1 survivors (1024K)
 Metaspace       used 91679K, committed 98560K, reserved 1146880K
  class space    used 10786K, committed 12288K, reserved 1048576K
}
Event: 7589.987 GC heap before
{Heap before GC invocations=162 (full 7):
 garbage-first heap   total 130048K, used 113913K [0x0000000083200000, 0x0000000100000000)
  region size 1024K, 69 young (70656K), 1 survivors (1024K)
 Metaspace       used 91686K, committed 98560K, reserved 1146880K
  class space    used 10786K, committed 12288K, reserved 1048576K
}
Event: 7589.990 GC heap after
{Heap after GC invocations=163 (full 7):
 garbage-first heap   total 130048K, used 44313K [0x0000000083200000, 0x0000000100000000)
  region size 1024K, 1 young (1024K), 1 survivors (1024K)
 Metaspace       used 91686K, committed 98560K, reserved 1146880K
  class space    used 10786K, committed 12288K, reserved 1048576K
}

