# JRE version: OpenJDK Runtime Environment Temurin-17.0.4.1+1 (17.0.4.1+1) (build 17.0.4.1+1)
# Java VM: OpenJDK 64-Bit Server VM Temurin-17.0.4.1+1 (17.0.4.1+1, mixed mode, emulated-client, tiered, compressed oops, compressed class ptrs, g1 gc, windows-amd64)
GC Precious Log:
 CPUs: 8 total, 8 available
 Memory: 7987M
 Large Page Support: Disabled
 NUMA Support: Disabled
 Compressed Oops: Enabled (32-bit)
 Heap Region Size: 1M
 Heap Min Capacity: 8M
 Heap Initial Capacity: 126M
 Heap Max Capacity: 1998M
 Pre-touch: Disabled
 Parallel Workers: 8
 Concurrent Workers: 2
 Concurrent Refinement Workers: 8
 Periodic GC: Disabled
Heap:
 garbage-first heap   total 321536K, used 101755K [0x0000000083200000, 0x0000000100000000)
  region size 1024K, 16 young (16384K), 16 survivors (16384K)
 Metaspace       used 38705K, committed 39040K, reserved 1089536K
  class space    used 4920K, committed 5056K, reserved 1048576K
GC Heap History (20 events):
Event: 8.708 GC heap after
{Heap after GC invocations=14 (full 0):
 garbage-first heap   total 125952K, used 46684K [0x0000000083200000, 0x0000000100000000)
  region size 1024K, 3 young (3072K), 3 survivors (3072K)
 Metaspace       used 35312K, committed 35648K, reserved 1081344K
  class space    used 4536K, committed 4672K, reserved 1048576K
}
Event: 9.438 GC heap before
{Heap before GC invocations=15 (full 0):
 garbage-first heap   total 125952K, used 88668K [0x0000000083200000, 0x0000000100000000)
  region size 1024K, 43 young (44032K), 3 survivors (3072K)
 Metaspace       used 36849K, committed 37184K, reserved 1081344K
  class space    used 4773K, committed 4928K, reserved 1048576K
}
Event: 9.482 GC heap after
{Heap after GC invocations=16 (full 0):
 garbage-first heap   total 125952K, used 63488K [0x0000000083200000, 0x0000000100000000)
  region size 1024K, 6 young (6144K), 6 survivors (6144K)
 Metaspace       used 36849K, committed 37184K, reserved 1081344K
  class space    used 4773K, committed 4928K, reserved 1048576K
}
Event: 9.558 GC heap before
{Heap before GC invocations=16 (full 0):
 garbage-first heap   total 125952K, used 90112K [0x0000000083200000, 0x0000000100000000)
  region size 1024K, 33 young (33792K), 6 survivors (6144K)
 Metaspace       used 36854K, committed 37184K, reserved 1081344K
  class space    used 4775K, committed 4928K, reserved 1048576K
}
Event: 9.567 GC heap after
{Heap after GC invocations=17 (full 0):
 garbage-first heap   total 125952K, used 65771K [0x0000000083200000, 0x0000000100000000)
  region size 1024K, 2 young (2048K), 2 survivors (2048K)
 Metaspace       used 36854K, committed 37184K, reserved 1081344K
  class space    used 4775K, committed 4928K, reserved 1048576K
}
Event: 9.589 GC heap before
{Heap before GC invocations=17 (full 0):
 garbage-first heap   total 125952K, used 92395K [0x0000000083200000, 0x0000000100000000)
  region size 1024K, 29 young (29696K), 2 survivors (2048K)
 Metaspace       used 36859K, committed 37184K, reserved 1081344K
  class space    used 4775K, committed 4928K, reserved 1048576K
}
Event: 9.592 GC heap after
{Heap after GC invocations=18 (full 0):
 garbage-first heap   total 125952K, used 66887K [0x0000000083200000, 0x0000000100000000)
  region size 1024K, 3 young (3072K), 3 survivors (3072K)
 Metaspace       used 36859K, committed 37184K, reserved 1081344K
  class space    used 4775K, committed 4928K, reserved 1048576K
}
Event: 9.746 GC heap before
{Heap before GC invocations=19 (full 0):
 garbage-first heap   total 160768K, used 93511K [0x0000000083200000, 0x0000000100000000)
  region size 1024K, 32 young (32768K), 3 survivors (3072K)
 Metaspace       used 36878K, committed 37184K, reserved 1081344K
  class space    used 4776K, committed 4928K, reserved 1048576K
}
Event: 9.752 GC heap after
{Heap after GC invocations=20 (full 0):
 garbage-first heap   total 160768K, used 66975K [0x0000000083200000, 0x0000000100000000)
  region size 1024K, 3 young (3072K), 3 survivors (3072K)
 Metaspace       used 36878K, committed 37184K, reserved 1081344K
  class space    used 4776K, committed 4928K, reserved 1048576K
}
Event: 9.798 GC heap before
{Heap before GC invocations=20 (full 0):
 garbage-first heap   total 160768K, used 122271K [0x0000000083200000, 0x0000000100000000)
  region size 1024K, 58 young (59392K), 3 survivors (3072K)
 Metaspace       used 36919K, committed 37248K, reserved 1081344K
  class space    used 4783K, committed 4928K, reserved 1048576K
}
Event: 9.802 GC heap after
{Heap after GC invocations=21 (full 0):
 garbage-first heap   total 160768K, used 69266K [0x0000000083200000, 0x0000000100000000)
  region size 1024K, 5 young (5120K), 5 survivors (5120K)
 Metaspace       used 36919K, committed 37248K, reserved 1081344K
  class space    used 4783K, committed 4928K, reserved 1048576K
}
Event: 9.834 GC heap before
{Heap before GC invocations=21 (full 0):
 garbage-first heap   total 160768K, used 124562K [0x0000000083200000, 0x0000000100000000)
  region size 1024K, 60 young (61440K), 5 survivors (5120K)
 Metaspace       used 36951K, committed 37248K, reserved 1081344K
  class space    used 4787K, committed 4928K, reserved 1048576K
}
Event: 9.843 GC heap after
{Heap after GC invocations=22 (full 0):
 garbage-first heap   total 321536K, used 71690K [0x0000000083200000, 0x0000000100000000)
  region size 1024K, 6 young (6144K), 6 survivors (6144K)
 Metaspace       used 36951K, committed 37248K, reserved 1081344K
  class space    used 4787K, committed 4928K, reserved 1048576K
}
Event: 9.941 GC heap before
{Heap before GC invocations=22 (full 0):
 garbage-first heap   total 321536K, used 242698K [0x0000000083200000, 0x0000000100000000)
  region size 1024K, 174 young (178176K), 6 survivors (6144K)
 Metaspace       used 37159K, committed 37504K, reserved 1089536K
  class space    used 4805K, committed 4992K, reserved 1048576K
}
Event: 9.949 GC heap after
{Heap after GC invocations=23 (full 0):
 garbage-first heap   total 321536K, used 78725K [0x0000000083200000, 0x0000000100000000)
  region size 1024K, 13 young (13312K), 13 survivors (13312K)
 Metaspace       used 37159K, committed 37504K, reserved 1089536K
  class space    used 4805K, committed 4992K, reserved 1048576K
}
Event: 10.012 GC heap before
{Heap before GC invocations=23 (full 0):
 garbage-first heap   total 321536K, used 253829K [0x0000000083200000, 0x0000000100000000)
  region size 1024K, 186 young (190464K), 13 survivors (13312K)
 Metaspace       used 37379K, committed 37696K, reserved 1089536K
  class space    used 4829K, committed 4992K, reserved 1048576K
}
Event: 10.023 GC heap after
{Heap after GC invocations=24 (full 0):
 garbage-first heap   total 321536K, used 85634K [0x0000000083200000, 0x0000000100000000)
  region size 1024K, 20 young (20480K), 20 survivors (20480K)
 Metaspace       used 37379K, committed 37696K, reserved 1089536K
  class space    used 4829K, committed 4992K, reserved 1048576K
}
Event: 10.336 GC heap before
{Heap before GC invocations=24 (full 0):
 garbage-first heap   total 321536K, used 256642K [0x0000000083200000, 0x0000000100000000)
  region size 1024K, 188 young (192512K), 20 survivors (20480K)
 Metaspace       used 37811K, committed 38144K, reserved 1089536K
  class space    used 4874K, committed 5056K, reserved 1048576K
}
Event: 10.353 GC heap after
{Heap after GC invocations=25 (full 0):
 garbage-first heap   total 321536K, used 92710K [0x0000000083200000, 0x0000000100000000)
  region size 1024K, 15 young (15360K), 15 survivors (15360K)
 Metaspace       used 37811K, committed 38144K, reserved 1089536K
  class space    used 4874K, committed 5056K, reserved 1048576K
}
Event: 10.774 GC heap before
{Heap before GC invocations=25 (full 0):
 garbage-first heap   total 321536K, used 261670K [0x0000000083200000, 0x0000000100000000)
  region size 1024K, 181 young (185344K), 15 survivors (15360K)
 Metaspace       used 38705K, committed 39040K, reserved 1089536K
  class space    used 4920K, committed 5056K, reserved 1048576K
}

