# JRE version: OpenJDK Runtime Environment Temurin-17.0.4.1+1 (17.0.4.1+1) (build 17.0.4.1+1)
# Java VM: OpenJDK 64-Bit Server VM Temurin-17.0.4.1+1 (17.0.4.1+1, mixed mode, emulated-client, tiered, compressed oops, compressed class ptrs, g1 gc, windows-amd64)
GC Precious Log:
 CPUs: 8 total, 8 available
 Memory: 7987M
 Large Page Support: Disabled
 NUMA Support: Disabled
 Compressed Oops: Enabled (32-bit)
 Heap Region Size: 1M
 Heap Min Capacity: 8M
 Heap Initial Capacity: 126M
 Heap Max Capacity: 1998M
 Pre-touch: Disabled
 Parallel Workers: 8
 Concurrent Workers: 2
 Concurrent Refinement Workers: 8
 Periodic GC: Disabled
Heap:
 garbage-first heap   total 166912K, used 70375K [0x0000000083200000, 0x0000000100000000)
  region size 1024K, 7 young (7168K), 7 survivors (7168K)
 Metaspace       used 36210K, committed 36544K, reserved 1081344K
  class space    used 4720K, committed 4864K, reserved 1048576K
GC Heap History (20 events):
Event: 5.470 GC heap after
{Heap after GC invocations=8 (full 0):
 garbage-first heap   total 48128K, used 15967K [0x0000000083200000, 0x0000000100000000)
  region size 1024K, 2 young (2048K), 2 survivors (2048K)
 Metaspace       used 32028K, committed 32320K, reserved 1081344K
  class space    used 4050K, committed 4160K, reserved 1048576K
}
Event: 5.637 GC heap before
{Heap before GC invocations=8 (full 0):
 garbage-first heap   total 48128K, used 32351K [0x0000000083200000, 0x0000000100000000)
  region size 1024K, 19 young (19456K), 2 survivors (2048K)
 Metaspace       used 33204K, committed 33536K, reserved 1081344K
  class space    used 4213K, committed 4352K, reserved 1048576K
}
Event: 5.644 GC heap after
{Heap after GC invocations=9 (full 0):
 garbage-first heap   total 86016K, used 19062K [0x0000000083200000, 0x0000000100000000)
  region size 1024K, 3 young (3072K), 3 survivors (3072K)
 Metaspace       used 33204K, committed 33536K, reserved 1081344K
  class space    used 4213K, committed 4352K, reserved 1048576K
}
Event: 5.868 GC heap before
{Heap before GC invocations=9 (full 0):
 garbage-first heap   total 86016K, used 60022K [0x0000000083200000, 0x0000000100000000)
  region size 1024K, 44 young (45056K), 3 survivors (3072K)
 Metaspace       used 33692K, committed 34048K, reserved 1081344K
  class space    used 4291K, committed 4480K, reserved 1048576K
}
Event: 5.878 GC heap after
{Heap after GC invocations=10 (full 0):
 garbage-first heap   total 86016K, used 26770K [0x0000000083200000, 0x0000000100000000)
  region size 1024K, 6 young (6144K), 6 survivors (6144K)
 Metaspace       used 33692K, committed 34048K, reserved 1081344K
  class space    used 4291K, committed 4480K, reserved 1048576K
}
Event: 5.988 GC heap before
{Heap before GC invocations=10 (full 0):
 garbage-first heap   total 86016K, used 57490K [0x0000000083200000, 0x0000000100000000)
  region size 1024K, 36 young (36864K), 6 survivors (6144K)
 Metaspace       used 34068K, committed 34432K, reserved 1081344K
  class space    used 4345K, committed 4544K, reserved 1048576K
}
Event: 5.996 GC heap after
{Heap after GC invocations=11 (full 0):
 garbage-first heap   total 86016K, used 32113K [0x0000000083200000, 0x0000000100000000)
  region size 1024K, 5 young (5120K), 5 survivors (5120K)
 Metaspace       used 34068K, committed 34432K, reserved 1081344K
  class space    used 4345K, committed 4544K, reserved 1048576K
}
Event: 6.068 GC heap before
{Heap before GC invocations=11 (full 0):
 garbage-first heap   total 86016K, used 59761K [0x0000000083200000, 0x0000000100000000)
  region size 1024K, 33 young (33792K), 5 survivors (5120K)
 Metaspace       used 34299K, committed 34624K, reserved 1081344K
  class space    used 4378K, committed 4544K, reserved 1048576K
}
Event: 6.084 GC heap after
{Heap after GC invocations=12 (full 0):
 garbage-first heap   total 86016K, used 40487K [0x0000000083200000, 0x0000000100000000)
  region size 1024K, 5 young (5120K), 5 survivors (5120K)
 Metaspace       used 34299K, committed 34624K, reserved 1081344K
  class space    used 4378K, committed 4544K, reserved 1048576K
}
Event: 6.256 GC heap before
{Heap before GC invocations=12 (full 0):
 garbage-first heap   total 86016K, used 60967K [0x0000000083200000, 0x0000000100000000)
  region size 1024K, 26 young (26624K), 5 survivors (5120K)
 Metaspace       used 34752K, committed 35136K, reserved 1081344K
  class space    used 4444K, committed 4608K, reserved 1048576K
}
Event: 6.266 GC heap after
{Heap after GC invocations=13 (full 0):
 garbage-first heap   total 166912K, used 45765K [0x0000000083200000, 0x0000000100000000)
  region size 1024K, 4 young (4096K), 4 survivors (4096K)
 Metaspace       used 34752K, committed 35136K, reserved 1081344K
  class space    used 4444K, committed 4608K, reserved 1048576K
}
Event: 6.525 GC heap before
{Heap before GC invocations=13 (full 0):
 garbage-first heap   total 166912K, used 54981K [0x0000000083200000, 0x0000000100000000)
  region size 1024K, 14 young (14336K), 4 survivors (4096K)
 Metaspace       used 35810K, committed 36096K, reserved 1081344K
  class space    used 4648K, committed 4800K, reserved 1048576K
}
Event: 6.532 GC heap after
{Heap after GC invocations=14 (full 0):
 garbage-first heap   total 166912K, used 46347K [0x0000000083200000, 0x0000000100000000)
  region size 1024K, 5 young (5120K), 5 survivors (5120K)
 Metaspace       used 35810K, committed 36096K, reserved 1081344K
  class space    used 4648K, committed 4800K, reserved 1048576K
}
Event: 6.777 GC heap before
{Heap before GC invocations=15 (full 0):
 garbage-first heap   total 166912K, used 117003K [0x0000000083200000, 0x0000000100000000)
  region size 1024K, 73 young (74752K), 5 survivors (5120K)
 Metaspace       used 36127K, committed 36480K, reserved 1081344K
  class space    used 4709K, committed 4864K, reserved 1048576K
}
Event: 6.809 GC heap after
{Heap after GC invocations=16 (full 0):
 garbage-first heap   total 166912K, used 63373K [0x0000000083200000, 0x0000000100000000)
  region size 1024K, 10 young (10240K), 10 survivors (10240K)
 Metaspace       used 36127K, committed 36480K, reserved 1081344K
  class space    used 4709K, committed 4864K, reserved 1048576K
}
Event: 6.825 GC heap before
{Heap before GC invocations=16 (full 0):
 garbage-first heap   total 166912K, used 111501K [0x0000000083200000, 0x0000000100000000)
  region size 1024K, 58 young (59392K), 10 survivors (10240K)
 Metaspace       used 36210K, committed 36544K, reserved 1081344K
  class space    used 4720K, committed 4864K, reserved 1048576K
}
Event: 6.835 GC heap after
{Heap after GC invocations=17 (full 0):
 garbage-first heap   total 166912K, used 66104K [0x0000000083200000, 0x0000000100000000)
  region size 1024K, 3 young (3072K), 3 survivors (3072K)
 Metaspace       used 36210K, committed 36544K, reserved 1081344K
  class space    used 4720K, committed 4864K, reserved 1048576K
}
Event: 6.850 GC heap before
{Heap before GC invocations=17 (full 0):
 garbage-first heap   total 166912K, used 115256K [0x0000000083200000, 0x0000000100000000)
  region size 1024K, 52 young (53248K), 3 survivors (3072K)
 Metaspace       used 36210K, committed 36544K, reserved 1081344K
  class space    used 4720K, committed 4864K, reserved 1048576K
}
Event: 6.854 GC heap after
{Heap after GC invocations=18 (full 0):
 garbage-first heap   total 166912K, used 68296K [0x0000000083200000, 0x0000000100000000)
  region size 1024K, 5 young (5120K), 5 survivors (5120K)
 Metaspace       used 36210K, committed 36544K, reserved 1081344K
  class space    used 4720K, committed 4864K, reserved 1048576K
}
Event: 6.870 GC heap before
{Heap before GC invocations=18 (full 0):
 garbage-first heap   total 166912K, used 121544K [0x0000000083200000, 0x0000000100000000)
  region size 1024K, 58 young (59392K), 5 survivors (5120K)
 Metaspace       used 36210K, committed 36544K, reserved 1081344K
  class space    used 4720K, committed 4864K, reserved 1048576K
}

