# JRE version: OpenJDK Runtime Environment Temurin-17.0.4.1+1 (17.0.4.1+1) (build 17.0.4.1+1)
# Java VM: OpenJDK 64-Bit Server VM Temurin-17.0.4.1+1 (17.0.4.1+1, mixed mode, emulated-client, tiered, compressed oops, compressed class ptrs, g1 gc, windows-amd64)
GC Precious Log:
 CPUs: 8 total, 8 available
 Memory: 7987M
 Large Page Support: Disabled
 NUMA Support: Disabled
 Compressed Oops: Enabled (32-bit)
 Heap Region Size: 1M
 Heap Min Capacity: 8M
 Heap Initial Capacity: 126M
 Heap Max Capacity: 1998M
 Pre-touch: Disabled
 Parallel Workers: 8
 Concurrent Workers: 2
 Concurrent Refinement Workers: 8
 Periodic GC: Disabled
Heap:
 garbage-first heap   total 122880K, used 37005K [0x0000000083200000, 0x0000000100000000)
  region size 1024K, 1 young (1024K), 0 survivors (0K)
 Metaspace       used 54481K, committed 54912K, reserved 1097728K
  class space    used 7218K, committed 7424K, reserved 1048576K
GC Heap History (20 events):
Event: 3136.851 GC heap before
{Heap before GC invocations=251 (full 119):
 garbage-first heap   total 122880K, used 102397K [0x0000000083200000, 0x0000000100000000)
  region size 1024K, 61 young (62464K), 2 survivors (2048K)
 Metaspace       used 54480K, committed 54912K, reserved 1097728K
  class space    used 7218K, committed 7424K, reserved 1048576K
}
Event: 3136.853 GC heap after
{Heap after GC invocations=252 (full 119):
 garbage-first heap   total 122880K, used 41121K [0x0000000083200000, 0x0000000100000000)
  region size 1024K, 1 young (1024K), 1 survivors (1024K)
 Metaspace       used 54480K, committed 54912K, reserved 1097728K
  class space    used 7218K, committed 7424K, reserved 1048576K
}
Event: 3140.775 GC heap before
{Heap before GC invocations=252 (full 119):
 garbage-first heap   total 122880K, used 103585K [0x0000000083200000, 0x0000000100000000)
  region size 1024K, 62 young (63488K), 1 survivors (1024K)
 Metaspace       used 54480K, committed 54912K, reserved 1097728K
  class space    used 7218K, committed 7424K, reserved 1048576K
}
Event: 3140.777 GC heap after
{Heap after GC invocations=253 (full 119):
 garbage-first heap   total 122880K, used 42083K [0x0000000083200000, 0x0000000100000000)
  region size 1024K, 2 young (2048K), 2 survivors (2048K)
 Metaspace       used 54480K, committed 54912K, reserved 1097728K
  class space    used 7218K, committed 7424K, reserved 1048576K
}
Event: 3144.678 GC heap before
{Heap before GC invocations=253 (full 119):
 garbage-first heap   total 122880K, used 103523K [0x0000000083200000, 0x0000000100000000)
  region size 1024K, 62 young (63488K), 2 survivors (2048K)
 Metaspace       used 54480K, committed 54912K, reserved 1097728K
  class space    used 7218K, committed 7424K, reserved 1048576K
}
Event: 3144.680 GC heap after
{Heap after GC invocations=254 (full 119):
 garbage-first heap   total 122880K, used 42235K [0x0000000083200000, 0x0000000100000000)
  region size 1024K, 2 young (2048K), 2 survivors (2048K)
 Metaspace       used 54480K, committed 54912K, reserved 1097728K
  class space    used 7218K, committed 7424K, reserved 1048576K
}
Event: 3146.559 GC heap before
{Heap before GC invocations=254 (full 119):
 garbage-first heap   total 122880K, used 103675K [0x0000000083200000, 0x0000000100000000)
  region size 1024K, 62 young (63488K), 2 survivors (2048K)
 Metaspace       used 54480K, committed 54912K, reserved 1097728K
  class space    used 7218K, committed 7424K, reserved 1048576K
}
Event: 3146.561 GC heap after
{Heap after GC invocations=255 (full 119):
 garbage-first heap   total 122880K, used 42245K [0x0000000083200000, 0x0000000100000000)
  region size 1024K, 2 young (2048K), 2 survivors (2048K)
 Metaspace       used 54480K, committed 54912K, reserved 1097728K
  class space    used 7218K, committed 7424K, reserved 1048576K
}
Event: 3157.204 GC heap before
{Heap before GC invocations=255 (full 119):
 garbage-first heap   total 122880K, used 103685K [0x0000000083200000, 0x0000000100000000)
  region size 1024K, 62 young (63488K), 2 survivors (2048K)
 Metaspace       used 54480K, committed 54912K, reserved 1097728K
  class space    used 7218K, committed 7424K, reserved 1048576K
}
Event: 3157.209 GC heap after
{Heap after GC invocations=256 (full 119):
 garbage-first heap   total 122880K, used 42103K [0x0000000083200000, 0x0000000100000000)
  region size 1024K, 2 young (2048K), 2 survivors (2048K)
 Metaspace       used 54480K, committed 54912K, reserved 1097728K
  class space    used 7218K, committed 7424K, reserved 1048576K
}
Event: 3160.736 GC heap before
{Heap before GC invocations=256 (full 119):
 garbage-first heap   total 122880K, used 102519K [0x0000000083200000, 0x0000000100000000)
  region size 1024K, 62 young (63488K), 2 survivors (2048K)
 Metaspace       used 54480K, committed 54912K, reserved 1097728K
  class space    used 7218K, committed 7424K, reserved 1048576K
}
Event: 3160.739 GC heap after
{Heap after GC invocations=257 (full 119):
 garbage-first heap   total 122880K, used 42016K [0x0000000083200000, 0x0000000100000000)
  region size 1024K, 2 young (2048K), 2 survivors (2048K)
 Metaspace       used 54480K, committed 54912K, reserved 1097728K
  class space    used 7218K, committed 7424K, reserved 1048576K
}
Event: 3199.150 GC heap before
{Heap before GC invocations=257 (full 119):
 garbage-first heap   total 122880K, used 82976K [0x0000000083200000, 0x0000000100000000)
  region size 1024K, 43 young (44032K), 2 survivors (2048K)
 Metaspace       used 54480K, committed 54912K, reserved 1097728K
  class space    used 7218K, committed 7424K, reserved 1048576K
}
Event: 3199.202 GC heap after
{Heap after GC invocations=258 (full 120):
 garbage-first heap   total 122880K, used 37156K [0x0000000083200000, 0x0000000100000000)
  region size 1024K, 0 young (0K), 0 survivors (0K)
 Metaspace       used 54480K, committed 54912K, reserved 1097728K
  class space    used 7218K, committed 7424K, reserved 1048576K
}
Event: 3209.459 GC heap before
{Heap before GC invocations=258 (full 120):
 garbage-first heap   total 122880K, used 37156K [0x0000000083200000, 0x0000000100000000)
  region size 1024K, 1 young (1024K), 0 survivors (0K)
 Metaspace       used 54480K, committed 54912K, reserved 1097728K
  class space    used 7218K, committed 7424K, reserved 1048576K
}
Event: 3209.500 GC heap after
{Heap after GC invocations=259 (full 121):
 garbage-first heap   total 122880K, used 36940K [0x0000000083200000, 0x0000000100000000)
  region size 1024K, 0 young (0K), 0 survivors (0K)
 Metaspace       used 54480K, committed 54912K, reserved 1097728K
  class space    used 7218K, committed 7424K, reserved 1048576K
}
Event: 3220.023 GC heap before
{Heap before GC invocations=259 (full 121):
 garbage-first heap   total 122880K, used 36940K [0x0000000083200000, 0x0000000100000000)
  region size 1024K, 1 young (1024K), 0 survivors (0K)
 Metaspace       used 54480K, committed 54912K, reserved 1097728K
  class space    used 7218K, committed 7424K, reserved 1048576K
}
Event: 3220.116 GC heap after
{Heap after GC invocations=260 (full 122):
 garbage-first heap   total 122880K, used 36940K [0x0000000083200000, 0x0000000100000000)
  region size 1024K, 0 young (0K), 0 survivors (0K)
 Metaspace       used 54480K, committed 54912K, reserved 1097728K
  class space    used 7218K, committed 7424K, reserved 1048576K
}
Event: 3230.334 GC heap before
{Heap before GC invocations=260 (full 122):
 garbage-first heap   total 122880K, used 37964K [0x0000000083200000, 0x0000000100000000)
  region size 1024K, 2 young (2048K), 0 survivors (0K)
 Metaspace       used 54481K, committed 54912K, reserved 1097728K
  class space    used 7218K, committed 7424K, reserved 1048576K
}
Event: 3230.386 GC heap after
{Heap after GC invocations=261 (full 123):
 garbage-first heap   total 122880K, used 37005K [0x0000000083200000, 0x0000000100000000)
  region size 1024K, 0 young (0K), 0 survivors (0K)
 Metaspace       used 54481K, committed 54912K, reserved 1097728K
  class space    used 7218K, committed 7424K, reserved 1048576K
}

