# JRE version: OpenJDK Runtime Environment Temurin-17.0.4.1+1 (17.0.4.1+1) (build 17.0.4.1+1)
# Java VM: OpenJDK 64-Bit Server VM Temurin-17.0.4.1+1 (17.0.4.1+1, mixed mode, emulated-client, tiered, compressed oops, compressed class ptrs, g1 gc, windows-amd64)
GC Precious Log:
 CPUs: 8 total, 8 available
 Memory: 7987M
 Large Page Support: Disabled
 NUMA Support: Disabled
 Compressed Oops: Enabled (32-bit)
 Heap Region Size: 1M
 Heap Min Capacity: 8M
 Heap Initial Capacity: 126M
 Heap Max Capacity: 1998M
 Pre-touch: Disabled
 Parallel Workers: 8
 Concurrent Workers: 2
 Concurrent Refinement Workers: 8
 Periodic GC: Disabled
Heap:
 garbage-first heap   total 296960K, used 88413K [0x0000000083200000, 0x0000000100000000)
  region size 1024K, 13 young (13312K), 13 survivors (13312K)
 Metaspace       used 38255K, committed 38528K, reserved 1089536K
  class space    used 4868K, committed 4992K, reserved 1048576K
GC Heap History (20 events):
Event: 4.395 GC heap after
{Heap after GC invocations=13 (full 0):
 garbage-first heap   total 65536K, used 32681K [0x0000000083200000, 0x0000000100000000)
  region size 1024K, 2 young (2048K), 2 survivors (2048K)
 Metaspace       used 34021K, committed 34304K, reserved 1081344K
  class space    used 4344K, committed 4480K, reserved 1048576K
}
Event: 4.399 GC heap before
{Heap before GC invocations=13 (full 0):
 garbage-first heap   total 65536K, used 33705K [0x0000000083200000, 0x0000000100000000)
  region size 1024K, 3 young (3072K), 2 survivors (2048K)
 Metaspace       used 34040K, committed 34368K, reserved 1081344K
  class space    used 4346K, committed 4544K, reserved 1048576K
}
Event: 4.402 GC heap after
{Heap after GC invocations=14 (full 0):
 garbage-first heap   total 122880K, used 33179K [0x0000000083200000, 0x0000000100000000)
  region size 1024K, 1 young (1024K), 1 survivors (1024K)
 Metaspace       used 34040K, committed 34368K, reserved 1081344K
  class space    used 4346K, committed 4544K, reserved 1048576K
}
Event: 4.551 GC heap before
{Heap before GC invocations=14 (full 0):
 garbage-first heap   total 122880K, used 86427K [0x0000000083200000, 0x0000000100000000)
  region size 1024K, 53 young (54272K), 1 survivors (1024K)
 Metaspace       used 34625K, committed 34944K, reserved 1081344K
  class space    used 4432K, committed 4608K, reserved 1048576K
}
Event: 4.561 GC heap after
{Heap after GC invocations=15 (full 0):
 garbage-first heap   total 122880K, used 45313K [0x0000000083200000, 0x0000000100000000)
  region size 1024K, 7 young (7168K), 7 survivors (7168K)
 Metaspace       used 34625K, committed 34944K, reserved 1081344K
  class space    used 4432K, committed 4608K, reserved 1048576K
}
Event: 4.815 GC heap before
{Heap before GC invocations=15 (full 0):
 garbage-first heap   total 122880K, used 83201K [0x0000000083200000, 0x0000000100000000)
  region size 1024K, 44 young (45056K), 7 survivors (7168K)
 Metaspace       used 36076K, committed 36416K, reserved 1081344K
  class space    used 4706K, committed 4864K, reserved 1048576K
}
Event: 4.826 GC heap after
{Heap after GC invocations=16 (full 0):
 garbage-first heap   total 122880K, used 56760K [0x0000000083200000, 0x0000000100000000)
  region size 1024K, 6 young (6144K), 6 survivors (6144K)
 Metaspace       used 36076K, committed 36416K, reserved 1081344K
  class space    used 4706K, committed 4864K, reserved 1048576K
}
Event: 4.893 GC heap before
{Heap before GC invocations=16 (full 0):
 garbage-first heap   total 122880K, used 86456K [0x0000000083200000, 0x0000000100000000)
  region size 1024K, 35 young (35840K), 6 survivors (6144K)
 Metaspace       used 36547K, committed 36928K, reserved 1081344K
  class space    used 4739K, committed 4928K, reserved 1048576K
}
Event: 4.915 GC heap after
{Heap after GC invocations=17 (full 0):
 garbage-first heap   total 122880K, used 65769K [0x0000000083200000, 0x0000000100000000)
  region size 1024K, 5 young (5120K), 5 survivors (5120K)
 Metaspace       used 36547K, committed 36928K, reserved 1081344K
  class space    used 4739K, committed 4928K, reserved 1048576K
}
Event: 4.929 GC heap before
{Heap before GC invocations=17 (full 0):
 garbage-first heap   total 122880K, used 89321K [0x0000000083200000, 0x0000000100000000)
  region size 1024K, 29 young (29696K), 5 survivors (5120K)
 Metaspace       used 36567K, committed 36928K, reserved 1081344K
  class space    used 4742K, committed 4928K, reserved 1048576K
}
Event: 4.935 GC heap after
{Heap after GC invocations=18 (full 0):
 garbage-first heap   total 288768K, used 68541K [0x0000000083200000, 0x0000000100000000)
  region size 1024K, 2 young (2048K), 2 survivors (2048K)
 Metaspace       used 36567K, committed 36928K, reserved 1081344K
  class space    used 4742K, committed 4928K, reserved 1048576K
}
Event: 5.012 GC heap before
{Heap before GC invocations=18 (full 0):
 garbage-first heap   total 296960K, used 184253K [0x0000000083200000, 0x0000000100000000)
  region size 1024K, 117 young (119808K), 2 survivors (2048K)
 Metaspace       used 36965K, committed 37312K, reserved 1089536K
  class space    used 4772K, committed 4928K, reserved 1048576K
}
Event: 5.017 GC heap after
{Heap after GC invocations=19 (full 0):
 garbage-first heap   total 296960K, used 71816K [0x0000000083200000, 0x0000000100000000)
  region size 1024K, 6 young (6144K), 6 survivors (6144K)
 Metaspace       used 36965K, committed 37312K, reserved 1089536K
  class space    used 4772K, committed 4928K, reserved 1048576K
}
Event: 5.083 GC heap before
{Heap before GC invocations=20 (full 0):
 garbage-first heap   total 296960K, used 219272K [0x0000000083200000, 0x0000000100000000)
  region size 1024K, 151 young (154624K), 6 survivors (6144K)
 Metaspace       used 37345K, committed 37696K, reserved 1089536K
  class space    used 4816K, committed 4992K, reserved 1048576K
}
Event: 5.092 GC heap after
{Heap after GC invocations=21 (full 0):
 garbage-first heap   total 296960K, used 77008K [0x0000000083200000, 0x0000000100000000)
  region size 1024K, 11 young (11264K), 11 survivors (11264K)
 Metaspace       used 37345K, committed 37696K, reserved 1089536K
  class space    used 4816K, committed 4992K, reserved 1048576K
}
Event: 5.095 GC heap before
{Heap before GC invocations=21 (full 0):
 garbage-first heap   total 296960K, used 79056K [0x0000000083200000, 0x0000000100000000)
  region size 1024K, 14 young (14336K), 11 survivors (11264K)
 Metaspace       used 37353K, committed 37696K, reserved 1089536K
  class space    used 4817K, committed 4992K, reserved 1048576K
}
Event: 5.102 GC heap after
{Heap after GC invocations=22 (full 0):
 garbage-first heap   total 296960K, used 76930K [0x0000000083200000, 0x0000000100000000)
  region size 1024K, 2 young (2048K), 2 survivors (2048K)
 Metaspace       used 37353K, committed 37696K, reserved 1089536K
  class space    used 4817K, committed 4992K, reserved 1048576K
}
Event: 5.179 GC heap before
{Heap before GC invocations=22 (full 0):
 garbage-first heap   total 296960K, used 227458K [0x0000000083200000, 0x0000000100000000)
  region size 1024K, 150 young (153600K), 2 survivors (2048K)
 Metaspace       used 37754K, committed 38080K, reserved 1089536K
  class space    used 4849K, committed 4992K, reserved 1048576K
}
Event: 5.183 GC heap after
{Heap after GC invocations=23 (full 0):
 garbage-first heap   total 296960K, used 81839K [0x0000000083200000, 0x0000000100000000)
  region size 1024K, 7 young (7168K), 7 survivors (7168K)
 Metaspace       used 37754K, committed 38080K, reserved 1089536K
  class space    used 4849K, committed 4992K, reserved 1048576K
}
Event: 5.250 GC heap before
{Heap before GC invocations=23 (full 0):
 garbage-first heap   total 296960K, used 232367K [0x0000000083200000, 0x0000000100000000)
  region size 1024K, 155 young (158720K), 7 survivors (7168K)
 Metaspace       used 38255K, committed 38528K, reserved 1089536K
  class space    used 4868K, committed 4992K, reserved 1048576K
}

