# JRE version: OpenJDK Runtime Environment Temurin-17.0.4.1+1 (17.0.4.1+1) (build 17.0.4.1+1)
# Java VM: OpenJDK 64-Bit Server VM Temurin-17.0.4.1+1 (17.0.4.1+1, mixed mode, emulated-client, tiered, compressed oops, compressed class ptrs, g1 gc, windows-amd64)
GC Precious Log:
 CPUs: 8 total, 8 available
 Memory: 7987M
 Large Page Support: Disabled
 NUMA Support: Disabled
 Compressed Oops: Enabled (32-bit)
 Heap Region Size: 1M
 Heap Min Capacity: 8M
 Heap Initial Capacity: 126M
 Heap Max Capacity: 1998M
 Pre-touch: Disabled
 Parallel Workers: 8
 Concurrent Workers: 2
 Concurrent Refinement Workers: 8
 Periodic GC: Disabled
Heap:
 garbage-first heap   total 208896K, used 54318K [0x0000000083200000, 0x0000000100000000)
  region size 1024K, 3 young (3072K), 3 survivors (3072K)
 Metaspace       used 35871K, committed 36160K, reserved 1081344K
  class space    used 4656K, committed 4800K, reserved 1048576K
GC Heap History (20 events):
Event: 5.026 GC heap after
{Heap after GC invocations=8 (full 0):
 garbage-first heap   total 48128K, used 16274K [0x0000000083200000, 0x0000000100000000)
  region size 1024K, 2 young (2048K), 2 survivors (2048K)
 Metaspace       used 31973K, committed 32256K, reserved 1081344K
  class space    used 4042K, committed 4160K, reserved 1048576K
}
Event: 5.235 GC heap before
{Heap before GC invocations=8 (full 0):
 garbage-first heap   total 48128K, used 32658K [0x0000000083200000, 0x0000000100000000)
  region size 1024K, 19 young (19456K), 2 survivors (2048K)
 Metaspace       used 33199K, committed 33536K, reserved 1081344K
  class space    used 4212K, committed 4352K, reserved 1048576K
}
Event: 5.243 GC heap after
{Heap after GC invocations=9 (full 0):
 garbage-first heap   total 48128K, used 19691K [0x0000000083200000, 0x0000000100000000)
  region size 1024K, 3 young (3072K), 3 survivors (3072K)
 Metaspace       used 33199K, committed 33536K, reserved 1081344K
  class space    used 4212K, committed 4352K, reserved 1048576K
}
Event: 5.334 GC heap before
{Heap before GC invocations=9 (full 0):
 garbage-first heap   total 48128K, used 34027K [0x0000000083200000, 0x0000000100000000)
  region size 1024K, 18 young (18432K), 3 survivors (3072K)
 Metaspace       used 33309K, committed 33600K, reserved 1081344K
  class space    used 4233K, committed 4352K, reserved 1048576K
}
Event: 6.339 GC heap after
{Heap after GC invocations=10 (full 0):
 garbage-first heap   total 69632K, used 22649K [0x0000000083200000, 0x0000000100000000)
  region size 1024K, 3 young (3072K), 3 survivors (3072K)
 Metaspace       used 33309K, committed 33600K, reserved 1081344K
  class space    used 4233K, committed 4352K, reserved 1048576K
}
Event: 6.342 GC heap before
{Heap before GC invocations=10 (full 0):
 garbage-first heap   total 69632K, used 22649K [0x0000000083200000, 0x0000000100000000)
  region size 1024K, 4 young (4096K), 3 survivors (3072K)
 Metaspace       used 33311K, committed 33600K, reserved 1081344K
  class space    used 4233K, committed 4352K, reserved 1048576K
}
Event: 6.343 GC heap after
{Heap after GC invocations=11 (full 0):
 garbage-first heap   total 69632K, used 23185K [0x0000000083200000, 0x0000000100000000)
  region size 1024K, 1 young (1024K), 1 survivors (1024K)
 Metaspace       used 33311K, committed 33600K, reserved 1081344K
  class space    used 4233K, committed 4352K, reserved 1048576K
}
Event: 6.353 GC heap before
{Heap before GC invocations=11 (full 0):
 garbage-first heap   total 69632K, used 25233K [0x0000000083200000, 0x0000000100000000)
  region size 1024K, 3 young (3072K), 1 survivors (1024K)
 Metaspace       used 33336K, committed 33600K, reserved 1081344K
  class space    used 4237K, committed 4352K, reserved 1048576K
}
Event: 6.355 GC heap after
{Heap after GC invocations=12 (full 0):
 garbage-first heap   total 69632K, used 23338K [0x0000000083200000, 0x0000000100000000)
  region size 1024K, 1 young (1024K), 1 survivors (1024K)
 Metaspace       used 33336K, committed 33600K, reserved 1081344K
  class space    used 4237K, committed 4352K, reserved 1048576K
}
Event: 6.360 GC heap before
{Heap before GC invocations=12 (full 0):
 garbage-first heap   total 69632K, used 25386K [0x0000000083200000, 0x0000000100000000)
  region size 1024K, 3 young (3072K), 1 survivors (1024K)
 Metaspace       used 33344K, committed 33600K, reserved 1081344K
  class space    used 4238K, committed 4352K, reserved 1048576K
}
Event: 6.362 GC heap after
{Heap after GC invocations=13 (full 0):
 garbage-first heap   total 69632K, used 24012K [0x0000000083200000, 0x0000000100000000)
  region size 1024K, 1 young (1024K), 1 survivors (1024K)
 Metaspace       used 33344K, committed 33600K, reserved 1081344K
  class space    used 4238K, committed 4352K, reserved 1048576K
}
Event: 6.368 GC heap before
{Heap before GC invocations=13 (full 0):
 garbage-first heap   total 69632K, used 26060K [0x0000000083200000, 0x0000000100000000)
  region size 1024K, 3 young (3072K), 1 survivors (1024K)
 Metaspace       used 33355K, committed 33600K, reserved 1081344K
  class space    used 4240K, committed 4352K, reserved 1048576K
}
Event: 6.633 GC heap after
{Heap after GC invocations=14 (full 0):
 garbage-first heap   total 208896K, used 24164K [0x0000000083200000, 0x0000000100000000)
  region size 1024K, 1 young (1024K), 1 survivors (1024K)
 Metaspace       used 33355K, committed 33600K, reserved 1081344K
  class space    used 4240K, committed 4352K, reserved 1048576K
}
Event: 6.715 GC heap before
{Heap before GC invocations=14 (full 0):
 garbage-first heap   total 208896K, used 33380K [0x0000000083200000, 0x0000000100000000)
  region size 1024K, 10 young (10240K), 1 survivors (1024K)
 Metaspace       used 33547K, committed 33920K, reserved 1081344K
  class space    used 4270K, committed 4480K, reserved 1048576K
}
Event: 6.718 GC heap after
{Heap after GC invocations=15 (full 0):
 garbage-first heap   total 208896K, used 26005K [0x0000000083200000, 0x0000000100000000)
  region size 1024K, 2 young (2048K), 2 survivors (2048K)
 Metaspace       used 33547K, committed 33920K, reserved 1081344K
  class space    used 4270K, committed 4480K, reserved 1048576K
}
Event: 6.785 GC heap before
{Heap before GC invocations=15 (full 0):
 garbage-first heap   total 208896K, used 34197K [0x0000000083200000, 0x0000000100000000)
  region size 1024K, 10 young (10240K), 2 survivors (2048K)
 Metaspace       used 33743K, committed 34048K, reserved 1081344K
  class space    used 4299K, committed 4480K, reserved 1048576K
}
Event: 6.789 GC heap after
{Heap after GC invocations=16 (full 0):
 garbage-first heap   total 208896K, used 27657K [0x0000000083200000, 0x0000000100000000)
  region size 1024K, 2 young (2048K), 2 survivors (2048K)
 Metaspace       used 33743K, committed 34048K, reserved 1081344K
  class space    used 4299K, committed 4480K, reserved 1048576K
}
Event: 7.623 GC heap before
{Heap before GC invocations=16 (full 0):
 garbage-first heap   total 208896K, used 129033K [0x0000000083200000, 0x0000000100000000)
  region size 1024K, 101 young (103424K), 2 survivors (2048K)
 Metaspace       used 35795K, committed 36096K, reserved 1081344K
  class space    used 4648K, committed 4800K, reserved 1048576K
}
Event: 7.643 GC heap after
{Heap after GC invocations=17 (full 0):
 garbage-first heap   total 208896K, used 51279K [0x0000000083200000, 0x0000000100000000)
  region size 1024K, 13 young (13312K), 13 survivors (13312K)
 Metaspace       used 35795K, committed 36096K, reserved 1081344K
  class space    used 4648K, committed 4800K, reserved 1048576K
}
Event: 7.660 GC heap before
{Heap before GC invocations=17 (full 0):
 garbage-first heap   total 208896K, used 54351K [0x0000000083200000, 0x0000000100000000)
  region size 1024K, 17 young (17408K), 13 survivors (13312K)
 Metaspace       used 35871K, committed 36160K, reserved 1081344K
  class space    used 4656K, committed 4800K, reserved 1048576K
}

