# JRE version: OpenJDK Runtime Environment Temurin-17.0.4.1+1 (17.0.4.1+1) (build 17.0.4.1+1)
# Java VM: OpenJDK 64-Bit Server VM Temurin-17.0.4.1+1 (17.0.4.1+1, mixed mode, emulated-client, tiered, compressed oops, compressed class ptrs, g1 gc, windows-amd64)
GC Precious Log:
 CPUs: 8 total, 8 available
 Memory: 7987M
 Large Page Support: Disabled
 NUMA Support: Disabled
 Compressed Oops: Enabled (32-bit)
 Heap Region Size: 1M
 Heap Min Capacity: 8M
 Heap Initial Capacity: 126M
 Heap Max Capacity: 1998M
 Pre-touch: Disabled
 Parallel Workers: 8
 Concurrent Workers: 2
 Concurrent Refinement Workers: 8
 Periodic GC: Disabled
Heap:
 garbage-first heap   total 155648K, used 72031K [0x0000000083200000, 0x0000000100000000)
  region size 1024K, 4 young (4096K), 4 survivors (4096K)
 Metaspace       used 38565K, committed 38912K, reserved 1089536K
  class space    used 4871K, committed 5056K, reserved 1048576K
GC Heap History (20 events):
Event: 3.961 GC heap after
{Heap after GC invocations=11 (full 0):
 garbage-first heap   total 77824K, used 22444K [0x0000000083200000, 0x0000000100000000)
  region size 1024K, 2 young (2048K), 2 survivors (2048K)
 Metaspace       used 35159K, committed 35520K, reserved 1081344K
  class space    used 4548K, committed 4736K, reserved 1048576K
}
Event: 4.066 GC heap before
{Heap before GC invocations=11 (full 0):
 garbage-first heap   total 77824K, used 49068K [0x0000000083200000, 0x0000000100000000)
  region size 1024K, 30 young (30720K), 2 survivors (2048K)
 Metaspace       used 35618K, committed 35968K, reserved 1081344K
  class space    used 4625K, committed 4800K, reserved 1048576K
}
Event: 4.070 GC heap after
{Heap after GC invocations=12 (full 0):
 garbage-first heap   total 77824K, used 27765K [0x0000000083200000, 0x0000000100000000)
  region size 1024K, 5 young (5120K), 5 survivors (5120K)
 Metaspace       used 35618K, committed 35968K, reserved 1081344K
  class space    used 4625K, committed 4800K, reserved 1048576K
}
Event: 4.128 GC heap before
{Heap before GC invocations=13 (full 0):
 garbage-first heap   total 77824K, used 53365K [0x0000000083200000, 0x0000000100000000)
  region size 1024K, 31 young (31744K), 5 survivors (5120K)
 Metaspace       used 35940K, committed 36288K, reserved 1081344K
  class space    used 4649K, committed 4800K, reserved 1048576K
}
Event: 4.134 GC heap after
{Heap after GC invocations=14 (full 0):
 garbage-first heap   total 77824K, used 32122K [0x0000000083200000, 0x0000000100000000)
  region size 1024K, 4 young (4096K), 4 survivors (4096K)
 Metaspace       used 35940K, committed 36288K, reserved 1081344K
  class space    used 4649K, committed 4800K, reserved 1048576K
}
Event: 4.179 GC heap before
{Heap before GC invocations=14 (full 0):
 garbage-first heap   total 77824K, used 55674K [0x0000000083200000, 0x0000000100000000)
  region size 1024K, 28 young (28672K), 4 survivors (4096K)
 Metaspace       used 36187K, committed 36544K, reserved 1081344K
  class space    used 4666K, committed 4800K, reserved 1048576K
}
Event: 4.184 GC heap after
{Heap after GC invocations=15 (full 0):
 garbage-first heap   total 77824K, used 37097K [0x0000000083200000, 0x0000000100000000)
  region size 1024K, 4 young (4096K), 4 survivors (4096K)
 Metaspace       used 36187K, committed 36544K, reserved 1081344K
  class space    used 4666K, committed 4800K, reserved 1048576K
}
Event: 4.220 GC heap before
{Heap before GC invocations=15 (full 0):
 garbage-first heap   total 77824K, used 58601K [0x0000000083200000, 0x0000000100000000)
  region size 1024K, 25 young (25600K), 4 survivors (4096K)
 Metaspace       used 36314K, committed 36608K, reserved 1081344K
  class space    used 4676K, committed 4800K, reserved 1048576K
}
Event: 4.225 GC heap after
{Heap after GC invocations=16 (full 0):
 garbage-first heap   total 77824K, used 43745K [0x0000000083200000, 0x0000000100000000)
  region size 1024K, 4 young (4096K), 4 survivors (4096K)
 Metaspace       used 36314K, committed 36608K, reserved 1081344K
  class space    used 4676K, committed 4800K, reserved 1048576K
}
Event: 4.315 GC heap before
{Heap before GC invocations=16 (full 0):
 garbage-first heap   total 77824K, used 58081K [0x0000000083200000, 0x0000000100000000)
  region size 1024K, 19 young (19456K), 4 survivors (4096K)
 Metaspace       used 37007K, committed 37312K, reserved 1081344K
  class space    used 4740K, committed 4864K, reserved 1048576K
}
Event: 4.320 GC heap after
{Heap after GC invocations=17 (full 0):
 garbage-first heap   total 155648K, used 47385K [0x0000000083200000, 0x0000000100000000)
  region size 1024K, 3 young (3072K), 3 survivors (3072K)
 Metaspace       used 37007K, committed 37312K, reserved 1081344K
  class space    used 4740K, committed 4864K, reserved 1048576K
}
Event: 4.522 GC heap before
{Heap before GC invocations=18 (full 0):
 garbage-first heap   total 155648K, used 107801K [0x0000000083200000, 0x0000000100000000)
  region size 1024K, 61 young (62464K), 3 survivors (3072K)
 Metaspace       used 38515K, committed 38912K, reserved 1089536K
  class space    used 4860K, committed 5056K, reserved 1048576K
}
Event: 4.548 GC heap after
{Heap after GC invocations=19 (full 0):
 garbage-first heap   total 155648K, used 66675K [0x0000000083200000, 0x0000000100000000)
  region size 1024K, 8 young (8192K), 8 survivors (8192K)
 Metaspace       used 38515K, committed 38912K, reserved 1089536K
  class space    used 4860K, committed 5056K, reserved 1048576K
}
Event: 4.550 GC heap before
{Heap before GC invocations=19 (full 0):
 garbage-first heap   total 155648K, used 67699K [0x0000000083200000, 0x0000000100000000)
  region size 1024K, 9 young (9216K), 8 survivors (8192K)
 Metaspace       used 38515K, committed 38912K, reserved 1089536K
  class space    used 4860K, committed 5056K, reserved 1048576K
}
Event: 4.555 GC heap after
{Heap after GC invocations=20 (full 0):
 garbage-first heap   total 155648K, used 67381K [0x0000000083200000, 0x0000000100000000)
  region size 1024K, 1 young (1024K), 1 survivors (1024K)
 Metaspace       used 38515K, committed 38912K, reserved 1089536K
  class space    used 4860K, committed 5056K, reserved 1048576K
}
Event: 4.584 GC heap before
{Heap before GC invocations=20 (full 0):
 garbage-first heap   total 155648K, used 103221K [0x0000000083200000, 0x0000000100000000)
  region size 1024K, 37 young (37888K), 1 survivors (1024K)
 Metaspace       used 38535K, committed 38912K, reserved 1089536K
  class space    used 4861K, committed 5056K, reserved 1048576K
}
Event: 4.585 GC heap after
{Heap after GC invocations=21 (full 0):
 garbage-first heap   total 155648K, used 68437K [0x0000000083200000, 0x0000000100000000)
  region size 1024K, 2 young (2048K), 2 survivors (2048K)
 Metaspace       used 38535K, committed 38912K, reserved 1089536K
  class space    used 4861K, committed 5056K, reserved 1048576K
}
Event: 4.596 GC heap before
{Heap before GC invocations=21 (full 0):
 garbage-first heap   total 155648K, used 107349K [0x0000000083200000, 0x0000000100000000)
  region size 1024K, 41 young (41984K), 2 survivors (2048K)
 Metaspace       used 38550K, committed 38912K, reserved 1089536K
  class space    used 4865K, committed 5056K, reserved 1048576K
}
Event: 4.598 GC heap after
{Heap after GC invocations=22 (full 0):
 garbage-first heap   total 155648K, used 69953K [0x0000000083200000, 0x0000000100000000)
  region size 1024K, 4 young (4096K), 4 survivors (4096K)
 Metaspace       used 38550K, committed 38912K, reserved 1089536K
  class space    used 4865K, committed 5056K, reserved 1048576K
}
Event: 4.614 GC heap before
{Heap before GC invocations=22 (full 0):
 garbage-first heap   total 155648K, used 112961K [0x0000000083200000, 0x0000000100000000)
  region size 1024K, 47 young (48128K), 4 survivors (4096K)
 Metaspace       used 38565K, committed 38912K, reserved 1089536K
  class space    used 4871K, committed 5056K, reserved 1048576K
}

