# JRE version: OpenJDK Runtime Environment Temurin-17.0.4.1+1 (17.0.4.1+1) (build 17.0.4.1+1)
# Java VM: OpenJDK 64-Bit Server VM Temurin-17.0.4.1+1 (17.0.4.1+1, mixed mode, emulated-client, tiered, compressed oops, compressed class ptrs, g1 gc, windows-amd64)
GC Precious Log:
 CPUs: 8 total, 8 available
 Memory: 7987M
 Large Page Support: Disabled
 NUMA Support: Disabled
 Compressed Oops: Enabled (32-bit)
 Heap Region Size: 1M
 Heap Min Capacity: 8M
 Heap Initial Capacity: 126M
 Heap Max Capacity: 1998M
 Pre-touch: Disabled
 Parallel Workers: 8
 Concurrent Workers: 2
 Concurrent Refinement Workers: 8
 Periodic GC: Disabled
Heap:
 garbage-first heap   total 321536K, used 91367K [0x0000000083200000, 0x0000000100000000)
  region size 1024K, 15 young (15360K), 15 survivors (15360K)
 Metaspace       used 36743K, committed 37056K, reserved 1081344K
  class space    used 4769K, committed 4928K, reserved 1048576K
GC Heap History (20 events):
Event: 6.997 GC heap after
{Heap after GC invocations=14 (full 0):
 garbage-first heap   total 124928K, used 41278K [0x0000000083200000, 0x0000000100000000)
  region size 1024K, 3 young (3072K), 3 survivors (3072K)
 Metaspace       used 34345K, committed 34624K, reserved 1081344K
  class space    used 4385K, committed 4544K, reserved 1048576K
}
Event: 7.405 GC heap before
{Heap before GC invocations=14 (full 0):
 garbage-first heap   total 124928K, used 76094K [0x0000000083200000, 0x0000000100000000)
  region size 1024K, 38 young (38912K), 3 survivors (3072K)
 Metaspace       used 35809K, committed 36096K, reserved 1081344K
  class space    used 4646K, committed 4800K, reserved 1048576K
}
Event: 7.416 GC heap after
{Heap after GC invocations=15 (full 0):
 garbage-first heap   total 124928K, used 49910K [0x0000000083200000, 0x0000000100000000)
  region size 1024K, 6 young (6144K), 6 survivors (6144K)
 Metaspace       used 35809K, committed 36096K, reserved 1081344K
  class space    used 4646K, committed 4800K, reserved 1048576K
}
Event: 7.543 GC heap before
{Heap before GC invocations=16 (full 0):
 garbage-first heap   total 124928K, used 85750K [0x0000000083200000, 0x0000000100000000)
  region size 1024K, 42 young (43008K), 6 survivors (6144K)
 Metaspace       used 36289K, committed 36672K, reserved 1081344K
  class space    used 4734K, committed 4928K, reserved 1048576K
}
Event: 7.577 GC heap after
{Heap after GC invocations=17 (full 0):
 garbage-first heap   total 124928K, used 61662K [0x0000000083200000, 0x0000000100000000)
  region size 1024K, 6 young (6144K), 6 survivors (6144K)
 Metaspace       used 36289K, committed 36672K, reserved 1081344K
  class space    used 4734K, committed 4928K, reserved 1048576K
}
Event: 7.603 GC heap before
{Heap before GC invocations=17 (full 0):
 garbage-first heap   total 124928K, used 88286K [0x0000000083200000, 0x0000000100000000)
  region size 1024K, 33 young (33792K), 6 survivors (6144K)
 Metaspace       used 36306K, committed 36672K, reserved 1081344K
  class space    used 4736K, committed 4928K, reserved 1048576K
}
Event: 7.609 GC heap after
{Heap after GC invocations=18 (full 0):
 garbage-first heap   total 124928K, used 64361K [0x0000000083200000, 0x0000000100000000)
  region size 1024K, 2 young (2048K), 2 survivors (2048K)
 Metaspace       used 36306K, committed 36672K, reserved 1081344K
  class space    used 4736K, committed 4928K, reserved 1048576K
}
Event: 7.631 GC heap before
{Heap before GC invocations=18 (full 0):
 garbage-first heap   total 124928K, used 92009K [0x0000000083200000, 0x0000000100000000)
  region size 1024K, 30 young (30720K), 2 survivors (2048K)
 Metaspace       used 36313K, committed 36672K, reserved 1081344K
  class space    used 4738K, committed 4928K, reserved 1048576K
}
Event: 7.634 GC heap after
{Heap after GC invocations=19 (full 0):
 garbage-first heap   total 124928K, used 65237K [0x0000000083200000, 0x0000000100000000)
  region size 1024K, 3 young (3072K), 3 survivors (3072K)
 Metaspace       used 36313K, committed 36672K, reserved 1081344K
  class space    used 4738K, committed 4928K, reserved 1048576K
}
Event: 7.655 GC heap before
{Heap before GC invocations=19 (full 0):
 garbage-first heap   total 124928K, used 94933K [0x0000000083200000, 0x0000000100000000)
  region size 1024K, 33 young (33792K), 3 survivors (3072K)
 Metaspace       used 36317K, committed 36672K, reserved 1081344K
  class space    used 4738K, committed 4928K, reserved 1048576K
}
Event: 7.659 GC heap after
{Heap after GC invocations=20 (full 0):
 garbage-first heap   total 321536K, used 66321K [0x0000000083200000, 0x0000000100000000)
  region size 1024K, 4 young (4096K), 4 survivors (4096K)
 Metaspace       used 36317K, committed 36672K, reserved 1081344K
  class space    used 4738K, committed 4928K, reserved 1048576K
}
Event: 7.782 GC heap before
{Heap before GC invocations=21 (full 0):
 garbage-first heap   total 321536K, used 171793K [0x0000000083200000, 0x0000000100000000)
  region size 1024K, 108 young (110592K), 4 survivors (4096K)
 Metaspace       used 36382K, committed 36736K, reserved 1081344K
  class space    used 4746K, committed 4928K, reserved 1048576K
}
Event: 7.791 GC heap after
{Heap after GC invocations=22 (full 0):
 garbage-first heap   total 321536K, used 70656K [0x0000000083200000, 0x0000000100000000)
  region size 1024K, 8 young (8192K), 8 survivors (8192K)
 Metaspace       used 36382K, committed 36736K, reserved 1081344K
  class space    used 4746K, committed 4928K, reserved 1048576K
}
Event: 7.797 GC heap before
{Heap before GC invocations=22 (full 0):
 garbage-first heap   total 321536K, used 76800K [0x0000000083200000, 0x0000000100000000)
  region size 1024K, 15 young (15360K), 8 survivors (8192K)
 Metaspace       used 36404K, committed 36736K, reserved 1081344K
  class space    used 4747K, committed 4928K, reserved 1048576K
}
Event: 7.804 GC heap after
{Heap after GC invocations=23 (full 0):
 garbage-first heap   total 321536K, used 70623K [0x0000000083200000, 0x0000000100000000)
  region size 1024K, 2 young (2048K), 2 survivors (2048K)
 Metaspace       used 36404K, committed 36736K, reserved 1081344K
  class space    used 4747K, committed 4928K, reserved 1048576K
}
Event: 7.904 GC heap before
{Heap before GC invocations=23 (full 0):
 garbage-first heap   total 321536K, used 238559K [0x0000000083200000, 0x0000000100000000)
  region size 1024K, 167 young (171008K), 2 survivors (2048K)
 Metaspace       used 36614K, committed 36928K, reserved 1081344K
  class space    used 4764K, committed 4928K, reserved 1048576K
}
Event: 7.914 GC heap after
{Heap after GC invocations=24 (full 0):
 garbage-first heap   total 321536K, used 77108K [0x0000000083200000, 0x0000000100000000)
  region size 1024K, 8 young (8192K), 8 survivors (8192K)
 Metaspace       used 36614K, committed 36928K, reserved 1081344K
  class space    used 4764K, committed 4928K, reserved 1048576K
}
Event: 8.011 GC heap before
{Heap before GC invocations=24 (full 0):
 garbage-first heap   total 321536K, used 253236K [0x0000000083200000, 0x0000000100000000)
  region size 1024K, 181 young (185344K), 8 survivors (8192K)
 Metaspace       used 36616K, committed 36928K, reserved 1081344K
  class space    used 4764K, committed 4928K, reserved 1048576K
}
Event: 8.023 GC heap after
{Heap after GC invocations=25 (full 0):
 garbage-first heap   total 321536K, used 84039K [0x0000000083200000, 0x0000000100000000)
  region size 1024K, 15 young (15360K), 15 survivors (15360K)
 Metaspace       used 36616K, committed 36928K, reserved 1081344K
  class space    used 4764K, committed 4928K, reserved 1048576K
}
Event: 8.099 GC heap before
{Heap before GC invocations=25 (full 0):
 garbage-first heap   total 321536K, used 258119K [0x0000000083200000, 0x0000000100000000)
  region size 1024K, 186 young (190464K), 15 survivors (15360K)
 Metaspace       used 36743K, committed 37056K, reserved 1081344K
  class space    used 4769K, committed 4928K, reserved 1048576K
}

