# JRE version: OpenJDK Runtime Environment Temurin-17.0.4.1+1 (17.0.4.1+1) (build 17.0.4.1+1)
# Java VM: OpenJDK 64-Bit Server VM Temurin-17.0.4.1+1 (17.0.4.1+1, mixed mode, emulated-client, tiered, compressed oops, compressed class ptrs, g1 gc, windows-amd64)
GC Precious Log:
 CPUs: 8 total, 8 available
 Memory: 7987M
 Large Page Support: Disabled
 NUMA Support: Disabled
 Compressed Oops: Enabled (32-bit)
 Heap Region Size: 1M
 Heap Min Capacity: 8M
 Heap Initial Capacity: 126M
 Heap Max Capacity: 1998M
 Pre-touch: Disabled
 Parallel Workers: 8
 Concurrent Workers: 2
 Concurrent Refinement Workers: 8
 Periodic GC: Disabled
Heap:
 garbage-first heap   total 264192K, used 89613K [0x0000000083200000, 0x0000000100000000)
  region size 1024K, 11 young (11264K), 11 survivors (11264K)
 Metaspace       used 36157K, committed 36480K, reserved 1081344K
  class space    used 4720K, committed 4864K, reserved 1048576K
GC Heap History (20 events):
Event: 9.141 GC heap after
{Heap after GC invocations=15 (full 0):
 garbage-first heap   total 129024K, used 46836K [0x0000000083200000, 0x0000000100000000)
  region size 1024K, 3 young (3072K), 3 survivors (3072K)
 Metaspace       used 34798K, committed 35136K, reserved 1081344K
  class space    used 4452K, committed 4608K, reserved 1048576K
}
Event: 9.700 GC heap before
{Heap before GC invocations=16 (full 0):
 garbage-first heap   total 129024K, used 86772K [0x0000000083200000, 0x0000000100000000)
  region size 1024K, 41 young (41984K), 3 survivors (3072K)
 Metaspace       used 35967K, committed 36352K, reserved 1081344K
  class space    used 4682K, committed 4864K, reserved 1048576K
}
Event: 9.738 GC heap after
{Heap after GC invocations=17 (full 0):
 garbage-first heap   total 129024K, used 63483K [0x0000000083200000, 0x0000000100000000)
  region size 1024K, 6 young (6144K), 6 survivors (6144K)
 Metaspace       used 35967K, committed 36352K, reserved 1081344K
  class space    used 4682K, committed 4864K, reserved 1048576K
}
Event: 9.770 GC heap before
{Heap before GC invocations=17 (full 0):
 garbage-first heap   total 129024K, used 89083K [0x0000000083200000, 0x0000000100000000)
  region size 1024K, 32 young (32768K), 6 survivors (6144K)
 Metaspace       used 35971K, committed 36352K, reserved 1081344K
  class space    used 4683K, committed 4864K, reserved 1048576K
}
Event: 9.776 GC heap after
{Heap after GC invocations=18 (full 0):
 garbage-first heap   total 129024K, used 66573K [0x0000000083200000, 0x0000000100000000)
  region size 1024K, 2 young (2048K), 2 survivors (2048K)
 Metaspace       used 35971K, committed 36352K, reserved 1081344K
  class space    used 4683K, committed 4864K, reserved 1048576K
}
Event: 9.794 GC heap before
{Heap before GC invocations=18 (full 0):
 garbage-first heap   total 129024K, used 92173K [0x0000000083200000, 0x0000000100000000)
  region size 1024K, 28 young (28672K), 2 survivors (2048K)
 Metaspace       used 35990K, committed 36352K, reserved 1081344K
  class space    used 4685K, committed 4864K, reserved 1048576K
}
Event: 9.797 GC heap after
{Heap after GC invocations=19 (full 0):
 garbage-first heap   total 129024K, used 67120K [0x0000000083200000, 0x0000000100000000)
  region size 1024K, 3 young (3072K), 3 survivors (3072K)
 Metaspace       used 35990K, committed 36352K, reserved 1081344K
  class space    used 4685K, committed 4864K, reserved 1048576K
}
Event: 9.814 GC heap before
{Heap before GC invocations=19 (full 0):
 garbage-first heap   total 129024K, used 95792K [0x0000000083200000, 0x0000000100000000)
  region size 1024K, 32 young (32768K), 3 survivors (3072K)
 Metaspace       used 36078K, committed 36416K, reserved 1081344K
  class space    used 4696K, committed 4864K, reserved 1048576K
}
Event: 9.817 GC heap after
{Heap after GC invocations=20 (full 0):
 garbage-first heap   total 129024K, used 68378K [0x0000000083200000, 0x0000000100000000)
  region size 1024K, 3 young (3072K), 3 survivors (3072K)
 Metaspace       used 36078K, committed 36416K, reserved 1081344K
  class space    used 4696K, committed 4864K, reserved 1048576K
}
Event: 9.836 GC heap before
{Heap before GC invocations=20 (full 0):
 garbage-first heap   total 129024K, used 98074K [0x0000000083200000, 0x0000000100000000)
  region size 1024K, 33 young (33792K), 3 survivors (3072K)
 Metaspace       used 36078K, committed 36416K, reserved 1081344K
  class space    used 4696K, committed 4864K, reserved 1048576K
}
Event: 9.841 GC heap after
{Heap after GC invocations=21 (full 0):
 garbage-first heap   total 264192K, used 69692K [0x0000000083200000, 0x0000000100000000)
  region size 1024K, 4 young (4096K), 4 survivors (4096K)
 Metaspace       used 36078K, committed 36416K, reserved 1081344K
  class space    used 4696K, committed 4864K, reserved 1048576K
}
Event: 10.008 GC heap before
{Heap before GC invocations=22 (full 0):
 garbage-first heap   total 264192K, used 205884K [0x0000000083200000, 0x0000000100000000)
  region size 1024K, 139 young (142336K), 4 survivors (4096K)
 Metaspace       used 36078K, committed 36416K, reserved 1081344K
  class space    used 4696K, committed 4864K, reserved 1048576K
}
Event: 10.014 GC heap after
{Heap after GC invocations=23 (full 0):
 garbage-first heap   total 264192K, used 74728K [0x0000000083200000, 0x0000000100000000)
  region size 1024K, 10 young (10240K), 10 survivors (10240K)
 Metaspace       used 36078K, committed 36416K, reserved 1081344K
  class space    used 4696K, committed 4864K, reserved 1048576K
}
Event: 10.017 GC heap before
{Heap before GC invocations=23 (full 0):
 garbage-first heap   total 264192K, used 75752K [0x0000000083200000, 0x0000000100000000)
  region size 1024K, 12 young (12288K), 10 survivors (10240K)
 Metaspace       used 36078K, committed 36416K, reserved 1081344K
  class space    used 4696K, committed 4864K, reserved 1048576K
}
Event: 10.025 GC heap after
{Heap after GC invocations=24 (full 0):
 garbage-first heap   total 264192K, used 73985K [0x0000000083200000, 0x0000000100000000)
  region size 1024K, 2 young (2048K), 2 survivors (2048K)
 Metaspace       used 36078K, committed 36416K, reserved 1081344K
  class space    used 4696K, committed 4864K, reserved 1048576K
}
Event: 10.122 GC heap before
{Heap before GC invocations=24 (full 0):
 garbage-first heap   total 264192K, used 207105K [0x0000000083200000, 0x0000000100000000)
  region size 1024K, 133 young (136192K), 2 survivors (2048K)
 Metaspace       used 36078K, committed 36416K, reserved 1081344K
  class space    used 4696K, committed 4864K, reserved 1048576K
}
Event: 10.127 GC heap after
{Heap after GC invocations=25 (full 0):
 garbage-first heap   total 264192K, used 79019K [0x0000000083200000, 0x0000000100000000)
  region size 1024K, 7 young (7168K), 7 survivors (7168K)
 Metaspace       used 36078K, committed 36416K, reserved 1081344K
  class space    used 4696K, committed 4864K, reserved 1048576K
}
Event: 10.303 GC heap before
{Heap before GC invocations=25 (full 0):
 garbage-first heap   total 264192K, used 210091K [0x0000000083200000, 0x0000000100000000)
  region size 1024K, 136 young (139264K), 7 survivors (7168K)
 Metaspace       used 36082K, committed 36416K, reserved 1081344K
  class space    used 4698K, committed 4864K, reserved 1048576K
}
Event: 10.311 GC heap after
{Heap after GC invocations=26 (full 0):
 garbage-first heap   total 264192K, used 83815K [0x0000000083200000, 0x0000000100000000)
  region size 1024K, 12 young (12288K), 12 survivors (12288K)
 Metaspace       used 36082K, committed 36416K, reserved 1081344K
  class space    used 4698K, committed 4864K, reserved 1048576K
}
Event: 10.528 GC heap before
{Heap before GC invocations=26 (full 0):
 garbage-first heap   total 264192K, used 213863K [0x0000000083200000, 0x0000000100000000)
  region size 1024K, 140 young (143360K), 12 survivors (12288K)
 Metaspace       used 36157K, committed 36480K, reserved 1081344K
  class space    used 4720K, committed 4864K, reserved 1048576K
}

