# JRE version: OpenJDK Runtime Environment Temurin-17.0.4.1+1 (17.0.4.1+1) (build 17.0.4.1+1)
# Java VM: OpenJDK 64-Bit Server VM Temurin-17.0.4.1+1 (17.0.4.1+1, mixed mode, emulated-client, tiered, compressed oops, compressed class ptrs, g1 gc, windows-amd64)
GC Precious Log:
 CPUs: 8 total, 8 available
 Memory: 7987M
 Large Page Support: Disabled
 NUMA Support: Disabled
 Compressed Oops: Enabled (32-bit)
 Heap Region Size: 1M
 Heap Min Capacity: 8M
 Heap Initial Capacity: 126M
 Heap Max Capacity: 1998M
 Pre-touch: Disabled
 Parallel Workers: 8
 Concurrent Workers: 2
 Concurrent Refinement Workers: 8
 Periodic GC: Disabled
Heap:
 garbage-first heap   total 199680K, used 75461K [0x0000000083200000, 0x0000000100000000)
  region size 1024K, 9 young (9216K), 9 survivors (9216K)
 Metaspace       used 35580K, committed 35840K, reserved 1081344K
  class space    used 4613K, committed 4736K, reserved 1048576K
GC Heap History (20 events):
Event: 4.940 GC heap after
{Heap after GC invocations=11 (full 0):
 garbage-first heap   total 58368K, used 30005K [0x0000000083200000, 0x0000000100000000)
  region size 1024K, 3 young (3072K), 3 survivors (3072K)
 Metaspace       used 35430K, committed 35776K, reserved 1081344K
  class space    used 4589K, committed 4736K, reserved 1048576K
}
Event: 5.007 GC heap before
{Heap before GC invocations=11 (full 0):
 garbage-first heap   total 58368K, used 43317K [0x0000000083200000, 0x0000000100000000)
  region size 1024K, 16 young (16384K), 3 survivors (3072K)
 Metaspace       used 35430K, committed 35776K, reserved 1081344K
  class space    used 4589K, committed 4736K, reserved 1048576K
}
Event: 5.013 GC heap after
{Heap after GC invocations=12 (full 0):
 garbage-first heap   total 84992K, used 32168K [0x0000000083200000, 0x0000000100000000)
  region size 1024K, 2 young (2048K), 2 survivors (2048K)
 Metaspace       used 35430K, committed 35776K, reserved 1081344K
  class space    used 4589K, committed 4736K, reserved 1048576K
}
Event: 5.159 GC heap before
{Heap before GC invocations=13 (full 0):
 garbage-first heap   total 84992K, used 61864K [0x0000000083200000, 0x0000000100000000)
  region size 1024K, 31 young (31744K), 2 survivors (2048K)
 Metaspace       used 35430K, committed 35776K, reserved 1081344K
  class space    used 4589K, committed 4736K, reserved 1048576K
}
Event: 5.166 GC heap after
{Heap after GC invocations=14 (full 0):
 garbage-first heap   total 84992K, used 37878K [0x0000000083200000, 0x0000000100000000)
  region size 1024K, 4 young (4096K), 4 survivors (4096K)
 Metaspace       used 35430K, committed 35776K, reserved 1081344K
  class space    used 4589K, committed 4736K, reserved 1048576K
}
Event: 5.170 GC heap before
{Heap before GC invocations=14 (full 0):
 garbage-first heap   total 84992K, used 38902K [0x0000000083200000, 0x0000000100000000)
  region size 1024K, 5 young (5120K), 4 survivors (4096K)
 Metaspace       used 35430K, committed 35776K, reserved 1081344K
  class space    used 4589K, committed 4736K, reserved 1048576K
}
Event: 5.175 GC heap after
{Heap after GC invocations=15 (full 0):
 garbage-first heap   total 84992K, used 38905K [0x0000000083200000, 0x0000000100000000)
  region size 1024K, 1 young (1024K), 1 survivors (1024K)
 Metaspace       used 35430K, committed 35776K, reserved 1081344K
  class space    used 4589K, committed 4736K, reserved 1048576K
}
Event: 5.237 GC heap before
{Heap before GC invocations=15 (full 0):
 garbage-first heap   total 84992K, used 62457K [0x0000000083200000, 0x0000000100000000)
  region size 1024K, 24 young (24576K), 1 survivors (1024K)
 Metaspace       used 35430K, committed 35776K, reserved 1081344K
  class space    used 4589K, committed 4736K, reserved 1048576K
}
Event: 5.245 GC heap after
{Heap after GC invocations=16 (full 0):
 garbage-first heap   total 84992K, used 46080K [0x0000000083200000, 0x0000000100000000)
  region size 1024K, 3 young (3072K), 3 survivors (3072K)
 Metaspace       used 35430K, committed 35776K, reserved 1081344K
  class space    used 4589K, committed 4736K, reserved 1048576K
}
Event: 5.707 GC heap before
{Heap before GC invocations=17 (full 0):
 garbage-first heap   total 86016K, used 65536K [0x0000000083200000, 0x0000000100000000)
  region size 1024K, 21 young (21504K), 3 survivors (3072K)
 Metaspace       used 35431K, committed 35776K, reserved 1081344K
  class space    used 4590K, committed 4736K, reserved 1048576K
}
Event: 5.716 GC heap after
{Heap after GC invocations=18 (full 0):
 garbage-first heap   total 86016K, used 52949K [0x0000000083200000, 0x0000000100000000)
  region size 1024K, 3 young (3072K), 3 survivors (3072K)
 Metaspace       used 35431K, committed 35776K, reserved 1081344K
  class space    used 4590K, committed 4736K, reserved 1048576K
}
Event: 5.720 GC heap before
{Heap before GC invocations=18 (full 0):
 garbage-first heap   total 86016K, used 53973K [0x0000000083200000, 0x0000000100000000)
  region size 1024K, 4 young (4096K), 3 survivors (3072K)
 Metaspace       used 35431K, committed 35776K, reserved 1081344K
  class space    used 4590K, committed 4736K, reserved 1048576K
}
Event: 5.725 GC heap after
{Heap after GC invocations=19 (full 0):
 garbage-first heap   total 199680K, used 53924K [0x0000000083200000, 0x0000000100000000)
  region size 1024K, 1 young (1024K), 1 survivors (1024K)
 Metaspace       used 35431K, committed 35776K, reserved 1081344K
  class space    used 4590K, committed 4736K, reserved 1048576K
}
Event: 5.849 GC heap before
{Heap before GC invocations=19 (full 0):
 garbage-first heap   total 199680K, used 124580K [0x0000000083200000, 0x0000000100000000)
  region size 1024K, 70 young (71680K), 1 survivors (1024K)
 Metaspace       used 35491K, committed 35776K, reserved 1081344K
  class space    used 4599K, committed 4736K, reserved 1048576K
}
Event: 5.875 GC heap after
{Heap after GC invocations=20 (full 0):
 garbage-first heap   total 199680K, used 66560K [0x0000000083200000, 0x0000000100000000)
  region size 1024K, 9 young (9216K), 9 survivors (9216K)
 Metaspace       used 35491K, committed 35776K, reserved 1081344K
  class space    used 4599K, committed 4736K, reserved 1048576K
}
Event: 5.930 GC heap before
{Heap before GC invocations=20 (full 0):
 garbage-first heap   total 199680K, used 131072K [0x0000000083200000, 0x0000000100000000)
  region size 1024K, 73 young (74752K), 9 survivors (9216K)
 Metaspace       used 35503K, committed 35776K, reserved 1081344K
  class space    used 4602K, committed 4736K, reserved 1048576K
}
Event: 5.940 GC heap after
{Heap after GC invocations=21 (full 0):
 garbage-first heap   total 199680K, used 70210K [0x0000000083200000, 0x0000000100000000)
  region size 1024K, 4 young (4096K), 4 survivors (4096K)
 Metaspace       used 35503K, committed 35776K, reserved 1081344K
  class space    used 4602K, committed 4736K, reserved 1048576K
}
Event: 5.981 GC heap before
{Heap before GC invocations=21 (full 0):
 garbage-first heap   total 199680K, used 136770K [0x0000000083200000, 0x0000000100000000)
  region size 1024K, 70 young (71680K), 4 survivors (4096K)
 Metaspace       used 35511K, committed 35776K, reserved 1081344K
  class space    used 4608K, committed 4736K, reserved 1048576K
}
Event: 5.986 GC heap after
{Heap after GC invocations=22 (full 0):
 garbage-first heap   total 199680K, used 72191K [0x0000000083200000, 0x0000000100000000)
  region size 1024K, 6 young (6144K), 6 survivors (6144K)
 Metaspace       used 35511K, committed 35776K, reserved 1081344K
  class space    used 4608K, committed 4736K, reserved 1048576K
}
Event: 6.020 GC heap before
{Heap before GC invocations=22 (full 0):
 garbage-first heap   total 199680K, used 142847K [0x0000000083200000, 0x0000000100000000)
  region size 1024K, 76 young (77824K), 6 survivors (6144K)
 Metaspace       used 35580K, committed 35840K, reserved 1081344K
  class space    used 4613K, committed 4736K, reserved 1048576K
}

