# JRE version: OpenJDK Runtime Environment Temurin-17.0.5+8 (17.0.5+8) (build 17.0.5+8)
# Java VM: OpenJDK 64-Bit Server VM Temurin-17.0.5+8 (17.0.5+8, mixed mode, sharing, tiered, compressed oops, compressed class ptrs, parallel gc, windows-amd64)
GC Precious Log:
 CPUs: 8 total, 8 available
 Memory: 7987M
 Large Page Support: Disabled
 NUMA Support: Disabled
 Compressed Oops: Enabled (32-bit)
 Alignments: Space 512K, Generation 512K, Heap 2M
 Heap Min Capacity: 100M
 Heap Initial Capacity: 100M
 Heap Max Capacity: 1G
 Pre-touch: Disabled
 Parallel Workers: 8
Heap:
 PSYoungGen      total 6656K, used 2903K [0x00000000eab00000, 0x00000000eb480000, 0x0000000100000000)
  eden space 4608K, 23% used [0x00000000eab00000,0x00000000eac10cc8,0x00000000eaf80000)
  from space 2048K, 88% used [0x00000000eb000000,0x00000000eb1c5198,0x00000000eb200000)
  to   space 2048K, 0% used [0x00000000eb280000,0x00000000eb280000,0x00000000eb480000)
 ParOldGen       total 301568K, used 276373K [0x00000000c0000000, 0x00000000d2680000, 0x00000000eab00000)
  object space 301568K, 91% used [0x00000000c0000000,0x00000000d0de57f8,0x00000000d2680000)
 Metaspace       used 78947K, committed 80192K, reserved 1122304K
  class space    used 7641K, committed 8192K, reserved 1048576K
GC Heap History (20 events):
Event: 1017.793 GC heap before
{Heap before GC invocations=2692 (full 63):
 PSYoungGen      total 8704K, used 8702K [0x00000000eab00000, 0x00000000eb800000, 0x0000000100000000)
  eden space 5120K, 100% used [0x00000000eab00000,0x00000000eb000000,0x00000000eb000000)
  from space 3584K, 99% used [0x00000000eb100000,0x00000000eb47fbb0,0x00000000eb480000)
  to   space 3584K, 0% used [0x00000000eb480000,0x00000000eb480000,0x00000000eb800000)
 ParOldGen       total 301568K, used 272577K [0x00000000c0000000, 0x00000000d2680000, 0x00000000eab00000)
  object space 301568K, 90% used [0x00000000c0000000,0x00000000d0a30670,0x00000000d2680000)
 Metaspace       used 78916K, committed 80128K, reserved 1122304K
  class space    used 7641K, committed 8192K, reserved 1048576K
}
Event: 1017.795 GC heap after
{Heap after GC invocations=2692 (full 63):
 PSYoungGen      total 5632K, used 192K [0x00000000eab00000, 0x00000000eb500000, 0x0000000100000000)
  eden space 5120K, 0% used [0x00000000eab00000,0x00000000eab00000,0x00000000eb000000)
  from space 512K, 37% used [0x00000000eb480000,0x00000000eb4b0000,0x00000000eb500000)
  to   space 1536K, 0% used [0x00000000eb200000,0x00000000eb200000,0x00000000eb380000)
 ParOldGen       total 301568K, used 272873K [0x00000000c0000000, 0x00000000d2680000, 0x00000000eab00000)
  object space 301568K, 90% used [0x00000000c0000000,0x00000000d0a7a680,0x00000000d2680000)
 Metaspace       used 78916K, committed 80128K, reserved 1122304K
  class space    used 7641K, committed 8192K, reserved 1048576K
}
Event: 1017.815 GC heap before
{Heap before GC invocations=2693 (full 63):
 PSYoungGen      total 5632K, used 5312K [0x00000000eab00000, 0x00000000eb500000, 0x0000000100000000)
  eden space 5120K, 100% used [0x00000000eab00000,0x00000000eb000000,0x00000000eb000000)
  from space 512K, 37% used [0x00000000eb480000,0x00000000eb4b0000,0x00000000eb500000)
  to   space 1536K, 0% used [0x00000000eb200000,0x00000000eb200000,0x00000000eb380000)
 ParOldGen       total 301568K, used 272873K [0x00000000c0000000, 0x00000000d2680000, 0x00000000eab00000)
  object space 301568K, 90% used [0x00000000c0000000,0x00000000d0a7a680,0x00000000d2680000)
 Metaspace       used 78933K, committed 80192K, reserved 1122304K
  class space    used 7641K, committed 8192K, reserved 1048576K
}
Event: 1017.816 GC heap after
{Heap after GC invocations=2693 (full 63):
 PSYoungGen      total 6656K, used 596K [0x00000000eab00000, 0x00000000eb500000, 0x0000000100000000)
  eden space 5120K, 0% used [0x00000000eab00000,0x00000000eab00000,0x00000000eb000000)
  from space 1536K, 38% used [0x00000000eb200000,0x00000000eb295200,0x00000000eb380000)
  to   space 1024K, 0% used [0x00000000eb400000,0x00000000eb400000,0x00000000eb500000)
 ParOldGen       total 301568K, used 272881K [0x00000000c0000000, 0x00000000d2680000, 0x00000000eab00000)
  object space 301568K, 90% used [0x00000000c0000000,0x00000000d0a7c680,0x00000000d2680000)
 Metaspace       used 78933K, committed 80192K, reserved 1122304K
  class space    used 7641K, committed 8192K, reserved 1048576K
}
Event: 1017.842 GC heap before
{Heap before GC invocations=2694 (full 63):
 PSYoungGen      total 6656K, used 5716K [0x00000000eab00000, 0x00000000eb500000, 0x0000000100000000)
  eden space 5120K, 100% used [0x00000000eab00000,0x00000000eb000000,0x00000000eb000000)
  from space 1536K, 38% used [0x00000000eb200000,0x00000000eb295200,0x00000000eb380000)
  to   space 1024K, 0% used [0x00000000eb400000,0x00000000eb400000,0x00000000eb500000)
 ParOldGen       total 301568K, used 272881K [0x00000000c0000000, 0x00000000d2680000, 0x00000000eab00000)
  object space 301568K, 90% used [0x00000000c0000000,0x00000000d0a7c680,0x00000000d2680000)
 Metaspace       used 78935K, committed 80192K, reserved 1122304K
  class space    used 7641K, committed 8192K, reserved 1048576K
}
Event: 1017.844 GC heap after
{Heap after GC invocations=2694 (full 63):
 PSYoungGen      total 5632K, used 314K [0x00000000eab00000, 0x00000000eb480000, 0x0000000100000000)
  eden space 5120K, 0% used [0x00000000eab00000,0x00000000eab00000,0x00000000eb000000)
  from space 512K, 61% used [0x00000000eb400000,0x00000000eb44e900,0x00000000eb480000)
  to   space 512K, 0% used [0x00000000eb380000,0x00000000eb380000,0x00000000eb400000)
 ParOldGen       total 301568K, used 272881K [0x00000000c0000000, 0x00000000d2680000, 0x00000000eab00000)
  object space 301568K, 90% used [0x00000000c0000000,0x00000000d0a7c680,0x00000000d2680000)
 Metaspace       used 78935K, committed 80192K, reserved 1122304K
  class space    used 7641K, committed 8192K, reserved 1048576K
}
Event: 1017.862 GC heap before
{Heap before GC invocations=2695 (full 63):
 PSYoungGen      total 5632K, used 5434K [0x00000000eab00000, 0x00000000eb480000, 0x0000000100000000)
  eden space 5120K, 100% used [0x00000000eab00000,0x00000000eb000000,0x00000000eb000000)
  from space 512K, 61% used [0x00000000eb400000,0x00000000eb44e900,0x00000000eb480000)
  to   space 512K, 0% used [0x00000000eb380000,0x00000000eb380000,0x00000000eb400000)
 ParOldGen       total 301568K, used 272881K [0x00000000c0000000, 0x00000000d2680000, 0x00000000eab00000)
  object space 301568K, 90% used [0x00000000c0000000,0x00000000d0a7c680,0x00000000d2680000)
 Metaspace       used 78935K, committed 80192K, reserved 1122304K
  class space    used 7641K, committed 8192K, reserved 1048576K
}
Event: 1017.863 GC heap after
{Heap after GC invocations=2695 (full 63):
 PSYoungGen      total 5632K, used 493K [0x00000000eab00000, 0x00000000eb480000, 0x0000000100000000)
  eden space 5120K, 0% used [0x00000000eab00000,0x00000000eab00000,0x00000000eb000000)
  from space 512K, 96% used [0x00000000eb380000,0x00000000eb3fb510,0x00000000eb400000)
  to   space 512K, 0% used [0x00000000eb400000,0x00000000eb400000,0x00000000eb480000)
 ParOldGen       total 301568K, used 272889K [0x00000000c0000000, 0x00000000d2680000, 0x00000000eab00000)
  object space 301568K, 90% used [0x00000000c0000000,0x00000000d0a7e680,0x00000000d2680000)
 Metaspace       used 78935K, committed 80192K, reserved 1122304K
  class space    used 7641K, committed 8192K, reserved 1048576K
}
Event: 1017.891 GC heap before
{Heap before GC invocations=2696 (full 63):
 PSYoungGen      total 5632K, used 5613K [0x00000000eab00000, 0x00000000eb480000, 0x0000000100000000)
  eden space 5120K, 99% used [0x00000000eab00000,0x00000000eafffff0,0x00000000eb000000)
  from space 512K, 96% used [0x00000000eb380000,0x00000000eb3fb510,0x00000000eb400000)
  to   space 512K, 0% used [0x00000000eb400000,0x00000000eb400000,0x00000000eb480000)
 ParOldGen       total 301568K, used 272889K [0x00000000c0000000, 0x00000000d2680000, 0x00000000eab00000)
  object space 301568K, 90% used [0x00000000c0000000,0x00000000d0a7e680,0x00000000d2680000)
 Metaspace       used 78938K, committed 80192K, reserved 1122304K
  class space    used 7641K, committed 8192K, reserved 1048576K
}
Event: 1017.892 GC heap after
{Heap after GC invocations=2696 (full 63):
 PSYoungGen      total 5632K, used 192K [0x00000000eab00000, 0x00000000eb480000, 0x0000000100000000)
  eden space 5120K, 0% used [0x00000000eab00000,0x00000000eab00000,0x00000000eb000000)
  from space 512K, 37% used [0x00000000eb400000,0x00000000eb430000,0x00000000eb480000)
  to   space 512K, 0% used [0x00000000eb380000,0x00000000eb380000,0x00000000eb400000)
 ParOldGen       total 301568K, used 272945K [0x00000000c0000000, 0x00000000d2680000, 0x00000000eab00000)
  object space 301568K, 90% used [0x00000000c0000000,0x00000000d0a8c680,0x00000000d2680000)
 Metaspace       used 78938K, committed 80192K, reserved 1122304K
  class space    used 7641K, committed 8192K, reserved 1048576K
}
Event: 1018.540 GC heap before
{Heap before GC invocations=2697 (full 63):
 PSYoungGen      total 5632K, used 5312K [0x00000000eab00000, 0x00000000eb480000, 0x0000000100000000)
  eden space 5120K, 100% used [0x00000000eab00000,0x00000000eb000000,0x00000000eb000000)
  from space 512K, 37% used [0x00000000eb400000,0x00000000eb430000,0x00000000eb480000)
  to   space 512K, 0% used [0x00000000eb380000,0x00000000eb380000,0x00000000eb400000)
 ParOldGen       total 301568K, used 272945K [0x00000000c0000000, 0x00000000d2680000, 0x00000000eab00000)
  object space 301568K, 90% used [0x00000000c0000000,0x00000000d0a8c680,0x00000000d2680000)
 Metaspace       used 78938K, committed 80192K, reserved 1122304K
  class space    used 7641K, committed 8192K, reserved 1048576K
}
Event: 1018.541 GC heap after
{Heap after GC invocations=2697 (full 63):
 PSYoungGen      total 5632K, used 308K [0x00000000eab00000, 0x00000000eb480000, 0x0000000100000000)
  eden space 5120K, 0% used [0x00000000eab00000,0x00000000eab00000,0x00000000eb000000)
  from space 512K, 60% used [0x00000000eb380000,0x00000000eb3cd200,0x00000000eb400000)
  to   space 512K, 0% used [0x00000000eb400000,0x00000000eb400000,0x00000000eb480000)
 ParOldGen       total 301568K, used 272945K [0x00000000c0000000, 0x00000000d2680000, 0x00000000eab00000)
  object space 301568K, 90% used [0x00000000c0000000,0x00000000d0a8c680,0x00000000d2680000)
 Metaspace       used 78938K, committed 80192K, reserved 1122304K
  class space    used 7641K, committed 8192K, reserved 1048576K
}
Event: 1018.690 GC heap before
{Heap before GC invocations=2698 (full 63):
 PSYoungGen      total 5632K, used 5412K [0x00000000eab00000, 0x00000000eb480000, 0x0000000100000000)
  eden space 5120K, 99% used [0x00000000eab00000,0x00000000eaffbfc0,0x00000000eb000000)
  from space 512K, 60% used [0x00000000eb380000,0x00000000eb3cd200,0x00000000eb400000)
  to   space 512K, 0% used [0x00000000eb400000,0x00000000eb400000,0x00000000eb480000)
 ParOldGen       total 301568K, used 272945K [0x00000000c0000000, 0x00000000d2680000, 0x00000000eab00000)
  object space 301568K, 90% used [0x00000000c0000000,0x00000000d0a8c680,0x00000000d2680000)
 Metaspace       used 78938K, committed 80192K, reserved 1122304K
  class space    used 7641K, committed 8192K, reserved 1048576K
}
Event: 1018.691 GC heap after
{Heap after GC invocations=2698 (full 63):
 PSYoungGen      total 5120K, used 503K [0x00000000eab00000, 0x00000000eb900000, 0x0000000100000000)
  eden space 4608K, 0% used [0x00000000eab00000,0x00000000eab00000,0x00000000eaf80000)
  from space 512K, 98% used [0x00000000eb400000,0x00000000eb47de48,0x00000000eb480000)
  to   space 4608K, 0% used [0x00000000eaf80000,0x00000000eaf80000,0x00000000eb400000)
 ParOldGen       total 301568K, used 276365K [0x00000000c0000000, 0x00000000d2680000, 0x00000000eab00000)
  object space 301568K, 91% used [0x00000000c0000000,0x00000000d0de37f8,0x00000000d2680000)
 Metaspace       used 78938K, committed 80192K, reserved 1122304K
  class space    used 7641K, committed 8192K, reserved 1048576K
}
Event: 1018.779 GC heap before
{Heap before GC invocations=2699 (full 63):
 PSYoungGen      total 5120K, used 5111K [0x00000000eab00000, 0x00000000eb900000, 0x0000000100000000)
  eden space 4608K, 100% used [0x00000000eab00000,0x00000000eaf80000,0x00000000eaf80000)
  from space 512K, 98% used [0x00000000eb400000,0x00000000eb47de48,0x00000000eb480000)
  to   space 4608K, 0% used [0x00000000eaf80000,0x00000000eaf80000,0x00000000eb400000)
 ParOldGen       total 301568K, used 276365K [0x00000000c0000000, 0x00000000d2680000, 0x00000000eab00000)
  object space 301568K, 91% used [0x00000000c0000000,0x00000000d0de37f8,0x00000000d2680000)
 Metaspace       used 78941K, committed 80192K, reserved 1122304K
  class space    used 7641K, committed 8192K, reserved 1048576K
}
Event: 1018.780 GC heap after
{Heap after GC invocations=2699 (full 63):
 PSYoungGen      total 9216K, used 4121K [0x00000000eab00000, 0x00000000eb880000, 0x0000000100000000)
  eden space 4608K, 0% used [0x00000000eab00000,0x00000000eab00000,0x00000000eaf80000)
  from space 4608K, 89% used [0x00000000eaf80000,0x00000000eb3867a8,0x00000000eb400000)
  to   space 4608K, 0% used [0x00000000eb400000,0x00000000eb400000,0x00000000eb880000)
 ParOldGen       total 301568K, used 276365K [0x00000000c0000000, 0x00000000d2680000, 0x00000000eab00000)
  object space 301568K, 91% used [0x00000000c0000000,0x00000000d0de37f8,0x00000000d2680000)
 Metaspace       used 78941K, committed 80192K, reserved 1122304K
  class space    used 7641K, committed 8192K, reserved 1048576K
}
Event: 1018.819 GC heap before
{Heap before GC invocations=2700 (full 63):
 PSYoungGen      total 9216K, used 8729K [0x00000000eab00000, 0x00000000eb880000, 0x0000000100000000)
  eden space 4608K, 99% used [0x00000000eab00000,0x00000000eaf7fff8,0x00000000eaf80000)
  from space 4608K, 89% used [0x00000000eaf80000,0x00000000eb3867a8,0x00000000eb400000)
  to   space 4608K, 0% used [0x00000000eb400000,0x00000000eb400000,0x00000000eb880000)
 ParOldGen       total 301568K, used 276365K [0x00000000c0000000, 0x00000000d2680000, 0x00000000eab00000)
  object space 301568K, 91% used [0x00000000c0000000,0x00000000d0de37f8,0x00000000d2680000)
 Metaspace       used 78943K, committed 80192K, reserved 1122304K
  class space    used 7641K, committed 8192K, reserved 1048576K
}
Event: 1018.821 GC heap after
{Heap after GC invocations=2700 (full 63):
 PSYoungGen      total 6656K, used 1782K [0x00000000eab00000, 0x00000000eb600000, 0x0000000100000000)
  eden space 4608K, 0% used [0x00000000eab00000,0x00000000eab00000,0x00000000eaf80000)
  from space 2048K, 87% used [0x00000000eb400000,0x00000000eb5bd9e8,0x00000000eb600000)
  to   space 3072K, 0% used [0x00000000eb000000,0x00000000eb000000,0x00000000eb300000)
 ParOldGen       total 301568K, used 276365K [0x00000000c0000000, 0x00000000d2680000, 0x00000000eab00000)
  object space 301568K, 91% used [0x00000000c0000000,0x00000000d0de37f8,0x00000000d2680000)
 Metaspace       used 78943K, committed 80192K, reserved 1122304K
  class space    used 7641K, committed 8192K, reserved 1048576K
}
Event: 1018.847 GC heap before
{Heap before GC invocations=2701 (full 63):
 PSYoungGen      total 6656K, used 6390K [0x00000000eab00000, 0x00000000eb600000, 0x0000000100000000)
  eden space 4608K, 100% used [0x00000000eab00000,0x00000000eaf80000,0x00000000eaf80000)
  from space 2048K, 87% used [0x00000000eb400000,0x00000000eb5bd9e8,0x00000000eb600000)
  to   space 3072K, 0% used [0x00000000eb000000,0x00000000eb000000,0x00000000eb300000)
 ParOldGen       total 301568K, used 276365K [0x00000000c0000000, 0x00000000d2680000, 0x00000000eab00000)
  object space 301568K, 91% used [0x00000000c0000000,0x00000000d0de37f8,0x00000000d2680000)
 Metaspace       used 78947K, committed 80192K, reserved 1122304K
  class space    used 7641K, committed 8192K, reserved 1048576K
}
Event: 1018.850 GC heap after
{Heap after GC invocations=2701 (full 63):
 PSYoungGen      total 6656K, used 1812K [0x00000000eab00000, 0x00000000eb480000, 0x0000000100000000)
  eden space 4608K, 0% used [0x00000000eab00000,0x00000000eab00000,0x00000000eaf80000)
  from space 2048K, 88% used [0x00000000eb000000,0x00000000eb1c5198,0x00000000eb200000)
  to   space 2048K, 0% used [0x00000000eb280000,0x00000000eb280000,0x00000000eb480000)
 ParOldGen       total 301568K, used 276373K [0x00000000c0000000, 0x00000000d2680000, 0x00000000eab00000)
  object space 301568K, 91% used [0x00000000c0000000,0x00000000d0de57f8,0x00000000d2680000)
 Metaspace       used 78947K, committed 80192K, reserved 1122304K
  class space    used 7641K, committed 8192K, reserved 1048576K
}

