# JRE version: OpenJDK Runtime Environment Temurin-17.0.4.1+1 (17.0.4.1+1) (build 17.0.4.1+1)
# Java VM: OpenJDK 64-Bit Server VM Temurin-17.0.4.1+1 (17.0.4.1+1, mixed mode, emulated-client, tiered, compressed oops, compressed class ptrs, g1 gc, windows-amd64)
GC Precious Log:
 CPUs: 8 total, 8 available
 Memory: 7987M
 Large Page Support: Disabled
 NUMA Support: Disabled
 Compressed Oops: Enabled (32-bit)
 Heap Region Size: 1M
 Heap Min Capacity: 8M
 Heap Initial Capacity: 126M
 Heap Max Capacity: 1998M
 Pre-touch: Disabled
 Parallel Workers: 8
 Concurrent Workers: 2
 Concurrent Refinement Workers: 8
 Periodic GC: Disabled
Heap:
 garbage-first heap   total 122880K, used 38389K [0x0000000083200000, 0x0000000100000000)
  region size 1024K, 1 young (1024K), 0 survivors (0K)
 Metaspace       used 54113K, committed 54528K, reserved 1097728K
  class space    used 7161K, committed 7360K, reserved 1048576K
GC Heap History (20 events):
Event: 5993.427 GC heap before
{Heap before GC invocations=494 (full 311):
 garbage-first heap   total 122880K, used 38389K [0x0000000083200000, 0x0000000100000000)
  region size 1024K, 1 young (1024K), 0 survivors (0K)
 Metaspace       used 54113K, committed 54528K, reserved 1097728K
  class space    used 7161K, committed 7360K, reserved 1048576K
}
Event: 5993.478 GC heap after
{Heap after GC invocations=495 (full 312):
 garbage-first heap   total 122880K, used 38389K [0x0000000083200000, 0x0000000100000000)
  region size 1024K, 0 young (0K), 0 survivors (0K)
 Metaspace       used 54113K, committed 54528K, reserved 1097728K
  class space    used 7161K, committed 7360K, reserved 1048576K
}
Event: 6003.716 GC heap before
{Heap before GC invocations=495 (full 312):
 garbage-first heap   total 122880K, used 38389K [0x0000000083200000, 0x0000000100000000)
  region size 1024K, 1 young (1024K), 0 survivors (0K)
 Metaspace       used 54113K, committed 54528K, reserved 1097728K
  class space    used 7161K, committed 7360K, reserved 1048576K
}
Event: 6003.764 GC heap after
{Heap after GC invocations=496 (full 313):
 garbage-first heap   total 122880K, used 38389K [0x0000000083200000, 0x0000000100000000)
  region size 1024K, 0 young (0K), 0 survivors (0K)
 Metaspace       used 54113K, committed 54528K, reserved 1097728K
  class space    used 7161K, committed 7360K, reserved 1048576K
}
Event: 6013.977 GC heap before
{Heap before GC invocations=496 (full 313):
 garbage-first heap   total 122880K, used 38389K [0x0000000083200000, 0x0000000100000000)
  region size 1024K, 1 young (1024K), 0 survivors (0K)
 Metaspace       used 54113K, committed 54528K, reserved 1097728K
  class space    used 7161K, committed 7360K, reserved 1048576K
}
Event: 6014.027 GC heap after
{Heap after GC invocations=497 (full 314):
 garbage-first heap   total 122880K, used 38325K [0x0000000083200000, 0x0000000100000000)
  region size 1024K, 0 young (0K), 0 survivors (0K)
 Metaspace       used 54113K, committed 54528K, reserved 1097728K
  class space    used 7161K, committed 7360K, reserved 1048576K
}
Event: 6024.278 GC heap before
{Heap before GC invocations=497 (full 314):
 garbage-first heap   total 122880K, used 38325K [0x0000000083200000, 0x0000000100000000)
  region size 1024K, 1 young (1024K), 0 survivors (0K)
 Metaspace       used 54113K, committed 54528K, reserved 1097728K
  class space    used 7161K, committed 7360K, reserved 1048576K
}
Event: 6024.340 GC heap after
{Heap after GC invocations=498 (full 315):
 garbage-first heap   total 122880K, used 38325K [0x0000000083200000, 0x0000000100000000)
  region size 1024K, 0 young (0K), 0 survivors (0K)
 Metaspace       used 54113K, committed 54528K, reserved 1097728K
  class space    used 7161K, committed 7360K, reserved 1048576K
}
Event: 6034.601 GC heap before
{Heap before GC invocations=498 (full 315):
 garbage-first heap   total 122880K, used 38325K [0x0000000083200000, 0x0000000100000000)
  region size 1024K, 1 young (1024K), 0 survivors (0K)
 Metaspace       used 54113K, committed 54528K, reserved 1097728K
  class space    used 7161K, committed 7360K, reserved 1048576K
}
Event: 6034.673 GC heap after
{Heap after GC invocations=499 (full 316):
 garbage-first heap   total 122880K, used 38325K [0x0000000083200000, 0x0000000100000000)
  region size 1024K, 0 young (0K), 0 survivors (0K)
 Metaspace       used 54113K, committed 54528K, reserved 1097728K
  class space    used 7161K, committed 7360K, reserved 1048576K
}
Event: 6044.919 GC heap before
{Heap before GC invocations=499 (full 316):
 garbage-first heap   total 122880K, used 38325K [0x0000000083200000, 0x0000000100000000)
  region size 1024K, 1 young (1024K), 0 survivors (0K)
 Metaspace       used 54113K, committed 54528K, reserved 1097728K
  class space    used 7161K, committed 7360K, reserved 1048576K
}
Event: 6044.978 GC heap after
{Heap after GC invocations=500 (full 317):
 garbage-first heap   total 122880K, used 38325K [0x0000000083200000, 0x0000000100000000)
  region size 1024K, 0 young (0K), 0 survivors (0K)
 Metaspace       used 54113K, committed 54528K, reserved 1097728K
  class space    used 7161K, committed 7360K, reserved 1048576K
}
Event: 6055.478 GC heap before
{Heap before GC invocations=500 (full 317):
 garbage-first heap   total 122880K, used 38325K [0x0000000083200000, 0x0000000100000000)
  region size 1024K, 1 young (1024K), 0 survivors (0K)
 Metaspace       used 54113K, committed 54528K, reserved 1097728K
  class space    used 7161K, committed 7360K, reserved 1048576K
}
Event: 6055.548 GC heap after
{Heap after GC invocations=501 (full 318):
 garbage-first heap   total 122880K, used 38325K [0x0000000083200000, 0x0000000100000000)
  region size 1024K, 0 young (0K), 0 survivors (0K)
 Metaspace       used 54113K, committed 54528K, reserved 1097728K
  class space    used 7161K, committed 7360K, reserved 1048576K
}
Event: 6065.832 GC heap before
{Heap before GC invocations=501 (full 318):
 garbage-first heap   total 122880K, used 39349K [0x0000000083200000, 0x0000000100000000)
  region size 1024K, 2 young (2048K), 0 survivors (0K)
 Metaspace       used 54113K, committed 54528K, reserved 1097728K
  class space    used 7161K, committed 7360K, reserved 1048576K
}
Event: 6065.883 GC heap after
{Heap after GC invocations=502 (full 319):
 garbage-first heap   total 122880K, used 38389K [0x0000000083200000, 0x0000000100000000)
  region size 1024K, 0 young (0K), 0 survivors (0K)
 Metaspace       used 54113K, committed 54528K, reserved 1097728K
  class space    used 7161K, committed 7360K, reserved 1048576K
}
Event: 6076.137 GC heap before
{Heap before GC invocations=502 (full 319):
 garbage-first heap   total 122880K, used 38389K [0x0000000083200000, 0x0000000100000000)
  region size 1024K, 1 young (1024K), 0 survivors (0K)
 Metaspace       used 54113K, committed 54528K, reserved 1097728K
  class space    used 7161K, committed 7360K, reserved 1048576K
}
Event: 6076.190 GC heap after
{Heap after GC invocations=503 (full 320):
 garbage-first heap   total 122880K, used 38389K [0x0000000083200000, 0x0000000100000000)
  region size 1024K, 0 young (0K), 0 survivors (0K)
 Metaspace       used 54113K, committed 54528K, reserved 1097728K
  class space    used 7161K, committed 7360K, reserved 1048576K
}
Event: 6086.469 GC heap before
{Heap before GC invocations=503 (full 320):
 garbage-first heap   total 122880K, used 38389K [0x0000000083200000, 0x0000000100000000)
  region size 1024K, 1 young (1024K), 0 survivors (0K)
 Metaspace       used 54113K, committed 54528K, reserved 1097728K
  class space    used 7161K, committed 7360K, reserved 1048576K
}
Event: 6086.524 GC heap after
{Heap after GC invocations=504 (full 321):
 garbage-first heap   total 122880K, used 38389K [0x0000000083200000, 0x0000000100000000)
  region size 1024K, 0 young (0K), 0 survivors (0K)
 Metaspace       used 54113K, committed 54528K, reserved 1097728K
  class space    used 7161K, committed 7360K, reserved 1048576K
}

