# JRE version: OpenJDK Runtime Environment Temurin-17.0.4.1+1 (17.0.4.1+1) (build 17.0.4.1+1)
# Java VM: OpenJDK 64-Bit Server VM Temurin-17.0.4.1+1 (17.0.4.1+1, mixed mode, emulated-client, tiered, compressed oops, compressed class ptrs, g1 gc, windows-amd64)
GC Precious Log:
 CPUs: 8 total, 8 available
 Memory: 7987M
 Large Page Support: Disabled
 NUMA Support: Disabled
 Compressed Oops: Enabled (32-bit)
 Heap Region Size: 1M
 Heap Min Capacity: 8M
 Heap Initial Capacity: 126M
 Heap Max Capacity: 1998M
 Pre-touch: Disabled
 Parallel Workers: 8
 Concurrent Workers: 2
 Concurrent Refinement Workers: 8
 Periodic GC: Disabled
Heap:
 garbage-first heap   total 329728K, used 99199K [0x0000000083200000, 0x0000000100000000)
  region size 1024K, 16 young (16384K), 16 survivors (16384K)
 Metaspace       used 36029K, committed 36416K, reserved 1081344K
  class space    used 4682K, committed 4864K, reserved 1048576K
GC Heap History (20 events):
Event: 9.321 GC heap after
{Heap after GC invocations=12 (full 0):
 garbage-first heap   total 70656K, used 34003K [0x0000000083200000, 0x0000000100000000)
  region size 1024K, 3 young (3072K), 3 survivors (3072K)
 Metaspace       used 34136K, committed 34496K, reserved 1081344K
  class space    used 4347K, committed 4544K, reserved 1048576K
}
Event: 9.388 GC heap before
{Heap before GC invocations=12 (full 0):
 garbage-first heap   total 70656K, used 52435K [0x0000000083200000, 0x0000000100000000)
  region size 1024K, 21 young (21504K), 3 survivors (3072K)
 Metaspace       used 34190K, committed 34496K, reserved 1081344K
  class space    used 4355K, committed 4544K, reserved 1048576K
}
Event: 9.399 GC heap after
{Heap after GC invocations=13 (full 0):
 garbage-first heap   total 70656K, used 40557K [0x0000000083200000, 0x0000000100000000)
  region size 1024K, 3 young (3072K), 3 survivors (3072K)
 Metaspace       used 34190K, committed 34496K, reserved 1081344K
  class space    used 4355K, committed 4544K, reserved 1048576K
}
Event: 9.468 GC heap before
{Heap before GC invocations=13 (full 0):
 garbage-first heap   total 83968K, used 52845K [0x0000000083200000, 0x0000000100000000)
  region size 1024K, 15 young (15360K), 3 survivors (3072K)
 Metaspace       used 34309K, committed 34624K, reserved 1081344K
  class space    used 4378K, committed 4544K, reserved 1048576K
}
Event: 9.478 GC heap after
{Heap after GC invocations=14 (full 0):
 garbage-first heap   total 164864K, used 44093K [0x0000000083200000, 0x0000000100000000)
  region size 1024K, 2 young (2048K), 2 survivors (2048K)
 Metaspace       used 34309K, committed 34624K, reserved 1081344K
  class space    used 4378K, committed 4544K, reserved 1048576K
}
Event: 10.356 GC heap before
{Heap before GC invocations=15 (full 0):
 garbage-first heap   total 164864K, used 113725K [0x0000000083200000, 0x0000000100000000)
  region size 1024K, 69 young (70656K), 2 survivors (2048K)
 Metaspace       used 35918K, committed 36224K, reserved 1081344K
  class space    used 4668K, committed 4800K, reserved 1048576K
}
Event: 10.395 GC heap after
{Heap after GC invocations=16 (full 0):
 garbage-first heap   total 164864K, used 63763K [0x0000000083200000, 0x0000000100000000)
  region size 1024K, 9 young (9216K), 9 survivors (9216K)
 Metaspace       used 35918K, committed 36224K, reserved 1081344K
  class space    used 4668K, committed 4800K, reserved 1048576K
}
Event: 10.427 GC heap before
{Heap before GC invocations=16 (full 0):
 garbage-first heap   total 164864K, used 101651K [0x0000000083200000, 0x0000000100000000)
  region size 1024K, 47 young (48128K), 9 survivors (9216K)
 Metaspace       used 35948K, committed 36288K, reserved 1081344K
  class space    used 4676K, committed 4864K, reserved 1048576K
}
Event: 10.436 GC heap after
{Heap after GC invocations=17 (full 0):
 garbage-first heap   total 164864K, used 67344K [0x0000000083200000, 0x0000000100000000)
  region size 1024K, 3 young (3072K), 3 survivors (3072K)
 Metaspace       used 35948K, committed 36288K, reserved 1081344K
  class space    used 4676K, committed 4864K, reserved 1048576K
}
Event: 10.466 GC heap before
{Heap before GC invocations=17 (full 0):
 garbage-first heap   total 164864K, used 109328K [0x0000000083200000, 0x0000000100000000)
  region size 1024K, 45 young (46080K), 3 survivors (3072K)
 Metaspace       used 36028K, committed 36416K, reserved 1081344K
  class space    used 4681K, committed 4864K, reserved 1048576K
}
Event: 10.470 GC heap after
{Heap after GC invocations=18 (full 0):
 garbage-first heap   total 164864K, used 68283K [0x0000000083200000, 0x0000000100000000)
  region size 1024K, 4 young (4096K), 4 survivors (4096K)
 Metaspace       used 36028K, committed 36416K, reserved 1081344K
  class space    used 4681K, committed 4864K, reserved 1048576K
}
Event: 10.493 GC heap before
{Heap before GC invocations=18 (full 0):
 garbage-first heap   total 164864K, used 118459K [0x0000000083200000, 0x0000000100000000)
  region size 1024K, 54 young (55296K), 4 survivors (4096K)
 Metaspace       used 36028K, committed 36416K, reserved 1081344K
  class space    used 4681K, committed 4864K, reserved 1048576K
}
Event: 10.499 GC heap after
{Heap after GC invocations=19 (full 0):
 garbage-first heap   total 329728K, used 70185K [0x0000000083200000, 0x0000000100000000)
  region size 1024K, 6 young (6144K), 6 survivors (6144K)
 Metaspace       used 36028K, committed 36416K, reserved 1081344K
  class space    used 4681K, committed 4864K, reserved 1048576K
}
Event: 10.776 GC heap before
{Heap before GC invocations=19 (full 0):
 garbage-first heap   total 329728K, used 237097K [0x0000000083200000, 0x0000000100000000)
  region size 1024K, 170 young (174080K), 6 survivors (6144K)
 Metaspace       used 36028K, committed 36416K, reserved 1081344K
  class space    used 4681K, committed 4864K, reserved 1048576K
}
Event: 10.793 GC heap after
{Heap after GC invocations=20 (full 0):
 garbage-first heap   total 329728K, used 76430K [0x0000000083200000, 0x0000000100000000)
  region size 1024K, 12 young (12288K), 12 survivors (12288K)
 Metaspace       used 36028K, committed 36416K, reserved 1081344K
  class space    used 4681K, committed 4864K, reserved 1048576K
}
Event: 11.056 GC heap before
{Heap before GC invocations=20 (full 0):
 garbage-first heap   total 329728K, used 253582K [0x0000000083200000, 0x0000000100000000)
  region size 1024K, 186 young (190464K), 12 survivors (12288K)
 Metaspace       used 36029K, committed 36416K, reserved 1081344K
  class space    used 4682K, committed 4864K, reserved 1048576K
}
Event: 11.075 GC heap after
{Heap after GC invocations=21 (full 0):
 garbage-first heap   total 329728K, used 83969K [0x0000000083200000, 0x0000000100000000)
  region size 1024K, 19 young (19456K), 19 survivors (19456K)
 Metaspace       used 36029K, committed 36416K, reserved 1081344K
  class space    used 4682K, committed 4864K, reserved 1048576K
}
Event: 11.315 GC heap before
{Heap before GC invocations=21 (full 0):
 garbage-first heap   total 329728K, used 259073K [0x0000000083200000, 0x0000000100000000)
  region size 1024K, 191 young (195584K), 19 survivors (19456K)
 Metaspace       used 36029K, committed 36416K, reserved 1081344K
  class space    used 4682K, committed 4864K, reserved 1048576K
}
Event: 11.362 GC heap after
{Heap after GC invocations=22 (full 0):
 garbage-first heap   total 329728K, used 91782K [0x0000000083200000, 0x0000000100000000)
  region size 1024K, 16 young (16384K), 16 survivors (16384K)
 Metaspace       used 36029K, committed 36416K, reserved 1081344K
  class space    used 4682K, committed 4864K, reserved 1048576K
}
Event: 11.676 GC heap before
{Heap before GC invocations=22 (full 0):
 garbage-first heap   total 329728K, used 262790K [0x0000000083200000, 0x0000000100000000)
  region size 1024K, 184 young (188416K), 16 survivors (16384K)
 Metaspace       used 36029K, committed 36416K, reserved 1081344K
  class space    used 4682K, committed 4864K, reserved 1048576K
}

