# JRE version: OpenJDK Runtime Environment Temurin-17.0.4.1+1 (17.0.4.1+1) (build 17.0.4.1+1)
# Java VM: OpenJDK 64-Bit Server VM Temurin-17.0.4.1+1 (17.0.4.1+1, mixed mode, emulated-client, tiered, compressed oops, compressed class ptrs, g1 gc, windows-amd64)
GC Precious Log:
 CPUs: 8 total, 8 available
 Memory: 7987M
 Large Page Support: Disabled
 NUMA Support: Disabled
 Compressed Oops: Enabled (32-bit)
 Heap Region Size: 1M
 Heap Min Capacity: 8M
 Heap Initial Capacity: 126M
 Heap Max Capacity: 1998M
 Pre-touch: Disabled
 Parallel Workers: 8
 Concurrent Workers: 2
 Concurrent Refinement Workers: 8
 Periodic GC: Disabled
Heap:
 garbage-first heap   total 246784K, used 84447K [0x0000000083200000, 0x0000000100000000)
  region size 1024K, 9 young (9216K), 9 survivors (9216K)
 Metaspace       used 38642K, committed 38976K, reserved 1089536K
  class space    used 4872K, committed 5056K, reserved 1048576K
GC Heap History (20 events):
Event: 3.871 GC heap after
{Heap after GC invocations=11 (full 0):
 garbage-first heap   total 61440K, used 30435K [0x0000000083200000, 0x0000000100000000)
  region size 1024K, 3 young (3072K), 3 survivors (3072K)
 Metaspace       used 35621K, committed 35968K, reserved 1081344K
  class space    used 4622K, committed 4800K, reserved 1048576K
}
Event: 3.908 GC heap before
{Heap before GC invocations=12 (full 0):
 garbage-first heap   total 63488K, used 43747K [0x0000000083200000, 0x0000000100000000)
  region size 1024K, 17 young (17408K), 3 survivors (3072K)
 Metaspace       used 35845K, committed 36224K, reserved 1081344K
  class space    used 4643K, committed 4800K, reserved 1048576K
}
Event: 3.910 GC heap after
{Heap after GC invocations=13 (full 0):
 garbage-first heap   total 63488K, used 33215K [0x0000000083200000, 0x0000000100000000)
  region size 1024K, 3 young (3072K), 3 survivors (3072K)
 Metaspace       used 35845K, committed 36224K, reserved 1081344K
  class space    used 4643K, committed 4800K, reserved 1048576K
}
Event: 3.913 GC heap before
{Heap before GC invocations=13 (full 0):
 garbage-first heap   total 63488K, used 34239K [0x0000000083200000, 0x0000000100000000)
  region size 1024K, 4 young (4096K), 3 survivors (3072K)
 Metaspace       used 35847K, committed 36224K, reserved 1081344K
  class space    used 4643K, committed 4800K, reserved 1048576K
}
Event: 3.915 GC heap after
{Heap after GC invocations=14 (full 0):
 garbage-first heap   total 110592K, used 31547K [0x0000000083200000, 0x0000000100000000)
  region size 1024K, 1 young (1024K), 1 survivors (1024K)
 Metaspace       used 35847K, committed 36224K, reserved 1081344K
  class space    used 4643K, committed 4800K, reserved 1048576K
}
Event: 4.008 GC heap before
{Heap before GC invocations=14 (full 0):
 garbage-first heap   total 110592K, used 74555K [0x0000000083200000, 0x0000000100000000)
  region size 1024K, 44 young (45056K), 1 survivors (1024K)
 Metaspace       used 36313K, committed 36608K, reserved 1081344K
  class space    used 4674K, committed 4800K, reserved 1048576K
}
Event: 4.017 GC heap after
{Heap after GC invocations=15 (full 0):
 garbage-first heap   total 110592K, used 41890K [0x0000000083200000, 0x0000000100000000)
  region size 1024K, 6 young (6144K), 6 survivors (6144K)
 Metaspace       used 36313K, committed 36608K, reserved 1081344K
  class space    used 4674K, committed 4800K, reserved 1048576K
}
Event: 4.161 GC heap before
{Heap before GC invocations=15 (full 0):
 garbage-first heap   total 110592K, used 75682K [0x0000000083200000, 0x0000000100000000)
  region size 1024K, 40 young (40960K), 6 survivors (6144K)
 Metaspace       used 37508K, committed 37888K, reserved 1089536K
  class space    used 4749K, committed 4928K, reserved 1048576K
}
Event: 4.168 GC heap after
{Heap after GC invocations=16 (full 0):
 garbage-first heap   total 110592K, used 48065K [0x0000000083200000, 0x0000000100000000)
  region size 1024K, 5 young (5120K), 5 survivors (5120K)
 Metaspace       used 37508K, committed 37888K, reserved 1089536K
  class space    used 4749K, committed 4928K, reserved 1048576K
}
Event: 4.280 GC heap before
{Heap before GC invocations=16 (full 0):
 garbage-first heap   total 110592K, used 79809K [0x0000000083200000, 0x0000000100000000)
  region size 1024K, 36 young (36864K), 5 survivors (5120K)
 Metaspace       used 38233K, committed 38528K, reserved 1089536K
  class space    used 4819K, committed 4928K, reserved 1048576K
}
Event: 4.292 GC heap after
{Heap after GC invocations=17 (full 0):
 garbage-first heap   total 110592K, used 60623K [0x0000000083200000, 0x0000000100000000)
  region size 1024K, 5 young (5120K), 5 survivors (5120K)
 Metaspace       used 38233K, committed 38528K, reserved 1089536K
  class space    used 4819K, committed 4928K, reserved 1048576K
}
Event: 4.295 GC heap before
{Heap before GC invocations=17 (full 0):
 garbage-first heap   total 110592K, used 60623K [0x0000000083200000, 0x0000000100000000)
  region size 1024K, 6 young (6144K), 5 survivors (5120K)
 Metaspace       used 38253K, committed 38528K, reserved 1089536K
  class space    used 4821K, committed 4928K, reserved 1048576K
}
Event: 4.300 GC heap after
{Heap after GC invocations=18 (full 0):
 garbage-first heap   total 246784K, used 62260K [0x0000000083200000, 0x0000000100000000)
  region size 1024K, 1 young (1024K), 1 survivors (1024K)
 Metaspace       used 38253K, committed 38528K, reserved 1089536K
  class space    used 4821K, committed 4928K, reserved 1048576K
}
Event: 4.393 GC heap before
{Heap before GC invocations=18 (full 0):
 garbage-first heap   total 246784K, used 169780K [0x0000000083200000, 0x0000000100000000)
  region size 1024K, 106 young (108544K), 1 survivors (1024K)
 Metaspace       used 38531K, committed 38912K, reserved 1089536K
  class space    used 4860K, committed 5056K, reserved 1048576K
}
Event: 4.411 GC heap after
{Heap after GC invocations=19 (full 0):
 garbage-first heap   total 246784K, used 71384K [0x0000000083200000, 0x0000000100000000)
  region size 1024K, 9 young (9216K), 9 survivors (9216K)
 Metaspace       used 38531K, committed 38912K, reserved 1089536K
  class space    used 4860K, committed 5056K, reserved 1048576K
}
Event: 4.438 GC heap before
{Heap before GC invocations=19 (full 0):
 garbage-first heap   total 246784K, used 174808K [0x0000000083200000, 0x0000000100000000)
  region size 1024K, 111 young (113664K), 9 survivors (9216K)
 Metaspace       used 38552K, committed 38912K, reserved 1089536K
  class space    used 4863K, committed 5056K, reserved 1048576K
}
Event: 4.454 GC heap after
{Heap after GC invocations=20 (full 0):
 garbage-first heap   total 246784K, used 75884K [0x0000000083200000, 0x0000000100000000)
  region size 1024K, 5 young (5120K), 5 survivors (5120K)
 Metaspace       used 38552K, committed 38912K, reserved 1089536K
  class space    used 4863K, committed 5056K, reserved 1048576K
}
Event: 4.490 GC heap before
{Heap before GC invocations=20 (full 0):
 garbage-first heap   total 246784K, used 180332K [0x0000000083200000, 0x0000000100000000)
  region size 1024K, 108 young (110592K), 5 survivors (5120K)
 Metaspace       used 38642K, committed 38976K, reserved 1089536K
  class space    used 4872K, committed 5056K, reserved 1048576K
}
Event: 4.494 GC heap after
{Heap after GC invocations=21 (full 0):
 garbage-first heap   total 246784K, used 79545K [0x0000000083200000, 0x0000000100000000)
  region size 1024K, 9 young (9216K), 9 survivors (9216K)
 Metaspace       used 38642K, committed 38976K, reserved 1089536K
  class space    used 4872K, committed 5056K, reserved 1048576K
}
Event: 4.527 GC heap before
{Heap before GC invocations=21 (full 0):
 garbage-first heap   total 246784K, used 187065K [0x0000000083200000, 0x0000000100000000)
  region size 1024K, 115 young (117760K), 9 survivors (9216K)
 Metaspace       used 38642K, committed 38976K, reserved 1089536K
  class space    used 4872K, committed 5056K, reserved 1048576K
}

