# JRE version: OpenJDK Runtime Environment Temurin-17.0.5+8 (17.0.5+8) (build 17.0.5+8)
# Java VM: OpenJDK 64-Bit Server VM Temurin-17.0.5+8 (17.0.5+8, mixed mode, emulated-client, sharing, tiered, compressed oops, compressed class ptrs, g1 gc, windows-amd64)
GC Precious Log:
 CPUs: 8 total, 8 available
 Memory: 7987M
 Large Page Support: Disabled
 NUMA Support: Disabled
 Compressed Oops: Enabled (32-bit)
 Heap Region Size: 1M
 Heap Min Capacity: 8M
 Heap Initial Capacity: 126M
 Heap Max Capacity: 1998M
 Pre-touch: Disabled
 Parallel Workers: 8
 Concurrent Workers: 2
 Concurrent Refinement Workers: 8
 Periodic GC: Disabled
Heap:
 garbage-first heap   total 181248K, used 81236K [0x0000000083200000, 0x0000000100000000)
  region size 1024K, 6 young (6144K), 6 survivors (6144K)
 Metaspace       used 31571K, committed 32000K, reserved 1081344K
  class space    used 4123K, committed 4352K, reserved 1048576K
GC Heap History (20 events):
Event: 5.299 GC heap after
{Heap after GC invocations=9 (full 0):
 garbage-first heap   total 61440K, used 29741K [0x0000000083200000, 0x0000000100000000)
  region size 1024K, 3 young (3072K), 3 survivors (3072K)
 Metaspace       used 28734K, committed 29056K, reserved 1081344K
  class space    used 3851K, committed 4032K, reserved 1048576K
}
Event: 5.366 GC heap before
{Heap before GC invocations=9 (full 0):
 garbage-first heap   total 61440K, used 44077K [0x0000000083200000, 0x0000000100000000)
  region size 1024K, 18 young (18432K), 3 survivors (3072K)
 Metaspace       used 29003K, committed 29312K, reserved 1081344K
  class space    used 3869K, committed 4032K, reserved 1048576K
}
Event: 5.372 GC heap after
{Heap after GC invocations=10 (full 0):
 garbage-first heap   total 89088K, used 32725K [0x0000000083200000, 0x0000000100000000)
  region size 1024K, 3 young (3072K), 3 survivors (3072K)
 Metaspace       used 29003K, committed 29312K, reserved 1081344K
  class space    used 3869K, committed 4032K, reserved 1048576K
}
Event: 5.475 GC heap before
{Heap before GC invocations=10 (full 0):
 garbage-first heap   total 89088K, used 62421K [0x0000000083200000, 0x0000000100000000)
  region size 1024K, 33 young (33792K), 3 survivors (3072K)
 Metaspace       used 29614K, committed 30016K, reserved 1081344K
  class space    used 3928K, committed 4096K, reserved 1048576K
}
Event: 5.483 GC heap after
{Heap after GC invocations=11 (full 0):
 garbage-first heap   total 89088K, used 37855K [0x0000000083200000, 0x0000000100000000)
  region size 1024K, 5 young (5120K), 5 survivors (5120K)
 Metaspace       used 29614K, committed 30016K, reserved 1081344K
  class space    used 3928K, committed 4096K, reserved 1048576K
}
Event: 5.558 GC heap before
{Heap before GC invocations=11 (full 0):
 garbage-first heap   total 89088K, used 64479K [0x0000000083200000, 0x0000000100000000)
  region size 1024K, 32 young (32768K), 5 survivors (5120K)
 Metaspace       used 30105K, committed 30464K, reserved 1081344K
  class space    used 3940K, committed 4096K, reserved 1048576K
}
Event: 5.567 GC heap after
{Heap after GC invocations=12 (full 0):
 garbage-first heap   total 89088K, used 45557K [0x0000000083200000, 0x0000000100000000)
  region size 1024K, 4 young (4096K), 4 survivors (4096K)
 Metaspace       used 30105K, committed 30464K, reserved 1081344K
  class space    used 3940K, committed 4096K, reserved 1048576K
}
Event: 5.708 GC heap before
{Heap before GC invocations=12 (full 0):
 garbage-first heap   total 89088K, used 65013K [0x0000000083200000, 0x0000000100000000)
  region size 1024K, 24 young (24576K), 4 survivors (4096K)
 Metaspace       used 31068K, committed 31360K, reserved 1081344K
  class space    used 4036K, committed 4160K, reserved 1048576K
}
Event: 5.715 GC heap after
{Heap after GC invocations=13 (full 0):
 garbage-first heap   total 89088K, used 49513K [0x0000000083200000, 0x0000000100000000)
  region size 1024K, 3 young (3072K), 3 survivors (3072K)
 Metaspace       used 31068K, committed 31360K, reserved 1081344K
  class space    used 4036K, committed 4160K, reserved 1048576K
}
Event: 5.879 GC heap before
{Heap before GC invocations=14 (full 0):
 garbage-first heap   total 92160K, used 66921K [0x0000000083200000, 0x0000000100000000)
  region size 1024K, 20 young (20480K), 3 survivors (3072K)
 Metaspace       used 31352K, committed 31744K, reserved 1081344K
  class space    used 4097K, committed 4288K, reserved 1048576K
}
Event: 5.887 GC heap after
{Heap after GC invocations=15 (full 0):
 garbage-first heap   total 92160K, used 56350K [0x0000000083200000, 0x0000000100000000)
  region size 1024K, 3 young (3072K), 3 survivors (3072K)
 Metaspace       used 31352K, committed 31744K, reserved 1081344K
  class space    used 4097K, committed 4288K, reserved 1048576K
}
Event: 5.892 GC heap before
{Heap before GC invocations=15 (full 0):
 garbage-first heap   total 92160K, used 57374K [0x0000000083200000, 0x0000000100000000)
  region size 1024K, 4 young (4096K), 3 survivors (3072K)
 Metaspace       used 31352K, committed 31744K, reserved 1081344K
  class space    used 4097K, committed 4288K, reserved 1048576K
}
Event: 5.897 GC heap after
{Heap after GC invocations=16 (full 0):
 garbage-first heap   total 181248K, used 57679K [0x0000000083200000, 0x0000000100000000)
  region size 1024K, 1 young (1024K), 1 survivors (1024K)
 Metaspace       used 31352K, committed 31744K, reserved 1081344K
  class space    used 4097K, committed 4288K, reserved 1048576K
}
Event: 6.022 GC heap before
{Heap before GC invocations=16 (full 0):
 garbage-first heap   total 181248K, used 126287K [0x0000000083200000, 0x0000000100000000)
  region size 1024K, 68 young (69632K), 1 survivors (1024K)
 Metaspace       used 31469K, committed 31872K, reserved 1081344K
  class space    used 4109K, committed 4288K, reserved 1048576K
}
Event: 6.050 GC heap after
{Heap after GC invocations=17 (full 0):
 garbage-first heap   total 181248K, used 71767K [0x0000000083200000, 0x0000000100000000)
  region size 1024K, 9 young (9216K), 9 survivors (9216K)
 Metaspace       used 31469K, committed 31872K, reserved 1081344K
  class space    used 4109K, committed 4288K, reserved 1048576K
}
Event: 6.071 GC heap before
{Heap before GC invocations=17 (full 0):
 garbage-first heap   total 181248K, used 126039K [0x0000000083200000, 0x0000000100000000)
  region size 1024K, 63 young (64512K), 9 survivors (9216K)
 Metaspace       used 31474K, committed 31872K, reserved 1081344K
  class space    used 4109K, committed 4288K, reserved 1048576K
}
Event: 6.078 GC heap after
{Heap after GC invocations=18 (full 0):
 garbage-first heap   total 181248K, used 75686K [0x0000000083200000, 0x0000000100000000)
  region size 1024K, 4 young (4096K), 4 survivors (4096K)
 Metaspace       used 31474K, committed 31872K, reserved 1081344K
  class space    used 4109K, committed 4288K, reserved 1048576K
}
Event: 6.094 GC heap before
{Heap before GC invocations=18 (full 0):
 garbage-first heap   total 181248K, used 129958K [0x0000000083200000, 0x0000000100000000)
  region size 1024K, 58 young (59392K), 4 survivors (4096K)
 Metaspace       used 31485K, committed 31872K, reserved 1081344K
  class space    used 4115K, committed 4288K, reserved 1048576K
}
Event: 6.099 GC heap after
{Heap after GC invocations=19 (full 0):
 garbage-first heap   total 181248K, used 78143K [0x0000000083200000, 0x0000000100000000)
  region size 1024K, 6 young (6144K), 6 survivors (6144K)
 Metaspace       used 31485K, committed 31872K, reserved 1081344K
  class space    used 4115K, committed 4288K, reserved 1048576K
}
Event: 6.119 GC heap before
{Heap before GC invocations=19 (full 0):
 garbage-first heap   total 181248K, used 134463K [0x0000000083200000, 0x0000000100000000)
  region size 1024K, 62 young (63488K), 6 survivors (6144K)
 Metaspace       used 31571K, committed 32000K, reserved 1081344K
  class space    used 4123K, committed 4352K, reserved 1048576K
}

