# JRE version: OpenJDK Runtime Environment Temurin-17.0.4.1+1 (17.0.4.1+1) (build 17.0.4.1+1)
# Java VM: OpenJDK 64-Bit Server VM Temurin-17.0.4.1+1 (17.0.4.1+1, mixed mode, emulated-client, tiered, compressed oops, compressed class ptrs, g1 gc, windows-amd64)
GC Precious Log:
 CPUs: 8 total, 8 available
 Memory: 7987M
 Large Page Support: Disabled
 NUMA Support: Disabled
 Compressed Oops: Enabled (32-bit)
 Heap Region Size: 1M
 Heap Min Capacity: 8M
 Heap Initial Capacity: 126M
 Heap Max Capacity: 1998M
 Pre-touch: Disabled
 Parallel Workers: 8
 Concurrent Workers: 2
 Concurrent Refinement Workers: 8
 Periodic GC: Disabled
Heap:
 garbage-first heap   total 266240K, used 92089K [0x0000000083200000, 0x0000000100000000)
  region size 1024K, 12 young (12288K), 12 survivors (12288K)
 Metaspace       used 37227K, committed 37568K, reserved 1089536K
  class space    used 4808K, committed 4992K, reserved 1048576K
GC Heap History (20 events):
Event: 4.897 GC heap after
{Heap after GC invocations=12 (full 0):
 garbage-first heap   total 111616K, used 38546K [0x0000000083200000, 0x0000000100000000)
  region size 1024K, 4 young (4096K), 4 survivors (4096K)
 Metaspace       used 34232K, committed 34560K, reserved 1081344K
  class space    used 4367K, committed 4544K, reserved 1048576K
}
Event: 5.320 GC heap before
{Heap before GC invocations=12 (full 0):
 garbage-first heap   total 111616K, used 70290K [0x0000000083200000, 0x0000000100000000)
  region size 1024K, 37 young (37888K), 4 survivors (4096K)
 Metaspace       used 35664K, committed 35968K, reserved 1081344K
  class space    used 4613K, committed 4736K, reserved 1048576K
}
Event: 5.334 GC heap after
{Heap after GC invocations=13 (full 0):
 garbage-first heap   total 111616K, used 46080K [0x0000000083200000, 0x0000000100000000)
  region size 1024K, 6 young (6144K), 6 survivors (6144K)
 Metaspace       used 35664K, committed 35968K, reserved 1081344K
  class space    used 4613K, committed 4736K, reserved 1048576K
}
Event: 5.592 GC heap before
{Heap before GC invocations=14 (full 0):
 garbage-first heap   total 111616K, used 81920K [0x0000000083200000, 0x0000000100000000)
  region size 1024K, 40 young (40960K), 6 survivors (6144K)
 Metaspace       used 36755K, committed 37120K, reserved 1081344K
  class space    used 4757K, committed 4928K, reserved 1048576K
}
Event: 5.628 GC heap after
{Heap after GC invocations=15 (full 0):
 garbage-first heap   total 111616K, used 62712K [0x0000000083200000, 0x0000000100000000)
  region size 1024K, 5 young (5120K), 5 survivors (5120K)
 Metaspace       used 36755K, committed 37120K, reserved 1081344K
  class space    used 4757K, committed 4928K, reserved 1048576K
}
Event: 5.644 GC heap before
{Heap before GC invocations=15 (full 0):
 garbage-first heap   total 111616K, used 81144K [0x0000000083200000, 0x0000000100000000)
  region size 1024K, 24 young (24576K), 5 survivors (5120K)
 Metaspace       used 36768K, committed 37120K, reserved 1081344K
  class space    used 4758K, committed 4928K, reserved 1048576K
}
Event: 5.649 GC heap after
{Heap after GC invocations=16 (full 0):
 garbage-first heap   total 111616K, used 64903K [0x0000000083200000, 0x0000000100000000)
  region size 1024K, 2 young (2048K), 2 survivors (2048K)
 Metaspace       used 36768K, committed 37120K, reserved 1081344K
  class space    used 4758K, committed 4928K, reserved 1048576K
}
Event: 5.671 GC heap before
{Heap before GC invocations=16 (full 0):
 garbage-first heap   total 111616K, used 84359K [0x0000000083200000, 0x0000000100000000)
  region size 1024K, 22 young (22528K), 2 survivors (2048K)
 Metaspace       used 36777K, committed 37120K, reserved 1081344K
  class space    used 4761K, committed 4928K, reserved 1048576K
}
Event: 5.676 GC heap after
{Heap after GC invocations=17 (full 0):
 garbage-first heap   total 111616K, used 65465K [0x0000000083200000, 0x0000000100000000)
  region size 1024K, 3 young (3072K), 3 survivors (3072K)
 Metaspace       used 36777K, committed 37120K, reserved 1081344K
  class space    used 4761K, committed 4928K, reserved 1048576K
}
Event: 5.698 GC heap before
{Heap before GC invocations=17 (full 0):
 garbage-first heap   total 111616K, used 85945K [0x0000000083200000, 0x0000000100000000)
  region size 1024K, 24 young (24576K), 3 survivors (3072K)
 Metaspace       used 36784K, committed 37120K, reserved 1081344K
  class space    used 4761K, committed 4928K, reserved 1048576K
}
Event: 5.702 GC heap after
{Heap after GC invocations=18 (full 0):
 garbage-first heap   total 266240K, used 66432K [0x0000000083200000, 0x0000000100000000)
  region size 1024K, 3 young (3072K), 3 survivors (3072K)
 Metaspace       used 36784K, committed 37120K, reserved 1081344K
  class space    used 4761K, committed 4928K, reserved 1048576K
}
Event: 5.819 GC heap before
{Heap before GC invocations=19 (full 0):
 garbage-first heap   total 266240K, used 182144K [0x0000000083200000, 0x0000000100000000)
  region size 1024K, 118 young (120832K), 3 survivors (3072K)
 Metaspace       used 36815K, committed 37120K, reserved 1081344K
  class space    used 4770K, committed 4928K, reserved 1048576K
}
Event: 5.827 GC heap after
{Heap after GC invocations=20 (full 0):
 garbage-first heap   total 266240K, used 69976K [0x0000000083200000, 0x0000000100000000)
  region size 1024K, 7 young (7168K), 7 survivors (7168K)
 Metaspace       used 36815K, committed 37120K, reserved 1081344K
  class space    used 4770K, committed 4928K, reserved 1048576K
}
Event: 5.876 GC heap before
{Heap before GC invocations=20 (full 0):
 garbage-first heap   total 266240K, used 203096K [0x0000000083200000, 0x0000000100000000)
  region size 1024K, 138 young (141312K), 7 survivors (7168K)
 Metaspace       used 36954K, committed 37248K, reserved 1081344K
  class space    used 4783K, committed 4928K, reserved 1048576K
}
Event: 5.886 GC heap after
{Heap after GC invocations=21 (full 0):
 garbage-first heap   total 266240K, used 74877K [0x0000000083200000, 0x0000000100000000)
  region size 1024K, 12 young (12288K), 12 survivors (12288K)
 Metaspace       used 36954K, committed 37248K, reserved 1081344K
  class space    used 4783K, committed 4928K, reserved 1048576K
}
Event: 5.947 GC heap before
{Heap before GC invocations=21 (full 0):
 garbage-first heap   total 266240K, used 210045K [0x0000000083200000, 0x0000000100000000)
  region size 1024K, 145 young (148480K), 12 survivors (12288K)
 Metaspace       used 37085K, committed 37376K, reserved 1089536K
  class space    used 4795K, committed 4928K, reserved 1048576K
}
Event: 5.958 GC heap after
{Heap after GC invocations=22 (full 0):
 garbage-first heap   total 266240K, used 81036K [0x0000000083200000, 0x0000000100000000)
  region size 1024K, 16 young (16384K), 16 survivors (16384K)
 Metaspace       used 37085K, committed 37376K, reserved 1089536K
  class space    used 4795K, committed 4928K, reserved 1048576K
}
Event: 6.009 GC heap before
{Heap before GC invocations=22 (full 0):
 garbage-first heap   total 266240K, used 213132K [0x0000000083200000, 0x0000000100000000)
  region size 1024K, 146 young (149504K), 16 survivors (16384K)
 Metaspace       used 37139K, committed 37440K, reserved 1089536K
  class space    used 4796K, committed 4928K, reserved 1048576K
}
Event: 6.023 GC heap after
{Heap after GC invocations=23 (full 0):
 garbage-first heap   total 266240K, used 86338K [0x0000000083200000, 0x0000000100000000)
  region size 1024K, 12 young (12288K), 12 survivors (12288K)
 Metaspace       used 37139K, committed 37440K, reserved 1089536K
  class space    used 4796K, committed 4928K, reserved 1048576K
}
Event: 6.084 GC heap before
{Heap before GC invocations=23 (full 0):
 garbage-first heap   total 266240K, used 217410K [0x0000000083200000, 0x0000000100000000)
  region size 1024K, 142 young (145408K), 12 survivors (12288K)
 Metaspace       used 37227K, committed 37568K, reserved 1089536K
  class space    used 4808K, committed 4992K, reserved 1048576K
}

