# JRE version: OpenJDK Runtime Environment Temurin-17.0.5+8 (17.0.5+8) (build 17.0.5+8)
# Java VM: OpenJDK 64-Bit Server VM Temurin-17.0.5+8 (17.0.5+8, mixed mode, emulated-client, sharing, tiered, compressed oops, compressed class ptrs, g1 gc, windows-amd64)
GC Precious Log:
 CPUs: 8 total, 8 available
 Memory: 7987M
 Large Page Support: Disabled
 NUMA Support: Disabled
 Compressed Oops: Enabled (32-bit)
 Heap Region Size: 1M
 Heap Min Capacity: 8M
 Heap Initial Capacity: 126M
 Heap Max Capacity: 1998M
 Pre-touch: Disabled
 Parallel Workers: 8
 Concurrent Workers: 2
 Concurrent Refinement Workers: 8
 Periodic GC: Disabled
Heap:
 garbage-first heap   total 109568K, used 57415K [0x0000000083200000, 0x0000000100000000)
  region size 1024K, 1 young (1024K), 1 survivors (1024K)
 Metaspace       used 31091K, committed 31488K, reserved 1081344K
  class space    used 4050K, committed 4224K, reserved 1048576K
GC Heap History (20 events):
Event: 15.880 GC heap after
{Heap after GC invocations=4 (full 0):
 garbage-first heap   total 129024K, used 16142K [0x0000000083200000, 0x0000000100000000)
  region size 1024K, 8 young (8192K), 8 survivors (8192K)
 Metaspace       used 21236K, committed 21504K, reserved 1073152K
  class space    used 2790K, committed 2944K, reserved 1048576K
}
Event: 17.214 GC heap before
{Heap before GC invocations=5 (full 0):
 garbage-first heap   total 61440K, used 44814K [0x0000000083200000, 0x0000000100000000)
  region size 1024K, 36 young (36864K), 8 survivors (8192K)
 Metaspace       used 26622K, committed 26944K, reserved 1073152K
  class space    used 3557K, committed 3712K, reserved 1048576K
}
Event: 17.223 GC heap after
{Heap after GC invocations=6 (full 0):
 garbage-first heap   total 61440K, used 18200K [0x0000000083200000, 0x0000000100000000)
  region size 1024K, 4 young (4096K), 4 survivors (4096K)
 Metaspace       used 26622K, committed 26944K, reserved 1073152K
  class space    used 3557K, committed 3712K, reserved 1048576K
}
Event: 17.403 GC heap before
{Heap before GC invocations=6 (full 0):
 garbage-first heap   total 61440K, used 39704K [0x0000000083200000, 0x0000000100000000)
  region size 1024K, 26 young (26624K), 4 survivors (4096K)
 Metaspace       used 27869K, committed 28160K, reserved 1081344K
  class space    used 3766K, committed 3904K, reserved 1048576K
}
Event: 17.409 GC heap after
{Heap after GC invocations=7 (full 0):
 garbage-first heap   total 61440K, used 22670K [0x0000000083200000, 0x0000000100000000)
  region size 1024K, 4 young (4096K), 4 survivors (4096K)
 Metaspace       used 27869K, committed 28160K, reserved 1081344K
  class space    used 3766K, committed 3904K, reserved 1048576K
}
Event: 17.499 GC heap before
{Heap before GC invocations=7 (full 0):
 garbage-first heap   total 61440K, used 42126K [0x0000000083200000, 0x0000000100000000)
  region size 1024K, 23 young (23552K), 4 survivors (4096K)
 Metaspace       used 28153K, committed 28480K, reserved 1081344K
  class space    used 3814K, committed 3968K, reserved 1048576K
}
Event: 17.503 GC heap after
{Heap after GC invocations=8 (full 0):
 garbage-first heap   total 61440K, used 26161K [0x0000000083200000, 0x0000000100000000)
  region size 1024K, 3 young (3072K), 3 survivors (3072K)
 Metaspace       used 28153K, committed 28480K, reserved 1081344K
  class space    used 3814K, committed 3968K, reserved 1048576K
}
Event: 17.565 GC heap before
{Heap before GC invocations=8 (full 0):
 garbage-first heap   total 61440K, used 42545K [0x0000000083200000, 0x0000000100000000)
  region size 1024K, 20 young (20480K), 3 survivors (3072K)
 Metaspace       used 28678K, committed 28992K, reserved 1081344K
  class space    used 3851K, committed 4032K, reserved 1048576K
}
Event: 17.569 GC heap after
{Heap after GC invocations=9 (full 0):
 garbage-first heap   total 61440K, used 29112K [0x0000000083200000, 0x0000000100000000)
  region size 1024K, 3 young (3072K), 3 survivors (3072K)
 Metaspace       used 28678K, committed 28992K, reserved 1081344K
  class space    used 3851K, committed 4032K, reserved 1048576K
}
Event: 17.602 GC heap before
{Heap before GC invocations=9 (full 0):
 garbage-first heap   total 61440K, used 44472K [0x0000000083200000, 0x0000000100000000)
  region size 1024K, 18 young (18432K), 3 survivors (3072K)
 Metaspace       used 28824K, committed 29120K, reserved 1081344K
  class space    used 3861K, committed 4032K, reserved 1048576K
}
Event: 17.605 GC heap after
{Heap after GC invocations=10 (full 0):
 garbage-first heap   total 88064K, used 32194K [0x0000000083200000, 0x0000000100000000)
  region size 1024K, 3 young (3072K), 3 survivors (3072K)
 Metaspace       used 28824K, committed 29120K, reserved 1081344K
  class space    used 3861K, committed 4032K, reserved 1048576K
}
Event: 17.675 GC heap before
{Heap before GC invocations=10 (full 0):
 garbage-first heap   total 88064K, used 62914K [0x0000000083200000, 0x0000000100000000)
  region size 1024K, 33 young (33792K), 3 survivors (3072K)
 Metaspace       used 29295K, committed 29632K, reserved 1081344K
  class space    used 3910K, committed 4032K, reserved 1048576K
}
Event: 17.681 GC heap after
{Heap after GC invocations=11 (full 0):
 garbage-first heap   total 88064K, used 38428K [0x0000000083200000, 0x0000000100000000)
  region size 1024K, 5 young (5120K), 5 survivors (5120K)
 Metaspace       used 29295K, committed 29632K, reserved 1081344K
  class space    used 3910K, committed 4032K, reserved 1048576K
}
Event: 17.722 GC heap before
{Heap before GC invocations=11 (full 0):
 garbage-first heap   total 88064K, used 64028K [0x0000000083200000, 0x0000000100000000)
  region size 1024K, 30 young (30720K), 5 survivors (5120K)
 Metaspace       used 29549K, committed 29888K, reserved 1081344K
  class space    used 3931K, committed 4096K, reserved 1048576K
}
Event: 17.727 GC heap after
{Heap after GC invocations=12 (full 0):
 garbage-first heap   total 88064K, used 44632K [0x0000000083200000, 0x0000000100000000)
  region size 1024K, 4 young (4096K), 4 survivors (4096K)
 Metaspace       used 29549K, committed 29888K, reserved 1081344K
  class space    used 3931K, committed 4096K, reserved 1048576K
}
Event: 17.832 GC heap before
{Heap before GC invocations=12 (full 0):
 garbage-first heap   total 88064K, used 64088K [0x0000000083200000, 0x0000000100000000)
  region size 1024K, 24 young (24576K), 4 survivors (4096K)
 Metaspace       used 30445K, committed 30720K, reserved 1081344K
  class space    used 3977K, committed 4096K, reserved 1048576K
}
Event: 17.838 GC heap after
{Heap after GC invocations=13 (full 0):
 garbage-first heap   total 88064K, used 51013K [0x0000000083200000, 0x0000000100000000)
  region size 1024K, 3 young (3072K), 3 survivors (3072K)
 Metaspace       used 30445K, committed 30720K, reserved 1081344K
  class space    used 3977K, committed 4096K, reserved 1048576K
}
Event: 17.975 GC heap before
{Heap before GC invocations=14 (full 0):
 garbage-first heap   total 92160K, used 67397K [0x0000000083200000, 0x0000000100000000)
  region size 1024K, 19 young (19456K), 3 survivors (3072K)
 Metaspace       used 31091K, committed 31488K, reserved 1081344K
  class space    used 4050K, committed 4224K, reserved 1048576K
}
Event: 17.980 GC heap after
{Heap after GC invocations=15 (full 0):
 garbage-first heap   total 92160K, used 56565K [0x0000000083200000, 0x0000000100000000)
  region size 1024K, 3 young (3072K), 3 survivors (3072K)
 Metaspace       used 31091K, committed 31488K, reserved 1081344K
  class space    used 4050K, committed 4224K, reserved 1048576K
}
Event: 17.983 GC heap before
{Heap before GC invocations=15 (full 0):
 garbage-first heap   total 92160K, used 57589K [0x0000000083200000, 0x0000000100000000)
  region size 1024K, 4 young (4096K), 3 survivors (3072K)
 Metaspace       used 31091K, committed 31488K, reserved 1081344K
  class space    used 4050K, committed 4224K, reserved 1048576K
}

