# JRE version: OpenJDK Runtime Environment Temurin-17.0.5+8 (17.0.5+8) (build 17.0.5+8)
# Java VM: OpenJDK 64-Bit Server VM Temurin-17.0.5+8 (17.0.5+8, mixed mode, emulated-client, sharing, tiered, compressed oops, compressed class ptrs, g1 gc, windows-amd64)
GC Precious Log:
 CPUs: 8 total, 8 available
 Memory: 7987M
 Large Page Support: Disabled
 NUMA Support: Disabled
 Compressed Oops: Enabled (32-bit)
 Heap Region Size: 1M
 Heap Min Capacity: 8M
 Heap Initial Capacity: 126M
 Heap Max Capacity: 1998M
 Pre-touch: Disabled
 Parallel Workers: 8
 Concurrent Workers: 2
 Concurrent Refinement Workers: 8
 Periodic GC: Disabled
Heap:
 garbage-first heap   total 296960K, used 108483K [0x0000000083200000, 0x0000000100000000)
  region size 1024K, 16 young (16384K), 16 survivors (16384K)
 Metaspace       used 34826K, committed 35200K, reserved 1081344K
  class space    used 4446K, committed 4608K, reserved 1048576K
GC Heap History (20 events):
Event: 9.976 GC heap after
{Heap after GC invocations=12 (full 0):
 garbage-first heap   total 92160K, used 48485K [0x0000000083200000, 0x0000000100000000)
  region size 1024K, 4 young (4096K), 4 survivors (4096K)
 Metaspace       used 30454K, committed 30784K, reserved 1081344K
  class space    used 3978K, committed 4096K, reserved 1048576K
}
Event: 10.517 GC heap before
{Heap before GC invocations=12 (full 0):
 garbage-first heap   total 92160K, used 65893K [0x0000000083200000, 0x0000000100000000)
  region size 1024K, 23 young (23552K), 4 survivors (4096K)
 Metaspace       used 31472K, committed 31872K, reserved 1081344K
  class space    used 4106K, committed 4288K, reserved 1048576K
}
Event: 10.530 GC heap after
{Heap after GC invocations=13 (full 0):
 garbage-first heap   total 148480K, used 52379K [0x0000000083200000, 0x0000000100000000)
  region size 1024K, 3 young (3072K), 3 survivors (3072K)
 Metaspace       used 31472K, committed 31872K, reserved 1081344K
  class space    used 4106K, committed 4288K, reserved 1048576K
}
Event: 10.810 GC heap before
{Heap before GC invocations=13 (full 0):
 garbage-first heap   total 148480K, used 110747K [0x0000000083200000, 0x0000000100000000)
  region size 1024K, 58 young (59392K), 3 survivors (3072K)
 Metaspace       used 31578K, committed 31936K, reserved 1081344K
  class space    used 4117K, committed 4288K, reserved 1048576K
}
Event: 10.851 GC heap after
{Heap after GC invocations=14 (full 0):
 garbage-first heap   total 148480K, used 73846K [0x0000000083200000, 0x0000000100000000)
  region size 1024K, 8 young (8192K), 8 survivors (8192K)
 Metaspace       used 31578K, committed 31936K, reserved 1081344K
  class space    used 4117K, committed 4288K, reserved 1048576K
}
Event: 10.888 GC heap before
{Heap before GC invocations=14 (full 0):
 garbage-first heap   total 148480K, used 109686K [0x0000000083200000, 0x0000000100000000)
  region size 1024K, 44 young (45056K), 8 survivors (8192K)
 Metaspace       used 31587K, committed 31936K, reserved 1081344K
  class space    used 4119K, committed 4288K, reserved 1048576K
}
Event: 10.896 GC heap after
{Heap after GC invocations=15 (full 0):
 garbage-first heap   total 148480K, used 77596K [0x0000000083200000, 0x0000000100000000)
  region size 1024K, 3 young (3072K), 3 survivors (3072K)
 Metaspace       used 31587K, committed 31936K, reserved 1081344K
  class space    used 4119K, committed 4288K, reserved 1048576K
}
Event: 10.965 GC heap before
{Heap before GC invocations=15 (full 0):
 garbage-first heap   total 148480K, used 113436K [0x0000000083200000, 0x0000000100000000)
  region size 1024K, 39 young (39936K), 3 survivors (3072K)
 Metaspace       used 31680K, committed 32064K, reserved 1081344K
  class space    used 4141K, committed 4352K, reserved 1048576K
}
Event: 10.971 GC heap after
{Heap after GC invocations=16 (full 0):
 garbage-first heap   total 148480K, used 79557K [0x0000000083200000, 0x0000000100000000)
  region size 1024K, 5 young (5120K), 5 survivors (5120K)
 Metaspace       used 31680K, committed 32064K, reserved 1081344K
  class space    used 4141K, committed 4352K, reserved 1048576K
}
Event: 11.074 GC heap before
{Heap before GC invocations=16 (full 0):
 garbage-first heap   total 148480K, used 116421K [0x0000000083200000, 0x0000000100000000)
  region size 1024K, 42 young (43008K), 5 survivors (5120K)
 Metaspace       used 31735K, committed 32128K, reserved 1081344K
  class space    used 4149K, committed 4352K, reserved 1048576K
}
Event: 11.082 GC heap after
{Heap after GC invocations=17 (full 0):
 garbage-first heap   total 296960K, used 81716K [0x0000000083200000, 0x0000000100000000)
  region size 1024K, 5 young (5120K), 5 survivors (5120K)
 Metaspace       used 31735K, committed 32128K, reserved 1081344K
  class space    used 4149K, committed 4352K, reserved 1048576K
}
Event: 11.474 GC heap before
{Heap before GC invocations=18 (full 0):
 garbage-first heap   total 296960K, used 195380K [0x0000000083200000, 0x0000000100000000)
  region size 1024K, 118 young (120832K), 5 survivors (5120K)
 Metaspace       used 32803K, committed 33216K, reserved 1081344K
  class space    used 4230K, committed 4416K, reserved 1048576K
}
Event: 11.487 GC heap after
{Heap after GC invocations=19 (full 0):
 garbage-first heap   total 296960K, used 86556K [0x0000000083200000, 0x0000000100000000)
  region size 1024K, 11 young (11264K), 11 survivors (11264K)
 Metaspace       used 32803K, committed 33216K, reserved 1081344K
  class space    used 4230K, committed 4416K, reserved 1048576K
}
Event: 11.505 GC heap before
{Heap before GC invocations=19 (full 0):
 garbage-first heap   total 296960K, used 89628K [0x0000000083200000, 0x0000000100000000)
  region size 1024K, 14 young (14336K), 11 survivors (11264K)
 Metaspace       used 32829K, committed 33280K, reserved 1081344K
  class space    used 4237K, committed 4416K, reserved 1048576K
}
Event: 11.515 GC heap after
{Heap after GC invocations=20 (full 0):
 garbage-first heap   total 296960K, used 86238K [0x0000000083200000, 0x0000000100000000)
  region size 1024K, 2 young (2048K), 2 survivors (2048K)
 Metaspace       used 32829K, committed 33280K, reserved 1081344K
  class space    used 4237K, committed 4416K, reserved 1048576K
}
Event: 11.784 GC heap before
{Heap before GC invocations=20 (full 0):
 garbage-first heap   total 296960K, used 222430K [0x0000000083200000, 0x0000000100000000)
  region size 1024K, 136 young (139264K), 2 survivors (2048K)
 Metaspace       used 33691K, committed 34112K, reserved 1081344K
  class space    used 4309K, committed 4480K, reserved 1048576K
}
Event: 11.795 GC heap after
{Heap after GC invocations=21 (full 0):
 garbage-first heap   total 296960K, used 92324K [0x0000000083200000, 0x0000000100000000)
  region size 1024K, 8 young (8192K), 8 survivors (8192K)
 Metaspace       used 33691K, committed 34112K, reserved 1081344K
  class space    used 4309K, committed 4480K, reserved 1048576K
}
Event: 12.002 GC heap before
{Heap before GC invocations=21 (full 0):
 garbage-first heap   total 296960K, used 226468K [0x0000000083200000, 0x0000000100000000)
  region size 1024K, 140 young (143360K), 8 survivors (8192K)
 Metaspace       used 34331K, committed 34752K, reserved 1081344K
  class space    used 4388K, committed 4544K, reserved 1048576K
}
Event: 12.030 GC heap after
{Heap after GC invocations=22 (full 0):
 garbage-first heap   total 296960K, used 100389K [0x0000000083200000, 0x0000000100000000)
  region size 1024K, 16 young (16384K), 16 survivors (16384K)
 Metaspace       used 34331K, committed 34752K, reserved 1081344K
  class space    used 4388K, committed 4544K, reserved 1048576K
}
Event: 12.272 GC heap before
{Heap before GC invocations=22 (full 0):
 garbage-first heap   total 296960K, used 232485K [0x0000000083200000, 0x0000000100000000)
  region size 1024K, 146 young (149504K), 16 survivors (16384K)
 Metaspace       used 34826K, committed 35200K, reserved 1081344K
  class space    used 4446K, committed 4608K, reserved 1048576K
}

